[1.264s] Invoking command in '/home/usuario/IR2134/rmf_demos/rmf_demos_fleet_adapter': PYTHONPATH=/home/usuario/IR2134/rmf_demos/build/rmf_demos_fleet_adapter/prefix_override:/usr/lib/python3/dist-packages/colcon_core/task/python/colcon_distutils_commands:/home/usuario/IR2134/rmf_demos/install/rmf_demos_fleet_adapter/lib/python3.12/site-packages:${PYTHONPATH} /usr/bin/python3 -W ignore:setup.py install is deprecated -W ignore:easy_install command is deprecated setup.py egg_info --egg-base ../build/rmf_demos_fleet_adapter build --build-base /home/usuario/IR2134/rmf_demos/build/rmf_demos_fleet_adapter/build install --record /home/usuario/IR2134/rmf_demos/build/rmf_demos_fleet_adapter/install.log --single-version-externally-managed install_data
[1.782s] running egg_info
[1.782s] creating ../build/rmf_demos_fleet_adapter/rmf_demos_fleet_adapter.egg-info
[1.804s] writing ../build/rmf_demos_fleet_adapter/rmf_demos_fleet_adapter.egg-info/PKG-INFO
[1.812s] writing dependency_links to ../build/rmf_demos_fleet_adapter/rmf_demos_fleet_adapter.egg-info/dependency_links.txt
[1.812s] writing entry points to ../build/rmf_demos_fleet_adapter/rmf_demos_fleet_adapter.egg-info/entry_points.txt
[1.812s] writing requirements to ../build/rmf_demos_fleet_adapter/rmf_demos_fleet_adapter.egg-info/requires.txt
[1.813s] writing top-level names to ../build/rmf_demos_fleet_adapter/rmf_demos_fleet_adapter.egg-info/top_level.txt
[1.813s] writing manifest file '../build/rmf_demos_fleet_adapter/rmf_demos_fleet_adapter.egg-info/SOURCES.txt'
[1.895s] reading manifest file '../build/rmf_demos_fleet_adapter/rmf_demos_fleet_adapter.egg-info/SOURCES.txt'
[1.896s] writing manifest file '../build/rmf_demos_fleet_adapter/rmf_demos_fleet_adapter.egg-info/SOURCES.txt'
[1.896s] running build
[1.897s] running build_py
[1.897s] creating /home/usuario/IR2134/rmf_demos/build/rmf_demos_fleet_adapter/build
[1.897s] creating /home/usuario/IR2134/rmf_demos/build/rmf_demos_fleet_adapter/build/lib
[1.898s] creating /home/usuario/IR2134/rmf_demos/build/rmf_demos_fleet_adapter/build/lib/rmf_demos_fleet_adapter
[1.898s] copying rmf_demos_fleet_adapter/fleet_adapter.py -> /home/usuario/IR2134/rmf_demos/build/rmf_demos_fleet_adapter/build/lib/rmf_demos_fleet_adapter
[1.899s] copying rmf_demos_fleet_adapter/manage_lane.py -> /home/usuario/IR2134/rmf_demos/build/rmf_demos_fleet_adapter/build/lib/rmf_demos_fleet_adapter
[1.900s] copying rmf_demos_fleet_adapter/fleet_manager.py -> /home/usuario/IR2134/rmf_demos/build/rmf_demos_fleet_adapter/build/lib/rmf_demos_fleet_adapter
[1.901s] copying rmf_demos_fleet_adapter/RobotClientAPI.py -> /home/usuario/IR2134/rmf_demos/build/rmf_demos_fleet_adapter/build/lib/rmf_demos_fleet_adapter
[1.909s] copying rmf_demos_fleet_adapter/__init__.py -> /home/usuario/IR2134/rmf_demos/build/rmf_demos_fleet_adapter/build/lib/rmf_demos_fleet_adapter
[1.910s] creating /home/usuario/IR2134/rmf_demos/build/rmf_demos_fleet_adapter/build/lib/test
[1.910s] copying test/test_copyright.py -> /home/usuario/IR2134/rmf_demos/build/rmf_demos_fleet_adapter/build/lib/test
[1.911s] copying test/test_flake8.py -> /home/usuario/IR2134/rmf_demos/build/rmf_demos_fleet_adapter/build/lib/test
[1.915s] copying test/test_pep257.py -> /home/usuario/IR2134/rmf_demos/build/rmf_demos_fleet_adapter/build/lib/test
[1.915s] copying test/__init__.py -> /home/usuario/IR2134/rmf_demos/build/rmf_demos_fleet_adapter/build/lib/test
[1.915s] running install
[1.925s] running install_lib
[1.950s] creating /home/usuario/IR2134/rmf_demos/install/rmf_demos_fleet_adapter/lib/python3.12/site-packages/rmf_demos_fleet_adapter
[1.950s] copying /home/usuario/IR2134/rmf_demos/build/rmf_demos_fleet_adapter/build/lib/rmf_demos_fleet_adapter/fleet_adapter.py -> /home/usuario/IR2134/rmf_demos/install/rmf_demos_fleet_adapter/lib/python3.12/site-packages/rmf_demos_fleet_adapter
[1.951s] copying /home/usuario/IR2134/rmf_demos/build/rmf_demos_fleet_adapter/build/lib/rmf_demos_fleet_adapter/manage_lane.py -> /home/usuario/IR2134/rmf_demos/install/rmf_demos_fleet_adapter/lib/python3.12/site-packages/rmf_demos_fleet_adapter
[1.951s] copying /home/usuario/IR2134/rmf_demos/build/rmf_demos_fleet_adapter/build/lib/rmf_demos_fleet_adapter/fleet_manager.py -> /home/usuario/IR2134/rmf_demos/install/rmf_demos_fleet_adapter/lib/python3.12/site-packages/rmf_demos_fleet_adapter
[1.952s] copying /home/usuario/IR2134/rmf_demos/build/rmf_demos_fleet_adapter/build/lib/rmf_demos_fleet_adapter/RobotClientAPI.py -> /home/usuario/IR2134/rmf_demos/install/rmf_demos_fleet_adapter/lib/python3.12/site-packages/rmf_demos_fleet_adapter
[1.952s] copying /home/usuario/IR2134/rmf_demos/build/rmf_demos_fleet_adapter/build/lib/rmf_demos_fleet_adapter/__init__.py -> /home/usuario/IR2134/rmf_demos/install/rmf_demos_fleet_adapter/lib/python3.12/site-packages/rmf_demos_fleet_adapter
[1.952s] creating /home/usuario/IR2134/rmf_demos/install/rmf_demos_fleet_adapter/lib/python3.12/site-packages/test
[1.953s] copying /home/usuario/IR2134/rmf_demos/build/rmf_demos_fleet_adapter/build/lib/test/test_copyright.py -> /home/usuario/IR2134/rmf_demos/install/rmf_demos_fleet_adapter/lib/python3.12/site-packages/test
[1.953s] copying /home/usuario/IR2134/rmf_demos/build/rmf_demos_fleet_adapter/build/lib/test/test_flake8.py -> /home/usuario/IR2134/rmf_demos/install/rmf_demos_fleet_adapter/lib/python3.12/site-packages/test
[1.953s] copying /home/usuario/IR2134/rmf_demos/build/rmf_demos_fleet_adapter/build/lib/test/test_pep257.py -> /home/usuario/IR2134/rmf_demos/install/rmf_demos_fleet_adapter/lib/python3.12/site-packages/test
[1.955s] copying /home/usuario/IR2134/rmf_demos/build/rmf_demos_fleet_adapter/build/lib/test/__init__.py -> /home/usuario/IR2134/rmf_demos/install/rmf_demos_fleet_adapter/lib/python3.12/site-packages/test
[1.959s] byte-compiling /home/usuario/IR2134/rmf_demos/install/rmf_demos_fleet_adapter/lib/python3.12/site-packages/rmf_demos_fleet_adapter/fleet_adapter.py to fleet_adapter.cpython-312.pyc
[1.963s] byte-compiling /home/usuario/IR2134/rmf_demos/install/rmf_demos_fleet_adapter/lib/python3.12/site-packages/rmf_demos_fleet_adapter/manage_lane.py to manage_lane.cpython-312.pyc
[1.967s] byte-compiling /home/usuario/IR2134/rmf_demos/install/rmf_demos_fleet_adapter/lib/python3.12/site-packages/rmf_demos_fleet_adapter/fleet_manager.py to fleet_manager.cpython-312.pyc
[1.977s] byte-compiling /home/usuario/IR2134/rmf_demos/install/rmf_demos_fleet_adapter/lib/python3.12/site-packages/rmf_demos_fleet_adapter/RobotClientAPI.py to RobotClientAPI.cpython-312.pyc
[1.984s] byte-compiling /home/usuario/IR2134/rmf_demos/install/rmf_demos_fleet_adapter/lib/python3.12/site-packages/rmf_demos_fleet_adapter/__init__.py to __init__.cpython-312.pyc
[1.984s] byte-compiling /home/usuario/IR2134/rmf_demos/install/rmf_demos_fleet_adapter/lib/python3.12/site-packages/test/test_copyright.py to test_copyright.cpython-312.pyc
[1.985s] byte-compiling /home/usuario/IR2134/rmf_demos/install/rmf_demos_fleet_adapter/lib/python3.12/site-packages/test/test_flake8.py to test_flake8.cpython-312.pyc
[1.985s] byte-compiling /home/usuario/IR2134/rmf_demos/install/rmf_demos_fleet_adapter/lib/python3.12/site-packages/test/test_pep257.py to test_pep257.cpython-312.pyc
[1.987s] byte-compiling /home/usuario/IR2134/rmf_demos/install/rmf_demos_fleet_adapter/lib/python3.12/site-packages/test/__init__.py to __init__.cpython-312.pyc
[1.988s] running install_data
[1.989s] creating /home/usuario/IR2134/rmf_demos/install/rmf_demos_fleet_adapter/share/ament_index
[1.989s] creating /home/usuario/IR2134/rmf_demos/install/rmf_demos_fleet_adapter/share/ament_index/resource_index
[1.989s] creating /home/usuario/IR2134/rmf_demos/install/rmf_demos_fleet_adapter/share/ament_index/resource_index/packages
[1.989s] copying resource/rmf_demos_fleet_adapter -> /home/usuario/IR2134/rmf_demos/install/rmf_demos_fleet_adapter/share/ament_index/resource_index/packages
[1.992s] copying package.xml -> /home/usuario/IR2134/rmf_demos/install/rmf_demos_fleet_adapter/share/rmf_demos_fleet_adapter
[1.996s] copying config.yaml -> /home/usuario/IR2134/rmf_demos/install/rmf_demos_fleet_adapter/share/rmf_demos_fleet_adapter
[1.997s] creating /home/usuario/IR2134/rmf_demos/install/rmf_demos_fleet_adapter/share/rmf_demos_fleet_adapter/launch
[1.997s] copying launch/fleet_adapter.launch.xml -> /home/usuario/IR2134/rmf_demos/install/rmf_demos_fleet_adapter/share/rmf_demos_fleet_adapter/launch
[1.999s] running install_egg_info
[2.032s] Copying ../build/rmf_demos_fleet_adapter/rmf_demos_fleet_adapter.egg-info to /home/usuario/IR2134/rmf_demos/install/rmf_demos_fleet_adapter/lib/python3.12/site-packages/rmf_demos_fleet_adapter-2.5.0-py3.12.egg-info
[2.036s] running install_scripts
[2.351s] Installing fleet_adapter script to /home/usuario/IR2134/rmf_demos/install/rmf_demos_fleet_adapter/lib/rmf_demos_fleet_adapter
[2.351s] Installing fleet_manager script to /home/usuario/IR2134/rmf_demos/install/rmf_demos_fleet_adapter/lib/rmf_demos_fleet_adapter
[2.351s] Installing manage_lane script to /home/usuario/IR2134/rmf_demos/install/rmf_demos_fleet_adapter/lib/rmf_demos_fleet_adapter
[2.352s] writing list of installed files to '/home/usuario/IR2134/rmf_demos/build/rmf_demos_fleet_adapter/install.log'
[2.410s] Invoked command in '/home/usuario/IR2134/rmf_demos/rmf_demos_fleet_adapter' returned '0': PYTHONPATH=/home/usuario/IR2134/rmf_demos/build/rmf_demos_fleet_adapter/prefix_override:/usr/lib/python3/dist-packages/colcon_core/task/python/colcon_distutils_commands:/home/usuario/IR2134/rmf_demos/install/rmf_demos_fleet_adapter/lib/python3.12/site-packages:${PYTHONPATH} /usr/bin/python3 -W ignore:setup.py install is deprecated -W ignore:easy_install command is deprecated setup.py egg_info --egg-base ../build/rmf_demos_fleet_adapter build --build-base /home/usuario/IR2134/rmf_demos/build/rmf_demos_fleet_adapter/build install --record /home/usuario/IR2134/rmf_demos/build/rmf_demos_fleet_adapter/install.log --single-version-externally-managed install_data
