[0.025s] Invoking command in '/home/usuario/rmf_demos/build/rmf_visualization_rviz2_plugins': CMAKE_PREFIX_PATH=/home/usuario/rmf_demos/install/rmf_demos_gz:/home/usuario/rmf_demos/install/rmf_demos:/home/usuario/rmf_demos/install/rmf_visualization:/home/usuario/rmf_demos/install/rmf_visualization_schedule:/home/usuario/rmf_demos/install/rmf_visualization_rviz2_plugins:/home/usuario/rmf_demos/install/rmf_visualization_obstacles:/home/usuario/rmf_demos/install/rmf_visualization_navgraphs:/home/usuario/rmf_demos/install/rmf_visualization_floorplans:/home/usuario/rmf_demos/install/rmf_visualization_fleet_states:/home/usuario/rmf_demos/install/rmf_demos_maps:/home/usuario/rmf_demos/install/rmf_demos_assets:/rmf_demos_ws/install/rmf_workcell_msgs:/rmf_demos_ws/install/rmf_reservation_node:/rmf_demos_ws/install/rmf_demos_gz:/rmf_demos_ws/install/rmf_demos:/rmf_demos_ws/install/rmf_fleet_adapter_python:/rmf_demos_ws/install/rmf_fleet_adapter:/rmf_demos_ws/install/rmf_task_ros2:/rmf_demos_ws/install/rmf_websocket:/rmf_demos_ws/install/rmf_visualization:/rmf_demos_ws/install/rmf_visualization_schedule:/rmf_demos_ws/install/rmf_visualization_rviz2_plugins:/rmf_demos_ws/install/rmf_visualization_obstacles:/rmf_demos_ws/install/rmf_visualization_navgraphs:/rmf_demos_ws/install/rmf_visualization_floorplans:/rmf_demos_ws/install/rmf_visualization_fleet_states:/rmf_demos_ws/install/rmf_visualization_msgs:/rmf_demos_ws/install/rmf_traffic_ros2:/rmf_demos_ws/install/rmf_task_sequence:/rmf_demos_ws/install/rmf_task:/rmf_demos_ws/install/rmf_battery:/rmf_demos_ws/install/rmf_traffic:/rmf_demos_ws/install/rmf_utils:/rmf_demos_ws/install/rmf_traffic_msgs:/rmf_demos_ws/install/rmf_traffic_editor_test_maps:/rmf_demos_ws/install/rmf_traffic_editor_assets:/rmf_demos_ws/install/rmf_traffic_editor:/rmf_demos_ws/install/rmf_task_msgs:/rmf_demos_ws/install/rmf_site_map_msgs:/rmf_demos_ws/install/rmf_scheduler_msgs:/rmf_demos_ws/install/rmf_robot_sim_gz_plugins:/rmf_demos_ws/install/rmf_robot_sim_common:/rmf_demos_ws/install/rmf_reservation_msgs:/rmf_demos_ws/install/rmf_obstacle_msgs:/rmf_demos_ws/install/rmf_building_sim_gz_plugins:/rmf_demos_ws/install/rmf_lift_msgs:/rmf_demos_ws/install/rmf_ingestor_msgs:/rmf_demos_ws/install/rmf_fleet_msgs:/rmf_demos_ws/install/rmf_door_msgs:/rmf_demos_ws/install/rmf_dispenser_msgs:/rmf_demos_ws/install/rmf_demos_maps:/rmf_demos_ws/install/rmf_demos_assets:/rmf_demos_ws/install/rmf_charger_msgs:/rmf_demos_ws/install/rmf_building_map_msgs:/rmf_demos_ws/install/rmf_api_msgs:/rmf_demos_ws/install/pybind11_json_vendor:/rmf_demos_ws/install/nlohmann_json_schema_validator_vendor:/home/usuario/rmf_demos/install/rmf_visualization_building_systems:/home/usuario/rmf_demos/install/rmf_demos_tasks:/home/usuario/rmf_demos/install/rmf_demos_fleet_adapter:/home/usuario/rmf_demos/install/rmf_demos_bridges:/rmf_demos_ws/install/rmf_demos_fleet_adapter:/rmf_demos_ws/install/rmf_visualization_building_systems:/rmf_demos_ws/install/rmf_traffic_examples:/rmf_demos_ws/install/rmf_demos_bridges:/rmf_demos_ws/install/rmf_demos_tasks:/rmf_demos_ws/install/rmf_building_map_tools:/rmf_demos_ws/install/rmf_charging_schedule:/opt/ros/jazzy:/rmf_demos_ws/install/menge_vendor:/rmf_demos_ws/install/ament_cmake_catch2:/opt/ros/jazzy/opt/gz_sim_vendor:/opt/ros/jazzy/opt/gz_sensors_vendor:/opt/ros/jazzy/opt/gz_physics_vendor:/opt/ros/jazzy/opt/sdformat_vendor:/opt/ros/jazzy/opt/gz_gui_vendor:/opt/ros/jazzy/opt/gz_transport_vendor:/opt/ros/jazzy/opt/gz_rendering_vendor:/opt/ros/jazzy/opt/gz_plugin_vendor:/opt/ros/jazzy/opt/gz_fuel_tools_vendor:/opt/ros/jazzy/opt/gz_msgs_vendor:/opt/ros/jazzy/opt/gz_common_vendor:/opt/ros/jazzy/opt/gz_math_vendor:/opt/ros/jazzy/opt/gz_utils_vendor:/opt/ros/jazzy/opt/gz_tools_vendor:/opt/ros/jazzy/opt/gz_ogre_next_vendor:/opt/ros/jazzy/opt/gz_dartsim_vendor:/opt/ros/jazzy/opt/gz_cmake_vendor /usr/bin/cmake /home/usuario/rmf_demos/rmf_visualization/rmf_visualization_rviz2_plugins -DCMAKE_INSTALL_PREFIX=/home/usuario/rmf_demos/install/rmf_visualization_rviz2_plugins
[0.163s] -- The C compiler identification is GNU 13.3.0
[0.297s] -- The CXX compiler identification is GNU 13.3.0
[0.320s] -- Detecting C compiler ABI info
[0.575s] -- Detecting C compiler ABI info - done
[0.602s] -- Check for working C compiler: /usr/bin/cc - skipped
[0.603s] -- Detecting C compile features
[0.603s] -- Detecting C compile features - done
[0.619s] -- Detecting CXX compiler ABI info
[0.877s] -- Detecting CXX compiler ABI info - done
[0.887s] -- Check for working CXX compiler: /usr/bin/c++ - skipped
[0.888s] -- Detecting CXX compile features
[0.889s] -- Detecting CXX compile features - done
[0.902s] -- Found ament_cmake: 2.5.3 (/opt/ros/jazzy/share/ament_cmake/cmake)
[1.450s] -- Found Python3: /usr/bin/python3 (found version "3.12.3") found components: Interpreter 
[1.785s] -- Found rclcpp: 28.1.6 (/opt/ros/jazzy/share/rclcpp/cmake)
[1.917s] -- Found rosidl_generator_c: 4.6.5 (/opt/ros/jazzy/share/rosidl_generator_c/cmake)
[1.959s] -- Found rosidl_generator_cpp: 4.6.5 (/opt/ros/jazzy/share/rosidl_generator_cpp/cmake)
[2.010s] -- Using all available rosidl_typesupport_c: rosidl_typesupport_fastrtps_c;rosidl_typesupport_introspection_c
[2.066s] -- Using all available rosidl_typesupport_cpp: rosidl_typesupport_fastrtps_cpp;rosidl_typesupport_introspection_cpp
[2.262s] -- Found rmw_implementation_cmake: 7.3.1 (/opt/ros/jazzy/share/rmw_implementation_cmake/cmake)
[2.276s] -- Found rmw_fastrtps_cpp: 8.4.1 (/opt/ros/jazzy/share/rmw_fastrtps_cpp/cmake)
[2.544s] -- Found OpenSSL: /usr/lib/x86_64-linux-gnu/libcrypto.so (found version "3.0.13")  
[2.588s] -- Found FastRTPS: /opt/ros/jazzy/include (Required is at least version "2.13") 
[2.643s] -- Using RMW implementation 'rmw_fastrtps_cpp' as default
[2.835s] -- Found rmf_door_msgs: 3.4.1 (/rmf_demos_ws/install/rmf_door_msgs/share/rmf_door_msgs/cmake)
[2.866s] -- Found rmf_lift_msgs: 3.4.1 (/rmf_demos_ws/install/rmf_lift_msgs/share/rmf_lift_msgs/cmake)
[2.912s] -- Found rmf_visualization_msgs: 1.5.0 (/rmf_demos_ws/install/rmf_visualization_msgs/share/rmf_visualization_msgs/cmake)
[2.942s] -- Found rviz_common: 14.1.6 (/opt/ros/jazzy/share/rviz_common/cmake)
[3.144s] -- Setting OGRE_DIR to: '/opt/ros/jazzy/share/rviz_ogre_vendor/cmake/../../../opt/rviz_ogre_vendor/lib/OGRE/cmake'
[3.146s] -- Found OGRE
[3.146s] --   static     : OFF
[3.146s] --   components : MeshLodGenerator;Overlay;Paging;Property;RTShaderSystem;Terrain;Volume
[3.147s] --   plugins    : Plugin_BSPSceneManager;Plugin_OctreeSceneManager;Plugin_PCZSceneManager;Plugin_ParticleFX;RenderSystem_GL;RenderSystem_GL3Plus;Codec_STBI
[3.147s] --   media      : /opt/ros/jazzy/opt/rviz_ogre_vendor/share/OGRE/Media
[3.148s] -- OGRE_LIBRARIES: OgreMeshLodGenerator;OgreOverlay;OgrePaging;OgreProperty;OgreRTShaderSystem;OgreTerrain;OgreVolume;OgreMain
[3.148s] -- OGRE_LIBRARY_DIRS: /opt/ros/jazzy/opt/rviz_ogre_vendor/lib
[3.148s] -- OGRE_PLUGINS: Plugin_BSPSceneManager;Plugin_OctreeSceneManager;Plugin_PCZSceneManager;Plugin_ParticleFX;RenderSystem_GL;RenderSystem_GL3Plus;Codec_STBI
[3.148s] -- OGRE_PLUGIN_DIR: /opt/ros/jazzy/opt/rviz_ogre_vendor/lib/OGRE
[3.149s] -- rviz_ogre_vendor::OgreOverlay for IMPORTED_LOCATION_RELEASE: /opt/ros/jazzy/opt/rviz_ogre_vendor/lib/libOgreOverlay.so
[3.149s] -- rviz_ogre_vendor::OgreOverlay for IMPORTED_LOCATION_DEBUG: /opt/ros/jazzy/opt/rviz_ogre_vendor/lib/libOgreOverlay.so
[3.149s] -- rviz_ogre_vendor::OgreMain for IMPORTED_LOCATION_RELEASE: /opt/ros/jazzy/opt/rviz_ogre_vendor/lib/libOgreMain.so
[3.149s] -- rviz_ogre_vendor::OgreMain for IMPORTED_LOCATION_DEBUG: /opt/ros/jazzy/opt/rviz_ogre_vendor/lib/libOgreMain.so
[3.213s] -- Found ZLIB: /usr/lib/x86_64-linux-gnu/libz.so (found version "1.3")  
[3.240s] -- Found OpenGL: /usr/lib/x86_64-linux-gnu/libOpenGL.so   
[3.504s] -- Found X11: /usr/include   
[3.504s] -- Looking for XOpenDisplay in /usr/lib/x86_64-linux-gnu/libX11.so;/usr/lib/x86_64-linux-gnu/libXext.so
[3.689s] -- Looking for XOpenDisplay in /usr/lib/x86_64-linux-gnu/libX11.so;/usr/lib/x86_64-linux-gnu/libXext.so - found
[3.689s] -- Looking for gethostbyname
[3.849s] -- Looking for gethostbyname - found
[3.858s] -- Looking for connect
[4.104s] -- Looking for connect - found
[4.104s] -- Looking for remove
[4.276s] -- Looking for remove - found
[4.276s] -- Looking for shmat
[4.460s] -- Looking for shmat - found
[4.460s] -- Looking for IceConnectionNumber in ICE
[4.641s] -- Looking for IceConnectionNumber in ICE - found
[5.080s] -- Setting yaml-cpp_DIR to: '/opt/ros/jazzy/share/yaml_cpp_vendor/cmake/../../../opt/yaml_cpp_vendor/share/cmake/yaml-cpp'
[5.121s] -- Found rviz_default_plugins: 14.1.6 (/opt/ros/jazzy/share/rviz_default_plugins/cmake)
[5.516s] -- Found eigen3_cmake_module: 0.3.0 (/opt/ros/jazzy/share/eigen3_cmake_module/cmake)
[5.517s] -- Found Eigen3: TRUE (found version "3.4.0") 
[5.517s] -- Ensuring Eigen3 include directory is part of orocos-kdl CMake target
[5.607s] -- Found rmf_traffic_ros2: 2.9.0 (/rmf_demos_ws/install/rmf_traffic_ros2/share/rmf_traffic_ros2/cmake)
[5.613s] -- Found PkgConfig: /usr/bin/pkg-config (found version "1.8.1") 
[5.614s] -- Checking for module 'proj'
[5.649s] --   Found proj, version 9.4.0
[6.135s] -- Found ament_cmake_uncrustify: 0.17.1 (/opt/ros/jazzy/share/ament_cmake_uncrustify/cmake)
[6.479s] -- Configuring done (6.4s)
[6.758s] -- Generating done (0.2s)
[6.793s] -- Build files have been written to: /home/usuario/rmf_demos/build/rmf_visualization_rviz2_plugins
[6.834s] Invoked command in '/home/usuario/rmf_demos/build/rmf_visualization_rviz2_plugins' returned '0': CMAKE_PREFIX_PATH=/home/usuario/rmf_demos/install/rmf_demos_gz:/home/usuario/rmf_demos/install/rmf_demos:/home/usuario/rmf_demos/install/rmf_visualization:/home/usuario/rmf_demos/install/rmf_visualization_schedule:/home/usuario/rmf_demos/install/rmf_visualization_rviz2_plugins:/home/usuario/rmf_demos/install/rmf_visualization_obstacles:/home/usuario/rmf_demos/install/rmf_visualization_navgraphs:/home/usuario/rmf_demos/install/rmf_visualization_floorplans:/home/usuario/rmf_demos/install/rmf_visualization_fleet_states:/home/usuario/rmf_demos/install/rmf_demos_maps:/home/usuario/rmf_demos/install/rmf_demos_assets:/rmf_demos_ws/install/rmf_workcell_msgs:/rmf_demos_ws/install/rmf_reservation_node:/rmf_demos_ws/install/rmf_demos_gz:/rmf_demos_ws/install/rmf_demos:/rmf_demos_ws/install/rmf_fleet_adapter_python:/rmf_demos_ws/install/rmf_fleet_adapter:/rmf_demos_ws/install/rmf_task_ros2:/rmf_demos_ws/install/rmf_websocket:/rmf_demos_ws/install/rmf_visualization:/rmf_demos_ws/install/rmf_visualization_schedule:/rmf_demos_ws/install/rmf_visualization_rviz2_plugins:/rmf_demos_ws/install/rmf_visualization_obstacles:/rmf_demos_ws/install/rmf_visualization_navgraphs:/rmf_demos_ws/install/rmf_visualization_floorplans:/rmf_demos_ws/install/rmf_visualization_fleet_states:/rmf_demos_ws/install/rmf_visualization_msgs:/rmf_demos_ws/install/rmf_traffic_ros2:/rmf_demos_ws/install/rmf_task_sequence:/rmf_demos_ws/install/rmf_task:/rmf_demos_ws/install/rmf_battery:/rmf_demos_ws/install/rmf_traffic:/rmf_demos_ws/install/rmf_utils:/rmf_demos_ws/install/rmf_traffic_msgs:/rmf_demos_ws/install/rmf_traffic_editor_test_maps:/rmf_demos_ws/install/rmf_traffic_editor_assets:/rmf_demos_ws/install/rmf_traffic_editor:/rmf_demos_ws/install/rmf_task_msgs:/rmf_demos_ws/install/rmf_site_map_msgs:/rmf_demos_ws/install/rmf_scheduler_msgs:/rmf_demos_ws/install/rmf_robot_sim_gz_plugins:/rmf_demos_ws/install/rmf_robot_sim_common:/rmf_demos_ws/install/rmf_reservation_msgs:/rmf_demos_ws/install/rmf_obstacle_msgs:/rmf_demos_ws/install/rmf_building_sim_gz_plugins:/rmf_demos_ws/install/rmf_lift_msgs:/rmf_demos_ws/install/rmf_ingestor_msgs:/rmf_demos_ws/install/rmf_fleet_msgs:/rmf_demos_ws/install/rmf_door_msgs:/rmf_demos_ws/install/rmf_dispenser_msgs:/rmf_demos_ws/install/rmf_demos_maps:/rmf_demos_ws/install/rmf_demos_assets:/rmf_demos_ws/install/rmf_charger_msgs:/rmf_demos_ws/install/rmf_building_map_msgs:/rmf_demos_ws/install/rmf_api_msgs:/rmf_demos_ws/install/pybind11_json_vendor:/rmf_demos_ws/install/nlohmann_json_schema_validator_vendor:/home/usuario/rmf_demos/install/rmf_visualization_building_systems:/home/usuario/rmf_demos/install/rmf_demos_tasks:/home/usuario/rmf_demos/install/rmf_demos_fleet_adapter:/home/usuario/rmf_demos/install/rmf_demos_bridges:/rmf_demos_ws/install/rmf_demos_fleet_adapter:/rmf_demos_ws/install/rmf_visualization_building_systems:/rmf_demos_ws/install/rmf_traffic_examples:/rmf_demos_ws/install/rmf_demos_bridges:/rmf_demos_ws/install/rmf_demos_tasks:/rmf_demos_ws/install/rmf_building_map_tools:/rmf_demos_ws/install/rmf_charging_schedule:/opt/ros/jazzy:/rmf_demos_ws/install/menge_vendor:/rmf_demos_ws/install/ament_cmake_catch2:/opt/ros/jazzy/opt/gz_sim_vendor:/opt/ros/jazzy/opt/gz_sensors_vendor:/opt/ros/jazzy/opt/gz_physics_vendor:/opt/ros/jazzy/opt/sdformat_vendor:/opt/ros/jazzy/opt/gz_gui_vendor:/opt/ros/jazzy/opt/gz_transport_vendor:/opt/ros/jazzy/opt/gz_rendering_vendor:/opt/ros/jazzy/opt/gz_plugin_vendor:/opt/ros/jazzy/opt/gz_fuel_tools_vendor:/opt/ros/jazzy/opt/gz_msgs_vendor:/opt/ros/jazzy/opt/gz_common_vendor:/opt/ros/jazzy/opt/gz_math_vendor:/opt/ros/jazzy/opt/gz_utils_vendor:/opt/ros/jazzy/opt/gz_tools_vendor:/opt/ros/jazzy/opt/gz_ogre_next_vendor:/opt/ros/jazzy/opt/gz_dartsim_vendor:/opt/ros/jazzy/opt/gz_cmake_vendor /usr/bin/cmake /home/usuario/rmf_demos/rmf_visualization/rmf_visualization_rviz2_plugins -DCMAKE_INSTALL_PREFIX=/home/usuario/rmf_demos/install/rmf_visualization_rviz2_plugins
[6.834s] Invoking command in '/home/usuario/rmf_demos/build/rmf_visualization_rviz2_plugins': CMAKE_PREFIX_PATH=/home/usuario/rmf_demos/install/rmf_demos_gz:/home/usuario/rmf_demos/install/rmf_demos:/home/usuario/rmf_demos/install/rmf_visualization:/home/usuario/rmf_demos/install/rmf_visualization_schedule:/home/usuario/rmf_demos/install/rmf_visualization_rviz2_plugins:/home/usuario/rmf_demos/install/rmf_visualization_obstacles:/home/usuario/rmf_demos/install/rmf_visualization_navgraphs:/home/usuario/rmf_demos/install/rmf_visualization_floorplans:/home/usuario/rmf_demos/install/rmf_visualization_fleet_states:/home/usuario/rmf_demos/install/rmf_demos_maps:/home/usuario/rmf_demos/install/rmf_demos_assets:/rmf_demos_ws/install/rmf_workcell_msgs:/rmf_demos_ws/install/rmf_reservation_node:/rmf_demos_ws/install/rmf_demos_gz:/rmf_demos_ws/install/rmf_demos:/rmf_demos_ws/install/rmf_fleet_adapter_python:/rmf_demos_ws/install/rmf_fleet_adapter:/rmf_demos_ws/install/rmf_task_ros2:/rmf_demos_ws/install/rmf_websocket:/rmf_demos_ws/install/rmf_visualization:/rmf_demos_ws/install/rmf_visualization_schedule:/rmf_demos_ws/install/rmf_visualization_rviz2_plugins:/rmf_demos_ws/install/rmf_visualization_obstacles:/rmf_demos_ws/install/rmf_visualization_navgraphs:/rmf_demos_ws/install/rmf_visualization_floorplans:/rmf_demos_ws/install/rmf_visualization_fleet_states:/rmf_demos_ws/install/rmf_visualization_msgs:/rmf_demos_ws/install/rmf_traffic_ros2:/rmf_demos_ws/install/rmf_task_sequence:/rmf_demos_ws/install/rmf_task:/rmf_demos_ws/install/rmf_battery:/rmf_demos_ws/install/rmf_traffic:/rmf_demos_ws/install/rmf_utils:/rmf_demos_ws/install/rmf_traffic_msgs:/rmf_demos_ws/install/rmf_traffic_editor_test_maps:/rmf_demos_ws/install/rmf_traffic_editor_assets:/rmf_demos_ws/install/rmf_traffic_editor:/rmf_demos_ws/install/rmf_task_msgs:/rmf_demos_ws/install/rmf_site_map_msgs:/rmf_demos_ws/install/rmf_scheduler_msgs:/rmf_demos_ws/install/rmf_robot_sim_gz_plugins:/rmf_demos_ws/install/rmf_robot_sim_common:/rmf_demos_ws/install/rmf_reservation_msgs:/rmf_demos_ws/install/rmf_obstacle_msgs:/rmf_demos_ws/install/rmf_building_sim_gz_plugins:/rmf_demos_ws/install/rmf_lift_msgs:/rmf_demos_ws/install/rmf_ingestor_msgs:/rmf_demos_ws/install/rmf_fleet_msgs:/rmf_demos_ws/install/rmf_door_msgs:/rmf_demos_ws/install/rmf_dispenser_msgs:/rmf_demos_ws/install/rmf_demos_maps:/rmf_demos_ws/install/rmf_demos_assets:/rmf_demos_ws/install/rmf_charger_msgs:/rmf_demos_ws/install/rmf_building_map_msgs:/rmf_demos_ws/install/rmf_api_msgs:/rmf_demos_ws/install/pybind11_json_vendor:/rmf_demos_ws/install/nlohmann_json_schema_validator_vendor:/home/usuario/rmf_demos/install/rmf_visualization_building_systems:/home/usuario/rmf_demos/install/rmf_demos_tasks:/home/usuario/rmf_demos/install/rmf_demos_fleet_adapter:/home/usuario/rmf_demos/install/rmf_demos_bridges:/rmf_demos_ws/install/rmf_demos_fleet_adapter:/rmf_demos_ws/install/rmf_visualization_building_systems:/rmf_demos_ws/install/rmf_traffic_examples:/rmf_demos_ws/install/rmf_demos_bridges:/rmf_demos_ws/install/rmf_demos_tasks:/rmf_demos_ws/install/rmf_building_map_tools:/rmf_demos_ws/install/rmf_charging_schedule:/opt/ros/jazzy:/rmf_demos_ws/install/menge_vendor:/rmf_demos_ws/install/ament_cmake_catch2:/opt/ros/jazzy/opt/gz_sim_vendor:/opt/ros/jazzy/opt/gz_sensors_vendor:/opt/ros/jazzy/opt/gz_physics_vendor:/opt/ros/jazzy/opt/sdformat_vendor:/opt/ros/jazzy/opt/gz_gui_vendor:/opt/ros/jazzy/opt/gz_transport_vendor:/opt/ros/jazzy/opt/gz_rendering_vendor:/opt/ros/jazzy/opt/gz_plugin_vendor:/opt/ros/jazzy/opt/gz_fuel_tools_vendor:/opt/ros/jazzy/opt/gz_msgs_vendor:/opt/ros/jazzy/opt/gz_common_vendor:/opt/ros/jazzy/opt/gz_math_vendor:/opt/ros/jazzy/opt/gz_utils_vendor:/opt/ros/jazzy/opt/gz_tools_vendor:/opt/ros/jazzy/opt/gz_ogre_next_vendor:/opt/ros/jazzy/opt/gz_dartsim_vendor:/opt/ros/jazzy/opt/gz_cmake_vendor /usr/bin/cmake --build /home/usuario/rmf_demos/build/rmf_visualization_rviz2_plugins -- -j4 -l4
[7.162s] [  0%] Built target rmf_visualization_rviz2_plugins_autogen_timestamp_deps
[7.335s] [ 12%] [34m[1mAutomatic MOC for target rmf_visualization_rviz2_plugins[0m
[9.410s] [ 12%] Built target rmf_visualization_rviz2_plugins_autogen
[9.619s] [ 25%] [32mBuilding CXX object CMakeFiles/rmf_visualization_rviz2_plugins.dir/rmf_visualization_rviz2_plugins_autogen/mocs_compilation.cpp.o[0m
[9.641s] [ 37%] [32mBuilding CXX object CMakeFiles/rmf_visualization_rviz2_plugins.dir/src/SchedulePanel.cpp.o[0m
[9.668s] [ 50%] [32mBuilding CXX object CMakeFiles/rmf_visualization_rviz2_plugins.dir/src/LiftPanel.cpp.o[0m
[9.674s] [ 62%] [32mBuilding CXX object CMakeFiles/rmf_visualization_rviz2_plugins.dir/src/DoorPanel.cpp.o[0m
[23.004s] [01m[K/home/usuario/rmf_demos/rmf_visualization/rmf_visualization_rviz2_plugins/src/LiftPanel.cpp:[m[K In member function ‘[01m[Kvoid rmf_visualization_rviz2_plugins::LiftPanel::[01;32m[Kdisplay_state[m[K(const LiftState&)[m[K’:
[23.005s] [01m[K/home/usuario/rmf_demos/rmf_visualization/rmf_visualization_rviz2_plugins/src/LiftPanel.cpp:380:19:[m[K [01;35m[Kwarning: [m[Kloop variable ‘[01m[Kf[m[K’ creates a copy from type ‘[01m[Kconst std::__cxx11::basic_string<char>[m[K’ [[01;35m[K]8;;https://gcc.gnu.org/onlinedocs/gcc/Warning-Options.html#index-Wrange-loop-construct-Wrange-loop-construct]8;;[m[K]
[23.005s]   380 |   for (const auto [01;35m[Kf[m[K : msg.available_floors)
[23.005s]       |                   [01;35m[K^[m[K
[23.005s] [01m[K/home/usuario/rmf_demos/rmf_visualization/rmf_visualization_rviz2_plugins/src/LiftPanel.cpp:380:19:[m[K [01;36m[Knote: [m[Kuse reference type to prevent copying
[23.005s]   380 |   for (const auto [01;36m[Kf[m[K : msg.available_floors)
[23.005s]       |                   [01;36m[K^[m[K
[23.005s]       |                   [32m[K&[m[K
[46.075s] [ 75%] [32mBuilding CXX object CMakeFiles/rmf_visualization_rviz2_plugins.dir/src/NegotiationModel.cpp.o[0m
[47.922s] [01m[K/home/usuario/rmf_demos/rmf_visualization/rmf_visualization_rviz2_plugins/src/NegotiationModel.cpp:[m[K In member function ‘[01m[Kuint64_t NegotiationModel::[01;32m[Kget_negotiation_id[m[K(std::size_t)[m[K’:
[47.922s] [01m[K/home/usuario/rmf_demos/rmf_visualization/rmf_visualization_rviz2_plugins/src/NegotiationModel.cpp:66:1:[m[K [01;35m[Kwarning: [m[Kcontrol reaches end of non-void function [[01;35m[K]8;;https://gcc.gnu.org/onlinedocs/gcc/Warning-Options.html#index-Wreturn-type-Wreturn-type]8;;[m[K]
[47.922s]    66 | [01;35m[K}[m[K
[47.922s]       | [01;35m[K^[m[K
[48.176s] [ 87%] [32m[1mLinking CXX shared library librmf_visualization_rviz2_plugins.so[0m
[54.028s] [100%] Built target rmf_visualization_rviz2_plugins
[54.051s] Invoked command in '/home/usuario/rmf_demos/build/rmf_visualization_rviz2_plugins' returned '0': CMAKE_PREFIX_PATH=/home/usuario/rmf_demos/install/rmf_demos_gz:/home/usuario/rmf_demos/install/rmf_demos:/home/usuario/rmf_demos/install/rmf_visualization:/home/usuario/rmf_demos/install/rmf_visualization_schedule:/home/usuario/rmf_demos/install/rmf_visualization_rviz2_plugins:/home/usuario/rmf_demos/install/rmf_visualization_obstacles:/home/usuario/rmf_demos/install/rmf_visualization_navgraphs:/home/usuario/rmf_demos/install/rmf_visualization_floorplans:/home/usuario/rmf_demos/install/rmf_visualization_fleet_states:/home/usuario/rmf_demos/install/rmf_demos_maps:/home/usuario/rmf_demos/install/rmf_demos_assets:/rmf_demos_ws/install/rmf_workcell_msgs:/rmf_demos_ws/install/rmf_reservation_node:/rmf_demos_ws/install/rmf_demos_gz:/rmf_demos_ws/install/rmf_demos:/rmf_demos_ws/install/rmf_fleet_adapter_python:/rmf_demos_ws/install/rmf_fleet_adapter:/rmf_demos_ws/install/rmf_task_ros2:/rmf_demos_ws/install/rmf_websocket:/rmf_demos_ws/install/rmf_visualization:/rmf_demos_ws/install/rmf_visualization_schedule:/rmf_demos_ws/install/rmf_visualization_rviz2_plugins:/rmf_demos_ws/install/rmf_visualization_obstacles:/rmf_demos_ws/install/rmf_visualization_navgraphs:/rmf_demos_ws/install/rmf_visualization_floorplans:/rmf_demos_ws/install/rmf_visualization_fleet_states:/rmf_demos_ws/install/rmf_visualization_msgs:/rmf_demos_ws/install/rmf_traffic_ros2:/rmf_demos_ws/install/rmf_task_sequence:/rmf_demos_ws/install/rmf_task:/rmf_demos_ws/install/rmf_battery:/rmf_demos_ws/install/rmf_traffic:/rmf_demos_ws/install/rmf_utils:/rmf_demos_ws/install/rmf_traffic_msgs:/rmf_demos_ws/install/rmf_traffic_editor_test_maps:/rmf_demos_ws/install/rmf_traffic_editor_assets:/rmf_demos_ws/install/rmf_traffic_editor:/rmf_demos_ws/install/rmf_task_msgs:/rmf_demos_ws/install/rmf_site_map_msgs:/rmf_demos_ws/install/rmf_scheduler_msgs:/rmf_demos_ws/install/rmf_robot_sim_gz_plugins:/rmf_demos_ws/install/rmf_robot_sim_common:/rmf_demos_ws/install/rmf_reservation_msgs:/rmf_demos_ws/install/rmf_obstacle_msgs:/rmf_demos_ws/install/rmf_building_sim_gz_plugins:/rmf_demos_ws/install/rmf_lift_msgs:/rmf_demos_ws/install/rmf_ingestor_msgs:/rmf_demos_ws/install/rmf_fleet_msgs:/rmf_demos_ws/install/rmf_door_msgs:/rmf_demos_ws/install/rmf_dispenser_msgs:/rmf_demos_ws/install/rmf_demos_maps:/rmf_demos_ws/install/rmf_demos_assets:/rmf_demos_ws/install/rmf_charger_msgs:/rmf_demos_ws/install/rmf_building_map_msgs:/rmf_demos_ws/install/rmf_api_msgs:/rmf_demos_ws/install/pybind11_json_vendor:/rmf_demos_ws/install/nlohmann_json_schema_validator_vendor:/home/usuario/rmf_demos/install/rmf_visualization_building_systems:/home/usuario/rmf_demos/install/rmf_demos_tasks:/home/usuario/rmf_demos/install/rmf_demos_fleet_adapter:/home/usuario/rmf_demos/install/rmf_demos_bridges:/rmf_demos_ws/install/rmf_demos_fleet_adapter:/rmf_demos_ws/install/rmf_visualization_building_systems:/rmf_demos_ws/install/rmf_traffic_examples:/rmf_demos_ws/install/rmf_demos_bridges:/rmf_demos_ws/install/rmf_demos_tasks:/rmf_demos_ws/install/rmf_building_map_tools:/rmf_demos_ws/install/rmf_charging_schedule:/opt/ros/jazzy:/rmf_demos_ws/install/menge_vendor:/rmf_demos_ws/install/ament_cmake_catch2:/opt/ros/jazzy/opt/gz_sim_vendor:/opt/ros/jazzy/opt/gz_sensors_vendor:/opt/ros/jazzy/opt/gz_physics_vendor:/opt/ros/jazzy/opt/sdformat_vendor:/opt/ros/jazzy/opt/gz_gui_vendor:/opt/ros/jazzy/opt/gz_transport_vendor:/opt/ros/jazzy/opt/gz_rendering_vendor:/opt/ros/jazzy/opt/gz_plugin_vendor:/opt/ros/jazzy/opt/gz_fuel_tools_vendor:/opt/ros/jazzy/opt/gz_msgs_vendor:/opt/ros/jazzy/opt/gz_common_vendor:/opt/ros/jazzy/opt/gz_math_vendor:/opt/ros/jazzy/opt/gz_utils_vendor:/opt/ros/jazzy/opt/gz_tools_vendor:/opt/ros/jazzy/opt/gz_ogre_next_vendor:/opt/ros/jazzy/opt/gz_dartsim_vendor:/opt/ros/jazzy/opt/gz_cmake_vendor /usr/bin/cmake --build /home/usuario/rmf_demos/build/rmf_visualization_rviz2_plugins -- -j4 -l4
[54.052s] Invoking command in '/home/usuario/rmf_demos/build/rmf_visualization_rviz2_plugins': CMAKE_PREFIX_PATH=/home/usuario/rmf_demos/install/rmf_demos_gz:/home/usuario/rmf_demos/install/rmf_demos:/home/usuario/rmf_demos/install/rmf_visualization:/home/usuario/rmf_demos/install/rmf_visualization_schedule:/home/usuario/rmf_demos/install/rmf_visualization_rviz2_plugins:/home/usuario/rmf_demos/install/rmf_visualization_obstacles:/home/usuario/rmf_demos/install/rmf_visualization_navgraphs:/home/usuario/rmf_demos/install/rmf_visualization_floorplans:/home/usuario/rmf_demos/install/rmf_visualization_fleet_states:/home/usuario/rmf_demos/install/rmf_demos_maps:/home/usuario/rmf_demos/install/rmf_demos_assets:/rmf_demos_ws/install/rmf_workcell_msgs:/rmf_demos_ws/install/rmf_reservation_node:/rmf_demos_ws/install/rmf_demos_gz:/rmf_demos_ws/install/rmf_demos:/rmf_demos_ws/install/rmf_fleet_adapter_python:/rmf_demos_ws/install/rmf_fleet_adapter:/rmf_demos_ws/install/rmf_task_ros2:/rmf_demos_ws/install/rmf_websocket:/rmf_demos_ws/install/rmf_visualization:/rmf_demos_ws/install/rmf_visualization_schedule:/rmf_demos_ws/install/rmf_visualization_rviz2_plugins:/rmf_demos_ws/install/rmf_visualization_obstacles:/rmf_demos_ws/install/rmf_visualization_navgraphs:/rmf_demos_ws/install/rmf_visualization_floorplans:/rmf_demos_ws/install/rmf_visualization_fleet_states:/rmf_demos_ws/install/rmf_visualization_msgs:/rmf_demos_ws/install/rmf_traffic_ros2:/rmf_demos_ws/install/rmf_task_sequence:/rmf_demos_ws/install/rmf_task:/rmf_demos_ws/install/rmf_battery:/rmf_demos_ws/install/rmf_traffic:/rmf_demos_ws/install/rmf_utils:/rmf_demos_ws/install/rmf_traffic_msgs:/rmf_demos_ws/install/rmf_traffic_editor_test_maps:/rmf_demos_ws/install/rmf_traffic_editor_assets:/rmf_demos_ws/install/rmf_traffic_editor:/rmf_demos_ws/install/rmf_task_msgs:/rmf_demos_ws/install/rmf_site_map_msgs:/rmf_demos_ws/install/rmf_scheduler_msgs:/rmf_demos_ws/install/rmf_robot_sim_gz_plugins:/rmf_demos_ws/install/rmf_robot_sim_common:/rmf_demos_ws/install/rmf_reservation_msgs:/rmf_demos_ws/install/rmf_obstacle_msgs:/rmf_demos_ws/install/rmf_building_sim_gz_plugins:/rmf_demos_ws/install/rmf_lift_msgs:/rmf_demos_ws/install/rmf_ingestor_msgs:/rmf_demos_ws/install/rmf_fleet_msgs:/rmf_demos_ws/install/rmf_door_msgs:/rmf_demos_ws/install/rmf_dispenser_msgs:/rmf_demos_ws/install/rmf_demos_maps:/rmf_demos_ws/install/rmf_demos_assets:/rmf_demos_ws/install/rmf_charger_msgs:/rmf_demos_ws/install/rmf_building_map_msgs:/rmf_demos_ws/install/rmf_api_msgs:/rmf_demos_ws/install/pybind11_json_vendor:/rmf_demos_ws/install/nlohmann_json_schema_validator_vendor:/home/usuario/rmf_demos/install/rmf_visualization_building_systems:/home/usuario/rmf_demos/install/rmf_demos_tasks:/home/usuario/rmf_demos/install/rmf_demos_fleet_adapter:/home/usuario/rmf_demos/install/rmf_demos_bridges:/rmf_demos_ws/install/rmf_demos_fleet_adapter:/rmf_demos_ws/install/rmf_visualization_building_systems:/rmf_demos_ws/install/rmf_traffic_examples:/rmf_demos_ws/install/rmf_demos_bridges:/rmf_demos_ws/install/rmf_demos_tasks:/rmf_demos_ws/install/rmf_building_map_tools:/rmf_demos_ws/install/rmf_charging_schedule:/opt/ros/jazzy:/rmf_demos_ws/install/menge_vendor:/rmf_demos_ws/install/ament_cmake_catch2:/opt/ros/jazzy/opt/gz_sim_vendor:/opt/ros/jazzy/opt/gz_sensors_vendor:/opt/ros/jazzy/opt/gz_physics_vendor:/opt/ros/jazzy/opt/sdformat_vendor:/opt/ros/jazzy/opt/gz_gui_vendor:/opt/ros/jazzy/opt/gz_transport_vendor:/opt/ros/jazzy/opt/gz_rendering_vendor:/opt/ros/jazzy/opt/gz_plugin_vendor:/opt/ros/jazzy/opt/gz_fuel_tools_vendor:/opt/ros/jazzy/opt/gz_msgs_vendor:/opt/ros/jazzy/opt/gz_common_vendor:/opt/ros/jazzy/opt/gz_math_vendor:/opt/ros/jazzy/opt/gz_utils_vendor:/opt/ros/jazzy/opt/gz_tools_vendor:/opt/ros/jazzy/opt/gz_ogre_next_vendor:/opt/ros/jazzy/opt/gz_dartsim_vendor:/opt/ros/jazzy/opt/gz_cmake_vendor /usr/bin/cmake --install /home/usuario/rmf_demos/build/rmf_visualization_rviz2_plugins
[54.066s] -- Install configuration: ""
[54.067s] -- Installing: /home/usuario/rmf_demos/install/rmf_visualization_rviz2_plugins/share/rmf_visualization_rviz2_plugins/plugin_description.xml
[54.069s] -- Installing: /home/usuario/rmf_demos/install/rmf_visualization_rviz2_plugins/share/rmf_visualization_rviz2_plugins/environment/library_path.sh
[54.071s] -- Installing: /home/usuario/rmf_demos/install/rmf_visualization_rviz2_plugins/share/rmf_visualization_rviz2_plugins/environment/library_path.dsv
[54.073s] -- Installing: /home/usuario/rmf_demos/install/rmf_visualization_rviz2_plugins/lib/librmf_visualization_rviz2_plugins.so
[54.106s] -- Set non-toolchain portion of runtime path of "/home/usuario/rmf_demos/install/rmf_visualization_rviz2_plugins/lib/librmf_visualization_rviz2_plugins.so" to ""
[54.106s] -- Installing: /home/usuario/rmf_demos/install/rmf_visualization_rviz2_plugins/share/ament_index/resource_index/package_run_dependencies/rmf_visualization_rviz2_plugins
[54.106s] -- Installing: /home/usuario/rmf_demos/install/rmf_visualization_rviz2_plugins/share/ament_index/resource_index/parent_prefix_path/rmf_visualization_rviz2_plugins
[54.106s] -- Installing: /home/usuario/rmf_demos/install/rmf_visualization_rviz2_plugins/share/rmf_visualization_rviz2_plugins/environment/ament_prefix_path.sh
[54.112s] -- Installing: /home/usuario/rmf_demos/install/rmf_visualization_rviz2_plugins/share/rmf_visualization_rviz2_plugins/environment/ament_prefix_path.dsv
[54.113s] -- Installing: /home/usuario/rmf_demos/install/rmf_visualization_rviz2_plugins/share/rmf_visualization_rviz2_plugins/environment/path.sh
[54.113s] -- Installing: /home/usuario/rmf_demos/install/rmf_visualization_rviz2_plugins/share/rmf_visualization_rviz2_plugins/environment/path.dsv
[54.113s] -- Installing: /home/usuario/rmf_demos/install/rmf_visualization_rviz2_plugins/share/rmf_visualization_rviz2_plugins/local_setup.bash
[54.113s] -- Installing: /home/usuario/rmf_demos/install/rmf_visualization_rviz2_plugins/share/rmf_visualization_rviz2_plugins/local_setup.sh
[54.113s] -- Installing: /home/usuario/rmf_demos/install/rmf_visualization_rviz2_plugins/share/rmf_visualization_rviz2_plugins/local_setup.zsh
[54.113s] -- Installing: /home/usuario/rmf_demos/install/rmf_visualization_rviz2_plugins/share/rmf_visualization_rviz2_plugins/local_setup.dsv
[54.113s] -- Installing: /home/usuario/rmf_demos/install/rmf_visualization_rviz2_plugins/share/rmf_visualization_rviz2_plugins/package.dsv
[54.113s] -- Installing: /home/usuario/rmf_demos/install/rmf_visualization_rviz2_plugins/share/ament_index/resource_index/packages/rmf_visualization_rviz2_plugins
[54.113s] -- Installing: /home/usuario/rmf_demos/install/rmf_visualization_rviz2_plugins/share/ament_index/resource_index/rviz_common__pluginlib__plugin/rmf_visualization_rviz2_plugins
[54.113s] -- Installing: /home/usuario/rmf_demos/install/rmf_visualization_rviz2_plugins/share/rmf_visualization_rviz2_plugins/cmake/rmf_visualization_rviz2_pluginsExport.cmake
[54.113s] -- Installing: /home/usuario/rmf_demos/install/rmf_visualization_rviz2_plugins/share/rmf_visualization_rviz2_plugins/cmake/rmf_visualization_rviz2_pluginsExport-noconfig.cmake
[54.113s] -- Installing: /home/usuario/rmf_demos/install/rmf_visualization_rviz2_plugins/share/rmf_visualization_rviz2_plugins/cmake/ament_cmake_export_include_directories-extras.cmake
[54.113s] -- Installing: /home/usuario/rmf_demos/install/rmf_visualization_rviz2_plugins/share/rmf_visualization_rviz2_plugins/cmake/ament_cmake_export_targets-extras.cmake
[54.114s] -- Installing: /home/usuario/rmf_demos/install/rmf_visualization_rviz2_plugins/share/rmf_visualization_rviz2_plugins/cmake/ament_cmake_export_dependencies-extras.cmake
[54.114s] -- Installing: /home/usuario/rmf_demos/install/rmf_visualization_rviz2_plugins/share/rmf_visualization_rviz2_plugins/cmake/rmf_visualization_rviz2_pluginsConfig.cmake
[54.114s] -- Installing: /home/usuario/rmf_demos/install/rmf_visualization_rviz2_plugins/share/rmf_visualization_rviz2_plugins/cmake/rmf_visualization_rviz2_pluginsConfig-version.cmake
[54.114s] -- Installing: /home/usuario/rmf_demos/install/rmf_visualization_rviz2_plugins/share/rmf_visualization_rviz2_plugins/package.xml
[54.124s] Invoked command in '/home/usuario/rmf_demos/build/rmf_visualization_rviz2_plugins' returned '0': CMAKE_PREFIX_PATH=/home/usuario/rmf_demos/install/rmf_demos_gz:/home/usuario/rmf_demos/install/rmf_demos:/home/usuario/rmf_demos/install/rmf_visualization:/home/usuario/rmf_demos/install/rmf_visualization_schedule:/home/usuario/rmf_demos/install/rmf_visualization_rviz2_plugins:/home/usuario/rmf_demos/install/rmf_visualization_obstacles:/home/usuario/rmf_demos/install/rmf_visualization_navgraphs:/home/usuario/rmf_demos/install/rmf_visualization_floorplans:/home/usuario/rmf_demos/install/rmf_visualization_fleet_states:/home/usuario/rmf_demos/install/rmf_demos_maps:/home/usuario/rmf_demos/install/rmf_demos_assets:/rmf_demos_ws/install/rmf_workcell_msgs:/rmf_demos_ws/install/rmf_reservation_node:/rmf_demos_ws/install/rmf_demos_gz:/rmf_demos_ws/install/rmf_demos:/rmf_demos_ws/install/rmf_fleet_adapter_python:/rmf_demos_ws/install/rmf_fleet_adapter:/rmf_demos_ws/install/rmf_task_ros2:/rmf_demos_ws/install/rmf_websocket:/rmf_demos_ws/install/rmf_visualization:/rmf_demos_ws/install/rmf_visualization_schedule:/rmf_demos_ws/install/rmf_visualization_rviz2_plugins:/rmf_demos_ws/install/rmf_visualization_obstacles:/rmf_demos_ws/install/rmf_visualization_navgraphs:/rmf_demos_ws/install/rmf_visualization_floorplans:/rmf_demos_ws/install/rmf_visualization_fleet_states:/rmf_demos_ws/install/rmf_visualization_msgs:/rmf_demos_ws/install/rmf_traffic_ros2:/rmf_demos_ws/install/rmf_task_sequence:/rmf_demos_ws/install/rmf_task:/rmf_demos_ws/install/rmf_battery:/rmf_demos_ws/install/rmf_traffic:/rmf_demos_ws/install/rmf_utils:/rmf_demos_ws/install/rmf_traffic_msgs:/rmf_demos_ws/install/rmf_traffic_editor_test_maps:/rmf_demos_ws/install/rmf_traffic_editor_assets:/rmf_demos_ws/install/rmf_traffic_editor:/rmf_demos_ws/install/rmf_task_msgs:/rmf_demos_ws/install/rmf_site_map_msgs:/rmf_demos_ws/install/rmf_scheduler_msgs:/rmf_demos_ws/install/rmf_robot_sim_gz_plugins:/rmf_demos_ws/install/rmf_robot_sim_common:/rmf_demos_ws/install/rmf_reservation_msgs:/rmf_demos_ws/install/rmf_obstacle_msgs:/rmf_demos_ws/install/rmf_building_sim_gz_plugins:/rmf_demos_ws/install/rmf_lift_msgs:/rmf_demos_ws/install/rmf_ingestor_msgs:/rmf_demos_ws/install/rmf_fleet_msgs:/rmf_demos_ws/install/rmf_door_msgs:/rmf_demos_ws/install/rmf_dispenser_msgs:/rmf_demos_ws/install/rmf_demos_maps:/rmf_demos_ws/install/rmf_demos_assets:/rmf_demos_ws/install/rmf_charger_msgs:/rmf_demos_ws/install/rmf_building_map_msgs:/rmf_demos_ws/install/rmf_api_msgs:/rmf_demos_ws/install/pybind11_json_vendor:/rmf_demos_ws/install/nlohmann_json_schema_validator_vendor:/home/usuario/rmf_demos/install/rmf_visualization_building_systems:/home/usuario/rmf_demos/install/rmf_demos_tasks:/home/usuario/rmf_demos/install/rmf_demos_fleet_adapter:/home/usuario/rmf_demos/install/rmf_demos_bridges:/rmf_demos_ws/install/rmf_demos_fleet_adapter:/rmf_demos_ws/install/rmf_visualization_building_systems:/rmf_demos_ws/install/rmf_traffic_examples:/rmf_demos_ws/install/rmf_demos_bridges:/rmf_demos_ws/install/rmf_demos_tasks:/rmf_demos_ws/install/rmf_building_map_tools:/rmf_demos_ws/install/rmf_charging_schedule:/opt/ros/jazzy:/rmf_demos_ws/install/menge_vendor:/rmf_demos_ws/install/ament_cmake_catch2:/opt/ros/jazzy/opt/gz_sim_vendor:/opt/ros/jazzy/opt/gz_sensors_vendor:/opt/ros/jazzy/opt/gz_physics_vendor:/opt/ros/jazzy/opt/sdformat_vendor:/opt/ros/jazzy/opt/gz_gui_vendor:/opt/ros/jazzy/opt/gz_transport_vendor:/opt/ros/jazzy/opt/gz_rendering_vendor:/opt/ros/jazzy/opt/gz_plugin_vendor:/opt/ros/jazzy/opt/gz_fuel_tools_vendor:/opt/ros/jazzy/opt/gz_msgs_vendor:/opt/ros/jazzy/opt/gz_common_vendor:/opt/ros/jazzy/opt/gz_math_vendor:/opt/ros/jazzy/opt/gz_utils_vendor:/opt/ros/jazzy/opt/gz_tools_vendor:/opt/ros/jazzy/opt/gz_ogre_next_vendor:/opt/ros/jazzy/opt/gz_dartsim_vendor:/opt/ros/jazzy/opt/gz_cmake_vendor /usr/bin/cmake --install /home/usuario/rmf_demos/build/rmf_visualization_rviz2_plugins
