[2.292s] Invoking command in '/home/usuario/rmf_demos/rmf_demos_fleet_adapter': PYTHONPATH=/home/usuario/rmf_demos/build/rmf_demos_fleet_adapter/prefix_override:/usr/lib/python3/dist-packages/colcon_core/task/python/colcon_distutils_commands:/home/usuario/rmf_demos/install/rmf_demos_fleet_adapter/lib/python3.12/site-packages:${PYTHONPATH} /usr/bin/python3 -W ignore:setup.py install is deprecated -W ignore:easy_install command is deprecated setup.py egg_info --egg-base ../build/rmf_demos_fleet_adapter build --build-base /home/usuario/rmf_demos/build/rmf_demos_fleet_adapter/build install --record /home/usuario/rmf_demos/build/rmf_demos_fleet_adapter/install.log --single-version-externally-managed install_data
[3.158s] running egg_info
[3.158s] creating ../build/rmf_demos_fleet_adapter/rmf_demos_fleet_adapter.egg-info
[3.158s] writing ../build/rmf_demos_fleet_adapter/rmf_demos_fleet_adapter.egg-info/PKG-INFO
[3.158s] writing dependency_links to ../build/rmf_demos_fleet_adapter/rmf_demos_fleet_adapter.egg-info/dependency_links.txt
[3.158s] writing entry points to ../build/rmf_demos_fleet_adapter/rmf_demos_fleet_adapter.egg-info/entry_points.txt
[3.158s] writing requirements to ../build/rmf_demos_fleet_adapter/rmf_demos_fleet_adapter.egg-info/requires.txt
[3.159s] writing top-level names to ../build/rmf_demos_fleet_adapter/rmf_demos_fleet_adapter.egg-info/top_level.txt
[3.159s] writing manifest file '../build/rmf_demos_fleet_adapter/rmf_demos_fleet_adapter.egg-info/SOURCES.txt'
[3.159s] reading manifest file '../build/rmf_demos_fleet_adapter/rmf_demos_fleet_adapter.egg-info/SOURCES.txt'
[3.159s] writing manifest file '../build/rmf_demos_fleet_adapter/rmf_demos_fleet_adapter.egg-info/SOURCES.txt'
[3.159s] running build
[3.159s] running build_py
[3.159s] creating /home/usuario/rmf_demos/build/rmf_demos_fleet_adapter/build
[3.159s] creating /home/usuario/rmf_demos/build/rmf_demos_fleet_adapter/build/lib
[3.159s] creating /home/usuario/rmf_demos/build/rmf_demos_fleet_adapter/build/lib/rmf_demos_fleet_adapter
[3.159s] copying rmf_demos_fleet_adapter/fleet_adapter.py -> /home/usuario/rmf_demos/build/rmf_demos_fleet_adapter/build/lib/rmf_demos_fleet_adapter
[3.159s] copying rmf_demos_fleet_adapter/manage_lane.py -> /home/usuario/rmf_demos/build/rmf_demos_fleet_adapter/build/lib/rmf_demos_fleet_adapter
[3.159s] copying rmf_demos_fleet_adapter/fleet_manager.py -> /home/usuario/rmf_demos/build/rmf_demos_fleet_adapter/build/lib/rmf_demos_fleet_adapter
[3.160s] copying rmf_demos_fleet_adapter/RobotClientAPI.py -> /home/usuario/rmf_demos/build/rmf_demos_fleet_adapter/build/lib/rmf_demos_fleet_adapter
[3.160s] copying rmf_demos_fleet_adapter/__init__.py -> /home/usuario/rmf_demos/build/rmf_demos_fleet_adapter/build/lib/rmf_demos_fleet_adapter
[3.162s] creating /home/usuario/rmf_demos/build/rmf_demos_fleet_adapter/build/lib/test
[3.162s] copying test/test_copyright.py -> /home/usuario/rmf_demos/build/rmf_demos_fleet_adapter/build/lib/test
[3.162s] copying test/test_flake8.py -> /home/usuario/rmf_demos/build/rmf_demos_fleet_adapter/build/lib/test
[3.162s] copying test/test_pep257.py -> /home/usuario/rmf_demos/build/rmf_demos_fleet_adapter/build/lib/test
[3.162s] copying test/__init__.py -> /home/usuario/rmf_demos/build/rmf_demos_fleet_adapter/build/lib/test
[3.162s] running install
[3.162s] running install_lib
[3.162s] creating /home/usuario/rmf_demos/install/rmf_demos_fleet_adapter/lib/python3.12/site-packages/rmf_demos_fleet_adapter
[3.163s] copying /home/usuario/rmf_demos/build/rmf_demos_fleet_adapter/build/lib/rmf_demos_fleet_adapter/fleet_adapter.py -> /home/usuario/rmf_demos/install/rmf_demos_fleet_adapter/lib/python3.12/site-packages/rmf_demos_fleet_adapter
[3.163s] copying /home/usuario/rmf_demos/build/rmf_demos_fleet_adapter/build/lib/rmf_demos_fleet_adapter/manage_lane.py -> /home/usuario/rmf_demos/install/rmf_demos_fleet_adapter/lib/python3.12/site-packages/rmf_demos_fleet_adapter
[3.163s] copying /home/usuario/rmf_demos/build/rmf_demos_fleet_adapter/build/lib/rmf_demos_fleet_adapter/fleet_manager.py -> /home/usuario/rmf_demos/install/rmf_demos_fleet_adapter/lib/python3.12/site-packages/rmf_demos_fleet_adapter
[3.163s] copying /home/usuario/rmf_demos/build/rmf_demos_fleet_adapter/build/lib/rmf_demos_fleet_adapter/RobotClientAPI.py -> /home/usuario/rmf_demos/install/rmf_demos_fleet_adapter/lib/python3.12/site-packages/rmf_demos_fleet_adapter
[3.163s] copying /home/usuario/rmf_demos/build/rmf_demos_fleet_adapter/build/lib/rmf_demos_fleet_adapter/__init__.py -> /home/usuario/rmf_demos/install/rmf_demos_fleet_adapter/lib/python3.12/site-packages/rmf_demos_fleet_adapter
[3.164s] creating /home/usuario/rmf_demos/install/rmf_demos_fleet_adapter/lib/python3.12/site-packages/test
[3.164s] copying /home/usuario/rmf_demos/build/rmf_demos_fleet_adapter/build/lib/test/test_copyright.py -> /home/usuario/rmf_demos/install/rmf_demos_fleet_adapter/lib/python3.12/site-packages/test
[3.167s] copying /home/usuario/rmf_demos/build/rmf_demos_fleet_adapter/build/lib/test/test_flake8.py -> /home/usuario/rmf_demos/install/rmf_demos_fleet_adapter/lib/python3.12/site-packages/test
[3.168s] copying /home/usuario/rmf_demos/build/rmf_demos_fleet_adapter/build/lib/test/test_pep257.py -> /home/usuario/rmf_demos/install/rmf_demos_fleet_adapter/lib/python3.12/site-packages/test
[3.168s] copying /home/usuario/rmf_demos/build/rmf_demos_fleet_adapter/build/lib/test/__init__.py -> /home/usuario/rmf_demos/install/rmf_demos_fleet_adapter/lib/python3.12/site-packages/test
[3.169s] byte-compiling /home/usuario/rmf_demos/install/rmf_demos_fleet_adapter/lib/python3.12/site-packages/rmf_demos_fleet_adapter/fleet_adapter.py to fleet_adapter.cpython-312.pyc
[3.172s] byte-compiling /home/usuario/rmf_demos/install/rmf_demos_fleet_adapter/lib/python3.12/site-packages/rmf_demos_fleet_adapter/manage_lane.py to manage_lane.cpython-312.pyc
[3.175s] byte-compiling /home/usuario/rmf_demos/install/rmf_demos_fleet_adapter/lib/python3.12/site-packages/rmf_demos_fleet_adapter/fleet_manager.py to fleet_manager.cpython-312.pyc
[3.179s] byte-compiling /home/usuario/rmf_demos/install/rmf_demos_fleet_adapter/lib/python3.12/site-packages/rmf_demos_fleet_adapter/RobotClientAPI.py to RobotClientAPI.cpython-312.pyc
[3.184s] byte-compiling /home/usuario/rmf_demos/install/rmf_demos_fleet_adapter/lib/python3.12/site-packages/rmf_demos_fleet_adapter/__init__.py to __init__.cpython-312.pyc
[3.185s] byte-compiling /home/usuario/rmf_demos/install/rmf_demos_fleet_adapter/lib/python3.12/site-packages/test/test_copyright.py to test_copyright.cpython-312.pyc
[3.185s] byte-compiling /home/usuario/rmf_demos/install/rmf_demos_fleet_adapter/lib/python3.12/site-packages/test/test_flake8.py to test_flake8.cpython-312.pyc
[3.187s] byte-compiling /home/usuario/rmf_demos/install/rmf_demos_fleet_adapter/lib/python3.12/site-packages/test/test_pep257.py to test_pep257.cpython-312.pyc
[3.191s] byte-compiling /home/usuario/rmf_demos/install/rmf_demos_fleet_adapter/lib/python3.12/site-packages/test/__init__.py to __init__.cpython-312.pyc
[3.191s] running install_data
[3.192s] creating /home/usuario/rmf_demos/install/rmf_demos_fleet_adapter/share/ament_index
[3.193s] creating /home/usuario/rmf_demos/install/rmf_demos_fleet_adapter/share/ament_index/resource_index
[3.193s] creating /home/usuario/rmf_demos/install/rmf_demos_fleet_adapter/share/ament_index/resource_index/packages
[3.193s] copying resource/rmf_demos_fleet_adapter -> /home/usuario/rmf_demos/install/rmf_demos_fleet_adapter/share/ament_index/resource_index/packages
[3.193s] copying package.xml -> /home/usuario/rmf_demos/install/rmf_demos_fleet_adapter/share/rmf_demos_fleet_adapter
[3.193s] copying config.yaml -> /home/usuario/rmf_demos/install/rmf_demos_fleet_adapter/share/rmf_demos_fleet_adapter
[3.194s] creating /home/usuario/rmf_demos/install/rmf_demos_fleet_adapter/share/rmf_demos_fleet_adapter/launch
[3.194s] copying launch/fleet_adapter.launch.xml -> /home/usuario/rmf_demos/install/rmf_demos_fleet_adapter/share/rmf_demos_fleet_adapter/launch
[3.194s] running install_egg_info
[3.215s] Copying ../build/rmf_demos_fleet_adapter/rmf_demos_fleet_adapter.egg-info to /home/usuario/rmf_demos/install/rmf_demos_fleet_adapter/lib/python3.12/site-packages/rmf_demos_fleet_adapter-2.5.0-py3.12.egg-info
[3.221s] running install_scripts
[3.560s] Installing fleet_adapter script to /home/usuario/rmf_demos/install/rmf_demos_fleet_adapter/lib/rmf_demos_fleet_adapter
[3.560s] Installing fleet_manager script to /home/usuario/rmf_demos/install/rmf_demos_fleet_adapter/lib/rmf_demos_fleet_adapter
[3.561s] Installing manage_lane script to /home/usuario/rmf_demos/install/rmf_demos_fleet_adapter/lib/rmf_demos_fleet_adapter
[3.563s] writing list of installed files to '/home/usuario/rmf_demos/build/rmf_demos_fleet_adapter/install.log'
[3.742s] Invoked command in '/home/usuario/rmf_demos/rmf_demos_fleet_adapter' returned '0': PYTHONPATH=/home/usuario/rmf_demos/build/rmf_demos_fleet_adapter/prefix_override:/usr/lib/python3/dist-packages/colcon_core/task/python/colcon_distutils_commands:/home/usuario/rmf_demos/install/rmf_demos_fleet_adapter/lib/python3.12/site-packages:${PYTHONPATH} /usr/bin/python3 -W ignore:setup.py install is deprecated -W ignore:easy_install command is deprecated setup.py egg_info --egg-base ../build/rmf_demos_fleet_adapter build --build-base /home/usuario/rmf_demos/build/rmf_demos_fleet_adapter/build install --record /home/usuario/rmf_demos/build/rmf_demos_fleet_adapter/install.log --single-version-externally-managed install_data
