[1.999s] Invoking command in '/home/usuario/IR2134/rmf_demos/rmf_demos_tasks': PYTHONPATH=/home/usuario/IR2134/rmf_demos/build/rmf_demos_tasks/prefix_override:/usr/lib/python3/dist-packages/colcon_core/task/python/colcon_distutils_commands:/home/usuario/IR2134/rmf_demos/install/rmf_demos_tasks/lib/python3.12/site-packages:${PYTHONPATH} /usr/bin/python3 -W ignore:setup.py install is deprecated -W ignore:easy_install command is deprecated setup.py egg_info --egg-base ../build/rmf_demos_tasks build --build-base /home/usuario/IR2134/rmf_demos/build/rmf_demos_tasks/build install --record /home/usuario/IR2134/rmf_demos/build/rmf_demos_tasks/install.log --single-version-externally-managed install_data
[2.477s] running egg_info
[2.478s] creating ../build/rmf_demos_tasks/rmf_demos_tasks.egg-info
[2.514s] writing ../build/rmf_demos_tasks/rmf_demos_tasks.egg-info/PKG-INFO
[2.516s] writing dependency_links to ../build/rmf_demos_tasks/rmf_demos_tasks.egg-info/dependency_links.txt
[2.527s] writing entry points to ../build/rmf_demos_tasks/rmf_demos_tasks.egg-info/entry_points.txt
[2.527s] writing requirements to ../build/rmf_demos_tasks/rmf_demos_tasks.egg-info/requires.txt
[2.528s] writing top-level names to ../build/rmf_demos_tasks/rmf_demos_tasks.egg-info/top_level.txt
[2.528s] writing manifest file '../build/rmf_demos_tasks/rmf_demos_tasks.egg-info/SOURCES.txt'
[2.589s] reading manifest file '../build/rmf_demos_tasks/rmf_demos_tasks.egg-info/SOURCES.txt'
[2.590s] writing manifest file '../build/rmf_demos_tasks/rmf_demos_tasks.egg-info/SOURCES.txt'
[2.591s] running build
[2.591s] running build_py
[2.591s] creating /home/usuario/IR2134/rmf_demos/build/rmf_demos_tasks/build
[2.591s] creating /home/usuario/IR2134/rmf_demos/build/rmf_demos_tasks/build/lib
[2.598s] creating /home/usuario/IR2134/rmf_demos/build/rmf_demos_tasks/build/lib/rmf_demos_tasks
[2.598s] copying rmf_demos_tasks/dispatch_action.py -> /home/usuario/IR2134/rmf_demos/build/rmf_demos_tasks/build/lib/rmf_demos_tasks
[2.609s] copying rmf_demos_tasks/request_lift.py -> /home/usuario/IR2134/rmf_demos/build/rmf_demos_tasks/build/lib/rmf_demos_tasks
[2.610s] copying rmf_demos_tasks/wait_for_task_complete.py -> /home/usuario/IR2134/rmf_demos/build/rmf_demos_tasks/build/lib/rmf_demos_tasks
[2.610s] copying rmf_demos_tasks/dispatch_patrol.py -> /home/usuario/IR2134/rmf_demos/build/rmf_demos_tasks/build/lib/rmf_demos_tasks
[2.611s] copying rmf_demos_tasks/dispatch_go_to_place.py -> /home/usuario/IR2134/rmf_demos/build/rmf_demos_tasks/build/lib/rmf_demos_tasks
[2.611s] copying rmf_demos_tasks/dispatch_delivery.py -> /home/usuario/IR2134/rmf_demos/build/rmf_demos_tasks/build/lib/rmf_demos_tasks
[2.612s] copying rmf_demos_tasks/cancel_task.py -> /home/usuario/IR2134/rmf_demos/build/rmf_demos_tasks/build/lib/rmf_demos_tasks
[2.612s] copying rmf_demos_tasks/api_request.py -> /home/usuario/IR2134/rmf_demos/build/rmf_demos_tasks/build/lib/rmf_demos_tasks
[2.613s] copying rmf_demos_tasks/dispatch_loop.py -> /home/usuario/IR2134/rmf_demos/build/rmf_demos_tasks/build/lib/rmf_demos_tasks
[2.614s] copying rmf_demos_tasks/mock_docker.py -> /home/usuario/IR2134/rmf_demos/build/rmf_demos_tasks/build/lib/rmf_demos_tasks
[2.614s] copying rmf_demos_tasks/teleop_robot.py -> /home/usuario/IR2134/rmf_demos/build/rmf_demos_tasks/build/lib/rmf_demos_tasks
[2.615s] copying rmf_demos_tasks/dispatch_cart_delivery.py -> /home/usuario/IR2134/rmf_demos/build/rmf_demos_tasks/build/lib/rmf_demos_tasks
[2.615s] copying rmf_demos_tasks/dispatch_json.py -> /home/usuario/IR2134/rmf_demos/build/rmf_demos_tasks/build/lib/rmf_demos_tasks
[2.616s] copying rmf_demos_tasks/__init__.py -> /home/usuario/IR2134/rmf_demos/build/rmf_demos_tasks/build/lib/rmf_demos_tasks
[2.616s] copying rmf_demos_tasks/dispatch_teleop.py -> /home/usuario/IR2134/rmf_demos/build/rmf_demos_tasks/build/lib/rmf_demos_tasks
[2.617s] copying rmf_demos_tasks/request_loop.py -> /home/usuario/IR2134/rmf_demos/build/rmf_demos_tasks/build/lib/rmf_demos_tasks
[2.617s] copying rmf_demos_tasks/dispatch_clean.py -> /home/usuario/IR2134/rmf_demos/build/rmf_demos_tasks/build/lib/rmf_demos_tasks
[2.618s] copying rmf_demos_tasks/get_robot_location.py -> /home/usuario/IR2134/rmf_demos/build/rmf_demos_tasks/build/lib/rmf_demos_tasks
[2.619s] running install
[2.624s] running install_lib
[2.644s] creating /home/usuario/IR2134/rmf_demos/install/rmf_demos_tasks/lib/python3.12/site-packages/rmf_demos_tasks
[2.645s] copying /home/usuario/IR2134/rmf_demos/build/rmf_demos_tasks/build/lib/rmf_demos_tasks/dispatch_action.py -> /home/usuario/IR2134/rmf_demos/install/rmf_demos_tasks/lib/python3.12/site-packages/rmf_demos_tasks
[2.651s] copying /home/usuario/IR2134/rmf_demos/build/rmf_demos_tasks/build/lib/rmf_demos_tasks/request_lift.py -> /home/usuario/IR2134/rmf_demos/install/rmf_demos_tasks/lib/python3.12/site-packages/rmf_demos_tasks
[2.652s] copying /home/usuario/IR2134/rmf_demos/build/rmf_demos_tasks/build/lib/rmf_demos_tasks/wait_for_task_complete.py -> /home/usuario/IR2134/rmf_demos/install/rmf_demos_tasks/lib/python3.12/site-packages/rmf_demos_tasks
[2.652s] copying /home/usuario/IR2134/rmf_demos/build/rmf_demos_tasks/build/lib/rmf_demos_tasks/dispatch_patrol.py -> /home/usuario/IR2134/rmf_demos/install/rmf_demos_tasks/lib/python3.12/site-packages/rmf_demos_tasks
[2.653s] copying /home/usuario/IR2134/rmf_demos/build/rmf_demos_tasks/build/lib/rmf_demos_tasks/dispatch_go_to_place.py -> /home/usuario/IR2134/rmf_demos/install/rmf_demos_tasks/lib/python3.12/site-packages/rmf_demos_tasks
[2.654s] copying /home/usuario/IR2134/rmf_demos/build/rmf_demos_tasks/build/lib/rmf_demos_tasks/dispatch_delivery.py -> /home/usuario/IR2134/rmf_demos/install/rmf_demos_tasks/lib/python3.12/site-packages/rmf_demos_tasks
[2.655s] copying /home/usuario/IR2134/rmf_demos/build/rmf_demos_tasks/build/lib/rmf_demos_tasks/cancel_task.py -> /home/usuario/IR2134/rmf_demos/install/rmf_demos_tasks/lib/python3.12/site-packages/rmf_demos_tasks
[2.656s] copying /home/usuario/IR2134/rmf_demos/build/rmf_demos_tasks/build/lib/rmf_demos_tasks/api_request.py -> /home/usuario/IR2134/rmf_demos/install/rmf_demos_tasks/lib/python3.12/site-packages/rmf_demos_tasks
[2.656s] copying /home/usuario/IR2134/rmf_demos/build/rmf_demos_tasks/build/lib/rmf_demos_tasks/dispatch_loop.py -> /home/usuario/IR2134/rmf_demos/install/rmf_demos_tasks/lib/python3.12/site-packages/rmf_demos_tasks
[2.657s] copying /home/usuario/IR2134/rmf_demos/build/rmf_demos_tasks/build/lib/rmf_demos_tasks/mock_docker.py -> /home/usuario/IR2134/rmf_demos/install/rmf_demos_tasks/lib/python3.12/site-packages/rmf_demos_tasks
[2.657s] copying /home/usuario/IR2134/rmf_demos/build/rmf_demos_tasks/build/lib/rmf_demos_tasks/teleop_robot.py -> /home/usuario/IR2134/rmf_demos/install/rmf_demos_tasks/lib/python3.12/site-packages/rmf_demos_tasks
[2.658s] copying /home/usuario/IR2134/rmf_demos/build/rmf_demos_tasks/build/lib/rmf_demos_tasks/dispatch_cart_delivery.py -> /home/usuario/IR2134/rmf_demos/install/rmf_demos_tasks/lib/python3.12/site-packages/rmf_demos_tasks
[2.658s] copying /home/usuario/IR2134/rmf_demos/build/rmf_demos_tasks/build/lib/rmf_demos_tasks/dispatch_json.py -> /home/usuario/IR2134/rmf_demos/install/rmf_demos_tasks/lib/python3.12/site-packages/rmf_demos_tasks
[2.668s] copying /home/usuario/IR2134/rmf_demos/build/rmf_demos_tasks/build/lib/rmf_demos_tasks/__init__.py -> /home/usuario/IR2134/rmf_demos/install/rmf_demos_tasks/lib/python3.12/site-packages/rmf_demos_tasks
[2.669s] copying /home/usuario/IR2134/rmf_demos/build/rmf_demos_tasks/build/lib/rmf_demos_tasks/dispatch_teleop.py -> /home/usuario/IR2134/rmf_demos/install/rmf_demos_tasks/lib/python3.12/site-packages/rmf_demos_tasks
[2.669s] copying /home/usuario/IR2134/rmf_demos/build/rmf_demos_tasks/build/lib/rmf_demos_tasks/request_loop.py -> /home/usuario/IR2134/rmf_demos/install/rmf_demos_tasks/lib/python3.12/site-packages/rmf_demos_tasks
[2.670s] copying /home/usuario/IR2134/rmf_demos/build/rmf_demos_tasks/build/lib/rmf_demos_tasks/dispatch_clean.py -> /home/usuario/IR2134/rmf_demos/install/rmf_demos_tasks/lib/python3.12/site-packages/rmf_demos_tasks
[2.670s] copying /home/usuario/IR2134/rmf_demos/build/rmf_demos_tasks/build/lib/rmf_demos_tasks/get_robot_location.py -> /home/usuario/IR2134/rmf_demos/install/rmf_demos_tasks/lib/python3.12/site-packages/rmf_demos_tasks
[2.671s] byte-compiling /home/usuario/IR2134/rmf_demos/install/rmf_demos_tasks/lib/python3.12/site-packages/rmf_demos_tasks/dispatch_action.py to dispatch_action.cpython-312.pyc
[2.673s] byte-compiling /home/usuario/IR2134/rmf_demos/install/rmf_demos_tasks/lib/python3.12/site-packages/rmf_demos_tasks/request_lift.py to request_lift.cpython-312.pyc
[2.674s] byte-compiling /home/usuario/IR2134/rmf_demos/install/rmf_demos_tasks/lib/python3.12/site-packages/rmf_demos_tasks/wait_for_task_complete.py to wait_for_task_complete.cpython-312.pyc
[2.674s] byte-compiling /home/usuario/IR2134/rmf_demos/install/rmf_demos_tasks/lib/python3.12/site-packages/rmf_demos_tasks/dispatch_patrol.py to dispatch_patrol.cpython-312.pyc
[2.675s] byte-compiling /home/usuario/IR2134/rmf_demos/install/rmf_demos_tasks/lib/python3.12/site-packages/rmf_demos_tasks/dispatch_go_to_place.py to dispatch_go_to_place.cpython-312.pyc
[2.677s] byte-compiling /home/usuario/IR2134/rmf_demos/install/rmf_demos_tasks/lib/python3.12/site-packages/rmf_demos_tasks/dispatch_delivery.py to dispatch_delivery.cpython-312.pyc
[2.678s] byte-compiling /home/usuario/IR2134/rmf_demos/install/rmf_demos_tasks/lib/python3.12/site-packages/rmf_demos_tasks/cancel_task.py to cancel_task.cpython-312.pyc
[2.679s] byte-compiling /home/usuario/IR2134/rmf_demos/install/rmf_demos_tasks/lib/python3.12/site-packages/rmf_demos_tasks/api_request.py to api_request.cpython-312.pyc
[2.680s] byte-compiling /home/usuario/IR2134/rmf_demos/install/rmf_demos_tasks/lib/python3.12/site-packages/rmf_demos_tasks/dispatch_loop.py to dispatch_loop.cpython-312.pyc
[2.683s] byte-compiling /home/usuario/IR2134/rmf_demos/install/rmf_demos_tasks/lib/python3.12/site-packages/rmf_demos_tasks/mock_docker.py to mock_docker.cpython-312.pyc
[2.684s] byte-compiling /home/usuario/IR2134/rmf_demos/install/rmf_demos_tasks/lib/python3.12/site-packages/rmf_demos_tasks/teleop_robot.py to teleop_robot.cpython-312.pyc
[2.685s] byte-compiling /home/usuario/IR2134/rmf_demos/install/rmf_demos_tasks/lib/python3.12/site-packages/rmf_demos_tasks/dispatch_cart_delivery.py to dispatch_cart_delivery.cpython-312.pyc
[2.687s] byte-compiling /home/usuario/IR2134/rmf_demos/install/rmf_demos_tasks/lib/python3.12/site-packages/rmf_demos_tasks/dispatch_json.py to dispatch_json.cpython-312.pyc
[2.687s] byte-compiling /home/usuario/IR2134/rmf_demos/install/rmf_demos_tasks/lib/python3.12/site-packages/rmf_demos_tasks/__init__.py to __init__.cpython-312.pyc
[2.688s] byte-compiling /home/usuario/IR2134/rmf_demos/install/rmf_demos_tasks/lib/python3.12/site-packages/rmf_demos_tasks/dispatch_teleop.py to dispatch_teleop.cpython-312.pyc
[2.688s] byte-compiling /home/usuario/IR2134/rmf_demos/install/rmf_demos_tasks/lib/python3.12/site-packages/rmf_demos_tasks/request_loop.py to request_loop.cpython-312.pyc
[2.689s] byte-compiling /home/usuario/IR2134/rmf_demos/install/rmf_demos_tasks/lib/python3.12/site-packages/rmf_demos_tasks/dispatch_clean.py to dispatch_clean.cpython-312.pyc
[2.690s] byte-compiling /home/usuario/IR2134/rmf_demos/install/rmf_demos_tasks/lib/python3.12/site-packages/rmf_demos_tasks/get_robot_location.py to get_robot_location.cpython-312.pyc
[2.691s] running install_data
[2.691s] creating /home/usuario/IR2134/rmf_demos/install/rmf_demos_tasks/share/ament_index
[2.691s] creating /home/usuario/IR2134/rmf_demos/install/rmf_demos_tasks/share/ament_index/resource_index
[2.691s] creating /home/usuario/IR2134/rmf_demos/install/rmf_demos_tasks/share/ament_index/resource_index/packages
[2.692s] copying resource/rmf_demos_tasks -> /home/usuario/IR2134/rmf_demos/install/rmf_demos_tasks/share/ament_index/resource_index/packages
[2.693s] copying package.xml -> /home/usuario/IR2134/rmf_demos/install/rmf_demos_tasks/share/rmf_demos_tasks
[2.694s] running install_egg_info
[2.716s] Copying ../build/rmf_demos_tasks/rmf_demos_tasks.egg-info to /home/usuario/IR2134/rmf_demos/install/rmf_demos_tasks/lib/python3.12/site-packages/rmf_demos_tasks-2.5.0-py3.12.egg-info
[2.735s] running install_scripts
[2.880s] Installing api_request script to /home/usuario/IR2134/rmf_demos/install/rmf_demos_tasks/lib/rmf_demos_tasks
[2.880s] Installing cancel_task script to /home/usuario/IR2134/rmf_demos/install/rmf_demos_tasks/lib/rmf_demos_tasks
[2.881s] Installing dispatch_action script to /home/usuario/IR2134/rmf_demos/install/rmf_demos_tasks/lib/rmf_demos_tasks
[2.881s] Installing dispatch_cart_delivery script to /home/usuario/IR2134/rmf_demos/install/rmf_demos_tasks/lib/rmf_demos_tasks
[2.881s] Installing dispatch_clean script to /home/usuario/IR2134/rmf_demos/install/rmf_demos_tasks/lib/rmf_demos_tasks
[2.881s] Installing dispatch_delivery script to /home/usuario/IR2134/rmf_demos/install/rmf_demos_tasks/lib/rmf_demos_tasks
[2.881s] Installing dispatch_go_to_place script to /home/usuario/IR2134/rmf_demos/install/rmf_demos_tasks/lib/rmf_demos_tasks
[2.882s] Installing dispatch_json script to /home/usuario/IR2134/rmf_demos/install/rmf_demos_tasks/lib/rmf_demos_tasks
[2.882s] Installing dispatch_loop script to /home/usuario/IR2134/rmf_demos/install/rmf_demos_tasks/lib/rmf_demos_tasks
[2.882s] Installing dispatch_patrol script to /home/usuario/IR2134/rmf_demos/install/rmf_demos_tasks/lib/rmf_demos_tasks
[2.882s] Installing dispatch_teleop script to /home/usuario/IR2134/rmf_demos/install/rmf_demos_tasks/lib/rmf_demos_tasks
[2.883s] Installing get_robot_location script to /home/usuario/IR2134/rmf_demos/install/rmf_demos_tasks/lib/rmf_demos_tasks
[2.883s] Installing mock_docker script to /home/usuario/IR2134/rmf_demos/install/rmf_demos_tasks/lib/rmf_demos_tasks
[2.883s] Installing request_lift script to /home/usuario/IR2134/rmf_demos/install/rmf_demos_tasks/lib/rmf_demos_tasks
[2.883s] Installing request_loop script to /home/usuario/IR2134/rmf_demos/install/rmf_demos_tasks/lib/rmf_demos_tasks
[2.884s] Installing teleop_robot script to /home/usuario/IR2134/rmf_demos/install/rmf_demos_tasks/lib/rmf_demos_tasks
[2.884s] Installing wait_for_task_complete script to /home/usuario/IR2134/rmf_demos/install/rmf_demos_tasks/lib/rmf_demos_tasks
[2.884s] writing list of installed files to '/home/usuario/IR2134/rmf_demos/build/rmf_demos_tasks/install.log'
[2.915s] Invoked command in '/home/usuario/IR2134/rmf_demos/rmf_demos_tasks' returned '0': PYTHONPATH=/home/usuario/IR2134/rmf_demos/build/rmf_demos_tasks/prefix_override:/usr/lib/python3/dist-packages/colcon_core/task/python/colcon_distutils_commands:/home/usuario/IR2134/rmf_demos/install/rmf_demos_tasks/lib/python3.12/site-packages:${PYTHONPATH} /usr/bin/python3 -W ignore:setup.py install is deprecated -W ignore:easy_install command is deprecated setup.py egg_info --egg-base ../build/rmf_demos_tasks build --build-base /home/usuario/IR2134/rmf_demos/build/rmf_demos_tasks/build install --record /home/usuario/IR2134/rmf_demos/build/rmf_demos_tasks/install.log --single-version-externally-managed install_data
