[2.070s] Invoking command in '/home/ususario/IR2134/rmf_demos/rmf_demos_bridges': PYTHONPATH=/home/ususario/IR2134/rmf_demos/build/rmf_demos_bridges/prefix_override:/usr/lib/python3/dist-packages/colcon_core/task/python/colcon_distutils_commands:/home/ususario/IR2134/rmf_demos/install/rmf_demos_bridges/lib/python3.12/site-packages:${PYTHONPATH} /usr/bin/python3 -W ignore:setup.py install is deprecated -W ignore:easy_install command is deprecated setup.py egg_info --egg-base ../build/rmf_demos_bridges build --build-base /home/ususario/IR2134/rmf_demos/build/rmf_demos_bridges/build install --record /home/ususario/IR2134/rmf_demos/build/rmf_demos_bridges/install.log --single-version-externally-managed install_data
[2.319s] running egg_info
[2.335s] writing ../build/rmf_demos_bridges/rmf_demos_bridges.egg-info/PKG-INFO
[2.335s] writing dependency_links to ../build/rmf_demos_bridges/rmf_demos_bridges.egg-info/dependency_links.txt
[2.335s] writing entry points to ../build/rmf_demos_bridges/rmf_demos_bridges.egg-info/entry_points.txt
[2.335s] writing requirements to ../build/rmf_demos_bridges/rmf_demos_bridges.egg-info/requires.txt
[2.335s] writing top-level names to ../build/rmf_demos_bridges/rmf_demos_bridges.egg-info/top_level.txt
[2.367s] reading manifest file '../build/rmf_demos_bridges/rmf_demos_bridges.egg-info/SOURCES.txt'
[2.368s] writing manifest file '../build/rmf_demos_bridges/rmf_demos_bridges.egg-info/SOURCES.txt'
[2.368s] running build
[2.369s] running build_py
[2.369s] running install
[2.374s] running install_lib
[2.391s] running install_data
[2.391s] running install_egg_info
[2.408s] removing '/home/ususario/IR2134/rmf_demos/install/rmf_demos_bridges/lib/python3.12/site-packages/rmf_demos_bridges-2.5.0-py3.12.egg-info' (and everything under it)
[2.409s] Copying ../build/rmf_demos_bridges/rmf_demos_bridges.egg-info to /home/ususario/IR2134/rmf_demos/install/rmf_demos_bridges/lib/python3.12/site-packages/rmf_demos_bridges-2.5.0-py3.12.egg-info
[2.410s] running install_scripts
[2.533s] Installing fleet_robotmanager_mqtt_bridge script to /home/ususario/IR2134/rmf_demos/install/rmf_demos_bridges/lib/rmf_demos_bridges
[2.533s] Installing fleet_socketio_bridge script to /home/ususario/IR2134/rmf_demos/install/rmf_demos_bridges/lib/rmf_demos_bridges
[2.534s] writing list of installed files to '/home/ususario/IR2134/rmf_demos/build/rmf_demos_bridges/install.log'
[2.598s] Invoked command in '/home/ususario/IR2134/rmf_demos/rmf_demos_bridges' returned '0': PYTHONPATH=/home/ususario/IR2134/rmf_demos/build/rmf_demos_bridges/prefix_override:/usr/lib/python3/dist-packages/colcon_core/task/python/colcon_distutils_commands:/home/ususario/IR2134/rmf_demos/install/rmf_demos_bridges/lib/python3.12/site-packages:${PYTHONPATH} /usr/bin/python3 -W ignore:setup.py install is deprecated -W ignore:easy_install command is deprecated setup.py egg_info --egg-base ../build/rmf_demos_bridges build --build-base /home/ususario/IR2134/rmf_demos/build/rmf_demos_bridges/build install --record /home/ususario/IR2134/rmf_demos/build/rmf_demos_bridges/install.log --single-version-externally-managed install_data
