[0.878s] Invoking command in '/home/usuario/rmf_demos/rmf_visualization/rmf_visualization_building_systems': PYTHONPATH=/home/usuario/rmf_demos/build/rmf_visualization_building_systems/prefix_override:/usr/lib/python3/dist-packages/colcon_core/task/python/colcon_distutils_commands:/home/usuario/rmf_demos/install/rmf_visualization_building_systems/lib/python3.12/site-packages:${PYTHONPATH} /usr/bin/python3 -W ignore:setup.py install is deprecated -W ignore:easy_install command is deprecated setup.py egg_info --egg-base ../../build/rmf_visualization_building_systems build --build-base /home/usuario/rmf_demos/build/rmf_visualization_building_systems/build install --record /home/usuario/rmf_demos/build/rmf_visualization_building_systems/install.log --single-version-externally-managed install_data
[1.239s] running egg_info
[1.257s] writing ../../build/rmf_visualization_building_systems/rmf_visualization_building_systems.egg-info/PKG-INFO
[1.258s] writing dependency_links to ../../build/rmf_visualization_building_systems/rmf_visualization_building_systems.egg-info/dependency_links.txt
[1.258s] writing entry points to ../../build/rmf_visualization_building_systems/rmf_visualization_building_systems.egg-info/entry_points.txt
[1.259s] writing requirements to ../../build/rmf_visualization_building_systems/rmf_visualization_building_systems.egg-info/requires.txt
[1.259s] writing top-level names to ../../build/rmf_visualization_building_systems/rmf_visualization_building_systems.egg-info/top_level.txt
[1.322s] reading manifest file '../../build/rmf_visualization_building_systems/rmf_visualization_building_systems.egg-info/SOURCES.txt'
[1.322s] writing manifest file '../../build/rmf_visualization_building_systems/rmf_visualization_building_systems.egg-info/SOURCES.txt'
[1.323s] running build
[1.323s] running build_py
[1.324s] running install
[1.334s] running install_lib
[1.375s] running install_data
[1.376s] running install_egg_info
[1.414s] removing '/home/usuario/rmf_demos/install/rmf_visualization_building_systems/lib/python3.12/site-packages/rmf_visualization_building_systems-2.4.1-py3.12.egg-info' (and everything under it)
[1.418s] Copying ../../build/rmf_visualization_building_systems/rmf_visualization_building_systems.egg-info to /home/usuario/rmf_demos/install/rmf_visualization_building_systems/lib/python3.12/site-packages/rmf_visualization_building_systems-2.4.1-py3.12.egg-info
[1.430s] running install_scripts
[1.650s] Installing rmf_visualization_building_systems script to /home/usuario/rmf_demos/install/rmf_visualization_building_systems/lib/rmf_visualization_building_systems
[1.653s] writing list of installed files to '/home/usuario/rmf_demos/build/rmf_visualization_building_systems/install.log'
[1.734s] Invoked command in '/home/usuario/rmf_demos/rmf_visualization/rmf_visualization_building_systems' returned '0': PYTHONPATH=/home/usuario/rmf_demos/build/rmf_visualization_building_systems/prefix_override:/usr/lib/python3/dist-packages/colcon_core/task/python/colcon_distutils_commands:/home/usuario/rmf_demos/install/rmf_visualization_building_systems/lib/python3.12/site-packages:${PYTHONPATH} /usr/bin/python3 -W ignore:setup.py install is deprecated -W ignore:easy_install command is deprecated setup.py egg_info --egg-base ../../build/rmf_visualization_building_systems build --build-base /home/usuario/rmf_demos/build/rmf_visualization_building_systems/build install --record /home/usuario/rmf_demos/build/rmf_visualization_building_systems/install.log --single-version-externally-managed install_data
