[1.168s] Invoking command in '/home/usuario/rmf_demos/rmf_visualization/rmf_visualization_building_systems': PYTHONPATH=/home/usuario/rmf_demos/build/rmf_visualization_building_systems/prefix_override:/usr/lib/python3/dist-packages/colcon_core/task/python/colcon_distutils_commands:/home/usuario/rmf_demos/install/rmf_visualization_building_systems/lib/python3.12/site-packages:${PYTHONPATH} /usr/bin/python3 -W ignore:setup.py install is deprecated -W ignore:easy_install command is deprecated setup.py egg_info --egg-base ../../build/rmf_visualization_building_systems build --build-base /home/usuario/rmf_demos/build/rmf_visualization_building_systems/build install --record /home/usuario/rmf_demos/build/rmf_visualization_building_systems/install.log --single-version-externally-managed install_data
[1.567s] running egg_info
[1.567s] creating ../../build/rmf_visualization_building_systems/rmf_visualization_building_systems.egg-info
[1.594s] writing ../../build/rmf_visualization_building_systems/rmf_visualization_building_systems.egg-info/PKG-INFO
[1.595s] writing dependency_links to ../../build/rmf_visualization_building_systems/rmf_visualization_building_systems.egg-info/dependency_links.txt
[1.595s] writing entry points to ../../build/rmf_visualization_building_systems/rmf_visualization_building_systems.egg-info/entry_points.txt
[1.595s] writing requirements to ../../build/rmf_visualization_building_systems/rmf_visualization_building_systems.egg-info/requires.txt
[1.596s] writing top-level names to ../../build/rmf_visualization_building_systems/rmf_visualization_building_systems.egg-info/top_level.txt
[1.596s] writing manifest file '../../build/rmf_visualization_building_systems/rmf_visualization_building_systems.egg-info/SOURCES.txt'
[1.648s] reading manifest file '../../build/rmf_visualization_building_systems/rmf_visualization_building_systems.egg-info/SOURCES.txt'
[1.649s] writing manifest file '../../build/rmf_visualization_building_systems/rmf_visualization_building_systems.egg-info/SOURCES.txt'
[1.650s] running build
[1.650s] running build_py
[1.650s] creating /home/usuario/rmf_demos/build/rmf_visualization_building_systems/build
[1.650s] creating /home/usuario/rmf_demos/build/rmf_visualization_building_systems/build/lib
[1.651s] creating /home/usuario/rmf_demos/build/rmf_visualization_building_systems/build/lib/rmf_visualization_building_systems
[1.651s] copying rmf_visualization_building_systems/rmf_visualization_building_systems.py -> /home/usuario/rmf_demos/build/rmf_visualization_building_systems/build/lib/rmf_visualization_building_systems
[1.653s] copying rmf_visualization_building_systems/__init__.py -> /home/usuario/rmf_demos/build/rmf_visualization_building_systems/build/lib/rmf_visualization_building_systems
[1.654s] running install
[1.663s] running install_lib
[1.688s] creating /home/usuario/rmf_demos/install/rmf_visualization_building_systems/lib/python3.12/site-packages/rmf_visualization_building_systems
[1.688s] copying /home/usuario/rmf_demos/build/rmf_visualization_building_systems/build/lib/rmf_visualization_building_systems/rmf_visualization_building_systems.py -> /home/usuario/rmf_demos/install/rmf_visualization_building_systems/lib/python3.12/site-packages/rmf_visualization_building_systems
[1.690s] copying /home/usuario/rmf_demos/build/rmf_visualization_building_systems/build/lib/rmf_visualization_building_systems/__init__.py -> /home/usuario/rmf_demos/install/rmf_visualization_building_systems/lib/python3.12/site-packages/rmf_visualization_building_systems
[1.692s] byte-compiling /home/usuario/rmf_demos/install/rmf_visualization_building_systems/lib/python3.12/site-packages/rmf_visualization_building_systems/rmf_visualization_building_systems.py to rmf_visualization_building_systems.cpython-312.pyc
[1.694s] byte-compiling /home/usuario/rmf_demos/install/rmf_visualization_building_systems/lib/python3.12/site-packages/rmf_visualization_building_systems/__init__.py to __init__.cpython-312.pyc
[1.694s] running install_data
[1.694s] creating /home/usuario/rmf_demos/install/rmf_visualization_building_systems/share/ament_index
[1.695s] creating /home/usuario/rmf_demos/install/rmf_visualization_building_systems/share/ament_index/resource_index
[1.695s] creating /home/usuario/rmf_demos/install/rmf_visualization_building_systems/share/ament_index/resource_index/packages
[1.695s] copying resource/rmf_visualization_building_systems -> /home/usuario/rmf_demos/install/rmf_visualization_building_systems/share/ament_index/resource_index/packages
[1.695s] copying package.xml -> /home/usuario/rmf_demos/install/rmf_visualization_building_systems/share/rmf_visualization_building_systems
[1.695s] running install_egg_info
[1.721s] Copying ../../build/rmf_visualization_building_systems/rmf_visualization_building_systems.egg-info to /home/usuario/rmf_demos/install/rmf_visualization_building_systems/lib/python3.12/site-packages/rmf_visualization_building_systems-2.4.1-py3.12.egg-info
[1.727s] running install_scripts
[1.918s] Installing rmf_visualization_building_systems script to /home/usuario/rmf_demos/install/rmf_visualization_building_systems/lib/rmf_visualization_building_systems
[1.918s] writing list of installed files to '/home/usuario/rmf_demos/build/rmf_visualization_building_systems/install.log'
[1.967s] Invoked command in '/home/usuario/rmf_demos/rmf_visualization/rmf_visualization_building_systems' returned '0': PYTHONPATH=/home/usuario/rmf_demos/build/rmf_visualization_building_systems/prefix_override:/usr/lib/python3/dist-packages/colcon_core/task/python/colcon_distutils_commands:/home/usuario/rmf_demos/install/rmf_visualization_building_systems/lib/python3.12/site-packages:${PYTHONPATH} /usr/bin/python3 -W ignore:setup.py install is deprecated -W ignore:easy_install command is deprecated setup.py egg_info --egg-base ../../build/rmf_visualization_building_systems build --build-base /home/usuario/rmf_demos/build/rmf_visualization_building_systems/build install --record /home/usuario/rmf_demos/build/rmf_visualization_building_systems/install.log --single-version-externally-managed install_data
