[2.229s] Invoking command in '/home/usuario/rmf_demos/rmf_demos_bridges': PYTHONPATH=/home/usuario/rmf_demos/build/rmf_demos_bridges/prefix_override:/usr/lib/python3/dist-packages/colcon_core/task/python/colcon_distutils_commands:/home/usuario/rmf_demos/install/rmf_demos_bridges/lib/python3.12/site-packages:${PYTHONPATH} /usr/bin/python3 -W ignore:setup.py install is deprecated -W ignore:easy_install command is deprecated setup.py egg_info --egg-base ../build/rmf_demos_bridges build --build-base /home/usuario/rmf_demos/build/rmf_demos_bridges/build install --record /home/usuario/rmf_demos/build/rmf_demos_bridges/install.log --single-version-externally-managed install_data
[3.011s] running egg_info
[3.053s] writing ../build/rmf_demos_bridges/rmf_demos_bridges.egg-info/PKG-INFO
[3.054s] writing dependency_links to ../build/rmf_demos_bridges/rmf_demos_bridges.egg-info/dependency_links.txt
[3.056s] writing entry points to ../build/rmf_demos_bridges/rmf_demos_bridges.egg-info/entry_points.txt
[3.058s] writing requirements to ../build/rmf_demos_bridges/rmf_demos_bridges.egg-info/requires.txt
[3.063s] writing top-level names to ../build/rmf_demos_bridges/rmf_demos_bridges.egg-info/top_level.txt
[3.182s] reading manifest file '../build/rmf_demos_bridges/rmf_demos_bridges.egg-info/SOURCES.txt'
[3.198s] writing manifest file '../build/rmf_demos_bridges/rmf_demos_bridges.egg-info/SOURCES.txt'
[3.201s] running build
[3.201s] running build_py
[3.202s] running install
[3.209s] running install_lib
[3.268s] running install_data
[3.269s] running install_egg_info
[3.304s] removing '/home/usuario/rmf_demos/install/rmf_demos_bridges/lib/python3.12/site-packages/rmf_demos_bridges-2.5.0-py3.12.egg-info' (and everything under it)
[3.307s] Copying ../build/rmf_demos_bridges/rmf_demos_bridges.egg-info to /home/usuario/rmf_demos/install/rmf_demos_bridges/lib/python3.12/site-packages/rmf_demos_bridges-2.5.0-py3.12.egg-info
[3.344s] running install_scripts
[3.655s] Installing fleet_robotmanager_mqtt_bridge script to /home/usuario/rmf_demos/install/rmf_demos_bridges/lib/rmf_demos_bridges
[3.657s] Installing fleet_socketio_bridge script to /home/usuario/rmf_demos/install/rmf_demos_bridges/lib/rmf_demos_bridges
[3.659s] writing list of installed files to '/home/usuario/rmf_demos/build/rmf_demos_bridges/install.log'
[3.728s] Invoked command in '/home/usuario/rmf_demos/rmf_demos_bridges' returned '0': PYTHONPATH=/home/usuario/rmf_demos/build/rmf_demos_bridges/prefix_override:/usr/lib/python3/dist-packages/colcon_core/task/python/colcon_distutils_commands:/home/usuario/rmf_demos/install/rmf_demos_bridges/lib/python3.12/site-packages:${PYTHONPATH} /usr/bin/python3 -W ignore:setup.py install is deprecated -W ignore:easy_install command is deprecated setup.py egg_info --egg-base ../build/rmf_demos_bridges build --build-base /home/usuario/rmf_demos/build/rmf_demos_bridges/build install --record /home/usuario/rmf_demos/build/rmf_demos_bridges/install.log --single-version-externally-managed install_data
