[0mBUILDING WORLDFILE WITH COMMAND: ros2 run rmf_building_map_tools building_map_generator gazebo /home/ususario/IR2134/rmf_demos/rmf_demos_maps/maps/TD/TD.building.yaml /home/ususario/IR2134/rmf_demos/build/rmf_demos_maps/maps/TD/TD.world /home/ususario/IR2134/rmf_demos/build/rmf_demos_maps/maps/TD/models[0m
[0mDOWNLOADING MODELS WITH COMMAND: ros2 run rmf_building_map_tools building_map_model_downloader /home/ususario/IR2134/rmf_demos/rmf_demos_maps/maps/TD/TD.building.yaml[0m
[0mBUILDING WORLDFILE WITH COMMAND: ros2 run rmf_building_map_tools building_map_generator gazebo /home/ususario/IR2134/rmf_demos/rmf_demos_maps/maps/airport_terminal/airport_terminal.building.yaml /home/ususario/IR2134/rmf_demos/build/rmf_demos_maps/maps/airport_terminal/airport_terminal.world /home/ususario/IR2134/rmf_demos/build/rmf_demos_maps/maps/airport_terminal/models[0m
[0mDOWNLOADING MODELS WITH COMMAND: ros2 run rmf_building_map_tools building_map_model_downloader /home/ususario/IR2134/rmf_demos/rmf_demos_maps/maps/airport_terminal/airport_terminal.building.yaml[0m
[0mBUILDING WORLDFILE WITH COMMAND: ros2 run rmf_building_map_tools building_map_generator gazebo /home/ususario/IR2134/rmf_demos/rmf_demos_maps/maps/battle_royale/battle_royale.building.yaml /home/ususario/IR2134/rmf_demos/build/rmf_demos_maps/maps/battle_royale/battle_royale.world /home/ususario/IR2134/rmf_demos/build/rmf_demos_maps/maps/battle_royale/models[0m
[0mDOWNLOADING MODELS WITH COMMAND: ros2 run rmf_building_map_tools building_map_model_downloader /home/ususario/IR2134/rmf_demos/rmf_demos_maps/maps/battle_royale/battle_royale.building.yaml[0m
[0mBUILDING WORLDFILE WITH COMMAND: ros2 run rmf_building_map_tools building_map_generator gazebo /home/ususario/IR2134/rmf_demos/rmf_demos_maps/maps/campus/campus.building.yaml /home/ususario/IR2134/rmf_demos/build/rmf_demos_maps/maps/campus/campus.world /home/ususario/IR2134/rmf_demos/build/rmf_demos_maps/maps/campus/models[0m
[0mDOWNLOADING MODELS WITH COMMAND: ros2 run rmf_building_map_tools building_map_model_downloader /home/ususario/IR2134/rmf_demos/rmf_demos_maps/maps/campus/campus.building.yaml[0m
[0mBUILDING WORLDFILE WITH COMMAND: ros2 run rmf_building_map_tools building_map_generator gazebo /home/ususario/IR2134/rmf_demos/rmf_demos_maps/maps/clinic/clinic.building.yaml /home/ususario/IR2134/rmf_demos/build/rmf_demos_maps/maps/clinic/clinic.world /home/ususario/IR2134/rmf_demos/build/rmf_demos_maps/maps/clinic/models[0m
[0mDOWNLOADING MODELS WITH COMMAND: ros2 run rmf_building_map_tools building_map_model_downloader /home/ususario/IR2134/rmf_demos/rmf_demos_maps/maps/clinic/clinic.building.yaml[0m
[0mBUILDING WORLDFILE WITH COMMAND: ros2 run rmf_building_map_tools building_map_generator gazebo /home/ususario/IR2134/rmf_demos/rmf_demos_maps/maps/hotel/hotel.building.yaml /home/ususario/IR2134/rmf_demos/build/rmf_demos_maps/maps/hotel/hotel.world /home/ususario/IR2134/rmf_demos/build/rmf_demos_maps/maps/hotel/models[0m
[0mDOWNLOADING MODELS WITH COMMAND: ros2 run rmf_building_map_tools building_map_model_downloader /home/ususario/IR2134/rmf_demos/rmf_demos_maps/maps/hotel/hotel.building.yaml[0m
[0mBUILDING WORLDFILE WITH COMMAND: ros2 run rmf_building_map_tools building_map_generator gazebo /home/ususario/IR2134/rmf_demos/rmf_demos_maps/maps/icc_kyoto/icc_kyoto.building.yaml /home/ususario/IR2134/rmf_demos/build/rmf_demos_maps/maps/icc_kyoto/icc_kyoto.world /home/ususario/IR2134/rmf_demos/build/rmf_demos_maps/maps/icc_kyoto/models[0m
[0mDOWNLOADING MODELS WITH COMMAND: ros2 run rmf_building_map_tools building_map_model_downloader /home/ususario/IR2134/rmf_demos/rmf_demos_maps/maps/icc_kyoto/icc_kyoto.building.yaml[0m
[0mBUILDING WORLDFILE WITH COMMAND: ros2 run rmf_building_map_tools building_map_generator gazebo /home/ususario/IR2134/rmf_demos/rmf_demos_maps/maps/office/office.building.yaml /home/ususario/IR2134/rmf_demos/build/rmf_demos_maps/maps/office/office.world /home/ususario/IR2134/rmf_demos/build/rmf_demos_maps/maps/office/models[0m
[0mDOWNLOADING MODELS WITH COMMAND: ros2 run rmf_building_map_tools building_map_model_downloader /home/ususario/IR2134/rmf_demos/rmf_demos_maps/maps/office/office.building.yaml[0m
[0mBUILDING WORLDFILE WITH COMMAND: ros2 run rmf_building_map_tools building_map_generator gazebo /home/ususario/IR2134/rmf_demos/rmf_demos_maps/maps/simple/simple.building.yaml /home/ususario/IR2134/rmf_demos/build/rmf_demos_maps/maps/simple/simple.world /home/ususario/IR2134/rmf_demos/build/rmf_demos_maps/maps/simple/models[0m
[0mDOWNLOADING MODELS WITH COMMAND: ros2 run rmf_building_map_tools building_map_model_downloader /home/ususario/IR2134/rmf_demos/rmf_demos_maps/maps/simple/simple.building.yaml[0m
[0mBUILDING WORLDFILE WITH COMMAND: ros2 run rmf_building_map_tools building_map_generator gazebo /home/ususario/IR2134/rmf_demos/rmf_demos_maps/maps/triple_H/triple_H.building.yaml /home/ususario/IR2134/rmf_demos/build/rmf_demos_maps/maps/triple_H/triple_H.world /home/ususario/IR2134/rmf_demos/build/rmf_demos_maps/maps/triple_H/models[0m
[0mDOWNLOADING MODELS WITH COMMAND: ros2 run rmf_building_map_tools building_map_model_downloader /home/ususario/IR2134/rmf_demos/rmf_demos_maps/maps/triple_H/triple_H.building.yaml[0m
