[2.308s] Invoking command in '/home/usuario/rmf_demos/rmf_demos_tasks': PYTHONPATH=/home/usuario/rmf_demos/build/rmf_demos_tasks/prefix_override:/usr/lib/python3/dist-packages/colcon_core/task/python/colcon_distutils_commands:/home/usuario/rmf_demos/install/rmf_demos_tasks/lib/python3.12/site-packages:${PYTHONPATH} /usr/bin/python3 -W ignore:setup.py install is deprecated -W ignore:easy_install command is deprecated setup.py egg_info --egg-base ../build/rmf_demos_tasks build --build-base /home/usuario/rmf_demos/build/rmf_demos_tasks/build install --record /home/usuario/rmf_demos/build/rmf_demos_tasks/install.log --single-version-externally-managed install_data
[2.845s] running egg_info
[2.864s] writing ../build/rmf_demos_tasks/rmf_demos_tasks.egg-info/PKG-INFO
[2.865s] writing dependency_links to ../build/rmf_demos_tasks/rmf_demos_tasks.egg-info/dependency_links.txt
[2.866s] writing entry points to ../build/rmf_demos_tasks/rmf_demos_tasks.egg-info/entry_points.txt
[2.866s] writing requirements to ../build/rmf_demos_tasks/rmf_demos_tasks.egg-info/requires.txt
[2.867s] writing top-level names to ../build/rmf_demos_tasks/rmf_demos_tasks.egg-info/top_level.txt
[2.921s] reading manifest file '../build/rmf_demos_tasks/rmf_demos_tasks.egg-info/SOURCES.txt'
[2.927s] writing manifest file '../build/rmf_demos_tasks/rmf_demos_tasks.egg-info/SOURCES.txt'
[2.968s] running build
[2.969s] running build_py
[2.976s] running install
[3.014s] running install_lib
[3.015s] running install_data
[3.015s] running install_egg_info
[3.022s] removing '/home/usuario/rmf_demos/install/rmf_demos_tasks/lib/python3.12/site-packages/rmf_demos_tasks-2.5.0-py3.12.egg-info' (and everything under it)
[3.022s] Copying ../build/rmf_demos_tasks/rmf_demos_tasks.egg-info to /home/usuario/rmf_demos/install/rmf_demos_tasks/lib/python3.12/site-packages/rmf_demos_tasks-2.5.0-py3.12.egg-info
[3.024s] running install_scripts
[3.192s] Installing api_request script to /home/usuario/rmf_demos/install/rmf_demos_tasks/lib/rmf_demos_tasks
[3.193s] Installing cancel_task script to /home/usuario/rmf_demos/install/rmf_demos_tasks/lib/rmf_demos_tasks
[3.195s] Installing dispatch_action script to /home/usuario/rmf_demos/install/rmf_demos_tasks/lib/rmf_demos_tasks
[3.196s] Installing dispatch_cart_delivery script to /home/usuario/rmf_demos/install/rmf_demos_tasks/lib/rmf_demos_tasks
[3.197s] Installing dispatch_clean script to /home/usuario/rmf_demos/install/rmf_demos_tasks/lib/rmf_demos_tasks
[3.198s] Installing dispatch_delivery script to /home/usuario/rmf_demos/install/rmf_demos_tasks/lib/rmf_demos_tasks
[3.200s] Installing dispatch_go_to_place script to /home/usuario/rmf_demos/install/rmf_demos_tasks/lib/rmf_demos_tasks
[3.201s] Installing dispatch_json script to /home/usuario/rmf_demos/install/rmf_demos_tasks/lib/rmf_demos_tasks
[3.202s] Installing dispatch_loop script to /home/usuario/rmf_demos/install/rmf_demos_tasks/lib/rmf_demos_tasks
[3.203s] Installing dispatch_patrol script to /home/usuario/rmf_demos/install/rmf_demos_tasks/lib/rmf_demos_tasks
[3.204s] Installing dispatch_teleop script to /home/usuario/rmf_demos/install/rmf_demos_tasks/lib/rmf_demos_tasks
[3.206s] Installing get_robot_location script to /home/usuario/rmf_demos/install/rmf_demos_tasks/lib/rmf_demos_tasks
[3.207s] Installing mock_docker script to /home/usuario/rmf_demos/install/rmf_demos_tasks/lib/rmf_demos_tasks
[3.208s] Installing request_lift script to /home/usuario/rmf_demos/install/rmf_demos_tasks/lib/rmf_demos_tasks
[3.209s] Installing request_loop script to /home/usuario/rmf_demos/install/rmf_demos_tasks/lib/rmf_demos_tasks
[3.211s] Installing teleop_robot script to /home/usuario/rmf_demos/install/rmf_demos_tasks/lib/rmf_demos_tasks
[3.212s] Installing wait_for_task_complete script to /home/usuario/rmf_demos/install/rmf_demos_tasks/lib/rmf_demos_tasks
[3.214s] writing list of installed files to '/home/usuario/rmf_demos/build/rmf_demos_tasks/install.log'
[3.256s] Invoked command in '/home/usuario/rmf_demos/rmf_demos_tasks' returned '0': PYTHONPATH=/home/usuario/rmf_demos/build/rmf_demos_tasks/prefix_override:/usr/lib/python3/dist-packages/colcon_core/task/python/colcon_distutils_commands:/home/usuario/rmf_demos/install/rmf_demos_tasks/lib/python3.12/site-packages:${PYTHONPATH} /usr/bin/python3 -W ignore:setup.py install is deprecated -W ignore:easy_install command is deprecated setup.py egg_info --egg-base ../build/rmf_demos_tasks build --build-base /home/usuario/rmf_demos/build/rmf_demos_tasks/build install --record /home/usuario/rmf_demos/build/rmf_demos_tasks/install.log --single-version-externally-managed install_data
