-- Install configuration: ""
-- Up-to-date: /home/usuario/rmf_ws/install/rmf_ws/share/rmf_ws
-- Up-to-date: /home/usuario/rmf_ws/install/rmf_ws/share/rmf_ws/office.launch.xml
-- Up-to-date: /home/usuario/rmf_ws/install/rmf_ws/share/rmf_ws/campus.launch.xml
-- Up-to-date: /home/usuario/rmf_ws/install/rmf_ws/share/rmf_ws/battle_royale.launch.xml
-- Up-to-date: /home/usuario/rmf_ws/install/rmf_ws/share/rmf_ws/airport_terminal.launch.xml
-- Up-to-date: /home/usuario/rmf_ws/install/rmf_ws/share/rmf_ws/include
-- Up-to-date: /home/usuario/rmf_ws/install/rmf_ws/share/rmf_ws/include/triple_H
-- Up-to-date: /home/usuario/rmf_ws/install/rmf_ws/share/rmf_ws/include/triple_H/the_pedigree.launch.xml
-- Up-to-date: /home/usuario/rmf_ws/install/rmf_ws/share/rmf_ws/include/triple_H/rviz.rviz
-- Up-to-date: /home/usuario/rmf_ws/install/rmf_ws/share/rmf_ws/include/airport_terminal
-- Up-to-date: /home/usuario/rmf_ws/install/rmf_ws/share/rmf_ws/include/airport_terminal/airport_terminal.rviz
-- Up-to-date: /home/usuario/rmf_ws/install/rmf_ws/share/rmf_ws/include/clinic
-- Up-to-date: /home/usuario/rmf_ws/install/rmf_ws/share/rmf_ws/include/clinic/clinic.rviz
-- Up-to-date: /home/usuario/rmf_ws/install/rmf_ws/share/rmf_ws/include/campus
-- Up-to-date: /home/usuario/rmf_ws/install/rmf_ws/share/rmf_ws/include/campus/campus.rviz
-- Up-to-date: /home/usuario/rmf_ws/install/rmf_ws/share/rmf_ws/include/hotel
-- Up-to-date: /home/usuario/rmf_ws/install/rmf_ws/share/rmf_ws/include/hotel/experimental_crowded_lift.launch.xml
-- Up-to-date: /home/usuario/rmf_ws/install/rmf_ws/share/rmf_ws/include/hotel/experimental_clear_lift.launch.xml
-- Up-to-date: /home/usuario/rmf_ws/install/rmf_ws/share/rmf_ws/include/hotel/hotel.rviz
-- Up-to-date: /home/usuario/rmf_ws/install/rmf_ws/share/rmf_ws/include/office_mock_traffic_light
-- Up-to-date: /home/usuario/rmf_ws/install/rmf_ws/share/rmf_ws/include/office_mock_traffic_light/office_traffic_light_test.launch.xml
-- Up-to-date: /home/usuario/rmf_ws/install/rmf_ws/share/rmf_ws/include/simple
-- Up-to-date: /home/usuario/rmf_ws/install/rmf_ws/share/rmf_ws/include/battle_royale
-- Up-to-date: /home/usuario/rmf_ws/install/rmf_ws/share/rmf_ws/include/battle_royale/battle_go.launch.xml
-- Up-to-date: /home/usuario/rmf_ws/install/rmf_ws/share/rmf_ws/include/battle_royale/rviz.rviz
-- Up-to-date: /home/usuario/rmf_ws/install/rmf_ws/share/rmf_ws/include/icc_kyoto
-- Up-to-date: /home/usuario/rmf_ws/install/rmf_ws/share/rmf_ws/include/icc_kyoto/icc_kyoto.rviz
-- Up-to-date: /home/usuario/rmf_ws/install/rmf_ws/share/rmf_ws/include/adapters
-- Up-to-date: /home/usuario/rmf_ws/install/rmf_ws/share/rmf_ws/include/adapters/tinyRobot_mock_traffic_light.launch.xml
-- Up-to-date: /home/usuario/rmf_ws/install/rmf_ws/share/rmf_ws/include/adapters/caddy_adapter.launch.xml
-- Up-to-date: /home/usuario/rmf_ws/install/rmf_ws/share/rmf_ws/include/office
-- Up-to-date: /home/usuario/rmf_ws/install/rmf_ws/share/rmf_ws/include/office/office.rviz
-- Up-to-date: /home/usuario/rmf_ws/install/rmf_ws/share/rmf_ws/include/office/office_patrol.launch.xml
-- Up-to-date: /home/usuario/rmf_ws/install/rmf_ws/share/rmf_ws/include/office/office_conflict.launch.xml
-- Up-to-date: /home/usuario/rmf_ws/install/rmf_ws/share/rmf_ws/include/office/office_loop.launch.xml
-- Up-to-date: /home/usuario/rmf_ws/install/rmf_ws/share/rmf_ws/include/office/office_teleop_robot.launch.xml
-- Up-to-date: /home/usuario/rmf_ws/install/rmf_ws/share/rmf_ws/common.launch.xml
-- Up-to-date: /home/usuario/rmf_ws/install/rmf_ws/share/rmf_ws/triple_H.launch.xml
-- Up-to-date: /home/usuario/rmf_ws/install/rmf_ws/share/rmf_ws/icc_kyoto.launch.xml
-- Up-to-date: /home/usuario/rmf_ws/install/rmf_ws/share/rmf_ws/hotel.launch.xml
-- Up-to-date: /home/usuario/rmf_ws/install/rmf_ws/share/rmf_ws/office_mock_traffic_light.launch.xml
-- Up-to-date: /home/usuario/rmf_ws/install/rmf_ws/share/rmf_ws/clinic.launch.xml
-- Up-to-date: /home/usuario/rmf_ws/install/rmf_ws/share/rmf_ws/config
-- Up-to-date: /home/usuario/rmf_ws/install/rmf_ws/share/rmf_ws/config/airport_terminal
-- Up-to-date: /home/usuario/rmf_ws/install/rmf_ws/share/rmf_ws/config/airport_terminal/cleanerBotE_config.yaml
-- Up-to-date: /home/usuario/rmf_ws/install/rmf_ws/share/rmf_ws/config/airport_terminal/deliveryRobot_config.yaml
-- Up-to-date: /home/usuario/rmf_ws/install/rmf_ws/share/rmf_ws/config/airport_terminal/tinyRobot_config.yaml
-- Up-to-date: /home/usuario/rmf_ws/install/rmf_ws/share/rmf_ws/config/airport_terminal/cleanerBotA_config.yaml
-- Up-to-date: /home/usuario/rmf_ws/install/rmf_ws/share/rmf_ws/config/clinic
-- Up-to-date: /home/usuario/rmf_ws/install/rmf_ws/share/rmf_ws/config/clinic/deliveryRobot_config.yaml
-- Up-to-date: /home/usuario/rmf_ws/install/rmf_ws/share/rmf_ws/config/clinic/tinyRobot_config.yaml
-- Up-to-date: /home/usuario/rmf_ws/install/rmf_ws/share/rmf_ws/config/campus
-- Up-to-date: /home/usuario/rmf_ws/install/rmf_ws/share/rmf_ws/config/campus/deliveryRobot_config.yaml
-- Up-to-date: /home/usuario/rmf_ws/install/rmf_ws/share/rmf_ws/config/hotel
-- Up-to-date: /home/usuario/rmf_ws/install/rmf_ws/share/rmf_ws/config/hotel/deliveryRobot_config.yaml
-- Up-to-date: /home/usuario/rmf_ws/install/rmf_ws/share/rmf_ws/config/hotel/tinyRobot_config.yaml
-- Up-to-date: /home/usuario/rmf_ws/install/rmf_ws/share/rmf_ws/config/hotel/cleanerBotA_config.yaml
-- Up-to-date: /home/usuario/rmf_ws/install/rmf_ws/share/rmf_ws/config/office_mock_traffic_light
-- Up-to-date: /home/usuario/rmf_ws/install/rmf_ws/share/rmf_ws/config/office_mock_traffic_light/tinyRobot1_config.yaml
-- Up-to-date: /home/usuario/rmf_ws/install/rmf_ws/share/rmf_ws/config/battle_royale
-- Up-to-date: /home/usuario/rmf_ws/install/rmf_ws/share/rmf_ws/config/battle_royale/tinyRobot_config.yaml
-- Up-to-date: /home/usuario/rmf_ws/install/rmf_ws/share/rmf_ws/config/icc_kyoto
-- Up-to-date: /home/usuario/rmf_ws/install/rmf_ws/share/rmf_ws/config/icc_kyoto/tinyRobot_config.yaml
-- Up-to-date: /home/usuario/rmf_ws/install/rmf_ws/share/rmf_ws/config/office
-- Up-to-date: /home/usuario/rmf_ws/install/rmf_ws/share/rmf_ws/config/office/tinyRobot_config.yaml
-- Up-to-date: /home/usuario/rmf_ws/install/rmf_ws/share/rmf_ws/sros2
-- Up-to-date: /home/usuario/rmf_ws/install/rmf_ws/share/rmf_ws/sros2/policies
-- Up-to-date: /home/usuario/rmf_ws/install/rmf_ws/share/rmf_ws/sros2/policies/node
-- Up-to-date: /home/usuario/rmf_ws/install/rmf_ws/share/rmf_ws/sros2/policies/node/parameters.xml
-- Up-to-date: /home/usuario/rmf_ws/install/rmf_ws/share/rmf_ws/sros2/policies/node/time.xml
-- Up-to-date: /home/usuario/rmf_ws/install/rmf_ws/share/rmf_ws/sros2/policies/node/logging.xml
-- Up-to-date: /home/usuario/rmf_ws/install/rmf_ws/share/rmf_ws/sros2/policies/node.xml
-- Up-to-date: /home/usuario/rmf_ws/install/rmf_ws/share/rmf_ws/sros2/policies/office.policy.xml
-- Up-to-date: /home/usuario/rmf_ws/install/rmf_ws/share/rmf_ws/sros2/office_deploy.bash
-- Up-to-date: /home/usuario/rmf_ws/install/rmf_ws/share/rmf_ws/sros2/office.params.yaml
-- Up-to-date: /home/usuario/rmf_ws/install/rmf_ws/share/ament_index/resource_index/package_run_dependencies/rmf_ws
-- Up-to-date: /home/usuario/rmf_ws/install/rmf_ws/share/ament_index/resource_index/parent_prefix_path/rmf_ws
-- Up-to-date: /home/usuario/rmf_ws/install/rmf_ws/share/rmf_ws/environment/ament_prefix_path.sh
-- Up-to-date: /home/usuario/rmf_ws/install/rmf_ws/share/rmf_ws/environment/ament_prefix_path.dsv
-- Up-to-date: /home/usuario/rmf_ws/install/rmf_ws/share/rmf_ws/environment/path.sh
-- Up-to-date: /home/usuario/rmf_ws/install/rmf_ws/share/rmf_ws/environment/path.dsv
-- Up-to-date: /home/usuario/rmf_ws/install/rmf_ws/share/rmf_ws/local_setup.bash
-- Up-to-date: /home/usuario/rmf_ws/install/rmf_ws/share/rmf_ws/local_setup.sh
-- Up-to-date: /home/usuario/rmf_ws/install/rmf_ws/share/rmf_ws/local_setup.zsh
-- Up-to-date: /home/usuario/rmf_ws/install/rmf_ws/share/rmf_ws/local_setup.dsv
-- Up-to-date: /home/usuario/rmf_ws/install/rmf_ws/share/rmf_ws/package.dsv
-- Up-to-date: /home/usuario/rmf_ws/install/rmf_ws/share/ament_index/resource_index/packages/rmf_ws
-- Up-to-date: /home/usuario/rmf_ws/install/rmf_ws/share/rmf_ws/cmake/rmf_wsConfig.cmake
-- Up-to-date: /home/usuario/rmf_ws/install/rmf_ws/share/rmf_ws/cmake/rmf_wsConfig-version.cmake
-- Up-to-date: /home/usuario/rmf_ws/install/rmf_ws/share/rmf_ws/package.xml
