[0.085s] Invoking command in '/home/usuario/rmf_ws/build/rmf_ws': AMENT_PREFIX_PATH=/home/usuario/rmf_ws/install/rmf_ws_tasks:/home/usuario/rmf_ws/install/rmf_ws_maps:/home/usuario/rmf_ws/install/rmf_ws_fleet_adapter:/home/usuario/rmf_ws/install/rmf_ws_assets:${AMENT_PREFIX_PATH} CMAKE_PREFIX_PATH=/home/usuario/rmf_ws/install/rmf_ws_maps:/home/usuario/rmf_ws/install/rmf_ws_assets:/rmf_ws_ws/install/rmf_workcell_msgs:/rmf_ws_ws/install/rmf_reservation_node:/rmf_ws_ws/install/rmf_ws_gz:/rmf_ws_ws/install/rmf_ws:/rmf_ws_ws/install/rmf_fleet_adapter_python:/rmf_ws_ws/install/rmf_fleet_adapter:/rmf_ws_ws/install/rmf_task_ros2:/rmf_ws_ws/install/rmf_websocket:/rmf_ws_ws/install/rmf_visualization:/rmf_ws_ws/install/rmf_visualization_schedule:/rmf_ws_ws/install/rmf_visualization_rviz2_plugins:/rmf_ws_ws/install/rmf_visualization_obstacles:/rmf_ws_ws/install/rmf_visualization_navgraphs:/rmf_ws_ws/install/rmf_visualization_floorplans:/rmf_ws_ws/install/rmf_visualization_fleet_states:/rmf_ws_ws/install/rmf_visualization_msgs:/rmf_ws_ws/install/rmf_traffic_ros2:/rmf_ws_ws/install/rmf_task_sequence:/rmf_ws_ws/install/rmf_task:/rmf_ws_ws/install/rmf_battery:/rmf_ws_ws/install/rmf_traffic:/rmf_ws_ws/install/rmf_utils:/rmf_ws_ws/install/rmf_traffic_msgs:/rmf_ws_ws/install/rmf_traffic_editor_test_maps:/rmf_ws_ws/install/rmf_traffic_editor_assets:/rmf_ws_ws/install/rmf_traffic_editor:/rmf_ws_ws/install/rmf_task_msgs:/rmf_ws_ws/install/rmf_site_map_msgs:/rmf_ws_ws/install/rmf_scheduler_msgs:/rmf_ws_ws/install/rmf_robot_sim_gz_plugins:/rmf_ws_ws/install/rmf_robot_sim_common:/rmf_ws_ws/install/rmf_reservation_msgs:/rmf_ws_ws/install/rmf_obstacle_msgs:/rmf_ws_ws/install/rmf_building_sim_gz_plugins:/rmf_ws_ws/install/rmf_lift_msgs:/rmf_ws_ws/install/rmf_ingestor_msgs:/rmf_ws_ws/install/rmf_fleet_msgs:/rmf_ws_ws/install/rmf_door_msgs:/rmf_ws_ws/install/rmf_dispenser_msgs:/rmf_ws_ws/install/rmf_ws_maps:/rmf_ws_ws/install/rmf_ws_assets:/rmf_ws_ws/install/rmf_charger_msgs:/rmf_ws_ws/install/rmf_building_map_msgs:/rmf_ws_ws/install/rmf_api_msgs:/rmf_ws_ws/install/pybind11_json_vendor:/rmf_ws_ws/install/nlohmann_json_schema_validator_vendor:/rmf_ws_ws/install/rmf_ws_fleet_adapter:/rmf_ws_ws/install/rmf_visualization_building_systems:/rmf_ws_ws/install/rmf_traffic_examples:/rmf_ws_ws/install/rmf_ws_bridges:/rmf_ws_ws/install/rmf_ws_tasks:/rmf_ws_ws/install/rmf_building_map_tools:/rmf_ws_ws/install/rmf_charging_schedule:/opt/ros/jazzy:/rmf_ws_ws/install/menge_vendor:/rmf_ws_ws/install/ament_cmake_catch2:/opt/ros/jazzy/opt/gz_sim_vendor:/opt/ros/jazzy/opt/gz_sensors_vendor:/opt/ros/jazzy/opt/gz_physics_vendor:/opt/ros/jazzy/opt/sdformat_vendor:/opt/ros/jazzy/opt/gz_gui_vendor:/opt/ros/jazzy/opt/gz_transport_vendor:/opt/ros/jazzy/opt/gz_rendering_vendor:/opt/ros/jazzy/opt/gz_plugin_vendor:/opt/ros/jazzy/opt/gz_fuel_tools_vendor:/opt/ros/jazzy/opt/gz_msgs_vendor:/opt/ros/jazzy/opt/gz_common_vendor:/opt/ros/jazzy/opt/gz_math_vendor:/opt/ros/jazzy/opt/gz_utils_vendor:/opt/ros/jazzy/opt/gz_tools_vendor:/opt/ros/jazzy/opt/gz_ogre_next_vendor:/opt/ros/jazzy/opt/gz_dartsim_vendor:/opt/ros/jazzy/opt/gz_cmake_vendor PYTHONPATH=/home/usuario/rmf_ws/install/rmf_ws_tasks/lib/python3.12/site-packages:/home/usuario/rmf_ws/install/rmf_ws_fleet_adapter/lib/python3.12/site-packages:${PYTHONPATH} /usr/bin/cmake --build /home/usuario/rmf_ws/build/rmf_ws -- -j4 -l4
[0.174s] Invoked command in '/home/usuario/rmf_ws/build/rmf_ws' returned '0': AMENT_PREFIX_PATH=/home/usuario/rmf_ws/install/rmf_ws_tasks:/home/usuario/rmf_ws/install/rmf_ws_maps:/home/usuario/rmf_ws/install/rmf_ws_fleet_adapter:/home/usuario/rmf_ws/install/rmf_ws_assets:${AMENT_PREFIX_PATH} CMAKE_PREFIX_PATH=/home/usuario/rmf_ws/install/rmf_ws_maps:/home/usuario/rmf_ws/install/rmf_ws_assets:/rmf_ws_ws/install/rmf_workcell_msgs:/rmf_ws_ws/install/rmf_reservation_node:/rmf_ws_ws/install/rmf_ws_gz:/rmf_ws_ws/install/rmf_ws:/rmf_ws_ws/install/rmf_fleet_adapter_python:/rmf_ws_ws/install/rmf_fleet_adapter:/rmf_ws_ws/install/rmf_task_ros2:/rmf_ws_ws/install/rmf_websocket:/rmf_ws_ws/install/rmf_visualization:/rmf_ws_ws/install/rmf_visualization_schedule:/rmf_ws_ws/install/rmf_visualization_rviz2_plugins:/rmf_ws_ws/install/rmf_visualization_obstacles:/rmf_ws_ws/install/rmf_visualization_navgraphs:/rmf_ws_ws/install/rmf_visualization_floorplans:/rmf_ws_ws/install/rmf_visualization_fleet_states:/rmf_ws_ws/install/rmf_visualization_msgs:/rmf_ws_ws/install/rmf_traffic_ros2:/rmf_ws_ws/install/rmf_task_sequence:/rmf_ws_ws/install/rmf_task:/rmf_ws_ws/install/rmf_battery:/rmf_ws_ws/install/rmf_traffic:/rmf_ws_ws/install/rmf_utils:/rmf_ws_ws/install/rmf_traffic_msgs:/rmf_ws_ws/install/rmf_traffic_editor_test_maps:/rmf_ws_ws/install/rmf_traffic_editor_assets:/rmf_ws_ws/install/rmf_traffic_editor:/rmf_ws_ws/install/rmf_task_msgs:/rmf_ws_ws/install/rmf_site_map_msgs:/rmf_ws_ws/install/rmf_scheduler_msgs:/rmf_ws_ws/install/rmf_robot_sim_gz_plugins:/rmf_ws_ws/install/rmf_robot_sim_common:/rmf_ws_ws/install/rmf_reservation_msgs:/rmf_ws_ws/install/rmf_obstacle_msgs:/rmf_ws_ws/install/rmf_building_sim_gz_plugins:/rmf_ws_ws/install/rmf_lift_msgs:/rmf_ws_ws/install/rmf_ingestor_msgs:/rmf_ws_ws/install/rmf_fleet_msgs:/rmf_ws_ws/install/rmf_door_msgs:/rmf_ws_ws/install/rmf_dispenser_msgs:/rmf_ws_ws/install/rmf_ws_maps:/rmf_ws_ws/install/rmf_ws_assets:/rmf_ws_ws/install/rmf_charger_msgs:/rmf_ws_ws/install/rmf_building_map_msgs:/rmf_ws_ws/install/rmf_api_msgs:/rmf_ws_ws/install/pybind11_json_vendor:/rmf_ws_ws/install/nlohmann_json_schema_validator_vendor:/rmf_ws_ws/install/rmf_ws_fleet_adapter:/rmf_ws_ws/install/rmf_visualization_building_systems:/rmf_ws_ws/install/rmf_traffic_examples:/rmf_ws_ws/install/rmf_ws_bridges:/rmf_ws_ws/install/rmf_ws_tasks:/rmf_ws_ws/install/rmf_building_map_tools:/rmf_ws_ws/install/rmf_charging_schedule:/opt/ros/jazzy:/rmf_ws_ws/install/menge_vendor:/rmf_ws_ws/install/ament_cmake_catch2:/opt/ros/jazzy/opt/gz_sim_vendor:/opt/ros/jazzy/opt/gz_sensors_vendor:/opt/ros/jazzy/opt/gz_physics_vendor:/opt/ros/jazzy/opt/sdformat_vendor:/opt/ros/jazzy/opt/gz_gui_vendor:/opt/ros/jazzy/opt/gz_transport_vendor:/opt/ros/jazzy/opt/gz_rendering_vendor:/opt/ros/jazzy/opt/gz_plugin_vendor:/opt/ros/jazzy/opt/gz_fuel_tools_vendor:/opt/ros/jazzy/opt/gz_msgs_vendor:/opt/ros/jazzy/opt/gz_common_vendor:/opt/ros/jazzy/opt/gz_math_vendor:/opt/ros/jazzy/opt/gz_utils_vendor:/opt/ros/jazzy/opt/gz_tools_vendor:/opt/ros/jazzy/opt/gz_ogre_next_vendor:/opt/ros/jazzy/opt/gz_dartsim_vendor:/opt/ros/jazzy/opt/gz_cmake_vendor PYTHONPATH=/home/usuario/rmf_ws/install/rmf_ws_tasks/lib/python3.12/site-packages:/home/usuario/rmf_ws/install/rmf_ws_fleet_adapter/lib/python3.12/site-packages:${PYTHONPATH} /usr/bin/cmake --build /home/usuario/rmf_ws/build/rmf_ws -- -j4 -l4
[0.185s] Invoking command in '/home/usuario/rmf_ws/build/rmf_ws': AMENT_PREFIX_PATH=/home/usuario/rmf_ws/install/rmf_ws_tasks:/home/usuario/rmf_ws/install/rmf_ws_maps:/home/usuario/rmf_ws/install/rmf_ws_fleet_adapter:/home/usuario/rmf_ws/install/rmf_ws_assets:${AMENT_PREFIX_PATH} CMAKE_PREFIX_PATH=/home/usuario/rmf_ws/install/rmf_ws_maps:/home/usuario/rmf_ws/install/rmf_ws_assets:/rmf_ws_ws/install/rmf_workcell_msgs:/rmf_ws_ws/install/rmf_reservation_node:/rmf_ws_ws/install/rmf_ws_gz:/rmf_ws_ws/install/rmf_ws:/rmf_ws_ws/install/rmf_fleet_adapter_python:/rmf_ws_ws/install/rmf_fleet_adapter:/rmf_ws_ws/install/rmf_task_ros2:/rmf_ws_ws/install/rmf_websocket:/rmf_ws_ws/install/rmf_visualization:/rmf_ws_ws/install/rmf_visualization_schedule:/rmf_ws_ws/install/rmf_visualization_rviz2_plugins:/rmf_ws_ws/install/rmf_visualization_obstacles:/rmf_ws_ws/install/rmf_visualization_navgraphs:/rmf_ws_ws/install/rmf_visualization_floorplans:/rmf_ws_ws/install/rmf_visualization_fleet_states:/rmf_ws_ws/install/rmf_visualization_msgs:/rmf_ws_ws/install/rmf_traffic_ros2:/rmf_ws_ws/install/rmf_task_sequence:/rmf_ws_ws/install/rmf_task:/rmf_ws_ws/install/rmf_battery:/rmf_ws_ws/install/rmf_traffic:/rmf_ws_ws/install/rmf_utils:/rmf_ws_ws/install/rmf_traffic_msgs:/rmf_ws_ws/install/rmf_traffic_editor_test_maps:/rmf_ws_ws/install/rmf_traffic_editor_assets:/rmf_ws_ws/install/rmf_traffic_editor:/rmf_ws_ws/install/rmf_task_msgs:/rmf_ws_ws/install/rmf_site_map_msgs:/rmf_ws_ws/install/rmf_scheduler_msgs:/rmf_ws_ws/install/rmf_robot_sim_gz_plugins:/rmf_ws_ws/install/rmf_robot_sim_common:/rmf_ws_ws/install/rmf_reservation_msgs:/rmf_ws_ws/install/rmf_obstacle_msgs:/rmf_ws_ws/install/rmf_building_sim_gz_plugins:/rmf_ws_ws/install/rmf_lift_msgs:/rmf_ws_ws/install/rmf_ingestor_msgs:/rmf_ws_ws/install/rmf_fleet_msgs:/rmf_ws_ws/install/rmf_door_msgs:/rmf_ws_ws/install/rmf_dispenser_msgs:/rmf_ws_ws/install/rmf_ws_maps:/rmf_ws_ws/install/rmf_ws_assets:/rmf_ws_ws/install/rmf_charger_msgs:/rmf_ws_ws/install/rmf_building_map_msgs:/rmf_ws_ws/install/rmf_api_msgs:/rmf_ws_ws/install/pybind11_json_vendor:/rmf_ws_ws/install/nlohmann_json_schema_validator_vendor:/rmf_ws_ws/install/rmf_ws_fleet_adapter:/rmf_ws_ws/install/rmf_visualization_building_systems:/rmf_ws_ws/install/rmf_traffic_examples:/rmf_ws_ws/install/rmf_ws_bridges:/rmf_ws_ws/install/rmf_ws_tasks:/rmf_ws_ws/install/rmf_building_map_tools:/rmf_ws_ws/install/rmf_charging_schedule:/opt/ros/jazzy:/rmf_ws_ws/install/menge_vendor:/rmf_ws_ws/install/ament_cmake_catch2:/opt/ros/jazzy/opt/gz_sim_vendor:/opt/ros/jazzy/opt/gz_sensors_vendor:/opt/ros/jazzy/opt/gz_physics_vendor:/opt/ros/jazzy/opt/sdformat_vendor:/opt/ros/jazzy/opt/gz_gui_vendor:/opt/ros/jazzy/opt/gz_transport_vendor:/opt/ros/jazzy/opt/gz_rendering_vendor:/opt/ros/jazzy/opt/gz_plugin_vendor:/opt/ros/jazzy/opt/gz_fuel_tools_vendor:/opt/ros/jazzy/opt/gz_msgs_vendor:/opt/ros/jazzy/opt/gz_common_vendor:/opt/ros/jazzy/opt/gz_math_vendor:/opt/ros/jazzy/opt/gz_utils_vendor:/opt/ros/jazzy/opt/gz_tools_vendor:/opt/ros/jazzy/opt/gz_ogre_next_vendor:/opt/ros/jazzy/opt/gz_dartsim_vendor:/opt/ros/jazzy/opt/gz_cmake_vendor PYTHONPATH=/home/usuario/rmf_ws/install/rmf_ws_tasks/lib/python3.12/site-packages:/home/usuario/rmf_ws/install/rmf_ws_fleet_adapter/lib/python3.12/site-packages:${PYTHONPATH} /usr/bin/cmake --install /home/usuario/rmf_ws/build/rmf_ws
[0.204s] -- Install configuration: ""
[0.204s] -- Up-to-date: /home/usuario/rmf_ws/install/rmf_ws/share/rmf_ws
[0.204s] -- Up-to-date: /home/usuario/rmf_ws/install/rmf_ws/share/rmf_ws/office.launch.xml
[0.204s] -- Up-to-date: /home/usuario/rmf_ws/install/rmf_ws/share/rmf_ws/campus.launch.xml
[0.204s] -- Up-to-date: /home/usuario/rmf_ws/install/rmf_ws/share/rmf_ws/battle_royale.launch.xml
[0.205s] -- Up-to-date: /home/usuario/rmf_ws/install/rmf_ws/share/rmf_ws/airport_terminal.launch.xml
[0.205s] -- Up-to-date: /home/usuario/rmf_ws/install/rmf_ws/share/rmf_ws/include
[0.205s] -- Up-to-date: /home/usuario/rmf_ws/install/rmf_ws/share/rmf_ws/include/triple_H
[0.205s] -- Up-to-date: /home/usuario/rmf_ws/install/rmf_ws/share/rmf_ws/include/triple_H/the_pedigree.launch.xml
[0.205s] -- Up-to-date: /home/usuario/rmf_ws/install/rmf_ws/share/rmf_ws/include/triple_H/rviz.rviz
[0.205s] -- Up-to-date: /home/usuario/rmf_ws/install/rmf_ws/share/rmf_ws/include/airport_terminal
[0.205s] -- Up-to-date: /home/usuario/rmf_ws/install/rmf_ws/share/rmf_ws/include/airport_terminal/airport_terminal.rviz
[0.205s] -- Up-to-date: /home/usuario/rmf_ws/install/rmf_ws/share/rmf_ws/include/clinic
[0.206s] -- Up-to-date: /home/usuario/rmf_ws/install/rmf_ws/share/rmf_ws/include/clinic/clinic.rviz
[0.206s] -- Up-to-date: /home/usuario/rmf_ws/install/rmf_ws/share/rmf_ws/include/campus
[0.206s] -- Up-to-date: /home/usuario/rmf_ws/install/rmf_ws/share/rmf_ws/include/campus/campus.rviz
[0.206s] -- Up-to-date: /home/usuario/rmf_ws/install/rmf_ws/share/rmf_ws/include/hotel
[0.206s] -- Up-to-date: /home/usuario/rmf_ws/install/rmf_ws/share/rmf_ws/include/hotel/experimental_crowded_lift.launch.xml
[0.206s] -- Up-to-date: /home/usuario/rmf_ws/install/rmf_ws/share/rmf_ws/include/hotel/experimental_clear_lift.launch.xml
[0.206s] -- Up-to-date: /home/usuario/rmf_ws/install/rmf_ws/share/rmf_ws/include/hotel/hotel.rviz
[0.206s] -- Up-to-date: /home/usuario/rmf_ws/install/rmf_ws/share/rmf_ws/include/office_mock_traffic_light
[0.206s] -- Up-to-date: /home/usuario/rmf_ws/install/rmf_ws/share/rmf_ws/include/office_mock_traffic_light/office_traffic_light_test.launch.xml
[0.207s] -- Up-to-date: /home/usuario/rmf_ws/install/rmf_ws/share/rmf_ws/include/simple
[0.207s] -- Up-to-date: /home/usuario/rmf_ws/install/rmf_ws/share/rmf_ws/include/battle_royale
[0.207s] -- Up-to-date: /home/usuario/rmf_ws/install/rmf_ws/share/rmf_ws/include/battle_royale/battle_go.launch.xml
[0.207s] -- Up-to-date: /home/usuario/rmf_ws/install/rmf_ws/share/rmf_ws/include/battle_royale/rviz.rviz
[0.207s] -- Up-to-date: /home/usuario/rmf_ws/install/rmf_ws/share/rmf_ws/include/icc_kyoto
[0.207s] -- Up-to-date: /home/usuario/rmf_ws/install/rmf_ws/share/rmf_ws/include/icc_kyoto/icc_kyoto.rviz
[0.207s] -- Up-to-date: /home/usuario/rmf_ws/install/rmf_ws/share/rmf_ws/include/adapters
[0.207s] -- Up-to-date: /home/usuario/rmf_ws/install/rmf_ws/share/rmf_ws/include/adapters/tinyRobot_mock_traffic_light.launch.xml
[0.207s] -- Up-to-date: /home/usuario/rmf_ws/install/rmf_ws/share/rmf_ws/include/adapters/caddy_adapter.launch.xml
[0.207s] -- Up-to-date: /home/usuario/rmf_ws/install/rmf_ws/share/rmf_ws/include/office
[0.207s] -- Up-to-date: /home/usuario/rmf_ws/install/rmf_ws/share/rmf_ws/include/office/office.rviz
[0.207s] -- Up-to-date: /home/usuario/rmf_ws/install/rmf_ws/share/rmf_ws/include/office/office_patrol.launch.xml
[0.208s] -- Up-to-date: /home/usuario/rmf_ws/install/rmf_ws/share/rmf_ws/include/office/office_conflict.launch.xml
[0.208s] -- Up-to-date: /home/usuario/rmf_ws/install/rmf_ws/share/rmf_ws/include/office/office_loop.launch.xml
[0.208s] -- Up-to-date: /home/usuario/rmf_ws/install/rmf_ws/share/rmf_ws/include/office/office_teleop_robot.launch.xml
[0.208s] -- Up-to-date: /home/usuario/rmf_ws/install/rmf_ws/share/rmf_ws/common.launch.xml
[0.208s] -- Up-to-date: /home/usuario/rmf_ws/install/rmf_ws/share/rmf_ws/triple_H.launch.xml
[0.208s] -- Up-to-date: /home/usuario/rmf_ws/install/rmf_ws/share/rmf_ws/icc_kyoto.launch.xml
[0.208s] -- Up-to-date: /home/usuario/rmf_ws/install/rmf_ws/share/rmf_ws/hotel.launch.xml
[0.208s] -- Up-to-date: /home/usuario/rmf_ws/install/rmf_ws/share/rmf_ws/office_mock_traffic_light.launch.xml
[0.208s] -- Up-to-date: /home/usuario/rmf_ws/install/rmf_ws/share/rmf_ws/clinic.launch.xml
[0.208s] -- Up-to-date: /home/usuario/rmf_ws/install/rmf_ws/share/rmf_ws/config
[0.208s] -- Up-to-date: /home/usuario/rmf_ws/install/rmf_ws/share/rmf_ws/config/airport_terminal
[0.208s] -- Up-to-date: /home/usuario/rmf_ws/install/rmf_ws/share/rmf_ws/config/airport_terminal/cleanerBotE_config.yaml
[0.209s] -- Up-to-date: /home/usuario/rmf_ws/install/rmf_ws/share/rmf_ws/config/airport_terminal/deliveryRobot_config.yaml
[0.209s] -- Up-to-date: /home/usuario/rmf_ws/install/rmf_ws/share/rmf_ws/config/airport_terminal/tinyRobot_config.yaml
[0.209s] -- Up-to-date: /home/usuario/rmf_ws/install/rmf_ws/share/rmf_ws/config/airport_terminal/cleanerBotA_config.yaml
[0.209s] -- Up-to-date: /home/usuario/rmf_ws/install/rmf_ws/share/rmf_ws/config/clinic
[0.209s] -- Up-to-date: /home/usuario/rmf_ws/install/rmf_ws/share/rmf_ws/config/clinic/deliveryRobot_config.yaml
[0.209s] -- Up-to-date: /home/usuario/rmf_ws/install/rmf_ws/share/rmf_ws/config/clinic/tinyRobot_config.yaml
[0.209s] -- Up-to-date: /home/usuario/rmf_ws/install/rmf_ws/share/rmf_ws/config/campus
[0.209s] -- Up-to-date: /home/usuario/rmf_ws/install/rmf_ws/share/rmf_ws/config/campus/deliveryRobot_config.yaml
[0.209s] -- Up-to-date: /home/usuario/rmf_ws/install/rmf_ws/share/rmf_ws/config/hotel
[0.210s] -- Up-to-date: /home/usuario/rmf_ws/install/rmf_ws/share/rmf_ws/config/hotel/deliveryRobot_config.yaml
[0.210s] -- Up-to-date: /home/usuario/rmf_ws/install/rmf_ws/share/rmf_ws/config/hotel/tinyRobot_config.yaml
[0.210s] -- Up-to-date: /home/usuario/rmf_ws/install/rmf_ws/share/rmf_ws/config/hotel/cleanerBotA_config.yaml
[0.210s] -- Up-to-date: /home/usuario/rmf_ws/install/rmf_ws/share/rmf_ws/config/office_mock_traffic_light
[0.210s] -- Up-to-date: /home/usuario/rmf_ws/install/rmf_ws/share/rmf_ws/config/office_mock_traffic_light/tinyRobot1_config.yaml
[0.210s] -- Up-to-date: /home/usuario/rmf_ws/install/rmf_ws/share/rmf_ws/config/battle_royale
[0.210s] -- Up-to-date: /home/usuario/rmf_ws/install/rmf_ws/share/rmf_ws/config/battle_royale/tinyRobot_config.yaml
[0.210s] -- Up-to-date: /home/usuario/rmf_ws/install/rmf_ws/share/rmf_ws/config/icc_kyoto
[0.210s] -- Up-to-date: /home/usuario/rmf_ws/install/rmf_ws/share/rmf_ws/config/icc_kyoto/tinyRobot_config.yaml
[0.210s] -- Up-to-date: /home/usuario/rmf_ws/install/rmf_ws/share/rmf_ws/config/office
[0.210s] -- Up-to-date: /home/usuario/rmf_ws/install/rmf_ws/share/rmf_ws/config/office/tinyRobot_config.yaml
[0.210s] -- Up-to-date: /home/usuario/rmf_ws/install/rmf_ws/share/rmf_ws/sros2
[0.210s] -- Up-to-date: /home/usuario/rmf_ws/install/rmf_ws/share/rmf_ws/sros2/policies
[0.211s] -- Up-to-date: /home/usuario/rmf_ws/install/rmf_ws/share/rmf_ws/sros2/policies/node
[0.211s] -- Up-to-date: /home/usuario/rmf_ws/install/rmf_ws/share/rmf_ws/sros2/policies/node/parameters.xml
[0.211s] -- Up-to-date: /home/usuario/rmf_ws/install/rmf_ws/share/rmf_ws/sros2/policies/node/time.xml
[0.211s] -- Up-to-date: /home/usuario/rmf_ws/install/rmf_ws/share/rmf_ws/sros2/policies/node/logging.xml
[0.211s] -- Up-to-date: /home/usuario/rmf_ws/install/rmf_ws/share/rmf_ws/sros2/policies/node.xml
[0.212s] -- Up-to-date: /home/usuario/rmf_ws/install/rmf_ws/share/rmf_ws/sros2/policies/office.policy.xml
[0.212s] -- Up-to-date: /home/usuario/rmf_ws/install/rmf_ws/share/rmf_ws/sros2/office_deploy.bash
[0.212s] -- Up-to-date: /home/usuario/rmf_ws/install/rmf_ws/share/rmf_ws/sros2/office.params.yaml
[0.212s] -- Up-to-date: /home/usuario/rmf_ws/install/rmf_ws/share/ament_index/resource_index/package_run_dependencies/rmf_ws
[0.212s] -- Up-to-date: /home/usuario/rmf_ws/install/rmf_ws/share/ament_index/resource_index/parent_prefix_path/rmf_ws
[0.212s] -- Up-to-date: /home/usuario/rmf_ws/install/rmf_ws/share/rmf_ws/environment/ament_prefix_path.sh
[0.212s] -- Up-to-date: /home/usuario/rmf_ws/install/rmf_ws/share/rmf_ws/environment/ament_prefix_path.dsv
[0.213s] -- Up-to-date: /home/usuario/rmf_ws/install/rmf_ws/share/rmf_ws/environment/path.sh
[0.213s] -- Up-to-date: /home/usuario/rmf_ws/install/rmf_ws/share/rmf_ws/environment/path.dsv
[0.213s] -- Up-to-date: /home/usuario/rmf_ws/install/rmf_ws/share/rmf_ws/local_setup.bash
[0.213s] -- Up-to-date: /home/usuario/rmf_ws/install/rmf_ws/share/rmf_ws/local_setup.sh
[0.213s] -- Up-to-date: /home/usuario/rmf_ws/install/rmf_ws/share/rmf_ws/local_setup.zsh
[0.213s] -- Up-to-date: /home/usuario/rmf_ws/install/rmf_ws/share/rmf_ws/local_setup.dsv
[0.213s] -- Up-to-date: /home/usuario/rmf_ws/install/rmf_ws/share/rmf_ws/package.dsv
[0.213s] -- Up-to-date: /home/usuario/rmf_ws/install/rmf_ws/share/ament_index/resource_index/packages/rmf_ws
[0.213s] -- Up-to-date: /home/usuario/rmf_ws/install/rmf_ws/share/rmf_ws/cmake/rmf_wsConfig.cmake
[0.213s] -- Up-to-date: /home/usuario/rmf_ws/install/rmf_ws/share/rmf_ws/cmake/rmf_wsConfig-version.cmake
[0.214s] -- Up-to-date: /home/usuario/rmf_ws/install/rmf_ws/share/rmf_ws/package.xml
[0.215s] Invoked command in '/home/usuario/rmf_ws/build/rmf_ws' returned '0': AMENT_PREFIX_PATH=/home/usuario/rmf_ws/install/rmf_ws_tasks:/home/usuario/rmf_ws/install/rmf_ws_maps:/home/usuario/rmf_ws/install/rmf_ws_fleet_adapter:/home/usuario/rmf_ws/install/rmf_ws_assets:${AMENT_PREFIX_PATH} CMAKE_PREFIX_PATH=/home/usuario/rmf_ws/install/rmf_ws_maps:/home/usuario/rmf_ws/install/rmf_ws_assets:/rmf_ws_ws/install/rmf_workcell_msgs:/rmf_ws_ws/install/rmf_reservation_node:/rmf_ws_ws/install/rmf_ws_gz:/rmf_ws_ws/install/rmf_ws:/rmf_ws_ws/install/rmf_fleet_adapter_python:/rmf_ws_ws/install/rmf_fleet_adapter:/rmf_ws_ws/install/rmf_task_ros2:/rmf_ws_ws/install/rmf_websocket:/rmf_ws_ws/install/rmf_visualization:/rmf_ws_ws/install/rmf_visualization_schedule:/rmf_ws_ws/install/rmf_visualization_rviz2_plugins:/rmf_ws_ws/install/rmf_visualization_obstacles:/rmf_ws_ws/install/rmf_visualization_navgraphs:/rmf_ws_ws/install/rmf_visualization_floorplans:/rmf_ws_ws/install/rmf_visualization_fleet_states:/rmf_ws_ws/install/rmf_visualization_msgs:/rmf_ws_ws/install/rmf_traffic_ros2:/rmf_ws_ws/install/rmf_task_sequence:/rmf_ws_ws/install/rmf_task:/rmf_ws_ws/install/rmf_battery:/rmf_ws_ws/install/rmf_traffic:/rmf_ws_ws/install/rmf_utils:/rmf_ws_ws/install/rmf_traffic_msgs:/rmf_ws_ws/install/rmf_traffic_editor_test_maps:/rmf_ws_ws/install/rmf_traffic_editor_assets:/rmf_ws_ws/install/rmf_traffic_editor:/rmf_ws_ws/install/rmf_task_msgs:/rmf_ws_ws/install/rmf_site_map_msgs:/rmf_ws_ws/install/rmf_scheduler_msgs:/rmf_ws_ws/install/rmf_robot_sim_gz_plugins:/rmf_ws_ws/install/rmf_robot_sim_common:/rmf_ws_ws/install/rmf_reservation_msgs:/rmf_ws_ws/install/rmf_obstacle_msgs:/rmf_ws_ws/install/rmf_building_sim_gz_plugins:/rmf_ws_ws/install/rmf_lift_msgs:/rmf_ws_ws/install/rmf_ingestor_msgs:/rmf_ws_ws/install/rmf_fleet_msgs:/rmf_ws_ws/install/rmf_door_msgs:/rmf_ws_ws/install/rmf_dispenser_msgs:/rmf_ws_ws/install/rmf_ws_maps:/rmf_ws_ws/install/rmf_ws_assets:/rmf_ws_ws/install/rmf_charger_msgs:/rmf_ws_ws/install/rmf_building_map_msgs:/rmf_ws_ws/install/rmf_api_msgs:/rmf_ws_ws/install/pybind11_json_vendor:/rmf_ws_ws/install/nlohmann_json_schema_validator_vendor:/rmf_ws_ws/install/rmf_ws_fleet_adapter:/rmf_ws_ws/install/rmf_visualization_building_systems:/rmf_ws_ws/install/rmf_traffic_examples:/rmf_ws_ws/install/rmf_ws_bridges:/rmf_ws_ws/install/rmf_ws_tasks:/rmf_ws_ws/install/rmf_building_map_tools:/rmf_ws_ws/install/rmf_charging_schedule:/opt/ros/jazzy:/rmf_ws_ws/install/menge_vendor:/rmf_ws_ws/install/ament_cmake_catch2:/opt/ros/jazzy/opt/gz_sim_vendor:/opt/ros/jazzy/opt/gz_sensors_vendor:/opt/ros/jazzy/opt/gz_physics_vendor:/opt/ros/jazzy/opt/sdformat_vendor:/opt/ros/jazzy/opt/gz_gui_vendor:/opt/ros/jazzy/opt/gz_transport_vendor:/opt/ros/jazzy/opt/gz_rendering_vendor:/opt/ros/jazzy/opt/gz_plugin_vendor:/opt/ros/jazzy/opt/gz_fuel_tools_vendor:/opt/ros/jazzy/opt/gz_msgs_vendor:/opt/ros/jazzy/opt/gz_common_vendor:/opt/ros/jazzy/opt/gz_math_vendor:/opt/ros/jazzy/opt/gz_utils_vendor:/opt/ros/jazzy/opt/gz_tools_vendor:/opt/ros/jazzy/opt/gz_ogre_next_vendor:/opt/ros/jazzy/opt/gz_dartsim_vendor:/opt/ros/jazzy/opt/gz_cmake_vendor PYTHONPATH=/home/usuario/rmf_ws/install/rmf_ws_tasks/lib/python3.12/site-packages:/home/usuario/rmf_ws/install/rmf_ws_fleet_adapter/lib/python3.12/site-packages:${PYTHONPATH} /usr/bin/cmake --install /home/usuario/rmf_ws/build/rmf_ws
