[0mBUILDING WORLDFILE WITH COMMAND: ros2 run rmf_building_map_tools building_map_generator gazebo /home/ususario/IR2134/exam_ws/src/rmf_library/maps/library/library.building.yaml /home/ususario/IR2134/exam_ws/build/rmf_library/maps/library/library.world /home/ususario/IR2134/exam_ws/build/rmf_library/maps/library/models[0m
[0mDOWNLOADING MODELS WITH COMMAND: ros2 run rmf_building_map_tools building_map_model_downloader /home/ususario/IR2134/exam_ws/src/rmf_library/maps/library/library.building.yaml[0m
Traceback (most recent call last):
Traceback (most recent call last):
  File "/rmf_demos_ws/install/rmf_building_map_tools/lib/rmf_building_map_tools/building_map_generator", line 33, in <module>
  File "/rmf_demos_ws/install/rmf_building_map_tools/lib/rmf_building_map_tools/building_map_generator", line 33, in <module>
    sys.exit(load_entry_point('rmf-building-map-tools==1.11.0', 'console_scripts', 'building_map_generator')())
    sys.exit(load_entry_point('rmf-building-map-tools==1.11.0', 'console_scripts', 'building_map_generator')())
             ^^^^^^^^^^^^^^^^^^^^^^^^^^^^^^^^^^^^^^^^^^^^^^^^^^^^^^^^^^^^^^^^^^^^^^^^^^^^^^^^^^^^^^^^^^^^^^^
             ^^^^^^^^^^^^^^^^^^^^^^^^^^^^^^^^^^^^^^^^^^^^^^^^^^^^^^^^^^^^^^^^^^^^^^^^^^^^^^^^^^^^^^^^^^^^^^^
  File "/rmf_demos_ws/install/rmf_building_map_tools/lib/rmf_building_map_tools/building_map_generator", line 25, in importlib_load_entry_point
  File "/rmf_demos_ws/install/rmf_building_map_tools/lib/rmf_building_map_tools/building_map_generator", line 25, in importlib_load_entry_point
    return next(matches).load()
    return next(matches).load()
           ^^^^^^^^^^^^^^^^^^^^
  File "/usr/lib/python3.12/importlib/metadata/__init__.py", line 205, in load
           ^^^^^^^^^^^^^^^^^^^^
  File "/usr/lib/python3.12/importlib/metadata/__init__.py", line 205, in load
    module = import_module(match.group('module'))
    module = import_module(match.group('module'))
             ^^^^^^^^^^^^^^^^^^^^^^^^^^^^^^^^^^^^
  File "/usr/lib/python3.12/importlib/__init__.py", line 90, in import_module
             ^^^^^^^^^^^^^^^^^^^^^^^^^^^^^^^^^^^^
  File "/usr/lib/python3.12/importlib/__init__.py", line 90, in import_module
    return _bootstrap._gcd_import(name[level:], package, level)
    return _bootstrap._gcd_import(name[level:], package, level)
           ^^^^^^^^^^^^^^^^^^^^^^^^^^^^^^^^^^^^^^^^^^^^^^^^^^^^
           ^^^^^^^^^^^^^^^^^^^^^^^^^^^^^^^^^^^^^^^^^^^^^^^^^^^^
  File "<frozen importlib._bootstrap>", line 1387, in _gcd_import
  File "<frozen importlib._bootstrap>", line 1387, in _gcd_import
  File "<frozen importlib._bootstrap>", line 1360, in _find_and_load
  File "<frozen importlib._bootstrap>", line 1360, in _find_and_load
  File "<frozen importlib._bootstrap>", line 1331, in _find_and_load_unlocked
  File "<frozen importlib._bootstrap>", line 935, in _load_unlocked
  File "<frozen importlib._bootstrap>", line 1331, in _find_and_load_unlocked
  File "<frozen importlib._bootstrap_external>", line 995, in exec_module
  File "<frozen importlib._bootstrap>", line 935, in _load_unlocked
  File "<frozen importlib._bootstrap>", line 488, in _call_with_frames_removed
  File "<frozen importlib._bootstrap_external>", line 995, in exec_module
  File "/rmf_demos_ws/install/rmf_building_map_tools/lib/python3.12/site-packages/building_map_generator/building_map_generator.py", line 3, in <module>
  File "<frozen importlib._bootstrap>", line 488, in _call_with_frames_removed
  File "/rmf_demos_ws/install/rmf_building_map_tools/lib/python3.12/site-packages/building_map_generator/building_map_generator.py", line 3, in <module>
    from building_map.generator import Generator
    from building_map.generator import Generator
  File "/rmf_demos_ws/install/rmf_building_map_tools/lib/python3.12/site-packages/building_map/generator.py", line 4, in <module>
  File "/rmf_demos_ws/install/rmf_building_map_tools/lib/python3.12/site-packages/building_map/generator.py", line 4, in <module>
    from .building import Building
    from .building import Building
  File "/rmf_demos_ws/install/rmf_building_map_tools/lib/python3.12/site-packages/building_map/building.py", line 1, in <module>
  File "/rmf_demos_ws/install/rmf_building_map_tools/lib/python3.12/site-packages/building_map/building.py", line 1, in <module>
    import fiona
  File "/usr/lib/python3/dist-packages/fiona/__init__.py", line 49, in <module>
    import fiona
  File "/usr/lib/python3/dist-packages/fiona/__init__.py", line 49, in <module>
    from fiona.collection import BytesCollection, Collection
    from fiona.collection import BytesCollection, Collection
  File "/usr/lib/python3/dist-packages/fiona/collection.py", line 10, in <module>
  File "/usr/lib/python3/dist-packages/fiona/collection.py", line 10, in <module>
    from fiona.ogrext import Iterator, ItemsIterator, KeysIterator
    from fiona.ogrext import Iterator, ItemsIterator, KeysIterator
  File "fiona/ogrext.pyx", line 45, in init fiona.ogrext
  File "fiona/ogrext.pyx", line 45, in init fiona.ogrext
  File "/usr/lib/python3/dist-packages/fiona/drvsupport.py", line 209, in <module>
  File "/usr/lib/python3/dist-packages/fiona/drvsupport.py", line 209, in <module>
    _filter_supported_drivers()
    _filter_supported_drivers()
  File "/usr/lib/python3/dist-packages/fiona/drvsupport.py", line 199, in _filter_supported_drivers
  File "/usr/lib/python3/dist-packages/fiona/drvsupport.py", line 199, in _filter_supported_drivers
    with Env() as gdalenv:
  File "/usr/lib/python3/dist-packages/fiona/env.py", line 284, in __enter__
    with Env() as gdalenv:
  File "/usr/lib/python3/dist-packages/fiona/env.py", line 284, in __enter__
    defenv(**self.options)
    defenv(**self.options)
  File "/usr/lib/python3/dist-packages/fiona/env.py", line 315, in defenv
  File "/usr/lib/python3/dist-packages/fiona/env.py", line 315, in defenv
    local._env.start()
  File "fiona/_env.pyx", line 405, in fiona._env.GDALEnv.start
    local._env.start()
  File "fiona/_env.pyx", line 405, in fiona._env.GDALEnv.start
  File "fiona/_env.pyx", line 411, in fiona._env.GDALEnv.start
  File "fiona/_env.pyx", line 411, in fiona._env.GDALEnv.start
  File "<frozen _collections_abc>", line 811, in __contains__
KeyboardInterrupt
  File "<frozen _collections_abc>", line 811, in __contains__
KeyboardInterrupt
gmake[2]: *** [CMakeFiles/generate_library_crowdsim.dir/build.make:77: maps/library/library.world] Error 254
gmake[1]: *** [CMakeFiles/Makefile2:139: CMakeFiles/generate_library_crowdsim.dir/all] Interrupt
gmake[2]: *** [CMakeFiles/generate_library_nav_graphs.dir/build.make:73: maps/library/nav_graphs/phony] Error 254
gmake[1]: *** [CMakeFiles/Makefile2:165: CMakeFiles/generate_library_nav_graphs.dir/all] Interrupt
gmake: *** [Makefile:146: all] Interrupt
