Traceback (most recent call last):
Traceback (most recent call last):
  File "/rmf_demos_ws/install/rmf_building_map_tools/lib/rmf_building_map_tools/building_map_generator", line 33, in <module>
  File "/rmf_demos_ws/install/rmf_building_map_tools/lib/rmf_building_map_tools/building_crowdsim", line 33, in <module>
Traceback (most recent call last):
  File "/rmf_demos_ws/install/rmf_building_map_tools/lib/rmf_building_map_tools/building_crowdsim", line 33, in <module>
    sys.exit(load_entry_point('rmf-building-map-tools==1.11.0', 'console_scripts', 'building_map_generator')())
Traceback (most recent call last):
  File "/opt/ros/jazzy/bin/ros2", line 33, in <module>
Traceback (most recent call last):
    sys.exit(load_entry_point('rmf-building-map-tools==1.11.0', 'console_scripts', 'building_crowdsim')())
Traceback (most recent call last):
    sys.exit(load_entry_point('rmf-building-map-tools==1.11.0', 'console_scripts', 'building_crowdsim')())
             ^^^^^^^^^^^^^^^^^^^^^^^^^^^^^^^^^^^^^^^^^^^^^^^^^^^^^^^^^^^^^^^^^^^^^^^^^^^^^^^^^^^^^^^^^^^^
  File "/rmf_demos_ws/install/rmf_building_map_tools/lib/python3.12/site-packages/building_crowdsim/building_crowdsim.py", line 42, in main
    sys.exit(load_entry_point('ros2cli==0.32.2', 'console_scripts', 'ros2')())
             ^^^^^^^^^^^^^^^^^^^^^^^^^^^^^^^^^^^^^^^^^^^^^^^^^^^^^^^^^^^^^^^^^^^^^^^^^^^^^^^^^^^^^^^^^^^^
  File "/rmf_demos_ws/install/rmf_building_map_tools/lib/python3.12/site-packages/building_crowdsim/building_crowdsim.py", line 45, in main
Traceback (most recent call last):
  File "/rmf_demos_ws/install/rmf_building_map_tools/lib/rmf_building_map_tools/building_crowdsim", line 33, in <module>
  File "/rmf_demos_ws/install/rmf_building_map_tools/lib/rmf_building_map_tools/building_map_generator", line 33, in <module>
Traceback (most recent call last):
             ^^^^^^^^^^^^^^^^^^^^^^^^^^^^^^^^^^^^^^^^^^^^^^^^^^^^^^^^^^^^^^
  File "/opt/ros/jazzy/bin/ros2", line 25, in importlib_load_entry_point
  File "/rmf_demos_ws/install/rmf_building_map_tools/lib/rmf_building_map_tools/building_crowdsim", line 33, in <module>
    sys.exit(load_entry_point('rmf-building-map-tools==1.11.0', 'console_scripts', 'building_crowdsim')())
    return next(matches).load()
           ^^^^^^^^^^^^^^^^^^^^
  File "/usr/lib/python3.12/importlib/metadata/__init__.py", line 205, in load
Traceback (most recent call last):
             ^^^^^^^^^^^^^^^^^^^^^^^^^^^^^^^^^^^^^^^^^^^^^^^^^^^^^^^^^^^^^^^^^^^^^^^^^^^^^^^^^^^^^^^^^^^^
  File "/rmf_demos_ws/install/rmf_building_map_tools/lib/rmf_building_map_tools/building_crowdsim", line 33, in <module>
  File "/rmf_demos_ws/install/rmf_building_map_tools/lib/python3.12/site-packages/building_crowdsim/building_crowdsim.py", line 42, in main
    sys.exit(load_entry_point('rmf-building-map-tools==1.11.0', 'console_scripts', 'building_map_generator')())
    sys.exit(load_entry_point('rmf-building-map-tools==1.11.0', 'console_scripts', 'building_crowdsim')())
             ^^^^^^^^^^^^^^^^^^^^^^^^^^^^^^^^^^^^^^^^^^^^^^^^^^^^^^^^^^^^^^^^^^^^^^^^^^^^^^^^^^^^^^^^^^^^^^^^^
  File "/rmf_demos_ws/install/rmf_building_map_tools/lib/rmf_building_map_tools/building_crowdsim", line 33, in <module>
  File "/rmf_demos_ws/install/rmf_building_map_tools/lib/python3.12/site-packages/building_map_generator/building_map_generator.py", line 25, in main
    sys.exit(load_entry_point('rmf-building-map-tools==1.11.0', 'console_scripts', 'building_crowdsim')())
             ^^^^^^^^^^^^^^^^^^^^^^^^^^^^^^^^^^^^^^^^^^^^^^^^^^^^^^^^^^^^^^^^^^^^^^^^^^^^^^^^^^^^^^^^^^^^^^^^^
    configfile_main(
  File "/rmf_demos_ws/install/rmf_building_map_tools/lib/python3.12/site-packages/building_map_generator/building_map_generator.py", line 25, in main
             ^^^^^^^^^^^^^^^^^^^^^^^^^^^^^^^^^^^^^^^^^^^^^^^^^^^^^^^^^^^^^^^^^^^^^^^^^^^^^^^^^^^^^^^^^^^^
             ^^^^^^^^^^^^^^^^^^^^^^^^^^^^^^^^^^^^^^^^^^^^^^^^^^^^^^^^^^^^^^^^^^^^^^^^^^^^^^^^^^^^^^^^^^^^
  File "/rmf_demos_ws/install/rmf_building_map_tools/lib/python3.12/site-packages/building_crowdsim/building_crowdsim.py", line 42, in main
  File "/rmf_demos_ws/install/rmf_building_map_tools/lib/python3.12/site-packages/building_crowdsim/config/configfile_generator.py", line 137, in configfile_main
  File "/rmf_demos_ws/install/rmf_building_map_tools/lib/python3.12/site-packages/building_crowdsim/building_crowdsim.py", line 42, in main
    navmesh_main(
  File "/rmf_demos_ws/install/rmf_building_map_tools/lib/python3.12/site-packages/building_crowdsim/navmesh/navmesh_generator.py", line 93, in navmesh_main
    sys.exit(load_entry_point('rmf-building-map-tools==1.11.0', 'console_scripts', 'building_crowdsim')())
    navmesh_main(
  File "/rmf_demos_ws/install/rmf_building_map_tools/lib/python3.12/site-packages/building_crowdsim/navmesh/navmesh_generator.py", line 93, in navmesh_main
             ^^^^^^^^^^^^^^^^^^^^^^^^^^^^^^^^^^^^^^^^^^^^^^^^^^^^^^^^^^^^^^^^^^^^^^^^^^^^^^^^^^^^^^^^^^^^
  File "/rmf_demos_ws/install/rmf_building_map_tools/lib/python3.12/site-packages/building_crowdsim/building_crowdsim.py", line 42, in main
    navmesh_main(
    g.generate_nav(args.INPUT, args.OUTPUT_DIR)
  File "/rmf_demos_ws/install/rmf_building_map_tools/lib/python3.12/site-packages/building_crowdsim/navmesh/navmesh_generator.py", line 93, in navmesh_main
    g.generate_nav(args.INPUT, args.OUTPUT_DIR)
    navmesh_main(
  File "/rmf_demos_ws/install/rmf_building_map_tools/lib/python3.12/site-packages/building_map/generator.py", line 54, in generate_nav
  File "/rmf_demos_ws/install/rmf_building_map_tools/lib/python3.12/site-packages/building_crowdsim/navmesh/navmesh_generator.py", line 93, in navmesh_main
  File "/rmf_demos_ws/install/rmf_building_map_tools/lib/python3.12/site-packages/building_map/generator.py", line 54, in generate_nav
    yaml_parse = BuildingYamlParse(map_file)
    yaml_parse = BuildingYamlParse(map_file)
    module = import_module(match.group('module'))
    building = self.parse_editor_yaml(input_filename)
    yaml_parse = BuildingYamlParse(map_file)
    yaml_parse = BuildingYamlParse(map_file)
               ^^^^^^^^^^^^^^^^^^^^^^^^^^^^^^^^^^^^^^
    navmesh_main(
  File "/rmf_demos_ws/install/rmf_building_map_tools/lib/python3.12/site-packages/building_map/generator.py", line 17, in parse_editor_yaml
    yaml_parse = BuildingYamlParse(map_file)
  File "/rmf_demos_ws/install/rmf_building_map_tools/lib/python3.12/site-packages/building_crowdsim/navmesh/navmesh_generator.py", line 93, in navmesh_main
Traceback (most recent call last):
             ^^^^^^^^^^^^^^^^^^^^^^^^^^^^^^^^^^^^
                 ^^^^^^^^^^^^^^^^^^^^^^^^^^^
  File "/usr/lib/python3.12/importlib/__init__.py", line 90, in import_module
  File "/opt/ros/jazzy/bin/ros2", line 10, in <module>
    building = self.parse_editor_yaml(input_filename)
  File "/rmf_demos_ws/install/rmf_building_map_tools/lib/python3.12/site-packages/building_crowdsim/building_yaml_parse.py", line 57, in __init__
                 ^^^^^^^^^^^^^^^^^^^^^^^^^^^
  File "/rmf_demos_ws/install/rmf_building_map_tools/lib/python3.12/site-packages/building_crowdsim/building_yaml_parse.py", line 57, in __init__
    y = yaml.load(f, Loader=yaml.CLoader)
               ^^^^^^^^^^^^^^^^^^^^^^^^^^^^^^^^^^^^^^
  File "/rmf_demos_ws/install/rmf_building_map_tools/lib/python3.12/site-packages/building_map/generator.py", line 17, in parse_editor_yaml
                 ^^^^^^^^^^^^^^^^^^^^^^^^^^^
    yaml_parse = BuildingYamlParse(map_file)
  File "/rmf_demos_ws/install/rmf_building_map_tools/lib/python3.12/site-packages/building_crowdsim/building_yaml_parse.py", line 57, in __init__
                 ^^^^^^^^^^^^^^^^^^^^^^^^^^^
    y = yaml.load(f, Loader=yaml.CLoader)
        ^^^^^^^^^^^^^^^^^^^^^^^^^^^^^^^^^
    return _bootstrap._gcd_import(name[level:], package, level)
  File "/usr/lib/python3/dist-packages/yaml/__init__.py", line 81, in load
        ^^^^^^^^^^^^^^^^^^^^^^^^^^^^^^^^^
  File "/usr/lib/python3/dist-packages/yaml/__init__.py", line 81, in load
           ^^^^^^^^^^^^^^^^^^^^^^^^^^^^^^^^^^^^^^^^^^^^^^^^^^^^
    from importlib.metadata import distribution
  File "<frozen importlib._bootstrap>", line 1387, in _gcd_import
  File "<frozen importlib._bootstrap>", line 1360, in _find_and_load
  File "<frozen importlib._bootstrap>", line 1331, in _find_and_load_unlocked
  File "/usr/lib/python3.12/importlib/metadata/__init__.py", line 8, in <module>
  File "<frozen importlib._bootstrap>", line 935, in _load_unlocked
  File "<frozen importlib._bootstrap_external>", line 995, in exec_module
  File "<frozen importlib._bootstrap>", line 488, in _call_with_frames_removed
  File "/opt/ros/jazzy/lib/python3.12/site-packages/ros2cli/cli.py", line 22, in <module>
    import zipfile
  File "/usr/lib/python3.12/zipfile/__init__.py", line 10, in <module>
    from rclpy.executors import ExternalShutdownException
    self.yaml_node = yaml.load(f, yaml.SafeLoader)
  File "/opt/ros/jazzy/lib/python3.12/site-packages/rclpy/executors.py", line 15, in <module>
                 ^^^^^^^^^^^^^^^^^^^^^^^^^^^
  File "/rmf_demos_ws/install/rmf_building_map_tools/lib/python3.12/site-packages/building_crowdsim/building_yaml_parse.py", line 57, in __init__
    return loader.get_single_data()
                 ^^^^^^^^^^^^^^^^^^^^^^^^^^^
                     ^^^^^^^^^^^^^^^^^^^^^^^^^^^^^
    return loader.get_single_data()
    from concurrent.futures import ThreadPoolExecutor
  File "/usr/lib/python3/dist-packages/yaml/__init__.py", line 81, in load
           ^^^^^^^^^^^^^^^^^^^^^^^^
    self.yaml_node = yaml.load(f, yaml.SafeLoader)
  File "/usr/lib/python3/dist-packages/yaml/constructor.py", line 51, in get_single_data
  File "<frozen importlib._bootstrap>", line 1412, in _handle_fromlist
  File "/usr/lib/python3.12/concurrent/futures/__init__.py", line 49, in __getattr__
    self.yaml_node = yaml.load(f, yaml.SafeLoader)
                     ^^^^^^^^^^^^^^^^^^^^^^^^^^^^^
  File "/usr/lib/python3/dist-packages/yaml/__init__.py", line 81, in load
                     ^^^^^^^^^^^^^^^^^^^^^^^^^^^^^
  File "/usr/lib/python3/dist-packages/yaml/__init__.py", line 81, in load
    return loader.get_single_data()
  File "/rmf_demos_ws/install/rmf_building_map_tools/lib/python3.12/site-packages/building_crowdsim/building_yaml_parse.py", line 57, in __init__
           ^^^^^^^^^^^^^^^^^^^^^^^^
    return loader.get_single_data()
  File "/usr/lib/python3/dist-packages/yaml/constructor.py", line 51, in get_single_data
           ^^^^^^^^^^^^^^^^^^^^^^^^
  File "/rmf_demos_ws/install/rmf_building_map_tools/lib/python3.12/site-packages/building_crowdsim/building_yaml_parse.py", line 57, in __init__
           ^^^^^^^^^^^^^^^^^^^^^^^^
  File "/usr/lib/python3/dist-packages/yaml/constructor.py", line 49, in get_single_data
  File "/usr/lib/python3/dist-packages/yaml/constructor.py", line 49, in get_single_data
    from .thread import ThreadPoolExecutor as te
    node = self.get_single_node()
    self.yaml_node = yaml.load(f, yaml.SafeLoader)
    return loader.get_single_data()
    self.yaml_node = yaml.load(f, yaml.SafeLoader)
    return self.construct_document(node)
           ^^^^^^^^^^^^^^^^^^^^^^
  File "/usr/lib/python3/dist-packages/yaml/composer.py", line 36, in get_single_node
                     ^^^^^^^^^^^^^^^^^^^^^^^^^^^^^
  File "/usr/lib/python3/dist-packages/yaml/__init__.py", line 81, in load
           ^^^^^^^^^^^^^^^^^^^^^^^^
           ^^^^^^^^^^^^^^^^^^^^^^^^^^^^^
  File "/usr/lib/python3/dist-packages/yaml/constructor.py", line 49, in get_single_data
  File "/usr/lib/python3/dist-packages/yaml/constructor.py", line 60, in construct_document
                     ^^^^^^^^^^^^^^^^^^^^^^^^^^^^^
  File "/usr/lib/python3/dist-packages/yaml/__init__.py", line 81, in load
    node = self.get_single_node()
    for dummy in generator:
    node = self.get_single_node()
  File "/usr/lib/python3/dist-packages/yaml/constructor.py", line 408, in construct_yaml_seq
    return loader.get_single_data()
    self.yaml_node = yaml.load(f, yaml.SafeLoader)
           ^^^^^^^^^^^^^^^^^^^^^^
    return loader.get_single_data()
           ^^^^^^^^^^^^^^^^^^^^^^^^
  File "/usr/lib/python3/dist-packages/yaml/constructor.py", line 49, in get_single_data
    node = self.get_single_node()
           ^^^^^^^^^^^^^^^^^^^^^^
  File "/usr/lib/python3/dist-packages/yaml/composer.py", line 36, in get_single_node
    document = self.compose_document()
               ^^^^^^^^^^^^^^^^^^^^^^^
  File "/usr/lib/python3/dist-packages/yaml/composer.py", line 55, in compose_document
    node = self.compose_node(None, None)
           ^^^^^^^^^^^^^^^^^^^^^^^^^^^^^
  File "/usr/lib/python3/dist-packages/yaml/composer.py", line 84, in compose_node
    node = self.compose_mapping_node(anchor)
           ^^^^^^^^^^^^^^^^^^^^^^^^^^^^^^^^^
  File "/usr/lib/python3/dist-packages/yaml/composer.py", line 133, in compose_mapping_node
    item_value = self.compose_node(node, item_key)
gmake[2]: *** [CMakeFiles/generate_triple_H_crowdsim.dir/build.make:72: triple_H_crowdsim] Interrupt
                 ^^^^^^^^^^^^^^^^^^^^^^^^^^^^^^^^^
  File "/usr/lib/python3/dist-packages/yaml/composer.py", line 84, in compose_node
    import shutil
  File "<frozen importlib._bootstrap>", line 1360, in _find_and_load
  File "<frozen importlib._bootstrap>", line 1331, in _find_and_load_unlocked
  File "<frozen importlib._bootstrap>", line 935, in _load_unlocked
  File "<frozen importlib._bootstrap_external>", line 991, in exec_module
  File "<frozen importlib._bootstrap_external>", line 1124, in get_code
    node = self.compose_mapping_node(anchor)
  File "<frozen importlib._bootstrap_external>", line 753, in _compile_bytecode
KeyboardInterrupt
           ^^^^^^^^^^^^^^^^^^^^^^^^^^^^^^^^^
  File "/usr/lib/python3/dist-packages/yaml/composer.py", line 133, in compose_mapping_node
    item_value = self.compose_node(node, item_key)
                 ^^^^^^^^^^^^^^^^^^^^^^^^^^^^^^^^^
  File "/usr/lib/python3/dist-packages/yaml/composer.py", line 84, in compose_node
           ^^^^^^^^^^^^^^^^^^^^^^^^
  File "/usr/lib/python3/dist-packages/yaml/constructor.py", line 49, in get_single_data
gmake[1]: *** [CMakeFiles/Makefile2:643: CMakeFiles/generate_triple_H_crowdsim.dir/all] Interrupt
    node = self.compose_mapping_node(anchor)
           ^^^^^^^^^^^^^^^^^^^^^^
           ^^^^^^^^^^^^^^^^^^^^^^^^^^^^^^^^^
  File "/usr/lib/python3/dist-packages/yaml/composer.py", line 133, in compose_mapping_node
  File "/usr/lib/python3/dist-packages/yaml/composer.py", line 36, in get_single_node
    node = self.get_single_node()
  File "/usr/lib/python3.12/concurrent/futures/thread.py", line 10, in <module>
           ^^^^^^^^^^^^^^^^^^^^^^
  File "/usr/lib/python3/dist-packages/yaml/composer.py", line 36, in get_single_node
    item_value = self.compose_node(node, item_key)
    document = self.compose_document()
                 ^^^^^^^^^^^^^^^^^^^^^^^^^^^^^^^^^
  File "/usr/lib/python3/dist-packages/yaml/composer.py", line 82, in compose_node
    document = self.compose_document()
               ^^^^^^^^^^^^^^^^^^^^^^^
  File "/usr/lib/python3/dist-packages/yaml/composer.py", line 55, in compose_document
               ^^^^^^^^^^^^^^^^^^^^^^^
  File "/usr/lib/python3/dist-packages/yaml/composer.py", line 55, in compose_document
    node = self.compose_sequence_node(anchor)
           ^^^^^^^^^^^^^^^^^^^^^^^^^^^^^^^^^^
  File "/usr/lib/python3/dist-packages/yaml/composer.py", line 111, in compose_sequence_node
    node = self.compose_node(None, None)
    node = self.compose_node(None, None)
           ^^^^^^^^^^^^^^^^^^^^^^^^^^^^^
           ^^^^^^^^^^^^^^^^^^^^^^^^^^^^^
  File "/usr/lib/python3/dist-packages/yaml/composer.py", line 84, in compose_node
  File "/usr/lib/python3/dist-packages/yaml/composer.py", line 84, in compose_node
    node.value.append(self.compose_node(node, index))
                      ^^^^^^^^^^^^^^^^^^^^^^^^^^^^^^
  File "/usr/lib/python3/dist-packages/yaml/composer.py", line 82, in compose_node
    node = self.compose_mapping_node(anchor)
    node = self.compose_mapping_node(anchor)
           ^^^^^^^^^^^^^^^^^^^^^^^^^^^^^^^^^
           ^^^^^^^^^^^^^^^^^^^^^^^^^^^^^^^^^
  File "/usr/lib/python3/dist-packages/yaml/composer.py", line 133, in compose_mapping_node
  File "/usr/lib/python3/dist-packages/yaml/composer.py", line 133, in compose_mapping_node
    node = self.compose_sequence_node(anchor)
    import queue
           ^^^^^^^^^^^^^^^^^^^^^^^^^^^^^^^^^^
  File "<frozen importlib._bootstrap>", line 1360, in _find_and_load
  File "/usr/lib/python3/dist-packages/yaml/composer.py", line 111, in compose_sequence_node
  File "<frozen importlib._bootstrap>", line 1322, in _find_and_load_unlocked
  File "<frozen importlib._bootstrap>", line 1262, in _find_spec
  File "<frozen importlib._bootstrap_external>", line 1528, in find_spec
  File "<frozen importlib._bootstrap_external>", line 1502, in _get_spec
    item_value = self.compose_node(node, item_key)
  File "<frozen importlib._bootstrap_external>", line 1601, in find_spec
  File "<frozen importlib._bootstrap_external>", line 147, in _path_stat
    item_value = self.compose_node(node, item_key)
KeyboardInterrupt
                 ^^^^^^^^^^^^^^^^^^^^^^^^^^^^^^^^^
    node.value.append(self.compose_node(node, index))
  File "/usr/lib/python3/dist-packages/yaml/composer.py", line 84, in compose_node
                 ^^^^^^^^^^^^^^^^^^^^^^^^^^^^^^^^^
  File "/usr/lib/python3/dist-packages/yaml/composer.py", line 84, in compose_node
                      ^^^^^^^^^^^^^^^^^^^^^^^^^^^^^^
  File "/usr/lib/python3/dist-packages/yaml/composer.py", line 84, in compose_node
    node = self.compose_mapping_node(anchor)
           ^^^^^^^^^^^^^^^^^^^^^^^^^^^^^^^^^
    node = self.compose_mapping_node(anchor)
    node = self.compose_mapping_node(anchor)
  File "/usr/lib/python3/dist-packages/yaml/composer.py", line 133, in compose_mapping_node
           ^^^^^^^^^^^^^^^^^^^^^^^^^^^^^^^^^
           ^^^^^^^^^^^^^^^^^^^^^^^^^^^^^^^^^
  File "/usr/lib/python3/dist-packages/yaml/composer.py", line 133, in compose_mapping_node
  File "/usr/lib/python3/dist-packages/yaml/composer.py", line 133, in compose_mapping_node
    item_value = self.compose_node(node, item_key)
    item_value = self.compose_node(node, item_key)
                 ^^^^^^^^^^^^^^^^^^^^^^^^^^^^^^^^^
  File "/usr/lib/python3/dist-packages/yaml/composer.py", line 84, in compose_node
    item_value = self.compose_node(node, item_key)
                 ^^^^^^^^^^^^^^^^^^^^^^^^^^^^^^^^^
  File "/usr/lib/python3/dist-packages/yaml/composer.py", line 82, in compose_node
                 ^^^^^^^^^^^^^^^^^^^^^^^^^^^^^^^^^
  File "/usr/lib/python3/dist-packages/yaml/composer.py", line 84, in compose_node
    node = self.compose_mapping_node(anchor)
    node = self.compose_sequence_node(anchor)
           ^^^^^^^^^^^^^^^^^^^^^^^^^^^^^^^^^
  File "/usr/lib/python3/dist-packages/yaml/composer.py", line 133, in compose_mapping_node
           ^^^^^^^^^^^^^^^^^^^^^^^^^^^^^^^^^^
    node = self.compose_mapping_node(anchor)
  File "/usr/lib/python3/dist-packages/yaml/composer.py", line 111, in compose_sequence_node
           ^^^^^^^^^^^^^^^^^^^^^^^^^^^^^^^^^
  File "/usr/lib/python3/dist-packages/yaml/composer.py", line 133, in compose_mapping_node
    item_value = self.compose_node(node, item_key)
                 ^^^^^^^^^^^^^^^^^^^^^^^^^^^^^^^^^
  File "/usr/lib/python3/dist-packages/yaml/composer.py", line 82, in compose_node
    item_value = self.compose_node(node, item_key)
    node.value.append(self.compose_node(node, index))
    node = self.compose_sequence_node(anchor)
                 ^^^^^^^^^^^^^^^^^^^^^^^^^^^^^^^^^
  File "/usr/lib/python3/dist-packages/yaml/composer.py", line 82, in compose_node
           ^^^^^^^^^^^^^^^^^^^^^^^^^^^^^^^^^^
  File "/usr/lib/python3/dist-packages/yaml/composer.py", line 110, in compose_sequence_node
                      ^^^^^^^^^^^^^^^^^^^^^^^^^^^^^^
  File "/usr/lib/python3/dist-packages/yaml/composer.py", line 63, in compose_node
    node = self.compose_sequence_node(anchor)
    while not self.check_event(SequenceEndEvent):
           ^^^^^^^^^^^^^^^^^^^^^^^^^^^^^^^^^^
  File "/usr/lib/python3/dist-packages/yaml/composer.py", line 111, in compose_sequence_node
                     ^^^^^^^^^^^^^^^^^^^^^^^^^^^^^
              ^^^^^^^^^^^^^^^^^^^^^^^^^^^^^^^^^^
    return self.construct_document(node)
  File "/usr/lib/python3/dist-packages/yaml/parser.py", line 98, in check_event
  File "/usr/lib/python3/dist-packages/yaml/__init__.py", line 81, in load
    def compose_node(self, parent, index):

    node.value.append(self.compose_node(node, index))
KeyboardInterrupt
           ^^^^^^^^^^^^^^^^^^^^^^^^^^^^^
  File "/usr/lib/python3/dist-packages/yaml/constructor.py", line 60, in construct_document
                      ^^^^^^^^^^^^^^^^^^^^^^^^^^^^^^
  File "/usr/lib/python3/dist-packages/yaml/composer.py", line 82, in compose_node
  File "/usr/lib/python3/dist-packages/yaml/composer.py", line 36, in get_single_node
    return loader.get_single_data()
    node = self.compose_sequence_node(anchor)
           ^^^^^^^^^^^^^^^^^^^^^^^^
    for dummy in generator:
           ^^^^^^^^^^^^^^^^^^^^^^^^^^^^^^^^^^
  File "/usr/lib/python3/dist-packages/yaml/constructor.py", line 49, in get_single_data
  File "/usr/lib/python3/dist-packages/yaml/constructor.py", line 408, in construct_yaml_seq
  File "/usr/lib/python3/dist-packages/yaml/composer.py", line 110, in compose_sequence_node
    while not self.check_event(SequenceEndEvent):
    node = self.get_single_node()
              ^^^^^^^^^^^^^^^^^^^^^^^^^^^^^^^^^^
           ^^^^^^^^^^^^^^^^^^^^^^
  File "/usr/lib/python3/dist-packages/yaml/parser.py", line 98, in check_event
  File "/usr/lib/python3/dist-packages/yaml/composer.py", line 36, in get_single_node
    data.extend(self.construct_sequence(node))
                ^^^^^^^^^^^^^^^^^^^^^^^^^^^^^
    document = self.compose_document()
  File "/usr/lib/python3/dist-packages/yaml/constructor.py", line 124, in construct_sequence
    self.current_event = self.state()
    document = self.compose_document()
                         ^^^^^^^^^^^^
  File "/usr/lib/python3/dist-packages/yaml/parser.py", line 384, in parse_block_sequence_entry
    self.current_event = self.state()
               ^^^^^^^^^^^^^^^^^^^^^^^
  File "/usr/lib/python3/dist-packages/yaml/composer.py", line 55, in compose_document
    def construct_sequence(self, node, deep=False):
                         ^^^^^^^^^^^^

  File "/usr/lib/python3/dist-packages/yaml/parser.py", line 495, in parse_flow_sequence_entry
KeyboardInterrupt
    node = self.compose_node(None, None)
           ^^^^^^^^^^^^^^^^^^^^^^^^^^^^^
  File "/usr/lib/python3/dist-packages/yaml/composer.py", line 84, in compose_node
               ^^^^^^^^^^^^^^^^^^^^^^^
    if not self.check_token(BlockEntryToken, BlockEndToken):
  File "/usr/lib/python3/dist-packages/yaml/composer.py", line 55, in compose_document
           ^^^^^^^^^^^^^^^^^^^^^^^^^^^^^^^^^^^^^^^^^^^^^^^^
  File "/usr/lib/python3/dist-packages/yaml/scanner.py", line 115, in check_token
    return self.parse_flow_node()
    node = self.compose_mapping_node(anchor)
           ^^^^^^^^^^^^^^^^^^^^^^
  File "/usr/lib/python3/dist-packages/yaml/parser.py", line 268, in parse_flow_node
           ^^^^^^^^^^^^^^^^^^^^^^^^^^^^^^^^^
    node = self.compose_node(None, None)
    document = self.compose_document()
               ^^^^^^^^^^^^^^^^^^^^^^^
  File "/usr/lib/python3/dist-packages/yaml/composer.py", line 55, in compose_document
    node = self.compose_node(None, None)
           ^^^^^^^^^^^^^^^^^^^^^^^^^^^^^
  File "/usr/lib/python3/dist-packages/yaml/composer.py", line 84, in compose_node
    node = self.compose_mapping_node(anchor)
           ^^^^^^^^^^^^^^^^^^^^^^^^^^^^^^^^^
  File "/usr/lib/python3/dist-packages/yaml/composer.py", line 133, in compose_mapping_node
    item_value = self.compose_node(node, item_key)
                 ^^^^^^^^^^^^^^^^^^^^^^^^^^^^^^^^^
  File "/usr/lib/python3/dist-packages/yaml/composer.py", line 84, in compose_node
    node = self.compose_mapping_node(anchor)
           ^^^^^^^^^^^^^^^^^^^^^^^^^^^^^^^^^
  File "/usr/lib/python3/dist-packages/yaml/composer.py", line 133, in compose_mapping_node
    item_value = self.compose_node(node, item_key)
                 ^^^^^^^^^^^^^^^^^^^^^^^^^^^^^^^^^
  File "/usr/lib/python3/dist-packages/yaml/composer.py", line 84, in compose_node
    node = self.compose_mapping_node(anchor)
           ^^^^^^^^^^^^^^^^^^^^^^^^^^^^^^^^^
  File "/usr/lib/python3/dist-packages/yaml/composer.py", line 133, in compose_mapping_node
    item_value = self.compose_node(node, item_key)
                 ^^^^^^^^^^^^^^^^^^^^^^^^^^^^^^^^^
  File "/usr/lib/python3/dist-packages/yaml/composer.py", line 82, in compose_node
    node = self.compose_sequence_node(anchor)
           ^^^^^^^^^^^^^^^^^^^^^^^^^^^^^^^^^^
  File "/usr/lib/python3/dist-packages/yaml/composer.py", line 110, in compose_sequence_node
    while not self.check_event(SequenceEndEvent):
              ^^^^^^^^^^^^^^^^^^^^^^^^^^^^^^^^^^
    data.extend(self.construct_sequence(node))
  File "/usr/lib/python3/dist-packages/yaml/parser.py", line 98, in check_event
                ^^^^^^^^^^^^^^^^^^^^^^^^^^^^^
  File "/usr/lib/python3/dist-packages/yaml/constructor.py", line 129, in construct_sequence
    self.current_event = self.state()
                         ^^^^^^^^^^^^
  File "/usr/lib/python3/dist-packages/yaml/parser.py", line 384, in parse_block_sequence_entry
    return [self.construct_object(child, deep=deep)
            ^^^^^^^^^^^^^^^^^^^^^^^^^^^^^^^^^^^^^^^
    if not self.check_token(BlockEntryToken, BlockEndToken):
  File "/usr/lib/python3/dist-packages/yaml/constructor.py", line 100, in construct_object
           ^^^^^^^^^^^^^^^^^^^^^^^^^^^^^^^^^^^^^^^^^^^^^^^^
  File "/usr/lib/python3/dist-packages/yaml/scanner.py", line 116, in check_token
    data = constructor(self, node)
           ^^^^^^^^^^^^^^^^^^^^^^^
  File "/usr/lib/python3/dist-packages/yaml/constructor.py", line 237, in construct_yaml_int
    self.fetch_more_tokens()
  File "/usr/lib/python3/dist-packages/yaml/scanner.py", line 195, in fetch_more_tokens
    def construct_yaml_int(self, node):

KeyboardInterrupt
           ^^^^^^^^^^^^^^^^^^^^^^^^^^^^^
  File "/usr/lib/python3/dist-packages/yaml/composer.py", line 84, in compose_node
    node = self.compose_mapping_node(anchor)
           ^^^^^^^^^^^^^^^^^^^^^^^^^^^^^^^^^
  File "/usr/lib/python3/dist-packages/yaml/composer.py", line 133, in compose_mapping_node
    item_value = self.compose_node(node, item_key)
                 ^^^^^^^^^^^^^^^^^^^^^^^^^^^^^^^^^
  File "/usr/lib/python3/dist-packages/yaml/composer.py", line 84, in compose_node
    node = self.compose_mapping_node(anchor)
           ^^^^^^^^^^^^^^^^^^^^^^^^^^^^^^^^^
  File "/usr/lib/python3/dist-packages/yaml/composer.py", line 133, in compose_mapping_node
    item_value = self.compose_node(node, item_key)
                 ^^^^^^^^^^^^^^^^^^^^^^^^^^^^^^^^^
  File "/usr/lib/python3/dist-packages/yaml/composer.py", line 84, in compose_node
    node = self.compose_mapping_node(anchor)
           ^^^^^^^^^^^^^^^^^^^^^^^^^^^^^^^^^
  File "/usr/lib/python3/dist-packages/yaml/composer.py", line 133, in compose_mapping_node
    item_value = self.compose_node(node, item_key)
                 ^^^^^^^^^^^^^^^^^^^^^^^^^^^^^^^^^
  File "/usr/lib/python3/dist-packages/yaml/composer.py", line 82, in compose_node
    node = self.compose_sequence_node(anchor)
           ^^^^^^^^^^^^^^^^^^^^^^^^^^^^^^^^^^
  File "/usr/lib/python3/dist-packages/yaml/composer.py", line 111, in compose_sequence_node
    node.value.append(self.compose_node(node, index))
                      ^^^^^^^^^^^^^^^^^^^^^^^^^^^^^^
  File "/usr/lib/python3/dist-packages/yaml/composer.py", line 82, in compose_node
    node = self.compose_sequence_node(anchor)
           ^^^^^^^^^^^^^^^^^^^^^^^^^^^^^^^^^^
  File "/usr/lib/python3/dist-packages/yaml/composer.py", line 110, in compose_sequence_node
    while not self.check_event(SequenceEndEvent):
              ^^^^^^^^^^^^^^^^^^^^^^^^^^^^^^^^^^
  File "/usr/lib/python3/dist-packages/yaml/parser.py", line 98, in check_event
    self.current_event = self.state()
                         ^^^^^^^^^^^^
  File "/usr/lib/python3/dist-packages/yaml/parser.py", line 486, in parse_flow_sequence_entry
    if self.check_token(KeyToken):
       ^^^^^^^^^^^^^^^^^^^^^^^^^^
  File "/usr/lib/python3/dist-packages/yaml/scanner.py", line 113, in check_token
    def check_token(self, *choices):
  File "/usr/lib/python3/dist-packages/yaml/composer.py", line 133, in compose_mapping_node

    return self.parse_node()
KeyboardInterrupt
           ^^^^^^^^^^^^^^^^^
  File "/usr/lib/python3/dist-packages/yaml/parser.py", line 344, in parse_node
    item_value = self.compose_node(node, item_key)
                 ^^^^^^^^^^^^^^^^^^^^^^^^^^^^^^^^^
  File "/usr/lib/python3/dist-packages/yaml/composer.py", line 84, in compose_node
    event = MappingStartEvent(anchor, tag, implicit,
            ^^^^^^^^^^^^^^^^^^^^^^^^^^^^^^^^^^^^^^^^
KeyboardInterrupt
    node = self.compose_mapping_node(anchor)
           ^^^^^^^^^^^^^^^^^^^^^^^^^^^^^^^^^
  File "/usr/lib/python3/dist-packages/yaml/composer.py", line 133, in compose_mapping_node
    item_value = self.compose_node(node, item_key)
                 ^^^^^^^^^^^^^^^^^^^^^^^^^^^^^^^^^
  File "/usr/lib/python3/dist-packages/yaml/composer.py", line 84, in compose_node
    node = self.compose_mapping_node(anchor)
           ^^^^^^^^^^^^^^^^^^^^^^^^^^^^^^^^^
  File "/usr/lib/python3/dist-packages/yaml/composer.py", line 133, in compose_mapping_node
    item_value = self.compose_node(node, item_key)
                 ^^^^^^^^^^^^^^^^^^^^^^^^^^^^^^^^^
  File "/usr/lib/python3/dist-packages/yaml/composer.py", line 82, in compose_node
    node = self.compose_sequence_node(anchor)
           ^^^^^^^^^^^^^^^^^^^^^^^^^^^^^^^^^^
  File "/usr/lib/python3/dist-packages/yaml/composer.py", line 110, in compose_sequence_node
    while not self.check_event(SequenceEndEvent):
              ^^^^^^^^^^^^^^^^^^^^^^^^^^^^^^^^^^
  File "/usr/lib/python3/dist-packages/yaml/parser.py", line 98, in check_event
    self.current_event = self.state()
                         ^^^^^^^^^^^^
  File "/usr/lib/python3/dist-packages/yaml/parser.py", line 384, in parse_block_sequence_entry
    if not self.check_token(BlockEntryToken, BlockEndToken):
           ^^^^^^^^^^^^^^^^^^^^^^^^^^^^^^^^^^^^^^^^^^^^^^^^
  File "/usr/lib/python3/dist-packages/yaml/scanner.py", line 116, in check_token
    self.fetch_more_tokens()
  File "/usr/lib/python3/dist-packages/yaml/scanner.py", line 255, in fetch_more_tokens
    return self.fetch_plain()
           ^^^^^^^^^^^^^^^^^^
  File "/usr/lib/python3/dist-packages/yaml/scanner.py", line 679, in fetch_plain
    self.tokens.append(self.scan_plain())
                       ^^^^^^^^^^^^^^^^^
  File "/usr/lib/python3/dist-packages/yaml/scanner.py", line 1303, in scan_plain
    return self.fetch_flow_sequence_start()
           ^^^^^^^^^^^^^^^^^^^^^^^^^^^^^^^^
  File "/usr/lib/python3/dist-packages/yaml/scanner.py", line 424, in fetch_flow_sequence_start
    self.forward(length)
    def fetch_flow_sequence_start(self):

KeyboardInterrupt
  File "/usr/lib/python3/dist-packages/yaml/reader.py", line 99, in forward
    while self.need_more_tokens():
gmake[2]: *** [CMakeFiles/generate_battle_royale_crowdsim.dir/build.make:73: battle_royale_crowdsim] Interrupt
          ^^^^^^^^^^^^^^^^^^^^^^^
    def forward(self, length=1):
  File "/usr/lib/python3/dist-packages/yaml/scanner.py", line 152, in need_more_tokens

KeyboardInterrupt
    self.stale_possible_simple_keys()
  File "/usr/lib/python3/dist-packages/yaml/scanner.py", line 286, in stale_possible_simple_keys
    for level in list(self.possible_simple_keys):
                 ^^^^^^^^^^^^^^^^^^^^^^^^^^^^^^^
KeyboardInterrupt
gmake[1]: *** [CMakeFiles/Makefile2:279: CMakeFiles/generate_battle_royale_crowdsim.dir/all] Interrupt
gmake[2]: *** [CMakeFiles/generate_simple_crowdsim.dir/build.make:73: simple_crowdsim] Interrupt
gmake[1]: *** [CMakeFiles/Makefile2:591: CMakeFiles/generate_simple_crowdsim.dir/all] Interrupt
Traceback (most recent call last):
  File "/rmf_demos_ws/install/rmf_building_map_tools/lib/rmf_building_map_tools/building_map_generator", line 33, in <module>
    sys.exit(load_entry_point('rmf-building-map-tools==1.11.0', 'console_scripts', 'building_map_generator')())
             ^^^^^^^^^^^^^^^^^^^^^^^^^^^^^^^^^^^^^^^^^^^^^^^^^^^^^^^^^^^^^^^^^^^^^^^^^^^^^^^^^^^^^^^^^^^^^^^^^
  File "/rmf_demos_ws/install/rmf_building_map_tools/lib/python3.12/site-packages/building_map_generator/building_map_generator.py", line 25, in main
    g.generate_nav(args.INPUT, args.OUTPUT_DIR)
  File "/rmf_demos_ws/install/rmf_building_map_tools/lib/python3.12/site-packages/building_map/generator.py", line 54, in generate_nav
    building = self.parse_editor_yaml(input_filename)
               ^^^^^^^^^^^^^^^^^^^^^^^^^^^^^^^^^^^^^^
  File "/rmf_demos_ws/install/rmf_building_map_tools/lib/python3.12/site-packages/building_map/generator.py", line 17, in parse_editor_yaml
    y = yaml.load(f, Loader=yaml.CLoader)
        ^^^^^^^^^^^^^^^^^^^^^^^^^^^^^^^^^
  File "/usr/lib/python3/dist-packages/yaml/__init__.py", line 81, in load
    return loader.get_single_data()
           ^^^^^^^^^^^^^^^^^^^^^^^^
  File "/usr/lib/python3/dist-packages/yaml/constructor.py", line 49, in get_single_data
    node = self.get_single_node()
           ^^^^^^^^^^^^^^^^^^^^^^
  File "yaml/_yaml.pyx", line 673, in yaml._yaml.CParser.get_single_node
  File "yaml/_yaml.pyx", line 687, in yaml._yaml.CParser._compose_document
  File "yaml/_yaml.pyx", line 731, in yaml._yaml.CParser._compose_node
  File "yaml/_yaml.pyx", line 845, in yaml._yaml.CParser._compose_mapping_node
Traceback (most recent call last):
  File "/rmf_demos_ws/install/rmf_building_map_tools/lib/rmf_building_map_tools/building_crowdsim", line 33, in <module>
    sys.exit(load_entry_point('rmf-building-map-tools==1.11.0', 'console_scripts', 'building_crowdsim')())
             ^^^^^^^^^^^^^^^^^^^^^^^^^^^^^^^^^^^^^^^^^^^^^^^^^^^^^^^^^^^^^^^^^^^^^^^^^^^^^^^^^^^^^^^^^^^^
  File "/rmf_demos_ws/install/rmf_building_map_tools/lib/python3.12/site-packages/building_crowdsim/building_crowdsim.py", line 45, in main
  File "yaml/_yaml.pyx", line 731, in yaml._yaml.CParser._compose_node
    configfile_main(
  File "/rmf_demos_ws/install/rmf_building_map_tools/lib/python3.12/site-packages/building_crowdsim/config/configfile_generator.py", line 137, in configfile_main
    yaml_parse = BuildingYamlParse(map_file)
                 ^^^^^^^^^^^^^^^^^^^^^^^^^^^
  File "/rmf_demos_ws/install/rmf_building_map_tools/lib/python3.12/site-packages/building_crowdsim/building_yaml_parse.py", line 57, in __init__
    self.yaml_node = yaml.load(f, yaml.SafeLoader)
                     ^^^^^^^^^^^^^^^^^^^^^^^^^^^^^
  File "/usr/lib/python3/dist-packages/yaml/__init__.py", line 81, in load
    return loader.get_single_data()
           ^^^^^^^^^^^^^^^^^^^^^^^^
  File "/usr/lib/python3/dist-packages/yaml/constructor.py", line 49, in get_single_data
  File "yaml/_yaml.pyx", line 845, in yaml._yaml.CParser._compose_mapping_node
    node = self.get_single_node()
           ^^^^^^^^^^^^^^^^^^^^^^
  File "/usr/lib/python3/dist-packages/yaml/composer.py", line 36, in get_single_node
    document = self.compose_document()
               ^^^^^^^^^^^^^^^^^^^^^^^
  File "/usr/lib/python3/dist-packages/yaml/composer.py", line 55, in compose_document
    node = self.compose_node(None, None)
           ^^^^^^^^^^^^^^^^^^^^^^^^^^^^^
  File "/usr/lib/python3/dist-packages/yaml/composer.py", line 84, in compose_node
    node = self.compose_mapping_node(anchor)
  File "yaml/_yaml.pyx", line 731, in yaml._yaml.CParser._compose_node
           ^^^^^^^^^^^^^^^^^^^^^^^^^^^^^^^^^
  File "/usr/lib/python3/dist-packages/yaml/composer.py", line 133, in compose_mapping_node
    item_value = self.compose_node(node, item_key)
                 ^^^^^^^^^^^^^^^^^^^^^^^^^^^^^^^^^
  File "/usr/lib/python3/dist-packages/yaml/composer.py", line 84, in compose_node
    node = self.compose_mapping_node(anchor)
           ^^^^^^^^^^^^^^^^^^^^^^^^^^^^^^^^^
  File "/usr/lib/python3/dist-packages/yaml/composer.py", line 133, in compose_mapping_node
    item_value = self.compose_node(node, item_key)
  File "yaml/_yaml.pyx", line 845, in yaml._yaml.CParser._compose_mapping_node
                 ^^^^^^^^^^^^^^^^^^^^^^^^^^^^^^^^^
  File "/usr/lib/python3/dist-packages/yaml/composer.py", line 84, in compose_node
    node = self.compose_mapping_node(anchor)
           ^^^^^^^^^^^^^^^^^^^^^^^^^^^^^^^^^
  File "/usr/lib/python3/dist-packages/yaml/composer.py", line 133, in compose_mapping_node
    item_value = self.compose_node(node, item_key)
                 ^^^^^^^^^^^^^^^^^^^^^^^^^^^^^^^^^
  File "/usr/lib/python3/dist-packages/yaml/composer.py", line 82, in compose_node
    node = self.compose_sequence_node(anchor)
           ^^^^^^^^^^^^^^^^^^^^^^^^^^^^^^^^^^
  File "yaml/_yaml.pyx", line 729, in yaml._yaml.CParser._compose_node
  File "/usr/lib/python3/dist-packages/yaml/composer.py", line 110, in compose_sequence_node
    while not self.check_event(SequenceEndEvent):
              ^^^^^^^^^^^^^^^^^^^^^^^^^^^^^^^^^^
  File "/usr/lib/python3/dist-packages/yaml/parser.py", line 98, in check_event
    self.current_event = self.state()
                         ^^^^^^^^^^^^
  File "/usr/lib/python3/dist-packages/yaml/parser.py", line 384, in parse_block_sequence_entry
    if not self.check_token(BlockEntryToken, BlockEndToken):
  File "yaml/_yaml.pyx", line 806, in yaml._yaml.CParser._compose_sequence_node
           ^^^^^^^^^^^^^^^^^^^^^^^^^^^^^^^^^^^^^^^^^^^^^^^^
  File "/usr/lib/python3/dist-packages/yaml/scanner.py", line 115, in check_token
    while self.need_more_tokens():
          ^^^^^^^^^^^^^^^^^^^^^^^
  File "/usr/lib/python3/dist-packages/yaml/scanner.py", line 152, in need_more_tokens
    self.stale_possible_simple_keys()
  File "/usr/lib/python3/dist-packages/yaml/scanner.py", line 289, in stale_possible_simple_keys
    or self.index-key.index > 1024:
  File "yaml/_yaml.pyx", line 729, in yaml._yaml.CParser._compose_node
       ^^^^^^^^^^^^^^^^^^^^^^^^^^^
KeyboardInterrupt
  File "yaml/_yaml.pyx", line 806, in yaml._yaml.CParser._compose_sequence_node
  File "yaml/_yaml.pyx", line 731, in yaml._yaml.CParser._compose_node
  File "yaml/_yaml.pyx", line 844, in yaml._yaml.CParser._compose_mapping_node
  File "yaml/_yaml.pyx", line 727, in yaml._yaml.CParser._compose_node
  File "yaml/_yaml.pyx", line 771, in yaml._yaml.CParser._compose_scalar_node
  File "/usr/lib/python3/dist-packages/yaml/nodes.py", line 27, in __init__
    def __init__(self, tag, value,

KeyboardInterrupt
gmake[2]: *** [CMakeFiles/generate_simple_nav_graphs.dir/build.make:73: maps/simple/nav_graphs/phony] Interrupt
gmake[1]: *** [CMakeFiles/Makefile2:617: CMakeFiles/generate_simple_nav_graphs.dir/all] Interrupt
gmake[2]: *** [CMakeFiles/generate_airport_terminal_nav_graphs.dir/build.make:73: maps/airport_terminal/nav_graphs/phony] Error 254
gmake[1]: *** [CMakeFiles/Makefile2:253: CMakeFiles/generate_airport_terminal_nav_graphs.dir/all] Interrupt
gmake[1]: *** [CMakeFiles/Makefile2:357: CMakeFiles/generate_campus_nav_graphs.dir/all] Interrupt
gmake[2]: *** [CMakeFiles/generate_office_crowdsim.dir/build.make:73: office_crowdsim] Error 254
gmake[1]: *** [CMakeFiles/Makefile2:539: CMakeFiles/generate_office_crowdsim.dir/all] Interrupt
gmake[2]: *** [CMakeFiles/generate_clinic_crowdsim.dir/build.make:73: clinic_crowdsim] Error 254
gmake[1]: *** [CMakeFiles/Makefile2:383: CMakeFiles/generate_clinic_crowdsim.dir/all] Interrupt
gmake[2]: *** [CMakeFiles/generate_icc_kyoto_crowdsim.dir/build.make:73: icc_kyoto_crowdsim] Error 254
gmake[1]: *** [CMakeFiles/Makefile2:487: CMakeFiles/generate_icc_kyoto_crowdsim.dir/all] Interrupt
gmake[2]: *** [CMakeFiles/generate_TD_crowdsim.dir/build.make:73: TD_crowdsim] Error 254
gmake[1]: *** [CMakeFiles/Makefile2:175: CMakeFiles/generate_TD_crowdsim.dir/all] Interrupt
gmake[2]: *** [CMakeFiles/generate_airport_terminal_crowdsim.dir/build.make:73: airport_terminal_crowdsim] Error 254
gmake[1]: *** [CMakeFiles/Makefile2:227: CMakeFiles/generate_airport_terminal_crowdsim.dir/all] Interrupt
gmake[2]: *** [CMakeFiles/generate_icc_kyoto_nav_graphs.dir/build.make:73: maps/icc_kyoto/nav_graphs/phony] Error 254
gmake[1]: *** [CMakeFiles/Makefile2:513: CMakeFiles/generate_icc_kyoto_nav_graphs.dir/all] Interrupt
gmake[2]: *** [CMakeFiles/generate_TD_nav_graphs.dir/build.make:73: maps/TD/nav_graphs/phony] Error 254
gmake[1]: *** [CMakeFiles/Makefile2:201: CMakeFiles/generate_TD_nav_graphs.dir/all] Interrupt
gmake[2]: *** [CMakeFiles/generate_hotel_crowdsim.dir/build.make:73: hotel_crowdsim] Error 254
gmake[1]: *** [CMakeFiles/Makefile2:435: CMakeFiles/generate_hotel_crowdsim.dir/all] Interrupt
gmake[2]: *** [CMakeFiles/generate_campus_crowdsim.dir/build.make:73: campus_crowdsim] Error 254
gmake[1]: *** [CMakeFiles/Makefile2:331: CMakeFiles/generate_campus_crowdsim.dir/all] Interrupt
gmake[2]: *** [CMakeFiles/generate_clinic_nav_graphs.dir/build.make:73: maps/clinic/nav_graphs/phony] Error 254
gmake[1]: *** [CMakeFiles/Makefile2:409: CMakeFiles/generate_clinic_nav_graphs.dir/all] Interrupt
gmake: *** [Makefile:146: all] Interrupt
