[0.267s] Invoking command in '/home/usuario/Documentos/GitHub/IR2134/rmf_demos/build/rmf_visualization_floorplans': /usr/bin/cmake /home/usuario/Documentos/GitHub/IR2134/rmf_demos/rmf_visualization/rmf_visualization_floorplans -DCMAKE_INSTALL_PREFIX=/home/usuario/Documentos/GitHub/IR2134/rmf_demos/install/rmf_visualization_floorplans
[0.513s] -- The C compiler identification is GNU 10.5.0
[0.751s] -- The CXX compiler identification is GNU 10.5.0
[0.787s] -- Detecting C compiler ABI info
[1.313s] -- Detecting C compiler ABI info - done
[1.341s] -- Check for working C compiler: /usr/bin/cc - skipped
[1.341s] -- Detecting C compile features
[1.341s] -- Detecting C compile features - done
[1.374s] -- Detecting CXX compiler ABI info
[1.860s] -- Detecting CXX compiler ABI info - done
[1.884s] -- Check for working CXX compiler: /usr/bin/c++ - skipped
[1.885s] -- Detecting CXX compile features
[1.885s] -- Detecting CXX compile features - done
[1.922s] -- Configuring incomplete, errors occurred!
[1.922s] See also "/home/usuario/Documentos/GitHub/IR2134/rmf_demos/build/rmf_visualization_floorplans/CMakeFiles/CMakeOutput.log".
[1.923s] [31mCMake Error at CMakeLists.txt:10 (find_package):
[1.923s]   By not providing "Findeigen3_cmake_module.cmake" in CMAKE_MODULE_PATH this
[1.923s]   project has asked CMake to find a package configuration file provided by
[1.923s]   "eigen3_cmake_module", but CMake did not find one.
[1.923s] 
[1.923s]   Could not find a package configuration file provided by
[1.923s]   "eigen3_cmake_module" with any of the following names:
[1.923s] 
[1.923s]     eigen3_cmake_moduleConfig.cmake
[1.924s]     eigen3_cmake_module-config.cmake
[1.924s] 
[1.924s]   Add the installation prefix of "eigen3_cmake_module" to CMAKE_PREFIX_PATH
[1.924s]   or set "eigen3_cmake_module_DIR" to a directory containing one of the above
[1.924s]   files.  If "eigen3_cmake_module" provides a separate development package or
[1.924s]   SDK, be sure it has been installed.
[1.924s] 
[1.924s] [0m
