[0.079s] Invoking command in '/home/usuario/rmf_demos/build/rmf_demos_assets': CMAKE_PREFIX_PATH=/opt/ros/humble /usr/bin/cmake --build /home/usuario/rmf_demos/build/rmf_demos_assets -- -j4 -l4
[0.535s] Invoked command in '/home/usuario/rmf_demos/build/rmf_demos_assets' returned '0': CMAKE_PREFIX_PATH=/opt/ros/humble /usr/bin/cmake --build /home/usuario/rmf_demos/build/rmf_demos_assets -- -j4 -l4
[0.559s] Invoking command in '/home/usuario/rmf_demos/build/rmf_demos_assets': CMAKE_PREFIX_PATH=/opt/ros/humble /usr/bin/cmake --install /home/usuario/rmf_demos/build/rmf_demos_assets
[1.270s] -- Install configuration: ""
[1.270s] -- Up-to-date: /home/usuario/rmf_demos/install/rmf_demos_assets/share/rmf_demos_assets/environment/rmf_demos_assets.dsv
[1.270s] -- Up-to-date: /home/usuario/rmf_demos/install/rmf_demos_assets/share/rmf_demos_assets/models
[1.270s] -- Up-to-date: /home/usuario/rmf_demos/install/rmf_demos_assets/share/rmf_demos_assets/models/HospitalRobot
[1.270s] -- Up-to-date: /home/usuario/rmf_demos/install/rmf_demos_assets/share/rmf_demos_assets/models/HospitalRobot/meshes
[1.270s] -- Up-to-date: /home/usuario/rmf_demos/install/rmf_demos_assets/share/rmf_demos_assets/models/HospitalRobot/meshes/FatWheel.mtl
[1.270s] -- Up-to-date: /home/usuario/rmf_demos/install/rmf_demos_assets/share/rmf_demos_assets/models/HospitalRobot/meshes/HospitalRobot.obj
[1.270s] -- Up-to-date: /home/usuario/rmf_demos/install/rmf_demos_assets/share/rmf_demos_assets/models/HospitalRobot/meshes/FatWheel.obj
[1.270s] -- Up-to-date: /home/usuario/rmf_demos/install/rmf_demos_assets/share/rmf_demos_assets/models/HospitalRobot/meshes/HospitalRobot.mtl
[1.270s] -- Up-to-date: /home/usuario/rmf_demos/install/rmf_demos_assets/share/rmf_demos_assets/models/HospitalRobot/meshes/SmallWheel.obj
[1.270s] -- Up-to-date: /home/usuario/rmf_demos/install/rmf_demos_assets/share/rmf_demos_assets/models/HospitalRobot/meshes/SmallWheel.mtl
[1.270s] -- Up-to-date: /home/usuario/rmf_demos/install/rmf_demos_assets/share/rmf_demos_assets/models/HospitalRobot/meshes/HospitalRobot_Diffuse.png
[1.270s] -- Up-to-date: /home/usuario/rmf_demos/install/rmf_demos_assets/share/rmf_demos_assets/models/HospitalRobot/model.config
[1.271s] -- Up-to-date: /home/usuario/rmf_demos/install/rmf_demos_assets/share/rmf_demos_assets/models/HospitalRobot/model.sdf
[1.271s] -- Up-to-date: /home/usuario/rmf_demos/install/rmf_demos_assets/share/rmf_demos_assets/models/HospitalRobot/thumbnails
[1.271s] -- Up-to-date: /home/usuario/rmf_demos/install/rmf_demos_assets/share/rmf_demos_assets/models/HospitalRobot/thumbnails/4.png
[1.271s] -- Up-to-date: /home/usuario/rmf_demos/install/rmf_demos_assets/share/rmf_demos_assets/models/HospitalRobot/thumbnails/1.png
[1.271s] -- Up-to-date: /home/usuario/rmf_demos/install/rmf_demos_assets/share/rmf_demos_assets/models/HospitalRobot/thumbnails/3.png
[1.271s] -- Up-to-date: /home/usuario/rmf_demos/install/rmf_demos_assets/share/rmf_demos_assets/models/HospitalRobot/thumbnails/2.png
[1.271s] -- Up-to-date: /home/usuario/rmf_demos/install/rmf_demos_assets/share/rmf_demos_assets/models/HospitalRobot/thumbnails/5.png
[1.271s] -- Up-to-date: /home/usuario/rmf_demos/install/rmf_demos_assets/share/rmf_demos_assets/models/TeleportIngestor
[1.271s] -- Up-to-date: /home/usuario/rmf_demos/install/rmf_demos_assets/share/rmf_demos_assets/models/TeleportIngestor/model.config
[1.271s] -- Up-to-date: /home/usuario/rmf_demos/install/rmf_demos_assets/share/rmf_demos_assets/models/TeleportIngestor/model.sdf
[1.271s] -- Up-to-date: /home/usuario/rmf_demos/install/rmf_demos_assets/share/rmf_demos_assets/models/DeliveryRobot
[1.271s] -- Up-to-date: /home/usuario/rmf_demos/install/rmf_demos_assets/share/rmf_demos_assets/models/DeliveryRobot/meshes
[1.271s] -- Up-to-date: /home/usuario/rmf_demos/install/rmf_demos_assets/share/rmf_demos_assets/models/DeliveryRobot/meshes/WheelMain.mtl
[1.271s] -- Up-to-date: /home/usuario/rmf_demos/install/rmf_demos_assets/share/rmf_demos_assets/models/DeliveryRobot/meshes/body.obj
[1.271s] -- Up-to-date: /home/usuario/rmf_demos/install/rmf_demos_assets/share/rmf_demos_assets/models/DeliveryRobot/meshes/body.mtl
[1.271s] -- Up-to-date: /home/usuario/rmf_demos/install/rmf_demos_assets/share/rmf_demos_assets/models/DeliveryRobot/meshes/DeliveryRobot_Diffuse.png
[1.272s] -- Up-to-date: /home/usuario/rmf_demos/install/rmf_demos_assets/share/rmf_demos_assets/models/DeliveryRobot/meshes/WheelSide.mtl
[1.272s] -- Up-to-date: /home/usuario/rmf_demos/install/rmf_demos_assets/share/rmf_demos_assets/models/DeliveryRobot/meshes/WheelSide.obj
[1.272s] -- Up-to-date: /home/usuario/rmf_demos/install/rmf_demos_assets/share/rmf_demos_assets/models/DeliveryRobot/meshes/WheelMain.obj
[1.272s] -- Up-to-date: /home/usuario/rmf_demos/install/rmf_demos_assets/share/rmf_demos_assets/models/DeliveryRobot/model.config
[1.272s] -- Up-to-date: /home/usuario/rmf_demos/install/rmf_demos_assets/share/rmf_demos_assets/models/DeliveryRobot/model.sdf
[1.272s] -- Up-to-date: /home/usuario/rmf_demos/install/rmf_demos_assets/share/rmf_demos_assets/models/CleanerBotA
[1.272s] -- Up-to-date: /home/usuario/rmf_demos/install/rmf_demos_assets/share/rmf_demos_assets/models/CleanerBotA/meshes
[1.272s] -- Up-to-date: /home/usuario/rmf_demos/install/rmf_demos_assets/share/rmf_demos_assets/models/CleanerBotA/meshes/CleanerBotA.mtl
[1.272s] -- Up-to-date: /home/usuario/rmf_demos/install/rmf_demos_assets/share/rmf_demos_assets/models/CleanerBotA/meshes/CleanerBotA_WheelFront.mtl
[1.272s] -- Up-to-date: /home/usuario/rmf_demos/install/rmf_demos_assets/share/rmf_demos_assets/models/CleanerBotA/meshes/CleanerBotA_WheelBack.obj
[1.272s] -- Up-to-date: /home/usuario/rmf_demos/install/rmf_demos_assets/share/rmf_demos_assets/models/CleanerBotA/meshes/CleanerBotA_WheelBack.mtl
[1.272s] -- Up-to-date: /home/usuario/rmf_demos/install/rmf_demos_assets/share/rmf_demos_assets/models/CleanerBotA/meshes/CleanerBotA.obj
[1.272s] -- Up-to-date: /home/usuario/rmf_demos/install/rmf_demos_assets/share/rmf_demos_assets/models/CleanerBotA/meshes/CleanerBotA_WheelFront.obj
[1.272s] -- Up-to-date: /home/usuario/rmf_demos/install/rmf_demos_assets/share/rmf_demos_assets/models/CleanerBotA/meshes/CleanerBotA_Diffuse.png
[1.272s] -- Up-to-date: /home/usuario/rmf_demos/install/rmf_demos_assets/share/rmf_demos_assets/models/CleanerBotA/model.config
[1.273s] -- Up-to-date: /home/usuario/rmf_demos/install/rmf_demos_assets/share/rmf_demos_assets/models/CleanerBotA/model.sdf
[1.273s] -- Up-to-date: /home/usuario/rmf_demos/install/rmf_demos_assets/share/rmf_demos_assets/models/Caddy
[1.273s] -- Up-to-date: /home/usuario/rmf_demos/install/rmf_demos_assets/share/rmf_demos_assets/models/Caddy/meshes
[1.273s] -- Up-to-date: /home/usuario/rmf_demos/install/rmf_demos_assets/share/rmf_demos_assets/models/Caddy/meshes/polaris.dae
[1.273s] -- Up-to-date: /home/usuario/rmf_demos/install/rmf_demos_assets/share/rmf_demos_assets/models/Caddy/materials
[1.273s] -- Up-to-date: /home/usuario/rmf_demos/install/rmf_demos_assets/share/rmf_demos_assets/models/Caddy/materials/textures
[1.273s] -- Up-to-date: /home/usuario/rmf_demos/install/rmf_demos_assets/share/rmf_demos_assets/models/Caddy/materials/textures/Ranger_Diffuse.png
[1.273s] -- Up-to-date: /home/usuario/rmf_demos/install/rmf_demos_assets/share/rmf_demos_assets/models/Caddy/materials/textures/FNR_switch_R.png
[1.273s] -- Up-to-date: /home/usuario/rmf_demos/install/rmf_demos_assets/share/rmf_demos_assets/models/Caddy/materials/textures/FNR_switch_F.png
[1.273s] -- Up-to-date: /home/usuario/rmf_demos/install/rmf_demos_assets/share/rmf_demos_assets/models/Caddy/materials/textures/Ranger_Spec.png
[1.273s] -- Up-to-date: /home/usuario/rmf_demos/install/rmf_demos_assets/share/rmf_demos_assets/models/Caddy/materials/scripts
[1.273s] -- Up-to-date: /home/usuario/rmf_demos/install/rmf_demos_assets/share/rmf_demos_assets/models/Caddy/materials/scripts/polaris.material
[1.273s] -- Up-to-date: /home/usuario/rmf_demos/install/rmf_demos_assets/share/rmf_demos_assets/models/Caddy/model-1_3.sdf
[1.273s] -- Up-to-date: /home/usuario/rmf_demos/install/rmf_demos_assets/share/rmf_demos_assets/models/Caddy/model.config
[1.273s] -- Up-to-date: /home/usuario/rmf_demos/install/rmf_demos_assets/share/rmf_demos_assets/models/Caddy/model.sdf
[1.274s] -- Up-to-date: /home/usuario/rmf_demos/install/rmf_demos_assets/share/rmf_demos_assets/models/Caddy/model-1_4.sdf
[1.274s] -- Up-to-date: /home/usuario/rmf_demos/install/rmf_demos_assets/share/rmf_demos_assets/models/TeleportDispenser
[1.274s] -- Up-to-date: /home/usuario/rmf_demos/install/rmf_demos_assets/share/rmf_demos_assets/models/TeleportDispenser/model.config
[1.274s] -- Up-to-date: /home/usuario/rmf_demos/install/rmf_demos_assets/share/rmf_demos_assets/models/TeleportDispenser/model.sdf
[1.274s] -- Up-to-date: /home/usuario/rmf_demos/install/rmf_demos_assets/share/rmf_demos_assets/models/TinyRobot
[1.274s] -- Up-to-date: /home/usuario/rmf_demos/install/rmf_demos_assets/share/rmf_demos_assets/models/TinyRobot/meshes
[1.274s] -- Up-to-date: /home/usuario/rmf_demos/install/rmf_demos_assets/share/rmf_demos_assets/models/TinyRobot/meshes/tinyRobot_body.dae
[1.274s] -- Up-to-date: /home/usuario/rmf_demos/install/rmf_demos_assets/share/rmf_demos_assets/models/TinyRobot/meshes/caster_wheel.dae
[1.274s] -- Up-to-date: /home/usuario/rmf_demos/install/rmf_demos_assets/share/rmf_demos_assets/models/TinyRobot/meshes/front_wheel.dae
[1.274s] -- Up-to-date: /home/usuario/rmf_demos/install/rmf_demos_assets/share/rmf_demos_assets/models/TinyRobot/meshes/sensors
[1.274s] -- Up-to-date: /home/usuario/rmf_demos/install/rmf_demos_assets/share/rmf_demos_assets/models/TinyRobot/meshes/sensors/sonar_hc-sr04.dae
[1.274s] -- Up-to-date: /home/usuario/rmf_demos/install/rmf_demos_assets/share/rmf_demos_assets/models/TinyRobot/meshes/sensors/raspi_camera.dae
[1.274s] -- Up-to-date: /home/usuario/rmf_demos/install/rmf_demos_assets/share/rmf_demos_assets/models/TinyRobot/model.config
[1.275s] -- Up-to-date: /home/usuario/rmf_demos/install/rmf_demos_assets/share/rmf_demos_assets/models/TinyRobot/model.sdf
[1.275s] -- Up-to-date: /home/usuario/rmf_demos/install/rmf_demos_assets/share/rmf_demos_assets/models/RobotPlaceholder
[1.275s] -- Up-to-date: /home/usuario/rmf_demos/install/rmf_demos_assets/share/rmf_demos_assets/models/RobotPlaceholder/model.config
[1.275s] -- Up-to-date: /home/usuario/rmf_demos/install/rmf_demos_assets/share/rmf_demos_assets/models/RobotPlaceholder/model.sdf
[1.275s] -- Up-to-date: /home/usuario/rmf_demos/install/rmf_demos_assets/share/rmf_demos_assets/models/CleanerBotE
[1.275s] -- Up-to-date: /home/usuario/rmf_demos/install/rmf_demos_assets/share/rmf_demos_assets/models/CleanerBotE/meshes
[1.275s] -- Up-to-date: /home/usuario/rmf_demos/install/rmf_demos_assets/share/rmf_demos_assets/models/CleanerBotE/meshes/CleanerBotE_Wheel.obj
[1.275s] -- Up-to-date: /home/usuario/rmf_demos/install/rmf_demos_assets/share/rmf_demos_assets/models/CleanerBotE/meshes/CleanerBotE.obj
[1.275s] -- Up-to-date: /home/usuario/rmf_demos/install/rmf_demos_assets/share/rmf_demos_assets/models/CleanerBotE/meshes/CleanerBotE_Col.mtl
[1.275s] -- Up-to-date: /home/usuario/rmf_demos/install/rmf_demos_assets/share/rmf_demos_assets/models/CleanerBotE/meshes/CleanerBotE_Wheel.mtl
[1.275s] -- Up-to-date: /home/usuario/rmf_demos/install/rmf_demos_assets/share/rmf_demos_assets/models/CleanerBotE/meshes/CleanerBotE_Col.obj
[1.275s] -- Up-to-date: /home/usuario/rmf_demos/install/rmf_demos_assets/share/rmf_demos_assets/models/CleanerBotE/meshes/CleanerBotE.mtl
[1.275s] -- Up-to-date: /home/usuario/rmf_demos/install/rmf_demos_assets/share/rmf_demos_assets/models/CleanerBotE/meshes/CleanerBotE_Diffuse.png
[1.275s] -- Up-to-date: /home/usuario/rmf_demos/install/rmf_demos_assets/share/rmf_demos_assets/models/CleanerBotE/model.config
[1.275s] -- Up-to-date: /home/usuario/rmf_demos/install/rmf_demos_assets/share/rmf_demos_assets/models/CleanerBotE/model.sdf
[1.276s] -- Up-to-date: /home/usuario/rmf_demos/install/rmf_demos_assets/share/ament_index/resource_index/package_run_dependencies/rmf_demos_assets
[1.276s] -- Up-to-date: /home/usuario/rmf_demos/install/rmf_demos_assets/share/ament_index/resource_index/parent_prefix_path/rmf_demos_assets
[1.276s] -- Up-to-date: /home/usuario/rmf_demos/install/rmf_demos_assets/share/rmf_demos_assets/environment/ament_prefix_path.sh
[1.276s] -- Up-to-date: /home/usuario/rmf_demos/install/rmf_demos_assets/share/rmf_demos_assets/environment/ament_prefix_path.dsv
[1.276s] -- Up-to-date: /home/usuario/rmf_demos/install/rmf_demos_assets/share/rmf_demos_assets/environment/path.sh
[1.276s] -- Up-to-date: /home/usuario/rmf_demos/install/rmf_demos_assets/share/rmf_demos_assets/environment/path.dsv
[1.276s] -- Up-to-date: /home/usuario/rmf_demos/install/rmf_demos_assets/share/rmf_demos_assets/local_setup.bash
[1.276s] -- Up-to-date: /home/usuario/rmf_demos/install/rmf_demos_assets/share/rmf_demos_assets/local_setup.sh
[1.276s] -- Up-to-date: /home/usuario/rmf_demos/install/rmf_demos_assets/share/rmf_demos_assets/local_setup.zsh
[1.276s] -- Up-to-date: /home/usuario/rmf_demos/install/rmf_demos_assets/share/rmf_demos_assets/local_setup.dsv
[1.276s] -- Up-to-date: /home/usuario/rmf_demos/install/rmf_demos_assets/share/rmf_demos_assets/package.dsv
[1.276s] -- Up-to-date: /home/usuario/rmf_demos/install/rmf_demos_assets/share/ament_index/resource_index/packages/rmf_demos_assets
[1.276s] -- Up-to-date: /home/usuario/rmf_demos/install/rmf_demos_assets/share/rmf_demos_assets/cmake/rmf_demos_assetsConfig.cmake
[1.276s] -- Up-to-date: /home/usuario/rmf_demos/install/rmf_demos_assets/share/rmf_demos_assets/cmake/rmf_demos_assetsConfig-version.cmake
[1.277s] -- Up-to-date: /home/usuario/rmf_demos/install/rmf_demos_assets/share/rmf_demos_assets/package.xml
[1.291s] Invoked command in '/home/usuario/rmf_demos/build/rmf_demos_assets' returned '0': CMAKE_PREFIX_PATH=/opt/ros/humble /usr/bin/cmake --install /home/usuario/rmf_demos/build/rmf_demos_assets
