[2.637s] Invoking command in '/home/usuario/rmf_demos/rmf_demos_bridges': PYTHONPATH=/home/usuario/rmf_demos/build/rmf_demos_bridges/prefix_override:/usr/lib/python3/dist-packages/colcon_core/task/python/colcon_distutils_commands:/home/usuario/rmf_demos/install/rmf_demos_bridges/lib/python3.12/site-packages:${PYTHONPATH} /usr/bin/python3 -W ignore:setup.py install is deprecated -W ignore:easy_install command is deprecated setup.py egg_info --egg-base ../build/rmf_demos_bridges build --build-base /home/usuario/rmf_demos/build/rmf_demos_bridges/build install --record /home/usuario/rmf_demos/build/rmf_demos_bridges/install.log --single-version-externally-managed install_data
[3.313s] running egg_info
[3.417s] writing ../build/rmf_demos_bridges/rmf_demos_bridges.egg-info/PKG-INFO
[3.417s] writing dependency_links to ../build/rmf_demos_bridges/rmf_demos_bridges.egg-info/dependency_links.txt
[3.417s] writing entry points to ../build/rmf_demos_bridges/rmf_demos_bridges.egg-info/entry_points.txt
[3.420s] writing requirements to ../build/rmf_demos_bridges/rmf_demos_bridges.egg-info/requires.txt
[3.420s] writing top-level names to ../build/rmf_demos_bridges/rmf_demos_bridges.egg-info/top_level.txt
[3.695s] reading manifest file '../build/rmf_demos_bridges/rmf_demos_bridges.egg-info/SOURCES.txt'
[3.700s] writing manifest file '../build/rmf_demos_bridges/rmf_demos_bridges.egg-info/SOURCES.txt'
[3.700s] running build
[3.700s] running build_py
[3.700s] running install
[3.700s] running install_lib
[3.709s] running install_data
[3.709s] running install_egg_info
[3.716s] removing '/home/usuario/rmf_demos/install/rmf_demos_bridges/lib/python3.12/site-packages/rmf_demos_bridges-2.5.0-py3.12.egg-info' (and everything under it)
[3.716s] Copying ../build/rmf_demos_bridges/rmf_demos_bridges.egg-info to /home/usuario/rmf_demos/install/rmf_demos_bridges/lib/python3.12/site-packages/rmf_demos_bridges-2.5.0-py3.12.egg-info
[3.792s] running install_scripts
[4.124s] Installing fleet_robotmanager_mqtt_bridge script to /home/usuario/rmf_demos/install/rmf_demos_bridges/lib/rmf_demos_bridges
[4.125s] Installing fleet_socketio_bridge script to /home/usuario/rmf_demos/install/rmf_demos_bridges/lib/rmf_demos_bridges
[4.126s] writing list of installed files to '/home/usuario/rmf_demos/build/rmf_demos_bridges/install.log'
[4.194s] Invoked command in '/home/usuario/rmf_demos/rmf_demos_bridges' returned '0': PYTHONPATH=/home/usuario/rmf_demos/build/rmf_demos_bridges/prefix_override:/usr/lib/python3/dist-packages/colcon_core/task/python/colcon_distutils_commands:/home/usuario/rmf_demos/install/rmf_demos_bridges/lib/python3.12/site-packages:${PYTHONPATH} /usr/bin/python3 -W ignore:setup.py install is deprecated -W ignore:easy_install command is deprecated setup.py egg_info --egg-base ../build/rmf_demos_bridges build --build-base /home/usuario/rmf_demos/build/rmf_demos_bridges/build install --record /home/usuario/rmf_demos/build/rmf_demos_bridges/install.log --single-version-externally-managed install_data
