[0mBUILDING WORLDFILE WITH COMMAND: ros2 run rmf_building_map_tools building_map_generator gazebo /home/usuario/rmf_demos/rmf_demos_maps/maps/airport_terminal/airport_terminal.building.yaml /home/usuario/rmf_demos/build/rmf_demos_maps/maps/airport_terminal/airport_terminal.world /home/usuario/rmf_demos/build/rmf_demos_maps/maps/airport_terminal/models[0m
[0mDOWNLOADING MODELS WITH COMMAND: ros2 run rmf_building_map_tools building_map_model_downloader /home/usuario/rmf_demos/rmf_demos_maps/maps/airport_terminal/airport_terminal.building.yaml[0m
[0mBUILDING WORLDFILE WITH COMMAND: ros2 run rmf_building_map_tools building_map_generator gazebo /home/usuario/rmf_demos/rmf_demos_maps/maps/battle_royale/battle_royale.building.yaml /home/usuario/rmf_demos/build/rmf_demos_maps/maps/battle_royale/battle_royale.world /home/usuario/rmf_demos/build/rmf_demos_maps/maps/battle_royale/models[0m
[0mDOWNLOADING MODELS WITH COMMAND: ros2 run rmf_building_map_tools building_map_model_downloader /home/usuario/rmf_demos/rmf_demos_maps/maps/battle_royale/battle_royale.building.yaml[0m
[0mBUILDING WORLDFILE WITH COMMAND: ros2 run rmf_building_map_tools building_map_generator gazebo /home/usuario/rmf_demos/rmf_demos_maps/maps/campus/campus.building.yaml /home/usuario/rmf_demos/build/rmf_demos_maps/maps/campus/campus.world /home/usuario/rmf_demos/build/rmf_demos_maps/maps/campus/models[0m
[0mDOWNLOADING MODELS WITH COMMAND: ros2 run rmf_building_map_tools building_map_model_downloader /home/usuario/rmf_demos/rmf_demos_maps/maps/campus/campus.building.yaml[0m
[0mBUILDING WORLDFILE WITH COMMAND: ros2 run rmf_building_map_tools building_map_generator gazebo /home/usuario/rmf_demos/rmf_demos_maps/maps/clinic/clinic.building.yaml /home/usuario/rmf_demos/build/rmf_demos_maps/maps/clinic/clinic.world /home/usuario/rmf_demos/build/rmf_demos_maps/maps/clinic/models[0m
[0mDOWNLOADING MODELS WITH COMMAND: ros2 run rmf_building_map_tools building_map_model_downloader /home/usuario/rmf_demos/rmf_demos_maps/maps/clinic/clinic.building.yaml[0m
[0mBUILDING WORLDFILE WITH COMMAND: ros2 run rmf_building_map_tools building_map_generator gazebo /home/usuario/rmf_demos/rmf_demos_maps/maps/hotel/hotel.building.yaml /home/usuario/rmf_demos/build/rmf_demos_maps/maps/hotel/hotel.world /home/usuario/rmf_demos/build/rmf_demos_maps/maps/hotel/models[0m
[0mDOWNLOADING MODELS WITH COMMAND: ros2 run rmf_building_map_tools building_map_model_downloader /home/usuario/rmf_demos/rmf_demos_maps/maps/hotel/hotel.building.yaml[0m
[0mBUILDING WORLDFILE WITH COMMAND: ros2 run rmf_building_map_tools building_map_generator gazebo /home/usuario/rmf_demos/rmf_demos_maps/maps/icc_kyoto/icc_kyoto.building.yaml /home/usuario/rmf_demos/build/rmf_demos_maps/maps/icc_kyoto/icc_kyoto.world /home/usuario/rmf_demos/build/rmf_demos_maps/maps/icc_kyoto/models[0m
[0mDOWNLOADING MODELS WITH COMMAND: ros2 run rmf_building_map_tools building_map_model_downloader /home/usuario/rmf_demos/rmf_demos_maps/maps/icc_kyoto/icc_kyoto.building.yaml[0m
[0mBUILDING WORLDFILE WITH COMMAND: ros2 run rmf_building_map_tools building_map_generator gazebo /home/usuario/rmf_demos/rmf_demos_maps/maps/office/office.building.yaml /home/usuario/rmf_demos/build/rmf_demos_maps/maps/office/office.world /home/usuario/rmf_demos/build/rmf_demos_maps/maps/office/models[0m
[0mDOWNLOADING MODELS WITH COMMAND: ros2 run rmf_building_map_tools building_map_model_downloader /home/usuario/rmf_demos/rmf_demos_maps/maps/office/office.building.yaml[0m
[0mBUILDING WORLDFILE WITH COMMAND: ros2 run rmf_building_map_tools building_map_generator gazebo /home/usuario/rmf_demos/rmf_demos_maps/maps/triple_H/triple_H.building.yaml /home/usuario/rmf_demos/build/rmf_demos_maps/maps/triple_H/triple_H.world /home/usuario/rmf_demos/build/rmf_demos_maps/maps/triple_H/models[0m
[0mDOWNLOADING MODELS WITH COMMAND: ros2 run rmf_building_map_tools building_map_model_downloader /home/usuario/rmf_demos/rmf_demos_maps/maps/triple_H/triple_H.building.yaml[0m
Package 'rmf_building_map_tools' not found
gmake[2]: *** [CMakeFiles/generate_battle_royale_crowdsim.dir/build.make:77: maps/battle_royale/battle_royale.world] Error 1
gmake[1]: *** [CMakeFiles/Makefile2:219: CMakeFiles/generate_battle_royale_crowdsim.dir/all] Error 2
gmake[1]: *** Se espera a que terminen otras tareas....
Package 'rmf_building_map_tools' not found
gmake[2]: *** [CMakeFiles/generate_airport_terminal_nav_graphs.dir/build.make:73: maps/airport_terminal/nav_graphs/phony] Error 1
gmake[1]: *** [CMakeFiles/Makefile2:193: CMakeFiles/generate_airport_terminal_nav_graphs.dir/all] Error 2
Package 'rmf_building_map_tools' not found
gmake[2]: *** [CMakeFiles/generate_battle_royale_nav_graphs.dir/build.make:73: maps/battle_royale/nav_graphs/phony] Error 1
gmake[1]: *** [CMakeFiles/Makefile2:245: CMakeFiles/generate_battle_royale_nav_graphs.dir/all] Error 2
Package 'rmf_building_map_tools' not found
gmake[2]: *** [CMakeFiles/generate_airport_terminal_crowdsim.dir/build.make:77: maps/airport_terminal/airport_terminal.world] Error 1
gmake[1]: *** [CMakeFiles/Makefile2:167: CMakeFiles/generate_airport_terminal_crowdsim.dir/all] Error 2
gmake: *** [Makefile:146: all] Error 2
