[0.552s] Invoking command in '/home/usuario/rmf_demos/build/rmf_demos_maps': CMAKE_PREFIX_PATH=/opt/ros/humble /usr/bin/cmake /home/usuario/rmf_demos/rmf_demos_maps -DCMAKE_INSTALL_PREFIX=/home/usuario/rmf_demos/install/rmf_demos_maps
[0.629s] -- Found ament_cmake: 1.3.11 (/opt/ros/humble/share/ament_cmake/cmake)
[0.782s] -- Found Python3: /usr/bin/python3 (found version "3.10.12") found components: Interpreter 
[1.074s] [0mBUILDING WORLDFILE WITH COMMAND: ros2 run rmf_building_map_tools building_map_generator gazebo /home/usuario/rmf_demos/rmf_demos_maps/maps/airport_terminal/airport_terminal.building.yaml /home/usuario/rmf_demos/build/rmf_demos_maps/maps/airport_terminal/airport_terminal.world /home/usuario/rmf_demos/build/rmf_demos_maps/maps/airport_terminal/models[0m
[1.074s] [0mDOWNLOADING MODELS WITH COMMAND: ros2 run rmf_building_map_tools building_map_model_downloader /home/usuario/rmf_demos/rmf_demos_maps/maps/airport_terminal/airport_terminal.building.yaml[0m
[1.075s] [0mBUILDING WORLDFILE WITH COMMAND: ros2 run rmf_building_map_tools building_map_generator gazebo /home/usuario/rmf_demos/rmf_demos_maps/maps/battle_royale/battle_royale.building.yaml /home/usuario/rmf_demos/build/rmf_demos_maps/maps/battle_royale/battle_royale.world /home/usuario/rmf_demos/build/rmf_demos_maps/maps/battle_royale/models[0m
[1.075s] [0mDOWNLOADING MODELS WITH COMMAND: ros2 run rmf_building_map_tools building_map_model_downloader /home/usuario/rmf_demos/rmf_demos_maps/maps/battle_royale/battle_royale.building.yaml[0m
[1.075s] [0mBUILDING WORLDFILE WITH COMMAND: ros2 run rmf_building_map_tools building_map_generator gazebo /home/usuario/rmf_demos/rmf_demos_maps/maps/campus/campus.building.yaml /home/usuario/rmf_demos/build/rmf_demos_maps/maps/campus/campus.world /home/usuario/rmf_demos/build/rmf_demos_maps/maps/campus/models[0m
[1.075s] [0mDOWNLOADING MODELS WITH COMMAND: ros2 run rmf_building_map_tools building_map_model_downloader /home/usuario/rmf_demos/rmf_demos_maps/maps/campus/campus.building.yaml[0m
[1.075s] [0mBUILDING WORLDFILE WITH COMMAND: ros2 run rmf_building_map_tools building_map_generator gazebo /home/usuario/rmf_demos/rmf_demos_maps/maps/clinic/clinic.building.yaml /home/usuario/rmf_demos/build/rmf_demos_maps/maps/clinic/clinic.world /home/usuario/rmf_demos/build/rmf_demos_maps/maps/clinic/models[0m
[1.075s] [0mDOWNLOADING MODELS WITH COMMAND: ros2 run rmf_building_map_tools building_map_model_downloader /home/usuario/rmf_demos/rmf_demos_maps/maps/clinic/clinic.building.yaml[0m
[1.076s] [0mBUILDING WORLDFILE WITH COMMAND: ros2 run rmf_building_map_tools building_map_generator gazebo /home/usuario/rmf_demos/rmf_demos_maps/maps/hotel/hotel.building.yaml /home/usuario/rmf_demos/build/rmf_demos_maps/maps/hotel/hotel.world /home/usuario/rmf_demos/build/rmf_demos_maps/maps/hotel/models[0m
[1.076s] [0mDOWNLOADING MODELS WITH COMMAND: ros2 run rmf_building_map_tools building_map_model_downloader /home/usuario/rmf_demos/rmf_demos_maps/maps/hotel/hotel.building.yaml[0m
[1.076s] [0mBUILDING WORLDFILE WITH COMMAND: ros2 run rmf_building_map_tools building_map_generator gazebo /home/usuario/rmf_demos/rmf_demos_maps/maps/icc_kyoto/icc_kyoto.building.yaml /home/usuario/rmf_demos/build/rmf_demos_maps/maps/icc_kyoto/icc_kyoto.world /home/usuario/rmf_demos/build/rmf_demos_maps/maps/icc_kyoto/models[0m
[1.076s] [0mDOWNLOADING MODELS WITH COMMAND: ros2 run rmf_building_map_tools building_map_model_downloader /home/usuario/rmf_demos/rmf_demos_maps/maps/icc_kyoto/icc_kyoto.building.yaml[0m
[1.076s] [0mBUILDING WORLDFILE WITH COMMAND: ros2 run rmf_building_map_tools building_map_generator gazebo /home/usuario/rmf_demos/rmf_demos_maps/maps/office/office.building.yaml /home/usuario/rmf_demos/build/rmf_demos_maps/maps/office/office.world /home/usuario/rmf_demos/build/rmf_demos_maps/maps/office/models[0m
[1.076s] [0mDOWNLOADING MODELS WITH COMMAND: ros2 run rmf_building_map_tools building_map_model_downloader /home/usuario/rmf_demos/rmf_demos_maps/maps/office/office.building.yaml[0m
[1.076s] -- Configuring done
[1.076s] [0mBUILDING WORLDFILE WITH COMMAND: ros2 run rmf_building_map_tools building_map_generator gazebo /home/usuario/rmf_demos/rmf_demos_maps/maps/triple_H/triple_H.building.yaml /home/usuario/rmf_demos/build/rmf_demos_maps/maps/triple_H/triple_H.world /home/usuario/rmf_demos/build/rmf_demos_maps/maps/triple_H/models[0m
[1.076s] [0mDOWNLOADING MODELS WITH COMMAND: ros2 run rmf_building_map_tools building_map_model_downloader /home/usuario/rmf_demos/rmf_demos_maps/maps/triple_H/triple_H.building.yaml[0m
[1.190s] -- Generating done
[1.533s] -- Build files have been written to: /home/usuario/rmf_demos/build/rmf_demos_maps
[1.535s] Invoked command in '/home/usuario/rmf_demos/build/rmf_demos_maps' returned '0': CMAKE_PREFIX_PATH=/opt/ros/humble /usr/bin/cmake /home/usuario/rmf_demos/rmf_demos_maps -DCMAKE_INSTALL_PREFIX=/home/usuario/rmf_demos/install/rmf_demos_maps
[1.555s] Invoking command in '/home/usuario/rmf_demos/build/rmf_demos_maps': CMAKE_PREFIX_PATH=/opt/ros/humble /usr/bin/cmake --build /home/usuario/rmf_demos/build/rmf_demos_maps -- -j4 -l4
[1.840s] [  4%] [34m[1mGenerating maps/battle_royale/nav_graphs/phony[0m
[1.853s] [  8%] [34m[1mGenerating maps/airport_terminal/nav_graphs/phony[0m
[1.859s] [ 12%] [34m[1mGenerating maps/airport_terminal/airport_terminal.world[0m
[1.898s] [ 16%] [34m[1mGenerating maps/battle_royale/battle_royale.world[0m
[2.860s] Package 'rmf_building_map_tools' not found
[2.882s] gmake[2]: *** [CMakeFiles/generate_battle_royale_crowdsim.dir/build.make:77: maps/battle_royale/battle_royale.world] Error 1
[2.882s] gmake[1]: *** [CMakeFiles/Makefile2:219: CMakeFiles/generate_battle_royale_crowdsim.dir/all] Error 2
[2.882s] gmake[1]: *** Se espera a que terminen otras tareas....
[3.045s] Package 'rmf_building_map_tools' not found
[3.068s] gmake[2]: *** [CMakeFiles/generate_airport_terminal_nav_graphs.dir/build.make:73: maps/airport_terminal/nav_graphs/phony] Error 1
[3.068s] gmake[1]: *** [CMakeFiles/Makefile2:193: CMakeFiles/generate_airport_terminal_nav_graphs.dir/all] Error 2
[3.075s] Package 'rmf_building_map_tools' not found
[3.096s] gmake[2]: *** [CMakeFiles/generate_battle_royale_nav_graphs.dir/build.make:73: maps/battle_royale/nav_graphs/phony] Error 1
[3.096s] gmake[1]: *** [CMakeFiles/Makefile2:245: CMakeFiles/generate_battle_royale_nav_graphs.dir/all] Error 2
[3.190s] Package 'rmf_building_map_tools' not found
[3.208s] gmake[2]: *** [CMakeFiles/generate_airport_terminal_crowdsim.dir/build.make:77: maps/airport_terminal/airport_terminal.world] Error 1
[3.209s] gmake[1]: *** [CMakeFiles/Makefile2:167: CMakeFiles/generate_airport_terminal_crowdsim.dir/all] Error 2
[3.209s] gmake: *** [Makefile:146: all] Error 2
[3.211s] Invoked command in '/home/usuario/rmf_demos/build/rmf_demos_maps' returned '2': CMAKE_PREFIX_PATH=/opt/ros/humble /usr/bin/cmake --build /home/usuario/rmf_demos/build/rmf_demos_maps -- -j4 -l4
