[1.798s] Invoking command in '/home/usuario/IR2134/rmf_demos/rmf_demos_fleet_adapter': PYTHONPATH=/home/usuario/IR2134/rmf_demos/build/rmf_demos_fleet_adapter/prefix_override:/usr/lib/python3/dist-packages/colcon_core/task/python/colcon_distutils_commands:/home/usuario/IR2134/rmf_demos/install/rmf_demos_fleet_adapter/lib/python3.12/site-packages:${PYTHONPATH} /usr/bin/python3 -W ignore:setup.py install is deprecated -W ignore:easy_install command is deprecated setup.py egg_info --egg-base ../build/rmf_demos_fleet_adapter build --build-base /home/usuario/IR2134/rmf_demos/build/rmf_demos_fleet_adapter/build install --record /home/usuario/IR2134/rmf_demos/build/rmf_demos_fleet_adapter/install.log --single-version-externally-managed install_data
[2.378s] running egg_info
[2.378s] creating ../build/rmf_demos_fleet_adapter/rmf_demos_fleet_adapter.egg-info
[2.396s] writing ../build/rmf_demos_fleet_adapter/rmf_demos_fleet_adapter.egg-info/PKG-INFO
[2.397s] writing dependency_links to ../build/rmf_demos_fleet_adapter/rmf_demos_fleet_adapter.egg-info/dependency_links.txt
[2.397s] writing entry points to ../build/rmf_demos_fleet_adapter/rmf_demos_fleet_adapter.egg-info/entry_points.txt
[2.398s] writing requirements to ../build/rmf_demos_fleet_adapter/rmf_demos_fleet_adapter.egg-info/requires.txt
[2.398s] writing top-level names to ../build/rmf_demos_fleet_adapter/rmf_demos_fleet_adapter.egg-info/top_level.txt
[2.399s] writing manifest file '../build/rmf_demos_fleet_adapter/rmf_demos_fleet_adapter.egg-info/SOURCES.txt'
[2.484s] reading manifest file '../build/rmf_demos_fleet_adapter/rmf_demos_fleet_adapter.egg-info/SOURCES.txt'
[2.485s] writing manifest file '../build/rmf_demos_fleet_adapter/rmf_demos_fleet_adapter.egg-info/SOURCES.txt'
[2.486s] running build
[2.486s] running build_py
[2.486s] creating /home/usuario/IR2134/rmf_demos/build/rmf_demos_fleet_adapter/build
[2.486s] creating /home/usuario/IR2134/rmf_demos/build/rmf_demos_fleet_adapter/build/lib
[2.487s] creating /home/usuario/IR2134/rmf_demos/build/rmf_demos_fleet_adapter/build/lib/rmf_demos_fleet_adapter
[2.487s] copying rmf_demos_fleet_adapter/fleet_adapter.py -> /home/usuario/IR2134/rmf_demos/build/rmf_demos_fleet_adapter/build/lib/rmf_demos_fleet_adapter
[2.488s] copying rmf_demos_fleet_adapter/manage_lane.py -> /home/usuario/IR2134/rmf_demos/build/rmf_demos_fleet_adapter/build/lib/rmf_demos_fleet_adapter
[2.489s] copying rmf_demos_fleet_adapter/fleet_manager.py -> /home/usuario/IR2134/rmf_demos/build/rmf_demos_fleet_adapter/build/lib/rmf_demos_fleet_adapter
[2.490s] copying rmf_demos_fleet_adapter/RobotClientAPI.py -> /home/usuario/IR2134/rmf_demos/build/rmf_demos_fleet_adapter/build/lib/rmf_demos_fleet_adapter
[2.491s] copying rmf_demos_fleet_adapter/__init__.py -> /home/usuario/IR2134/rmf_demos/build/rmf_demos_fleet_adapter/build/lib/rmf_demos_fleet_adapter
[2.492s] creating /home/usuario/IR2134/rmf_demos/build/rmf_demos_fleet_adapter/build/lib/test
[2.492s] copying test/test_copyright.py -> /home/usuario/IR2134/rmf_demos/build/rmf_demos_fleet_adapter/build/lib/test
[2.493s] copying test/test_flake8.py -> /home/usuario/IR2134/rmf_demos/build/rmf_demos_fleet_adapter/build/lib/test
[2.493s] copying test/test_pep257.py -> /home/usuario/IR2134/rmf_demos/build/rmf_demos_fleet_adapter/build/lib/test
[2.494s] copying test/__init__.py -> /home/usuario/IR2134/rmf_demos/build/rmf_demos_fleet_adapter/build/lib/test
[2.495s] running install
[2.509s] running install_lib
[2.539s] creating /home/usuario/IR2134/rmf_demos/install/rmf_demos_fleet_adapter/lib/python3.12/site-packages/rmf_demos_fleet_adapter
[2.540s] copying /home/usuario/IR2134/rmf_demos/build/rmf_demos_fleet_adapter/build/lib/rmf_demos_fleet_adapter/fleet_adapter.py -> /home/usuario/IR2134/rmf_demos/install/rmf_demos_fleet_adapter/lib/python3.12/site-packages/rmf_demos_fleet_adapter
[2.553s] copying /home/usuario/IR2134/rmf_demos/build/rmf_demos_fleet_adapter/build/lib/rmf_demos_fleet_adapter/manage_lane.py -> /home/usuario/IR2134/rmf_demos/install/rmf_demos_fleet_adapter/lib/python3.12/site-packages/rmf_demos_fleet_adapter
[2.554s] copying /home/usuario/IR2134/rmf_demos/build/rmf_demos_fleet_adapter/build/lib/rmf_demos_fleet_adapter/fleet_manager.py -> /home/usuario/IR2134/rmf_demos/install/rmf_demos_fleet_adapter/lib/python3.12/site-packages/rmf_demos_fleet_adapter
[2.555s] copying /home/usuario/IR2134/rmf_demos/build/rmf_demos_fleet_adapter/build/lib/rmf_demos_fleet_adapter/RobotClientAPI.py -> /home/usuario/IR2134/rmf_demos/install/rmf_demos_fleet_adapter/lib/python3.12/site-packages/rmf_demos_fleet_adapter
[2.556s] copying /home/usuario/IR2134/rmf_demos/build/rmf_demos_fleet_adapter/build/lib/rmf_demos_fleet_adapter/__init__.py -> /home/usuario/IR2134/rmf_demos/install/rmf_demos_fleet_adapter/lib/python3.12/site-packages/rmf_demos_fleet_adapter
[2.556s] creating /home/usuario/IR2134/rmf_demos/install/rmf_demos_fleet_adapter/lib/python3.12/site-packages/test
[2.557s] copying /home/usuario/IR2134/rmf_demos/build/rmf_demos_fleet_adapter/build/lib/test/test_copyright.py -> /home/usuario/IR2134/rmf_demos/install/rmf_demos_fleet_adapter/lib/python3.12/site-packages/test
[2.558s] copying /home/usuario/IR2134/rmf_demos/build/rmf_demos_fleet_adapter/build/lib/test/test_flake8.py -> /home/usuario/IR2134/rmf_demos/install/rmf_demos_fleet_adapter/lib/python3.12/site-packages/test
[2.558s] copying /home/usuario/IR2134/rmf_demos/build/rmf_demos_fleet_adapter/build/lib/test/test_pep257.py -> /home/usuario/IR2134/rmf_demos/install/rmf_demos_fleet_adapter/lib/python3.12/site-packages/test
[2.559s] copying /home/usuario/IR2134/rmf_demos/build/rmf_demos_fleet_adapter/build/lib/test/__init__.py -> /home/usuario/IR2134/rmf_demos/install/rmf_demos_fleet_adapter/lib/python3.12/site-packages/test
[2.560s] byte-compiling /home/usuario/IR2134/rmf_demos/install/rmf_demos_fleet_adapter/lib/python3.12/site-packages/rmf_demos_fleet_adapter/fleet_adapter.py to fleet_adapter.cpython-312.pyc
[2.564s] byte-compiling /home/usuario/IR2134/rmf_demos/install/rmf_demos_fleet_adapter/lib/python3.12/site-packages/rmf_demos_fleet_adapter/manage_lane.py to manage_lane.cpython-312.pyc
[2.566s] byte-compiling /home/usuario/IR2134/rmf_demos/install/rmf_demos_fleet_adapter/lib/python3.12/site-packages/rmf_demos_fleet_adapter/fleet_manager.py to fleet_manager.cpython-312.pyc
[2.572s] byte-compiling /home/usuario/IR2134/rmf_demos/install/rmf_demos_fleet_adapter/lib/python3.12/site-packages/rmf_demos_fleet_adapter/RobotClientAPI.py to RobotClientAPI.cpython-312.pyc
[2.584s] byte-compiling /home/usuario/IR2134/rmf_demos/install/rmf_demos_fleet_adapter/lib/python3.12/site-packages/rmf_demos_fleet_adapter/__init__.py to __init__.cpython-312.pyc
[2.585s] byte-compiling /home/usuario/IR2134/rmf_demos/install/rmf_demos_fleet_adapter/lib/python3.12/site-packages/test/test_copyright.py to test_copyright.cpython-312.pyc
[2.586s] byte-compiling /home/usuario/IR2134/rmf_demos/install/rmf_demos_fleet_adapter/lib/python3.12/site-packages/test/test_flake8.py to test_flake8.cpython-312.pyc
[2.587s] byte-compiling /home/usuario/IR2134/rmf_demos/install/rmf_demos_fleet_adapter/lib/python3.12/site-packages/test/test_pep257.py to test_pep257.cpython-312.pyc
[2.588s] byte-compiling /home/usuario/IR2134/rmf_demos/install/rmf_demos_fleet_adapter/lib/python3.12/site-packages/test/__init__.py to __init__.cpython-312.pyc
[2.588s] running install_data
[2.589s] creating /home/usuario/IR2134/rmf_demos/install/rmf_demos_fleet_adapter/share/ament_index
[2.589s] creating /home/usuario/IR2134/rmf_demos/install/rmf_demos_fleet_adapter/share/ament_index/resource_index
[2.590s] creating /home/usuario/IR2134/rmf_demos/install/rmf_demos_fleet_adapter/share/ament_index/resource_index/packages
[2.590s] copying resource/rmf_demos_fleet_adapter -> /home/usuario/IR2134/rmf_demos/install/rmf_demos_fleet_adapter/share/ament_index/resource_index/packages
[2.590s] copying package.xml -> /home/usuario/IR2134/rmf_demos/install/rmf_demos_fleet_adapter/share/rmf_demos_fleet_adapter
[2.591s] copying config.yaml -> /home/usuario/IR2134/rmf_demos/install/rmf_demos_fleet_adapter/share/rmf_demos_fleet_adapter
[2.592s] creating /home/usuario/IR2134/rmf_demos/install/rmf_demos_fleet_adapter/share/rmf_demos_fleet_adapter/launch
[2.592s] copying launch/fleet_adapter.launch.xml -> /home/usuario/IR2134/rmf_demos/install/rmf_demos_fleet_adapter/share/rmf_demos_fleet_adapter/launch
[2.592s] running install_egg_info
[2.629s] Copying ../build/rmf_demos_fleet_adapter/rmf_demos_fleet_adapter.egg-info to /home/usuario/IR2134/rmf_demos/install/rmf_demos_fleet_adapter/lib/python3.12/site-packages/rmf_demos_fleet_adapter-2.5.0-py3.12.egg-info
[2.642s] running install_scripts
[2.921s] Installing fleet_adapter script to /home/usuario/IR2134/rmf_demos/install/rmf_demos_fleet_adapter/lib/rmf_demos_fleet_adapter
[2.922s] Installing fleet_manager script to /home/usuario/IR2134/rmf_demos/install/rmf_demos_fleet_adapter/lib/rmf_demos_fleet_adapter
[2.923s] Installing manage_lane script to /home/usuario/IR2134/rmf_demos/install/rmf_demos_fleet_adapter/lib/rmf_demos_fleet_adapter
[2.924s] writing list of installed files to '/home/usuario/IR2134/rmf_demos/build/rmf_demos_fleet_adapter/install.log'
[2.979s] Invoked command in '/home/usuario/IR2134/rmf_demos/rmf_demos_fleet_adapter' returned '0': PYTHONPATH=/home/usuario/IR2134/rmf_demos/build/rmf_demos_fleet_adapter/prefix_override:/usr/lib/python3/dist-packages/colcon_core/task/python/colcon_distutils_commands:/home/usuario/IR2134/rmf_demos/install/rmf_demos_fleet_adapter/lib/python3.12/site-packages:${PYTHONPATH} /usr/bin/python3 -W ignore:setup.py install is deprecated -W ignore:easy_install command is deprecated setup.py egg_info --egg-base ../build/rmf_demos_fleet_adapter build --build-base /home/usuario/IR2134/rmf_demos/build/rmf_demos_fleet_adapter/build install --record /home/usuario/IR2134/rmf_demos/build/rmf_demos_fleet_adapter/install.log --single-version-externally-managed install_data
