[1.401s] Invoking command in '/home/usuario/rmf_demos/rmf_demos_tasks': PYTHONPATH=/home/usuario/rmf_demos/build/rmf_demos_tasks/prefix_override:/usr/lib/python3/dist-packages/colcon_core/task/python/colcon_distutils_commands:/home/usuario/rmf_demos/install/rmf_demos_tasks/lib/python3.12/site-packages:${PYTHONPATH} /usr/bin/python3 -W ignore:setup.py install is deprecated -W ignore:easy_install command is deprecated setup.py egg_info --egg-base ../build/rmf_demos_tasks build --build-base /home/usuario/rmf_demos/build/rmf_demos_tasks/build install --record /home/usuario/rmf_demos/build/rmf_demos_tasks/install.log --single-version-externally-managed install_data
[1.683s] running egg_info
[1.684s] creating ../build/rmf_demos_tasks/rmf_demos_tasks.egg-info
[1.719s] writing ../build/rmf_demos_tasks/rmf_demos_tasks.egg-info/PKG-INFO
[1.730s] writing dependency_links to ../build/rmf_demos_tasks/rmf_demos_tasks.egg-info/dependency_links.txt
[1.730s] writing entry points to ../build/rmf_demos_tasks/rmf_demos_tasks.egg-info/entry_points.txt
[1.730s] writing requirements to ../build/rmf_demos_tasks/rmf_demos_tasks.egg-info/requires.txt
[1.730s] writing top-level names to ../build/rmf_demos_tasks/rmf_demos_tasks.egg-info/top_level.txt
[1.731s] writing manifest file '../build/rmf_demos_tasks/rmf_demos_tasks.egg-info/SOURCES.txt'
[1.805s] reading manifest file '../build/rmf_demos_tasks/rmf_demos_tasks.egg-info/SOURCES.txt'
[1.806s] writing manifest file '../build/rmf_demos_tasks/rmf_demos_tasks.egg-info/SOURCES.txt'
[1.814s] running build
[1.814s] running build_py
[1.814s] creating /home/usuario/rmf_demos/build/rmf_demos_tasks/build
[1.814s] creating /home/usuario/rmf_demos/build/rmf_demos_tasks/build/lib
[1.814s] creating /home/usuario/rmf_demos/build/rmf_demos_tasks/build/lib/rmf_demos_tasks
[1.815s] copying rmf_demos_tasks/dispatch_action.py -> /home/usuario/rmf_demos/build/rmf_demos_tasks/build/lib/rmf_demos_tasks
[1.815s] copying rmf_demos_tasks/request_lift.py -> /home/usuario/rmf_demos/build/rmf_demos_tasks/build/lib/rmf_demos_tasks
[1.815s] copying rmf_demos_tasks/wait_for_task_complete.py -> /home/usuario/rmf_demos/build/rmf_demos_tasks/build/lib/rmf_demos_tasks
[1.816s] copying rmf_demos_tasks/dispatch_patrol.py -> /home/usuario/rmf_demos/build/rmf_demos_tasks/build/lib/rmf_demos_tasks
[1.816s] copying rmf_demos_tasks/dispatch_go_to_place.py -> /home/usuario/rmf_demos/build/rmf_demos_tasks/build/lib/rmf_demos_tasks
[1.817s] copying rmf_demos_tasks/dispatch_delivery.py -> /home/usuario/rmf_demos/build/rmf_demos_tasks/build/lib/rmf_demos_tasks
[1.817s] copying rmf_demos_tasks/cancel_task.py -> /home/usuario/rmf_demos/build/rmf_demos_tasks/build/lib/rmf_demos_tasks
[1.818s] copying rmf_demos_tasks/api_request.py -> /home/usuario/rmf_demos/build/rmf_demos_tasks/build/lib/rmf_demos_tasks
[1.818s] copying rmf_demos_tasks/dispatch_loop.py -> /home/usuario/rmf_demos/build/rmf_demos_tasks/build/lib/rmf_demos_tasks
[1.819s] copying rmf_demos_tasks/mock_docker.py -> /home/usuario/rmf_demos/build/rmf_demos_tasks/build/lib/rmf_demos_tasks
[1.819s] copying rmf_demos_tasks/teleop_robot.py -> /home/usuario/rmf_demos/build/rmf_demos_tasks/build/lib/rmf_demos_tasks
[1.819s] copying rmf_demos_tasks/dispatch_cart_delivery.py -> /home/usuario/rmf_demos/build/rmf_demos_tasks/build/lib/rmf_demos_tasks
[1.820s] copying rmf_demos_tasks/dispatch_json.py -> /home/usuario/rmf_demos/build/rmf_demos_tasks/build/lib/rmf_demos_tasks
[1.820s] copying rmf_demos_tasks/__init__.py -> /home/usuario/rmf_demos/build/rmf_demos_tasks/build/lib/rmf_demos_tasks
[1.821s] copying rmf_demos_tasks/dispatch_teleop.py -> /home/usuario/rmf_demos/build/rmf_demos_tasks/build/lib/rmf_demos_tasks
[1.821s] copying rmf_demos_tasks/request_loop.py -> /home/usuario/rmf_demos/build/rmf_demos_tasks/build/lib/rmf_demos_tasks
[1.822s] copying rmf_demos_tasks/dispatch_clean.py -> /home/usuario/rmf_demos/build/rmf_demos_tasks/build/lib/rmf_demos_tasks
[1.822s] copying rmf_demos_tasks/get_robot_location.py -> /home/usuario/rmf_demos/build/rmf_demos_tasks/build/lib/rmf_demos_tasks
[1.823s] running install
[1.830s] running install_lib
[1.869s] copying /home/usuario/rmf_demos/build/rmf_demos_tasks/build/lib/rmf_demos_tasks/dispatch_action.py -> /home/usuario/rmf_demos/install/rmf_demos_tasks/lib/python3.12/site-packages/rmf_demos_tasks
[1.878s] copying /home/usuario/rmf_demos/build/rmf_demos_tasks/build/lib/rmf_demos_tasks/request_lift.py -> /home/usuario/rmf_demos/install/rmf_demos_tasks/lib/python3.12/site-packages/rmf_demos_tasks
[1.878s] copying /home/usuario/rmf_demos/build/rmf_demos_tasks/build/lib/rmf_demos_tasks/wait_for_task_complete.py -> /home/usuario/rmf_demos/install/rmf_demos_tasks/lib/python3.12/site-packages/rmf_demos_tasks
[1.879s] copying /home/usuario/rmf_demos/build/rmf_demos_tasks/build/lib/rmf_demos_tasks/dispatch_patrol.py -> /home/usuario/rmf_demos/install/rmf_demos_tasks/lib/python3.12/site-packages/rmf_demos_tasks
[1.879s] copying /home/usuario/rmf_demos/build/rmf_demos_tasks/build/lib/rmf_demos_tasks/dispatch_go_to_place.py -> /home/usuario/rmf_demos/install/rmf_demos_tasks/lib/python3.12/site-packages/rmf_demos_tasks
[1.880s] copying /home/usuario/rmf_demos/build/rmf_demos_tasks/build/lib/rmf_demos_tasks/dispatch_delivery.py -> /home/usuario/rmf_demos/install/rmf_demos_tasks/lib/python3.12/site-packages/rmf_demos_tasks
[1.880s] copying /home/usuario/rmf_demos/build/rmf_demos_tasks/build/lib/rmf_demos_tasks/cancel_task.py -> /home/usuario/rmf_demos/install/rmf_demos_tasks/lib/python3.12/site-packages/rmf_demos_tasks
[1.880s] copying /home/usuario/rmf_demos/build/rmf_demos_tasks/build/lib/rmf_demos_tasks/api_request.py -> /home/usuario/rmf_demos/install/rmf_demos_tasks/lib/python3.12/site-packages/rmf_demos_tasks
[1.890s] copying /home/usuario/rmf_demos/build/rmf_demos_tasks/build/lib/rmf_demos_tasks/dispatch_loop.py -> /home/usuario/rmf_demos/install/rmf_demos_tasks/lib/python3.12/site-packages/rmf_demos_tasks
[1.891s] copying /home/usuario/rmf_demos/build/rmf_demos_tasks/build/lib/rmf_demos_tasks/mock_docker.py -> /home/usuario/rmf_demos/install/rmf_demos_tasks/lib/python3.12/site-packages/rmf_demos_tasks
[1.891s] copying /home/usuario/rmf_demos/build/rmf_demos_tasks/build/lib/rmf_demos_tasks/teleop_robot.py -> /home/usuario/rmf_demos/install/rmf_demos_tasks/lib/python3.12/site-packages/rmf_demos_tasks
[1.891s] copying /home/usuario/rmf_demos/build/rmf_demos_tasks/build/lib/rmf_demos_tasks/dispatch_cart_delivery.py -> /home/usuario/rmf_demos/install/rmf_demos_tasks/lib/python3.12/site-packages/rmf_demos_tasks
[1.892s] copying /home/usuario/rmf_demos/build/rmf_demos_tasks/build/lib/rmf_demos_tasks/dispatch_json.py -> /home/usuario/rmf_demos/install/rmf_demos_tasks/lib/python3.12/site-packages/rmf_demos_tasks
[1.892s] copying /home/usuario/rmf_demos/build/rmf_demos_tasks/build/lib/rmf_demos_tasks/__init__.py -> /home/usuario/rmf_demos/install/rmf_demos_tasks/lib/python3.12/site-packages/rmf_demos_tasks
[1.893s] copying /home/usuario/rmf_demos/build/rmf_demos_tasks/build/lib/rmf_demos_tasks/dispatch_teleop.py -> /home/usuario/rmf_demos/install/rmf_demos_tasks/lib/python3.12/site-packages/rmf_demos_tasks
[1.893s] copying /home/usuario/rmf_demos/build/rmf_demos_tasks/build/lib/rmf_demos_tasks/request_loop.py -> /home/usuario/rmf_demos/install/rmf_demos_tasks/lib/python3.12/site-packages/rmf_demos_tasks
[1.894s] copying /home/usuario/rmf_demos/build/rmf_demos_tasks/build/lib/rmf_demos_tasks/dispatch_clean.py -> /home/usuario/rmf_demos/install/rmf_demos_tasks/lib/python3.12/site-packages/rmf_demos_tasks
[1.894s] copying /home/usuario/rmf_demos/build/rmf_demos_tasks/build/lib/rmf_demos_tasks/get_robot_location.py -> /home/usuario/rmf_demos/install/rmf_demos_tasks/lib/python3.12/site-packages/rmf_demos_tasks
[1.895s] byte-compiling /home/usuario/rmf_demos/install/rmf_demos_tasks/lib/python3.12/site-packages/rmf_demos_tasks/dispatch_action.py to dispatch_action.cpython-312.pyc
[1.897s] byte-compiling /home/usuario/rmf_demos/install/rmf_demos_tasks/lib/python3.12/site-packages/rmf_demos_tasks/request_lift.py to request_lift.cpython-312.pyc
[1.898s] byte-compiling /home/usuario/rmf_demos/install/rmf_demos_tasks/lib/python3.12/site-packages/rmf_demos_tasks/wait_for_task_complete.py to wait_for_task_complete.cpython-312.pyc
[1.899s] byte-compiling /home/usuario/rmf_demos/install/rmf_demos_tasks/lib/python3.12/site-packages/rmf_demos_tasks/dispatch_patrol.py to dispatch_patrol.cpython-312.pyc
[1.910s] byte-compiling /home/usuario/rmf_demos/install/rmf_demos_tasks/lib/python3.12/site-packages/rmf_demos_tasks/dispatch_go_to_place.py to dispatch_go_to_place.cpython-312.pyc
[1.911s] byte-compiling /home/usuario/rmf_demos/install/rmf_demos_tasks/lib/python3.12/site-packages/rmf_demos_tasks/dispatch_delivery.py to dispatch_delivery.cpython-312.pyc
[1.913s] byte-compiling /home/usuario/rmf_demos/install/rmf_demos_tasks/lib/python3.12/site-packages/rmf_demos_tasks/cancel_task.py to cancel_task.cpython-312.pyc
[1.914s] byte-compiling /home/usuario/rmf_demos/install/rmf_demos_tasks/lib/python3.12/site-packages/rmf_demos_tasks/api_request.py to api_request.cpython-312.pyc
[1.915s] byte-compiling /home/usuario/rmf_demos/install/rmf_demos_tasks/lib/python3.12/site-packages/rmf_demos_tasks/dispatch_loop.py to dispatch_loop.cpython-312.pyc
[1.916s] byte-compiling /home/usuario/rmf_demos/install/rmf_demos_tasks/lib/python3.12/site-packages/rmf_demos_tasks/mock_docker.py to mock_docker.cpython-312.pyc
[1.917s] byte-compiling /home/usuario/rmf_demos/install/rmf_demos_tasks/lib/python3.12/site-packages/rmf_demos_tasks/teleop_robot.py to teleop_robot.cpython-312.pyc
[1.926s] byte-compiling /home/usuario/rmf_demos/install/rmf_demos_tasks/lib/python3.12/site-packages/rmf_demos_tasks/dispatch_cart_delivery.py to dispatch_cart_delivery.cpython-312.pyc
[1.927s] byte-compiling /home/usuario/rmf_demos/install/rmf_demos_tasks/lib/python3.12/site-packages/rmf_demos_tasks/dispatch_json.py to dispatch_json.cpython-312.pyc
[1.928s] byte-compiling /home/usuario/rmf_demos/install/rmf_demos_tasks/lib/python3.12/site-packages/rmf_demos_tasks/__init__.py to __init__.cpython-312.pyc
[1.928s] byte-compiling /home/usuario/rmf_demos/install/rmf_demos_tasks/lib/python3.12/site-packages/rmf_demos_tasks/dispatch_teleop.py to dispatch_teleop.cpython-312.pyc
[1.930s] byte-compiling /home/usuario/rmf_demos/install/rmf_demos_tasks/lib/python3.12/site-packages/rmf_demos_tasks/request_loop.py to request_loop.cpython-312.pyc
[1.930s] byte-compiling /home/usuario/rmf_demos/install/rmf_demos_tasks/lib/python3.12/site-packages/rmf_demos_tasks/dispatch_clean.py to dispatch_clean.cpython-312.pyc
[1.931s] byte-compiling /home/usuario/rmf_demos/install/rmf_demos_tasks/lib/python3.12/site-packages/rmf_demos_tasks/get_robot_location.py to get_robot_location.cpython-312.pyc
[1.932s] running install_data
[1.932s] copying resource/rmf_demos_tasks -> /home/usuario/rmf_demos/install/rmf_demos_tasks/share/ament_index/resource_index/packages
[1.932s] copying package.xml -> /home/usuario/rmf_demos/install/rmf_demos_tasks/share/rmf_demos_tasks
[1.933s] running install_egg_info
[1.977s] removing '/home/usuario/rmf_demos/install/rmf_demos_tasks/lib/python3.12/site-packages/rmf_demos_tasks-2.5.0-py3.12.egg-info' (and everything under it)
[1.977s] Copying ../build/rmf_demos_tasks/rmf_demos_tasks.egg-info to /home/usuario/rmf_demos/install/rmf_demos_tasks/lib/python3.12/site-packages/rmf_demos_tasks-2.5.0-py3.12.egg-info
[1.981s] running install_scripts
[2.258s] Installing api_request script to /home/usuario/rmf_demos/install/rmf_demos_tasks/lib/rmf_demos_tasks
[2.258s] Installing cancel_task script to /home/usuario/rmf_demos/install/rmf_demos_tasks/lib/rmf_demos_tasks
[2.258s] Installing dispatch_action script to /home/usuario/rmf_demos/install/rmf_demos_tasks/lib/rmf_demos_tasks
[2.259s] Installing dispatch_cart_delivery script to /home/usuario/rmf_demos/install/rmf_demos_tasks/lib/rmf_demos_tasks
[2.260s] Installing dispatch_clean script to /home/usuario/rmf_demos/install/rmf_demos_tasks/lib/rmf_demos_tasks
[2.260s] Installing dispatch_delivery script to /home/usuario/rmf_demos/install/rmf_demos_tasks/lib/rmf_demos_tasks
[2.261s] Installing dispatch_go_to_place script to /home/usuario/rmf_demos/install/rmf_demos_tasks/lib/rmf_demos_tasks
[2.261s] Installing dispatch_json script to /home/usuario/rmf_demos/install/rmf_demos_tasks/lib/rmf_demos_tasks
[2.262s] Installing dispatch_loop script to /home/usuario/rmf_demos/install/rmf_demos_tasks/lib/rmf_demos_tasks
[2.262s] Installing dispatch_patrol script to /home/usuario/rmf_demos/install/rmf_demos_tasks/lib/rmf_demos_tasks
[2.263s] Installing dispatch_teleop script to /home/usuario/rmf_demos/install/rmf_demos_tasks/lib/rmf_demos_tasks
[2.263s] Installing get_robot_location script to /home/usuario/rmf_demos/install/rmf_demos_tasks/lib/rmf_demos_tasks
[2.264s] Installing mock_docker script to /home/usuario/rmf_demos/install/rmf_demos_tasks/lib/rmf_demos_tasks
[2.264s] Installing request_lift script to /home/usuario/rmf_demos/install/rmf_demos_tasks/lib/rmf_demos_tasks
[2.265s] Installing request_loop script to /home/usuario/rmf_demos/install/rmf_demos_tasks/lib/rmf_demos_tasks
[2.265s] Installing teleop_robot script to /home/usuario/rmf_demos/install/rmf_demos_tasks/lib/rmf_demos_tasks
[2.266s] Installing wait_for_task_complete script to /home/usuario/rmf_demos/install/rmf_demos_tasks/lib/rmf_demos_tasks
[2.267s] writing list of installed files to '/home/usuario/rmf_demos/build/rmf_demos_tasks/install.log'
[2.337s] Invoked command in '/home/usuario/rmf_demos/rmf_demos_tasks' returned '0': PYTHONPATH=/home/usuario/rmf_demos/build/rmf_demos_tasks/prefix_override:/usr/lib/python3/dist-packages/colcon_core/task/python/colcon_distutils_commands:/home/usuario/rmf_demos/install/rmf_demos_tasks/lib/python3.12/site-packages:${PYTHONPATH} /usr/bin/python3 -W ignore:setup.py install is deprecated -W ignore:easy_install command is deprecated setup.py egg_info --egg-base ../build/rmf_demos_tasks build --build-base /home/usuario/rmf_demos/build/rmf_demos_tasks/build install --record /home/usuario/rmf_demos/build/rmf_demos_tasks/install.log --single-version-externally-managed install_data
