[0.046s] Invoking command in '/home/usuario/IR2134/rmf_demos/build/rmf_visualization_rviz2_plugins': CMAKE_PREFIX_PATH=/home/usuario/IR2134/rmf_demos/install/rmf_demos_gz:/home/usuario/IR2134/rmf_demos/install/rmf_demos:/home/usuario/IR2134/rmf_demos/install/rmf_visualization:/home/usuario/IR2134/rmf_demos/install/rmf_visualization_schedule:/home/usuario/IR2134/rmf_demos/install/rmf_visualization_rviz2_plugins:/home/usuario/IR2134/rmf_demos/install/rmf_visualization_obstacles:/home/usuario/IR2134/rmf_demos/install/rmf_visualization_navgraphs:/home/usuario/IR2134/rmf_demos/install/rmf_visualization_floorplans:/home/usuario/IR2134/rmf_demos/install/rmf_visualization_fleet_states:/home/usuario/IR2134/rmf_demos/install/rmf_demos_maps:/home/usuario/IR2134/rmf_demos/install/rmf_demos_assets:/rmf_demos_ws/install/rmf_workcell_msgs:/rmf_demos_ws/install/rmf_reservation_node:/rmf_demos_ws/install/rmf_demos_gz:/rmf_demos_ws/install/rmf_demos:/rmf_demos_ws/install/rmf_fleet_adapter_python:/rmf_demos_ws/install/rmf_fleet_adapter:/rmf_demos_ws/install/rmf_task_ros2:/rmf_demos_ws/install/rmf_websocket:/rmf_demos_ws/install/rmf_visualization:/rmf_demos_ws/install/rmf_visualization_schedule:/rmf_demos_ws/install/rmf_visualization_rviz2_plugins:/rmf_demos_ws/install/rmf_visualization_obstacles:/rmf_demos_ws/install/rmf_visualization_navgraphs:/rmf_demos_ws/install/rmf_visualization_floorplans:/rmf_demos_ws/install/rmf_visualization_fleet_states:/rmf_demos_ws/install/rmf_visualization_msgs:/rmf_demos_ws/install/rmf_traffic_ros2:/rmf_demos_ws/install/rmf_task_sequence:/rmf_demos_ws/install/rmf_task:/rmf_demos_ws/install/rmf_battery:/rmf_demos_ws/install/rmf_traffic:/rmf_demos_ws/install/rmf_utils:/rmf_demos_ws/install/rmf_traffic_msgs:/rmf_demos_ws/install/rmf_traffic_editor_test_maps:/rmf_demos_ws/install/rmf_traffic_editor_assets:/rmf_demos_ws/install/rmf_traffic_editor:/rmf_demos_ws/install/rmf_task_msgs:/rmf_demos_ws/install/rmf_site_map_msgs:/rmf_demos_ws/install/rmf_scheduler_msgs:/rmf_demos_ws/install/rmf_robot_sim_gz_plugins:/rmf_demos_ws/install/rmf_robot_sim_common:/rmf_demos_ws/install/rmf_reservation_msgs:/rmf_demos_ws/install/rmf_obstacle_msgs:/rmf_demos_ws/install/rmf_building_sim_gz_plugins:/rmf_demos_ws/install/rmf_lift_msgs:/rmf_demos_ws/install/rmf_ingestor_msgs:/rmf_demos_ws/install/rmf_fleet_msgs:/rmf_demos_ws/install/rmf_door_msgs:/rmf_demos_ws/install/rmf_dispenser_msgs:/rmf_demos_ws/install/rmf_demos_maps:/rmf_demos_ws/install/rmf_demos_assets:/rmf_demos_ws/install/rmf_charger_msgs:/rmf_demos_ws/install/rmf_building_map_msgs:/rmf_demos_ws/install/rmf_api_msgs:/rmf_demos_ws/install/pybind11_json_vendor:/rmf_demos_ws/install/nlohmann_json_schema_validator_vendor:/home/usuario/IR2134/rmf_demos/install/rmf_visualization_building_systems:/home/usuario/IR2134/rmf_demos/install/rmf_demos_tasks:/home/usuario/IR2134/rmf_demos/install/rmf_demos_fleet_adapter:/home/usuario/IR2134/rmf_demos/install/rmf_demos_bridges:/rmf_demos_ws/install/rmf_demos_fleet_adapter:/rmf_demos_ws/install/rmf_visualization_building_systems:/rmf_demos_ws/install/rmf_traffic_examples:/rmf_demos_ws/install/rmf_demos_bridges:/rmf_demos_ws/install/rmf_demos_tasks:/rmf_demos_ws/install/rmf_building_map_tools:/rmf_demos_ws/install/rmf_charging_schedule:/opt/ros/jazzy:/rmf_demos_ws/install/menge_vendor:/rmf_demos_ws/install/ament_cmake_catch2:/opt/ros/jazzy/opt/gz_sim_vendor:/opt/ros/jazzy/opt/gz_sensors_vendor:/opt/ros/jazzy/opt/gz_physics_vendor:/opt/ros/jazzy/opt/sdformat_vendor:/opt/ros/jazzy/opt/gz_gui_vendor:/opt/ros/jazzy/opt/gz_transport_vendor:/opt/ros/jazzy/opt/gz_rendering_vendor:/opt/ros/jazzy/opt/gz_plugin_vendor:/opt/ros/jazzy/opt/gz_fuel_tools_vendor:/opt/ros/jazzy/opt/gz_msgs_vendor:/opt/ros/jazzy/opt/gz_common_vendor:/opt/ros/jazzy/opt/gz_math_vendor:/opt/ros/jazzy/opt/gz_utils_vendor:/opt/ros/jazzy/opt/gz_tools_vendor:/opt/ros/jazzy/opt/gz_ogre_next_vendor:/opt/ros/jazzy/opt/gz_dartsim_vendor:/opt/ros/jazzy/opt/gz_cmake_vendor /usr/bin/cmake /home/usuario/IR2134/rmf_demos/rmf_visualization/rmf_visualization_rviz2_plugins -DCMAKE_INSTALL_PREFIX=/home/usuario/IR2134/rmf_demos/install/rmf_visualization_rviz2_plugins
[0.264s] -- The C compiler identification is GNU 13.3.0
[0.388s] -- The CXX compiler identification is GNU 13.3.0
[0.428s] -- Detecting C compiler ABI info
[0.704s] -- Detecting C compiler ABI info - done
[0.714s] -- Check for working C compiler: /usr/bin/cc - skipped
[0.715s] -- Detecting C compile features
[0.715s] -- Detecting C compile features - done
[0.760s] -- Detecting CXX compiler ABI info
[1.054s] -- Detecting CXX compiler ABI info - done
[1.079s] -- Check for working CXX compiler: /usr/bin/c++ - skipped
[1.079s] -- Detecting CXX compile features
[1.079s] -- Detecting CXX compile features - done
[1.103s] -- Found ament_cmake: 2.5.3 (/opt/ros/jazzy/share/ament_cmake/cmake)
[1.596s] -- Found Python3: /usr/bin/python3 (found version "3.12.3") found components: Interpreter 
[2.059s] -- Found rclcpp: 28.1.6 (/opt/ros/jazzy/share/rclcpp/cmake)
[2.196s] -- Found rosidl_generator_c: 4.6.5 (/opt/ros/jazzy/share/rosidl_generator_c/cmake)
[2.293s] -- Found rosidl_generator_cpp: 4.6.5 (/opt/ros/jazzy/share/rosidl_generator_cpp/cmake)
[2.342s] -- Using all available rosidl_typesupport_c: rosidl_typesupport_fastrtps_c;rosidl_typesupport_introspection_c
[2.396s] -- Using all available rosidl_typesupport_cpp: rosidl_typesupport_fastrtps_cpp;rosidl_typesupport_introspection_cpp
[2.643s] -- Found rmw_implementation_cmake: 7.3.1 (/opt/ros/jazzy/share/rmw_implementation_cmake/cmake)
[2.679s] -- Found rmw_fastrtps_cpp: 8.4.1 (/opt/ros/jazzy/share/rmw_fastrtps_cpp/cmake)
[2.938s] -- Found OpenSSL: /usr/lib/x86_64-linux-gnu/libcrypto.so (found version "3.0.13")  
[2.975s] -- Found FastRTPS: /opt/ros/jazzy/include (Required is at least version "2.13") 
[3.059s] -- Using RMW implementation 'rmw_fastrtps_cpp' as default
[3.235s] -- Found rmf_door_msgs: 3.4.1 (/rmf_demos_ws/install/rmf_door_msgs/share/rmf_door_msgs/cmake)
[3.271s] -- Found rmf_lift_msgs: 3.4.1 (/rmf_demos_ws/install/rmf_lift_msgs/share/rmf_lift_msgs/cmake)
[3.316s] -- Found rmf_visualization_msgs: 1.5.0 (/rmf_demos_ws/install/rmf_visualization_msgs/share/rmf_visualization_msgs/cmake)
[3.342s] -- Found rviz_common: 14.1.6 (/opt/ros/jazzy/share/rviz_common/cmake)
[3.550s] -- Setting OGRE_DIR to: '/opt/ros/jazzy/share/rviz_ogre_vendor/cmake/../../../opt/rviz_ogre_vendor/lib/OGRE/cmake'
[3.552s] -- Found OGRE
[3.552s] --   static     : OFF
[3.552s] --   components : MeshLodGenerator;Overlay;Paging;Property;RTShaderSystem;Terrain;Volume
[3.552s] --   plugins    : Plugin_BSPSceneManager;Plugin_OctreeSceneManager;Plugin_PCZSceneManager;Plugin_ParticleFX;RenderSystem_GL;RenderSystem_GL3Plus;Codec_STBI
[3.553s] --   media      : /opt/ros/jazzy/opt/rviz_ogre_vendor/share/OGRE/Media
[3.553s] -- OGRE_LIBRARIES: OgreMeshLodGenerator;OgreOverlay;OgrePaging;OgreProperty;OgreRTShaderSystem;OgreTerrain;OgreVolume;OgreMain
[3.553s] -- OGRE_LIBRARY_DIRS: /opt/ros/jazzy/opt/rviz_ogre_vendor/lib
[3.553s] -- OGRE_PLUGINS: Plugin_BSPSceneManager;Plugin_OctreeSceneManager;Plugin_PCZSceneManager;Plugin_ParticleFX;RenderSystem_GL;RenderSystem_GL3Plus;Codec_STBI
[3.553s] -- OGRE_PLUGIN_DIR: /opt/ros/jazzy/opt/rviz_ogre_vendor/lib/OGRE
[3.554s] -- rviz_ogre_vendor::OgreOverlay for IMPORTED_LOCATION_RELEASE: /opt/ros/jazzy/opt/rviz_ogre_vendor/lib/libOgreOverlay.so
[3.554s] -- rviz_ogre_vendor::OgreOverlay for IMPORTED_LOCATION_DEBUG: /opt/ros/jazzy/opt/rviz_ogre_vendor/lib/libOgreOverlay.so
[3.554s] -- rviz_ogre_vendor::OgreMain for IMPORTED_LOCATION_RELEASE: /opt/ros/jazzy/opt/rviz_ogre_vendor/lib/libOgreMain.so
[3.554s] -- rviz_ogre_vendor::OgreMain for IMPORTED_LOCATION_DEBUG: /opt/ros/jazzy/opt/rviz_ogre_vendor/lib/libOgreMain.so
[3.612s] -- Found ZLIB: /usr/lib/x86_64-linux-gnu/libz.so (found version "1.3")  
[3.636s] -- Found OpenGL: /usr/lib/x86_64-linux-gnu/libOpenGL.so   
[3.878s] -- Found X11: /usr/include   
[3.878s] -- Looking for XOpenDisplay in /usr/lib/x86_64-linux-gnu/libX11.so;/usr/lib/x86_64-linux-gnu/libXext.so
[4.247s] -- Looking for XOpenDisplay in /usr/lib/x86_64-linux-gnu/libX11.so;/usr/lib/x86_64-linux-gnu/libXext.so - found
[4.247s] -- Looking for gethostbyname
[4.621s] -- Looking for gethostbyname - found
[4.622s] -- Looking for connect
[4.911s] -- Looking for connect - found
[4.911s] -- Looking for remove
[5.194s] -- Looking for remove - found
[5.194s] -- Looking for shmat
[5.505s] -- Looking for shmat - found
[5.505s] -- Looking for IceConnectionNumber in ICE
[5.869s] -- Looking for IceConnectionNumber in ICE - found
[6.239s] -- Setting yaml-cpp_DIR to: '/opt/ros/jazzy/share/yaml_cpp_vendor/cmake/../../../opt/yaml_cpp_vendor/share/cmake/yaml-cpp'
[6.291s] -- Found rviz_default_plugins: 14.1.6 (/opt/ros/jazzy/share/rviz_default_plugins/cmake)
[6.738s] -- Found eigen3_cmake_module: 0.3.0 (/opt/ros/jazzy/share/eigen3_cmake_module/cmake)
[6.740s] -- Found Eigen3: TRUE (found version "3.4.0") 
[6.740s] -- Ensuring Eigen3 include directory is part of orocos-kdl CMake target
[6.836s] -- Found rmf_traffic_ros2: 2.9.0 (/rmf_demos_ws/install/rmf_traffic_ros2/share/rmf_traffic_ros2/cmake)
[6.842s] -- Found PkgConfig: /usr/bin/pkg-config (found version "1.8.1") 
[6.844s] -- Checking for module 'proj'
[6.922s] --   Found proj, version 9.4.0
[7.892s] -- Found ament_cmake_uncrustify: 0.17.1 (/opt/ros/jazzy/share/ament_cmake_uncrustify/cmake)
[8.550s] -- Configuring done (8.5s)
[8.762s] -- Generating done (0.1s)
[8.791s] -- Build files have been written to: /home/usuario/IR2134/rmf_demos/build/rmf_visualization_rviz2_plugins
[8.852s] Invoked command in '/home/usuario/IR2134/rmf_demos/build/rmf_visualization_rviz2_plugins' returned '0': CMAKE_PREFIX_PATH=/home/usuario/IR2134/rmf_demos/install/rmf_demos_gz:/home/usuario/IR2134/rmf_demos/install/rmf_demos:/home/usuario/IR2134/rmf_demos/install/rmf_visualization:/home/usuario/IR2134/rmf_demos/install/rmf_visualization_schedule:/home/usuario/IR2134/rmf_demos/install/rmf_visualization_rviz2_plugins:/home/usuario/IR2134/rmf_demos/install/rmf_visualization_obstacles:/home/usuario/IR2134/rmf_demos/install/rmf_visualization_navgraphs:/home/usuario/IR2134/rmf_demos/install/rmf_visualization_floorplans:/home/usuario/IR2134/rmf_demos/install/rmf_visualization_fleet_states:/home/usuario/IR2134/rmf_demos/install/rmf_demos_maps:/home/usuario/IR2134/rmf_demos/install/rmf_demos_assets:/rmf_demos_ws/install/rmf_workcell_msgs:/rmf_demos_ws/install/rmf_reservation_node:/rmf_demos_ws/install/rmf_demos_gz:/rmf_demos_ws/install/rmf_demos:/rmf_demos_ws/install/rmf_fleet_adapter_python:/rmf_demos_ws/install/rmf_fleet_adapter:/rmf_demos_ws/install/rmf_task_ros2:/rmf_demos_ws/install/rmf_websocket:/rmf_demos_ws/install/rmf_visualization:/rmf_demos_ws/install/rmf_visualization_schedule:/rmf_demos_ws/install/rmf_visualization_rviz2_plugins:/rmf_demos_ws/install/rmf_visualization_obstacles:/rmf_demos_ws/install/rmf_visualization_navgraphs:/rmf_demos_ws/install/rmf_visualization_floorplans:/rmf_demos_ws/install/rmf_visualization_fleet_states:/rmf_demos_ws/install/rmf_visualization_msgs:/rmf_demos_ws/install/rmf_traffic_ros2:/rmf_demos_ws/install/rmf_task_sequence:/rmf_demos_ws/install/rmf_task:/rmf_demos_ws/install/rmf_battery:/rmf_demos_ws/install/rmf_traffic:/rmf_demos_ws/install/rmf_utils:/rmf_demos_ws/install/rmf_traffic_msgs:/rmf_demos_ws/install/rmf_traffic_editor_test_maps:/rmf_demos_ws/install/rmf_traffic_editor_assets:/rmf_demos_ws/install/rmf_traffic_editor:/rmf_demos_ws/install/rmf_task_msgs:/rmf_demos_ws/install/rmf_site_map_msgs:/rmf_demos_ws/install/rmf_scheduler_msgs:/rmf_demos_ws/install/rmf_robot_sim_gz_plugins:/rmf_demos_ws/install/rmf_robot_sim_common:/rmf_demos_ws/install/rmf_reservation_msgs:/rmf_demos_ws/install/rmf_obstacle_msgs:/rmf_demos_ws/install/rmf_building_sim_gz_plugins:/rmf_demos_ws/install/rmf_lift_msgs:/rmf_demos_ws/install/rmf_ingestor_msgs:/rmf_demos_ws/install/rmf_fleet_msgs:/rmf_demos_ws/install/rmf_door_msgs:/rmf_demos_ws/install/rmf_dispenser_msgs:/rmf_demos_ws/install/rmf_demos_maps:/rmf_demos_ws/install/rmf_demos_assets:/rmf_demos_ws/install/rmf_charger_msgs:/rmf_demos_ws/install/rmf_building_map_msgs:/rmf_demos_ws/install/rmf_api_msgs:/rmf_demos_ws/install/pybind11_json_vendor:/rmf_demos_ws/install/nlohmann_json_schema_validator_vendor:/home/usuario/IR2134/rmf_demos/install/rmf_visualization_building_systems:/home/usuario/IR2134/rmf_demos/install/rmf_demos_tasks:/home/usuario/IR2134/rmf_demos/install/rmf_demos_fleet_adapter:/home/usuario/IR2134/rmf_demos/install/rmf_demos_bridges:/rmf_demos_ws/install/rmf_demos_fleet_adapter:/rmf_demos_ws/install/rmf_visualization_building_systems:/rmf_demos_ws/install/rmf_traffic_examples:/rmf_demos_ws/install/rmf_demos_bridges:/rmf_demos_ws/install/rmf_demos_tasks:/rmf_demos_ws/install/rmf_building_map_tools:/rmf_demos_ws/install/rmf_charging_schedule:/opt/ros/jazzy:/rmf_demos_ws/install/menge_vendor:/rmf_demos_ws/install/ament_cmake_catch2:/opt/ros/jazzy/opt/gz_sim_vendor:/opt/ros/jazzy/opt/gz_sensors_vendor:/opt/ros/jazzy/opt/gz_physics_vendor:/opt/ros/jazzy/opt/sdformat_vendor:/opt/ros/jazzy/opt/gz_gui_vendor:/opt/ros/jazzy/opt/gz_transport_vendor:/opt/ros/jazzy/opt/gz_rendering_vendor:/opt/ros/jazzy/opt/gz_plugin_vendor:/opt/ros/jazzy/opt/gz_fuel_tools_vendor:/opt/ros/jazzy/opt/gz_msgs_vendor:/opt/ros/jazzy/opt/gz_common_vendor:/opt/ros/jazzy/opt/gz_math_vendor:/opt/ros/jazzy/opt/gz_utils_vendor:/opt/ros/jazzy/opt/gz_tools_vendor:/opt/ros/jazzy/opt/gz_ogre_next_vendor:/opt/ros/jazzy/opt/gz_dartsim_vendor:/opt/ros/jazzy/opt/gz_cmake_vendor /usr/bin/cmake /home/usuario/IR2134/rmf_demos/rmf_visualization/rmf_visualization_rviz2_plugins -DCMAKE_INSTALL_PREFIX=/home/usuario/IR2134/rmf_demos/install/rmf_visualization_rviz2_plugins
[8.853s] Invoking command in '/home/usuario/IR2134/rmf_demos/build/rmf_visualization_rviz2_plugins': CMAKE_PREFIX_PATH=/home/usuario/IR2134/rmf_demos/install/rmf_demos_gz:/home/usuario/IR2134/rmf_demos/install/rmf_demos:/home/usuario/IR2134/rmf_demos/install/rmf_visualization:/home/usuario/IR2134/rmf_demos/install/rmf_visualization_schedule:/home/usuario/IR2134/rmf_demos/install/rmf_visualization_rviz2_plugins:/home/usuario/IR2134/rmf_demos/install/rmf_visualization_obstacles:/home/usuario/IR2134/rmf_demos/install/rmf_visualization_navgraphs:/home/usuario/IR2134/rmf_demos/install/rmf_visualization_floorplans:/home/usuario/IR2134/rmf_demos/install/rmf_visualization_fleet_states:/home/usuario/IR2134/rmf_demos/install/rmf_demos_maps:/home/usuario/IR2134/rmf_demos/install/rmf_demos_assets:/rmf_demos_ws/install/rmf_workcell_msgs:/rmf_demos_ws/install/rmf_reservation_node:/rmf_demos_ws/install/rmf_demos_gz:/rmf_demos_ws/install/rmf_demos:/rmf_demos_ws/install/rmf_fleet_adapter_python:/rmf_demos_ws/install/rmf_fleet_adapter:/rmf_demos_ws/install/rmf_task_ros2:/rmf_demos_ws/install/rmf_websocket:/rmf_demos_ws/install/rmf_visualization:/rmf_demos_ws/install/rmf_visualization_schedule:/rmf_demos_ws/install/rmf_visualization_rviz2_plugins:/rmf_demos_ws/install/rmf_visualization_obstacles:/rmf_demos_ws/install/rmf_visualization_navgraphs:/rmf_demos_ws/install/rmf_visualization_floorplans:/rmf_demos_ws/install/rmf_visualization_fleet_states:/rmf_demos_ws/install/rmf_visualization_msgs:/rmf_demos_ws/install/rmf_traffic_ros2:/rmf_demos_ws/install/rmf_task_sequence:/rmf_demos_ws/install/rmf_task:/rmf_demos_ws/install/rmf_battery:/rmf_demos_ws/install/rmf_traffic:/rmf_demos_ws/install/rmf_utils:/rmf_demos_ws/install/rmf_traffic_msgs:/rmf_demos_ws/install/rmf_traffic_editor_test_maps:/rmf_demos_ws/install/rmf_traffic_editor_assets:/rmf_demos_ws/install/rmf_traffic_editor:/rmf_demos_ws/install/rmf_task_msgs:/rmf_demos_ws/install/rmf_site_map_msgs:/rmf_demos_ws/install/rmf_scheduler_msgs:/rmf_demos_ws/install/rmf_robot_sim_gz_plugins:/rmf_demos_ws/install/rmf_robot_sim_common:/rmf_demos_ws/install/rmf_reservation_msgs:/rmf_demos_ws/install/rmf_obstacle_msgs:/rmf_demos_ws/install/rmf_building_sim_gz_plugins:/rmf_demos_ws/install/rmf_lift_msgs:/rmf_demos_ws/install/rmf_ingestor_msgs:/rmf_demos_ws/install/rmf_fleet_msgs:/rmf_demos_ws/install/rmf_door_msgs:/rmf_demos_ws/install/rmf_dispenser_msgs:/rmf_demos_ws/install/rmf_demos_maps:/rmf_demos_ws/install/rmf_demos_assets:/rmf_demos_ws/install/rmf_charger_msgs:/rmf_demos_ws/install/rmf_building_map_msgs:/rmf_demos_ws/install/rmf_api_msgs:/rmf_demos_ws/install/pybind11_json_vendor:/rmf_demos_ws/install/nlohmann_json_schema_validator_vendor:/home/usuario/IR2134/rmf_demos/install/rmf_visualization_building_systems:/home/usuario/IR2134/rmf_demos/install/rmf_demos_tasks:/home/usuario/IR2134/rmf_demos/install/rmf_demos_fleet_adapter:/home/usuario/IR2134/rmf_demos/install/rmf_demos_bridges:/rmf_demos_ws/install/rmf_demos_fleet_adapter:/rmf_demos_ws/install/rmf_visualization_building_systems:/rmf_demos_ws/install/rmf_traffic_examples:/rmf_demos_ws/install/rmf_demos_bridges:/rmf_demos_ws/install/rmf_demos_tasks:/rmf_demos_ws/install/rmf_building_map_tools:/rmf_demos_ws/install/rmf_charging_schedule:/opt/ros/jazzy:/rmf_demos_ws/install/menge_vendor:/rmf_demos_ws/install/ament_cmake_catch2:/opt/ros/jazzy/opt/gz_sim_vendor:/opt/ros/jazzy/opt/gz_sensors_vendor:/opt/ros/jazzy/opt/gz_physics_vendor:/opt/ros/jazzy/opt/sdformat_vendor:/opt/ros/jazzy/opt/gz_gui_vendor:/opt/ros/jazzy/opt/gz_transport_vendor:/opt/ros/jazzy/opt/gz_rendering_vendor:/opt/ros/jazzy/opt/gz_plugin_vendor:/opt/ros/jazzy/opt/gz_fuel_tools_vendor:/opt/ros/jazzy/opt/gz_msgs_vendor:/opt/ros/jazzy/opt/gz_common_vendor:/opt/ros/jazzy/opt/gz_math_vendor:/opt/ros/jazzy/opt/gz_utils_vendor:/opt/ros/jazzy/opt/gz_tools_vendor:/opt/ros/jazzy/opt/gz_ogre_next_vendor:/opt/ros/jazzy/opt/gz_dartsim_vendor:/opt/ros/jazzy/opt/gz_cmake_vendor /usr/bin/cmake --build /home/usuario/IR2134/rmf_demos/build/rmf_visualization_rviz2_plugins -- -j4 -l4
[9.248s] [  0%] Built target rmf_visualization_rviz2_plugins_autogen_timestamp_deps
[9.384s] [ 12%] [34m[1mAutomatic MOC for target rmf_visualization_rviz2_plugins[0m
[11.159s] [ 12%] Built target rmf_visualization_rviz2_plugins_autogen
[11.424s] [ 25%] [32mBuilding CXX object CMakeFiles/rmf_visualization_rviz2_plugins.dir/rmf_visualization_rviz2_plugins_autogen/mocs_compilation.cpp.o[0m
[21.638s] [ 37%] [32mBuilding CXX object CMakeFiles/rmf_visualization_rviz2_plugins.dir/src/DoorPanel.cpp.o[0m
[36.820s] [ 50%] [32mBuilding CXX object CMakeFiles/rmf_visualization_rviz2_plugins.dir/src/NegotiationModel.cpp.o[0m
[38.296s] [01m[K/home/usuario/IR2134/rmf_demos/rmf_visualization/rmf_visualization_rviz2_plugins/src/NegotiationModel.cpp:[m[K In member function ‘[01m[Kuint64_t NegotiationModel::[01;32m[Kget_negotiation_id[m[K(std::size_t)[m[K’:
[38.296s] [01m[K/home/usuario/IR2134/rmf_demos/rmf_visualization/rmf_visualization_rviz2_plugins/src/NegotiationModel.cpp:66:1:[m[K [01;35m[Kwarning: [m[Kcontrol reaches end of non-void function [[01;35m[K]8;;https://gcc.gnu.org/onlinedocs/gcc/Warning-Options.html#index-Wreturn-type-Wreturn-type]8;;[m[K]
[38.297s]    66 | [01;35m[K}[m[K
[38.297s]       | [01;35m[K^[m[K
[38.481s] [ 62%] [32mBuilding CXX object CMakeFiles/rmf_visualization_rviz2_plugins.dir/src/LiftPanel.cpp.o[0m
[42.125s] [01m[K/home/usuario/IR2134/rmf_demos/rmf_visualization/rmf_visualization_rviz2_plugins/src/LiftPanel.cpp:[m[K In member function ‘[01m[Kvoid rmf_visualization_rviz2_plugins::LiftPanel::[01;32m[Kdisplay_state[m[K(const LiftState&)[m[K’:
[42.126s] [01m[K/home/usuario/IR2134/rmf_demos/rmf_visualization/rmf_visualization_rviz2_plugins/src/LiftPanel.cpp:380:19:[m[K [01;35m[Kwarning: [m[Kloop variable ‘[01m[Kf[m[K’ creates a copy from type ‘[01m[Kconst std::__cxx11::basic_string<char>[m[K’ [[01;35m[K]8;;https://gcc.gnu.org/onlinedocs/gcc/Warning-Options.html#index-Wrange-loop-construct-Wrange-loop-construct]8;;[m[K]
[42.126s]   380 |   for (const auto [01;35m[Kf[m[K : msg.available_floors)
[42.126s]       |                   [01;35m[K^[m[K
[42.126s] [01m[K/home/usuario/IR2134/rmf_demos/rmf_visualization/rmf_visualization_rviz2_plugins/src/LiftPanel.cpp:380:19:[m[K [01;36m[Knote: [m[Kuse reference type to prevent copying
[42.126s]   380 |   for (const auto [01;36m[Kf[m[K : msg.available_floors)
[42.126s]       |                   [01;36m[K^[m[K
[42.126s]       |                   [32m[K&[m[K
[50.063s] [ 75%] [32mBuilding CXX object CMakeFiles/rmf_visualization_rviz2_plugins.dir/src/SchedulePanel.cpp.o[0m
[63.407s] [ 87%] [32m[1mLinking CXX shared library librmf_visualization_rviz2_plugins.so[0m
[67.705s] [100%] Built target rmf_visualization_rviz2_plugins
[67.723s] Invoked command in '/home/usuario/IR2134/rmf_demos/build/rmf_visualization_rviz2_plugins' returned '0': CMAKE_PREFIX_PATH=/home/usuario/IR2134/rmf_demos/install/rmf_demos_gz:/home/usuario/IR2134/rmf_demos/install/rmf_demos:/home/usuario/IR2134/rmf_demos/install/rmf_visualization:/home/usuario/IR2134/rmf_demos/install/rmf_visualization_schedule:/home/usuario/IR2134/rmf_demos/install/rmf_visualization_rviz2_plugins:/home/usuario/IR2134/rmf_demos/install/rmf_visualization_obstacles:/home/usuario/IR2134/rmf_demos/install/rmf_visualization_navgraphs:/home/usuario/IR2134/rmf_demos/install/rmf_visualization_floorplans:/home/usuario/IR2134/rmf_demos/install/rmf_visualization_fleet_states:/home/usuario/IR2134/rmf_demos/install/rmf_demos_maps:/home/usuario/IR2134/rmf_demos/install/rmf_demos_assets:/rmf_demos_ws/install/rmf_workcell_msgs:/rmf_demos_ws/install/rmf_reservation_node:/rmf_demos_ws/install/rmf_demos_gz:/rmf_demos_ws/install/rmf_demos:/rmf_demos_ws/install/rmf_fleet_adapter_python:/rmf_demos_ws/install/rmf_fleet_adapter:/rmf_demos_ws/install/rmf_task_ros2:/rmf_demos_ws/install/rmf_websocket:/rmf_demos_ws/install/rmf_visualization:/rmf_demos_ws/install/rmf_visualization_schedule:/rmf_demos_ws/install/rmf_visualization_rviz2_plugins:/rmf_demos_ws/install/rmf_visualization_obstacles:/rmf_demos_ws/install/rmf_visualization_navgraphs:/rmf_demos_ws/install/rmf_visualization_floorplans:/rmf_demos_ws/install/rmf_visualization_fleet_states:/rmf_demos_ws/install/rmf_visualization_msgs:/rmf_demos_ws/install/rmf_traffic_ros2:/rmf_demos_ws/install/rmf_task_sequence:/rmf_demos_ws/install/rmf_task:/rmf_demos_ws/install/rmf_battery:/rmf_demos_ws/install/rmf_traffic:/rmf_demos_ws/install/rmf_utils:/rmf_demos_ws/install/rmf_traffic_msgs:/rmf_demos_ws/install/rmf_traffic_editor_test_maps:/rmf_demos_ws/install/rmf_traffic_editor_assets:/rmf_demos_ws/install/rmf_traffic_editor:/rmf_demos_ws/install/rmf_task_msgs:/rmf_demos_ws/install/rmf_site_map_msgs:/rmf_demos_ws/install/rmf_scheduler_msgs:/rmf_demos_ws/install/rmf_robot_sim_gz_plugins:/rmf_demos_ws/install/rmf_robot_sim_common:/rmf_demos_ws/install/rmf_reservation_msgs:/rmf_demos_ws/install/rmf_obstacle_msgs:/rmf_demos_ws/install/rmf_building_sim_gz_plugins:/rmf_demos_ws/install/rmf_lift_msgs:/rmf_demos_ws/install/rmf_ingestor_msgs:/rmf_demos_ws/install/rmf_fleet_msgs:/rmf_demos_ws/install/rmf_door_msgs:/rmf_demos_ws/install/rmf_dispenser_msgs:/rmf_demos_ws/install/rmf_demos_maps:/rmf_demos_ws/install/rmf_demos_assets:/rmf_demos_ws/install/rmf_charger_msgs:/rmf_demos_ws/install/rmf_building_map_msgs:/rmf_demos_ws/install/rmf_api_msgs:/rmf_demos_ws/install/pybind11_json_vendor:/rmf_demos_ws/install/nlohmann_json_schema_validator_vendor:/home/usuario/IR2134/rmf_demos/install/rmf_visualization_building_systems:/home/usuario/IR2134/rmf_demos/install/rmf_demos_tasks:/home/usuario/IR2134/rmf_demos/install/rmf_demos_fleet_adapter:/home/usuario/IR2134/rmf_demos/install/rmf_demos_bridges:/rmf_demos_ws/install/rmf_demos_fleet_adapter:/rmf_demos_ws/install/rmf_visualization_building_systems:/rmf_demos_ws/install/rmf_traffic_examples:/rmf_demos_ws/install/rmf_demos_bridges:/rmf_demos_ws/install/rmf_demos_tasks:/rmf_demos_ws/install/rmf_building_map_tools:/rmf_demos_ws/install/rmf_charging_schedule:/opt/ros/jazzy:/rmf_demos_ws/install/menge_vendor:/rmf_demos_ws/install/ament_cmake_catch2:/opt/ros/jazzy/opt/gz_sim_vendor:/opt/ros/jazzy/opt/gz_sensors_vendor:/opt/ros/jazzy/opt/gz_physics_vendor:/opt/ros/jazzy/opt/sdformat_vendor:/opt/ros/jazzy/opt/gz_gui_vendor:/opt/ros/jazzy/opt/gz_transport_vendor:/opt/ros/jazzy/opt/gz_rendering_vendor:/opt/ros/jazzy/opt/gz_plugin_vendor:/opt/ros/jazzy/opt/gz_fuel_tools_vendor:/opt/ros/jazzy/opt/gz_msgs_vendor:/opt/ros/jazzy/opt/gz_common_vendor:/opt/ros/jazzy/opt/gz_math_vendor:/opt/ros/jazzy/opt/gz_utils_vendor:/opt/ros/jazzy/opt/gz_tools_vendor:/opt/ros/jazzy/opt/gz_ogre_next_vendor:/opt/ros/jazzy/opt/gz_dartsim_vendor:/opt/ros/jazzy/opt/gz_cmake_vendor /usr/bin/cmake --build /home/usuario/IR2134/rmf_demos/build/rmf_visualization_rviz2_plugins -- -j4 -l4
[67.725s] Invoking command in '/home/usuario/IR2134/rmf_demos/build/rmf_visualization_rviz2_plugins': CMAKE_PREFIX_PATH=/home/usuario/IR2134/rmf_demos/install/rmf_demos_gz:/home/usuario/IR2134/rmf_demos/install/rmf_demos:/home/usuario/IR2134/rmf_demos/install/rmf_visualization:/home/usuario/IR2134/rmf_demos/install/rmf_visualization_schedule:/home/usuario/IR2134/rmf_demos/install/rmf_visualization_rviz2_plugins:/home/usuario/IR2134/rmf_demos/install/rmf_visualization_obstacles:/home/usuario/IR2134/rmf_demos/install/rmf_visualization_navgraphs:/home/usuario/IR2134/rmf_demos/install/rmf_visualization_floorplans:/home/usuario/IR2134/rmf_demos/install/rmf_visualization_fleet_states:/home/usuario/IR2134/rmf_demos/install/rmf_demos_maps:/home/usuario/IR2134/rmf_demos/install/rmf_demos_assets:/rmf_demos_ws/install/rmf_workcell_msgs:/rmf_demos_ws/install/rmf_reservation_node:/rmf_demos_ws/install/rmf_demos_gz:/rmf_demos_ws/install/rmf_demos:/rmf_demos_ws/install/rmf_fleet_adapter_python:/rmf_demos_ws/install/rmf_fleet_adapter:/rmf_demos_ws/install/rmf_task_ros2:/rmf_demos_ws/install/rmf_websocket:/rmf_demos_ws/install/rmf_visualization:/rmf_demos_ws/install/rmf_visualization_schedule:/rmf_demos_ws/install/rmf_visualization_rviz2_plugins:/rmf_demos_ws/install/rmf_visualization_obstacles:/rmf_demos_ws/install/rmf_visualization_navgraphs:/rmf_demos_ws/install/rmf_visualization_floorplans:/rmf_demos_ws/install/rmf_visualization_fleet_states:/rmf_demos_ws/install/rmf_visualization_msgs:/rmf_demos_ws/install/rmf_traffic_ros2:/rmf_demos_ws/install/rmf_task_sequence:/rmf_demos_ws/install/rmf_task:/rmf_demos_ws/install/rmf_battery:/rmf_demos_ws/install/rmf_traffic:/rmf_demos_ws/install/rmf_utils:/rmf_demos_ws/install/rmf_traffic_msgs:/rmf_demos_ws/install/rmf_traffic_editor_test_maps:/rmf_demos_ws/install/rmf_traffic_editor_assets:/rmf_demos_ws/install/rmf_traffic_editor:/rmf_demos_ws/install/rmf_task_msgs:/rmf_demos_ws/install/rmf_site_map_msgs:/rmf_demos_ws/install/rmf_scheduler_msgs:/rmf_demos_ws/install/rmf_robot_sim_gz_plugins:/rmf_demos_ws/install/rmf_robot_sim_common:/rmf_demos_ws/install/rmf_reservation_msgs:/rmf_demos_ws/install/rmf_obstacle_msgs:/rmf_demos_ws/install/rmf_building_sim_gz_plugins:/rmf_demos_ws/install/rmf_lift_msgs:/rmf_demos_ws/install/rmf_ingestor_msgs:/rmf_demos_ws/install/rmf_fleet_msgs:/rmf_demos_ws/install/rmf_door_msgs:/rmf_demos_ws/install/rmf_dispenser_msgs:/rmf_demos_ws/install/rmf_demos_maps:/rmf_demos_ws/install/rmf_demos_assets:/rmf_demos_ws/install/rmf_charger_msgs:/rmf_demos_ws/install/rmf_building_map_msgs:/rmf_demos_ws/install/rmf_api_msgs:/rmf_demos_ws/install/pybind11_json_vendor:/rmf_demos_ws/install/nlohmann_json_schema_validator_vendor:/home/usuario/IR2134/rmf_demos/install/rmf_visualization_building_systems:/home/usuario/IR2134/rmf_demos/install/rmf_demos_tasks:/home/usuario/IR2134/rmf_demos/install/rmf_demos_fleet_adapter:/home/usuario/IR2134/rmf_demos/install/rmf_demos_bridges:/rmf_demos_ws/install/rmf_demos_fleet_adapter:/rmf_demos_ws/install/rmf_visualization_building_systems:/rmf_demos_ws/install/rmf_traffic_examples:/rmf_demos_ws/install/rmf_demos_bridges:/rmf_demos_ws/install/rmf_demos_tasks:/rmf_demos_ws/install/rmf_building_map_tools:/rmf_demos_ws/install/rmf_charging_schedule:/opt/ros/jazzy:/rmf_demos_ws/install/menge_vendor:/rmf_demos_ws/install/ament_cmake_catch2:/opt/ros/jazzy/opt/gz_sim_vendor:/opt/ros/jazzy/opt/gz_sensors_vendor:/opt/ros/jazzy/opt/gz_physics_vendor:/opt/ros/jazzy/opt/sdformat_vendor:/opt/ros/jazzy/opt/gz_gui_vendor:/opt/ros/jazzy/opt/gz_transport_vendor:/opt/ros/jazzy/opt/gz_rendering_vendor:/opt/ros/jazzy/opt/gz_plugin_vendor:/opt/ros/jazzy/opt/gz_fuel_tools_vendor:/opt/ros/jazzy/opt/gz_msgs_vendor:/opt/ros/jazzy/opt/gz_common_vendor:/opt/ros/jazzy/opt/gz_math_vendor:/opt/ros/jazzy/opt/gz_utils_vendor:/opt/ros/jazzy/opt/gz_tools_vendor:/opt/ros/jazzy/opt/gz_ogre_next_vendor:/opt/ros/jazzy/opt/gz_dartsim_vendor:/opt/ros/jazzy/opt/gz_cmake_vendor /usr/bin/cmake --install /home/usuario/IR2134/rmf_demos/build/rmf_visualization_rviz2_plugins
[67.739s] -- Install configuration: ""
[67.739s] -- Installing: /home/usuario/IR2134/rmf_demos/install/rmf_visualization_rviz2_plugins/share/rmf_visualization_rviz2_plugins/plugin_description.xml
[67.740s] -- Installing: /home/usuario/IR2134/rmf_demos/install/rmf_visualization_rviz2_plugins/share/rmf_visualization_rviz2_plugins/environment/library_path.sh
[67.740s] -- Installing: /home/usuario/IR2134/rmf_demos/install/rmf_visualization_rviz2_plugins/share/rmf_visualization_rviz2_plugins/environment/library_path.dsv
[67.741s] -- Installing: /home/usuario/IR2134/rmf_demos/install/rmf_visualization_rviz2_plugins/lib/librmf_visualization_rviz2_plugins.so
[67.767s] -- Set non-toolchain portion of runtime path of "/home/usuario/IR2134/rmf_demos/install/rmf_visualization_rviz2_plugins/lib/librmf_visualization_rviz2_plugins.so" to ""
[67.767s] -- Installing: /home/usuario/IR2134/rmf_demos/install/rmf_visualization_rviz2_plugins/share/ament_index/resource_index/package_run_dependencies/rmf_visualization_rviz2_plugins
[67.768s] -- Installing: /home/usuario/IR2134/rmf_demos/install/rmf_visualization_rviz2_plugins/share/ament_index/resource_index/parent_prefix_path/rmf_visualization_rviz2_plugins
[67.768s] -- Installing: /home/usuario/IR2134/rmf_demos/install/rmf_visualization_rviz2_plugins/share/rmf_visualization_rviz2_plugins/environment/ament_prefix_path.sh
[67.768s] -- Installing: /home/usuario/IR2134/rmf_demos/install/rmf_visualization_rviz2_plugins/share/rmf_visualization_rviz2_plugins/environment/ament_prefix_path.dsv
[67.769s] -- Installing: /home/usuario/IR2134/rmf_demos/install/rmf_visualization_rviz2_plugins/share/rmf_visualization_rviz2_plugins/environment/path.sh
[67.769s] -- Installing: /home/usuario/IR2134/rmf_demos/install/rmf_visualization_rviz2_plugins/share/rmf_visualization_rviz2_plugins/environment/path.dsv
[67.770s] -- Installing: /home/usuario/IR2134/rmf_demos/install/rmf_visualization_rviz2_plugins/share/rmf_visualization_rviz2_plugins/local_setup.bash
[67.770s] -- Installing: /home/usuario/IR2134/rmf_demos/install/rmf_visualization_rviz2_plugins/share/rmf_visualization_rviz2_plugins/local_setup.sh
[67.771s] -- Installing: /home/usuario/IR2134/rmf_demos/install/rmf_visualization_rviz2_plugins/share/rmf_visualization_rviz2_plugins/local_setup.zsh
[67.771s] -- Installing: /home/usuario/IR2134/rmf_demos/install/rmf_visualization_rviz2_plugins/share/rmf_visualization_rviz2_plugins/local_setup.dsv
[67.772s] -- Installing: /home/usuario/IR2134/rmf_demos/install/rmf_visualization_rviz2_plugins/share/rmf_visualization_rviz2_plugins/package.dsv
[67.772s] -- Installing: /home/usuario/IR2134/rmf_demos/install/rmf_visualization_rviz2_plugins/share/ament_index/resource_index/packages/rmf_visualization_rviz2_plugins
[67.773s] -- Installing: /home/usuario/IR2134/rmf_demos/install/rmf_visualization_rviz2_plugins/share/ament_index/resource_index/rviz_common__pluginlib__plugin/rmf_visualization_rviz2_plugins
[67.774s] -- Installing: /home/usuario/IR2134/rmf_demos/install/rmf_visualization_rviz2_plugins/share/rmf_visualization_rviz2_plugins/cmake/rmf_visualization_rviz2_pluginsExport.cmake
[67.774s] -- Installing: /home/usuario/IR2134/rmf_demos/install/rmf_visualization_rviz2_plugins/share/rmf_visualization_rviz2_plugins/cmake/rmf_visualization_rviz2_pluginsExport-noconfig.cmake
[67.775s] -- Installing: /home/usuario/IR2134/rmf_demos/install/rmf_visualization_rviz2_plugins/share/rmf_visualization_rviz2_plugins/cmake/ament_cmake_export_include_directories-extras.cmake
[67.775s] -- Installing: /home/usuario/IR2134/rmf_demos/install/rmf_visualization_rviz2_plugins/share/rmf_visualization_rviz2_plugins/cmake/ament_cmake_export_targets-extras.cmake
[67.776s] -- Installing: /home/usuario/IR2134/rmf_demos/install/rmf_visualization_rviz2_plugins/share/rmf_visualization_rviz2_plugins/cmake/ament_cmake_export_dependencies-extras.cmake
[67.776s] -- Installing: /home/usuario/IR2134/rmf_demos/install/rmf_visualization_rviz2_plugins/share/rmf_visualization_rviz2_plugins/cmake/rmf_visualization_rviz2_pluginsConfig.cmake
[67.777s] -- Installing: /home/usuario/IR2134/rmf_demos/install/rmf_visualization_rviz2_plugins/share/rmf_visualization_rviz2_plugins/cmake/rmf_visualization_rviz2_pluginsConfig-version.cmake
[67.777s] -- Installing: /home/usuario/IR2134/rmf_demos/install/rmf_visualization_rviz2_plugins/share/rmf_visualization_rviz2_plugins/package.xml
[67.782s] Invoked command in '/home/usuario/IR2134/rmf_demos/build/rmf_visualization_rviz2_plugins' returned '0': CMAKE_PREFIX_PATH=/home/usuario/IR2134/rmf_demos/install/rmf_demos_gz:/home/usuario/IR2134/rmf_demos/install/rmf_demos:/home/usuario/IR2134/rmf_demos/install/rmf_visualization:/home/usuario/IR2134/rmf_demos/install/rmf_visualization_schedule:/home/usuario/IR2134/rmf_demos/install/rmf_visualization_rviz2_plugins:/home/usuario/IR2134/rmf_demos/install/rmf_visualization_obstacles:/home/usuario/IR2134/rmf_demos/install/rmf_visualization_navgraphs:/home/usuario/IR2134/rmf_demos/install/rmf_visualization_floorplans:/home/usuario/IR2134/rmf_demos/install/rmf_visualization_fleet_states:/home/usuario/IR2134/rmf_demos/install/rmf_demos_maps:/home/usuario/IR2134/rmf_demos/install/rmf_demos_assets:/rmf_demos_ws/install/rmf_workcell_msgs:/rmf_demos_ws/install/rmf_reservation_node:/rmf_demos_ws/install/rmf_demos_gz:/rmf_demos_ws/install/rmf_demos:/rmf_demos_ws/install/rmf_fleet_adapter_python:/rmf_demos_ws/install/rmf_fleet_adapter:/rmf_demos_ws/install/rmf_task_ros2:/rmf_demos_ws/install/rmf_websocket:/rmf_demos_ws/install/rmf_visualization:/rmf_demos_ws/install/rmf_visualization_schedule:/rmf_demos_ws/install/rmf_visualization_rviz2_plugins:/rmf_demos_ws/install/rmf_visualization_obstacles:/rmf_demos_ws/install/rmf_visualization_navgraphs:/rmf_demos_ws/install/rmf_visualization_floorplans:/rmf_demos_ws/install/rmf_visualization_fleet_states:/rmf_demos_ws/install/rmf_visualization_msgs:/rmf_demos_ws/install/rmf_traffic_ros2:/rmf_demos_ws/install/rmf_task_sequence:/rmf_demos_ws/install/rmf_task:/rmf_demos_ws/install/rmf_battery:/rmf_demos_ws/install/rmf_traffic:/rmf_demos_ws/install/rmf_utils:/rmf_demos_ws/install/rmf_traffic_msgs:/rmf_demos_ws/install/rmf_traffic_editor_test_maps:/rmf_demos_ws/install/rmf_traffic_editor_assets:/rmf_demos_ws/install/rmf_traffic_editor:/rmf_demos_ws/install/rmf_task_msgs:/rmf_demos_ws/install/rmf_site_map_msgs:/rmf_demos_ws/install/rmf_scheduler_msgs:/rmf_demos_ws/install/rmf_robot_sim_gz_plugins:/rmf_demos_ws/install/rmf_robot_sim_common:/rmf_demos_ws/install/rmf_reservation_msgs:/rmf_demos_ws/install/rmf_obstacle_msgs:/rmf_demos_ws/install/rmf_building_sim_gz_plugins:/rmf_demos_ws/install/rmf_lift_msgs:/rmf_demos_ws/install/rmf_ingestor_msgs:/rmf_demos_ws/install/rmf_fleet_msgs:/rmf_demos_ws/install/rmf_door_msgs:/rmf_demos_ws/install/rmf_dispenser_msgs:/rmf_demos_ws/install/rmf_demos_maps:/rmf_demos_ws/install/rmf_demos_assets:/rmf_demos_ws/install/rmf_charger_msgs:/rmf_demos_ws/install/rmf_building_map_msgs:/rmf_demos_ws/install/rmf_api_msgs:/rmf_demos_ws/install/pybind11_json_vendor:/rmf_demos_ws/install/nlohmann_json_schema_validator_vendor:/home/usuario/IR2134/rmf_demos/install/rmf_visualization_building_systems:/home/usuario/IR2134/rmf_demos/install/rmf_demos_tasks:/home/usuario/IR2134/rmf_demos/install/rmf_demos_fleet_adapter:/home/usuario/IR2134/rmf_demos/install/rmf_demos_bridges:/rmf_demos_ws/install/rmf_demos_fleet_adapter:/rmf_demos_ws/install/rmf_visualization_building_systems:/rmf_demos_ws/install/rmf_traffic_examples:/rmf_demos_ws/install/rmf_demos_bridges:/rmf_demos_ws/install/rmf_demos_tasks:/rmf_demos_ws/install/rmf_building_map_tools:/rmf_demos_ws/install/rmf_charging_schedule:/opt/ros/jazzy:/rmf_demos_ws/install/menge_vendor:/rmf_demos_ws/install/ament_cmake_catch2:/opt/ros/jazzy/opt/gz_sim_vendor:/opt/ros/jazzy/opt/gz_sensors_vendor:/opt/ros/jazzy/opt/gz_physics_vendor:/opt/ros/jazzy/opt/sdformat_vendor:/opt/ros/jazzy/opt/gz_gui_vendor:/opt/ros/jazzy/opt/gz_transport_vendor:/opt/ros/jazzy/opt/gz_rendering_vendor:/opt/ros/jazzy/opt/gz_plugin_vendor:/opt/ros/jazzy/opt/gz_fuel_tools_vendor:/opt/ros/jazzy/opt/gz_msgs_vendor:/opt/ros/jazzy/opt/gz_common_vendor:/opt/ros/jazzy/opt/gz_math_vendor:/opt/ros/jazzy/opt/gz_utils_vendor:/opt/ros/jazzy/opt/gz_tools_vendor:/opt/ros/jazzy/opt/gz_ogre_next_vendor:/opt/ros/jazzy/opt/gz_dartsim_vendor:/opt/ros/jazzy/opt/gz_cmake_vendor /usr/bin/cmake --install /home/usuario/IR2134/rmf_demos/build/rmf_visualization_rviz2_plugins
