[3.283s] Invoking command in '/home/usuario/rmf_demos/rmf_demos_bridges': PYTHONPATH=/home/usuario/rmf_demos/build/rmf_demos_bridges/prefix_override:/usr/lib/python3/dist-packages/colcon_core/task/python/colcon_distutils_commands:/home/usuario/rmf_demos/install/rmf_demos_bridges/lib/python3.12/site-packages:${PYTHONPATH} /usr/bin/python3 -W ignore:setup.py install is deprecated -W ignore:easy_install command is deprecated setup.py egg_info --egg-base ../build/rmf_demos_bridges build --build-base /home/usuario/rmf_demos/build/rmf_demos_bridges/build install --record /home/usuario/rmf_demos/build/rmf_demos_bridges/install.log --single-version-externally-managed install_data
[4.444s] running egg_info
[4.444s] creating ../build/rmf_demos_bridges/rmf_demos_bridges.egg-info
[4.504s] writing ../build/rmf_demos_bridges/rmf_demos_bridges.egg-info/PKG-INFO
[4.508s] writing dependency_links to ../build/rmf_demos_bridges/rmf_demos_bridges.egg-info/dependency_links.txt
[4.509s] writing entry points to ../build/rmf_demos_bridges/rmf_demos_bridges.egg-info/entry_points.txt
[4.510s] writing requirements to ../build/rmf_demos_bridges/rmf_demos_bridges.egg-info/requires.txt
[4.510s] writing top-level names to ../build/rmf_demos_bridges/rmf_demos_bridges.egg-info/top_level.txt
[4.511s] writing manifest file '../build/rmf_demos_bridges/rmf_demos_bridges.egg-info/SOURCES.txt'
[4.672s] reading manifest file '../build/rmf_demos_bridges/rmf_demos_bridges.egg-info/SOURCES.txt'
[4.681s] writing manifest file '../build/rmf_demos_bridges/rmf_demos_bridges.egg-info/SOURCES.txt'
[4.681s] running build
[4.682s] running build_py
[4.682s] creating /home/usuario/rmf_demos/build/rmf_demos_bridges/build
[4.683s] creating /home/usuario/rmf_demos/build/rmf_demos_bridges/build/lib
[4.683s] creating /home/usuario/rmf_demos/build/rmf_demos_bridges/build/lib/rmf_demos_bridges
[4.683s] copying rmf_demos_bridges/fleet_socketio_bridge.py -> /home/usuario/rmf_demos/build/rmf_demos_bridges/build/lib/rmf_demos_bridges
[4.693s] copying rmf_demos_bridges/__init__.py -> /home/usuario/rmf_demos/build/rmf_demos_bridges/build/lib/rmf_demos_bridges
[4.694s] copying rmf_demos_bridges/fleet_robotmanager_mqtt_bridge.py -> /home/usuario/rmf_demos/build/rmf_demos_bridges/build/lib/rmf_demos_bridges
[4.695s] running install
[4.712s] running install_lib
[4.792s] creating /home/usuario/rmf_demos/install/rmf_demos_bridges/lib/python3.12/site-packages/rmf_demos_bridges
[4.793s] copying /home/usuario/rmf_demos/build/rmf_demos_bridges/build/lib/rmf_demos_bridges/fleet_socketio_bridge.py -> /home/usuario/rmf_demos/install/rmf_demos_bridges/lib/python3.12/site-packages/rmf_demos_bridges
[4.800s] copying /home/usuario/rmf_demos/build/rmf_demos_bridges/build/lib/rmf_demos_bridges/__init__.py -> /home/usuario/rmf_demos/install/rmf_demos_bridges/lib/python3.12/site-packages/rmf_demos_bridges
[4.801s] copying /home/usuario/rmf_demos/build/rmf_demos_bridges/build/lib/rmf_demos_bridges/fleet_robotmanager_mqtt_bridge.py -> /home/usuario/rmf_demos/install/rmf_demos_bridges/lib/python3.12/site-packages/rmf_demos_bridges
[4.803s] byte-compiling /home/usuario/rmf_demos/install/rmf_demos_bridges/lib/python3.12/site-packages/rmf_demos_bridges/fleet_socketio_bridge.py to fleet_socketio_bridge.cpython-312.pyc
[4.805s] byte-compiling /home/usuario/rmf_demos/install/rmf_demos_bridges/lib/python3.12/site-packages/rmf_demos_bridges/__init__.py to __init__.cpython-312.pyc
[4.807s] byte-compiling /home/usuario/rmf_demos/install/rmf_demos_bridges/lib/python3.12/site-packages/rmf_demos_bridges/fleet_robotmanager_mqtt_bridge.py to fleet_robotmanager_mqtt_bridge.cpython-312.pyc
[4.813s] running install_data
[4.813s] creating /home/usuario/rmf_demos/install/rmf_demos_bridges/share/ament_index
[4.813s] creating /home/usuario/rmf_demos/install/rmf_demos_bridges/share/ament_index/resource_index
[4.814s] creating /home/usuario/rmf_demos/install/rmf_demos_bridges/share/ament_index/resource_index/packages
[4.814s] copying resource/rmf_demos_bridges -> /home/usuario/rmf_demos/install/rmf_demos_bridges/share/ament_index/resource_index/packages
[4.817s] copying package.xml -> /home/usuario/rmf_demos/install/rmf_demos_bridges/share/rmf_demos_bridges
[4.818s] running install_egg_info
[4.895s] Copying ../build/rmf_demos_bridges/rmf_demos_bridges.egg-info to /home/usuario/rmf_demos/install/rmf_demos_bridges/lib/python3.12/site-packages/rmf_demos_bridges-2.5.0-py3.12.egg-info
[4.917s] running install_scripts
[5.423s] Installing fleet_robotmanager_mqtt_bridge script to /home/usuario/rmf_demos/install/rmf_demos_bridges/lib/rmf_demos_bridges
[5.423s] Installing fleet_socketio_bridge script to /home/usuario/rmf_demos/install/rmf_demos_bridges/lib/rmf_demos_bridges
[5.425s] writing list of installed files to '/home/usuario/rmf_demos/build/rmf_demos_bridges/install.log'
[5.496s] Invoked command in '/home/usuario/rmf_demos/rmf_demos_bridges' returned '0': PYTHONPATH=/home/usuario/rmf_demos/build/rmf_demos_bridges/prefix_override:/usr/lib/python3/dist-packages/colcon_core/task/python/colcon_distutils_commands:/home/usuario/rmf_demos/install/rmf_demos_bridges/lib/python3.12/site-packages:${PYTHONPATH} /usr/bin/python3 -W ignore:setup.py install is deprecated -W ignore:easy_install command is deprecated setup.py egg_info --egg-base ../build/rmf_demos_bridges build --build-base /home/usuario/rmf_demos/build/rmf_demos_bridges/build install --record /home/usuario/rmf_demos/build/rmf_demos_bridges/install.log --single-version-externally-managed install_data
