[1.924s] Invoking command in '/home/ususario/IR2134/rmf_demos/rmf_visualization/rmf_visualization_building_systems': PYTHONPATH=/home/ususario/IR2134/rmf_demos/build/rmf_visualization_building_systems/prefix_override:/usr/lib/python3/dist-packages/colcon_core/task/python/colcon_distutils_commands:/home/ususario/IR2134/rmf_demos/install/rmf_visualization_building_systems/lib/python3.12/site-packages:${PYTHONPATH} /usr/bin/python3 -W ignore:setup.py install is deprecated -W ignore:easy_install command is deprecated setup.py egg_info --egg-base ../../build/rmf_visualization_building_systems build --build-base /home/ususario/IR2134/rmf_demos/build/rmf_visualization_building_systems/build install --record /home/ususario/IR2134/rmf_demos/build/rmf_visualization_building_systems/install.log --single-version-externally-managed install_data
[2.423s] running egg_info
[2.427s] creating ../../build/rmf_visualization_building_systems/rmf_visualization_building_systems.egg-info
[2.486s] writing ../../build/rmf_visualization_building_systems/rmf_visualization_building_systems.egg-info/PKG-INFO
[2.486s] writing dependency_links to ../../build/rmf_visualization_building_systems/rmf_visualization_building_systems.egg-info/dependency_links.txt
[2.486s] writing entry points to ../../build/rmf_visualization_building_systems/rmf_visualization_building_systems.egg-info/entry_points.txt
[2.486s] writing requirements to ../../build/rmf_visualization_building_systems/rmf_visualization_building_systems.egg-info/requires.txt
[2.486s] writing top-level names to ../../build/rmf_visualization_building_systems/rmf_visualization_building_systems.egg-info/top_level.txt
[2.486s] writing manifest file '../../build/rmf_visualization_building_systems/rmf_visualization_building_systems.egg-info/SOURCES.txt'
[2.608s] reading manifest file '../../build/rmf_visualization_building_systems/rmf_visualization_building_systems.egg-info/SOURCES.txt'
[2.608s] writing manifest file '../../build/rmf_visualization_building_systems/rmf_visualization_building_systems.egg-info/SOURCES.txt'
[2.608s] running build
[2.608s] running build_py
[2.609s] creating /home/ususario/IR2134/rmf_demos/build/rmf_visualization_building_systems/build
[2.609s] creating /home/ususario/IR2134/rmf_demos/build/rmf_visualization_building_systems/build/lib
[2.609s] creating /home/ususario/IR2134/rmf_demos/build/rmf_visualization_building_systems/build/lib/rmf_visualization_building_systems
[2.609s] copying rmf_visualization_building_systems/rmf_visualization_building_systems.py -> /home/ususario/IR2134/rmf_demos/build/rmf_visualization_building_systems/build/lib/rmf_visualization_building_systems
[2.609s] copying rmf_visualization_building_systems/__init__.py -> /home/ususario/IR2134/rmf_demos/build/rmf_visualization_building_systems/build/lib/rmf_visualization_building_systems
[2.609s] running install
[2.628s] running install_lib
[2.662s] creating /home/ususario/IR2134/rmf_demos/install/rmf_visualization_building_systems/lib/python3.12/site-packages/rmf_visualization_building_systems
[2.662s] copying /home/ususario/IR2134/rmf_demos/build/rmf_visualization_building_systems/build/lib/rmf_visualization_building_systems/rmf_visualization_building_systems.py -> /home/ususario/IR2134/rmf_demos/install/rmf_visualization_building_systems/lib/python3.12/site-packages/rmf_visualization_building_systems
[2.662s] copying /home/ususario/IR2134/rmf_demos/build/rmf_visualization_building_systems/build/lib/rmf_visualization_building_systems/__init__.py -> /home/ususario/IR2134/rmf_demos/install/rmf_visualization_building_systems/lib/python3.12/site-packages/rmf_visualization_building_systems
[2.671s] byte-compiling /home/ususario/IR2134/rmf_demos/install/rmf_visualization_building_systems/lib/python3.12/site-packages/rmf_visualization_building_systems/rmf_visualization_building_systems.py to rmf_visualization_building_systems.cpython-312.pyc
[2.673s] byte-compiling /home/ususario/IR2134/rmf_demos/install/rmf_visualization_building_systems/lib/python3.12/site-packages/rmf_visualization_building_systems/__init__.py to __init__.cpython-312.pyc
[2.674s] running install_data
[2.674s] creating /home/ususario/IR2134/rmf_demos/install/rmf_visualization_building_systems/share/ament_index
[2.674s] creating /home/ususario/IR2134/rmf_demos/install/rmf_visualization_building_systems/share/ament_index/resource_index
[2.674s] creating /home/ususario/IR2134/rmf_demos/install/rmf_visualization_building_systems/share/ament_index/resource_index/packages
[2.674s] copying resource/rmf_visualization_building_systems -> /home/ususario/IR2134/rmf_demos/install/rmf_visualization_building_systems/share/ament_index/resource_index/packages
[2.674s] copying package.xml -> /home/ususario/IR2134/rmf_demos/install/rmf_visualization_building_systems/share/rmf_visualization_building_systems
[2.674s] running install_egg_info
[2.737s] Copying ../../build/rmf_visualization_building_systems/rmf_visualization_building_systems.egg-info to /home/ususario/IR2134/rmf_demos/install/rmf_visualization_building_systems/lib/python3.12/site-packages/rmf_visualization_building_systems-2.4.1-py3.12.egg-info
[2.741s] running install_scripts
[3.037s] Installing rmf_visualization_building_systems script to /home/ususario/IR2134/rmf_demos/install/rmf_visualization_building_systems/lib/rmf_visualization_building_systems
[3.040s] writing list of installed files to '/home/ususario/IR2134/rmf_demos/build/rmf_visualization_building_systems/install.log'
[3.147s] Invoked command in '/home/ususario/IR2134/rmf_demos/rmf_visualization/rmf_visualization_building_systems' returned '0': PYTHONPATH=/home/ususario/IR2134/rmf_demos/build/rmf_visualization_building_systems/prefix_override:/usr/lib/python3/dist-packages/colcon_core/task/python/colcon_distutils_commands:/home/ususario/IR2134/rmf_demos/install/rmf_visualization_building_systems/lib/python3.12/site-packages:${PYTHONPATH} /usr/bin/python3 -W ignore:setup.py install is deprecated -W ignore:easy_install command is deprecated setup.py egg_info --egg-base ../../build/rmf_visualization_building_systems build --build-base /home/ususario/IR2134/rmf_demos/build/rmf_visualization_building_systems/build install --record /home/ususario/IR2134/rmf_demos/build/rmf_visualization_building_systems/install.log --single-version-externally-managed install_data
