[1.216s] Invoking command in '/home/usuario/rmf_demos/rmf_demos_bridges': PYTHONPATH=/home/usuario/rmf_demos/build/rmf_demos_bridges/prefix_override:/usr/lib/python3/dist-packages/colcon_core/task/python/colcon_distutils_commands:/home/usuario/rmf_demos/install/rmf_demos_bridges/lib/python3.12/site-packages:${PYTHONPATH} /usr/bin/python3 -W ignore:setup.py install is deprecated -W ignore:easy_install command is deprecated setup.py egg_info --egg-base ../build/rmf_demos_bridges build --build-base /home/usuario/rmf_demos/build/rmf_demos_bridges/build install --record /home/usuario/rmf_demos/build/rmf_demos_bridges/install.log --single-version-externally-managed install_data
[1.779s] running egg_info
[1.779s] creating ../build/rmf_demos_bridges/rmf_demos_bridges.egg-info
[1.790s] writing ../build/rmf_demos_bridges/rmf_demos_bridges.egg-info/PKG-INFO
[1.791s] writing dependency_links to ../build/rmf_demos_bridges/rmf_demos_bridges.egg-info/dependency_links.txt
[1.791s] writing entry points to ../build/rmf_demos_bridges/rmf_demos_bridges.egg-info/entry_points.txt
[1.791s] writing requirements to ../build/rmf_demos_bridges/rmf_demos_bridges.egg-info/requires.txt
[1.791s] writing top-level names to ../build/rmf_demos_bridges/rmf_demos_bridges.egg-info/top_level.txt
[1.791s] writing manifest file '../build/rmf_demos_bridges/rmf_demos_bridges.egg-info/SOURCES.txt'
[1.797s] reading manifest file '../build/rmf_demos_bridges/rmf_demos_bridges.egg-info/SOURCES.txt'
[1.809s] writing manifest file '../build/rmf_demos_bridges/rmf_demos_bridges.egg-info/SOURCES.txt'
[1.809s] running build
[1.809s] running build_py
[1.809s] creating /home/usuario/rmf_demos/build/rmf_demos_bridges/build
[1.810s] creating /home/usuario/rmf_demos/build/rmf_demos_bridges/build/lib
[1.810s] creating /home/usuario/rmf_demos/build/rmf_demos_bridges/build/lib/rmf_demos_bridges
[1.810s] copying rmf_demos_bridges/fleet_socketio_bridge.py -> /home/usuario/rmf_demos/build/rmf_demos_bridges/build/lib/rmf_demos_bridges
[1.815s] copying rmf_demos_bridges/__init__.py -> /home/usuario/rmf_demos/build/rmf_demos_bridges/build/lib/rmf_demos_bridges
[1.817s] copying rmf_demos_bridges/fleet_robotmanager_mqtt_bridge.py -> /home/usuario/rmf_demos/build/rmf_demos_bridges/build/lib/rmf_demos_bridges
[1.821s] running install
[1.828s] running install_lib
[1.863s] creating /home/usuario/rmf_demos/install/rmf_demos_bridges/lib/python3.12/site-packages/rmf_demos_bridges
[1.864s] copying /home/usuario/rmf_demos/build/rmf_demos_bridges/build/lib/rmf_demos_bridges/fleet_socketio_bridge.py -> /home/usuario/rmf_demos/install/rmf_demos_bridges/lib/python3.12/site-packages/rmf_demos_bridges
[1.880s] copying /home/usuario/rmf_demos/build/rmf_demos_bridges/build/lib/rmf_demos_bridges/__init__.py -> /home/usuario/rmf_demos/install/rmf_demos_bridges/lib/python3.12/site-packages/rmf_demos_bridges
[1.889s] copying /home/usuario/rmf_demos/build/rmf_demos_bridges/build/lib/rmf_demos_bridges/fleet_robotmanager_mqtt_bridge.py -> /home/usuario/rmf_demos/install/rmf_demos_bridges/lib/python3.12/site-packages/rmf_demos_bridges
[1.898s] byte-compiling /home/usuario/rmf_demos/install/rmf_demos_bridges/lib/python3.12/site-packages/rmf_demos_bridges/fleet_socketio_bridge.py to fleet_socketio_bridge.cpython-312.pyc
[1.908s] byte-compiling /home/usuario/rmf_demos/install/rmf_demos_bridges/lib/python3.12/site-packages/rmf_demos_bridges/__init__.py to __init__.cpython-312.pyc
[1.908s] byte-compiling /home/usuario/rmf_demos/install/rmf_demos_bridges/lib/python3.12/site-packages/rmf_demos_bridges/fleet_robotmanager_mqtt_bridge.py to fleet_robotmanager_mqtt_bridge.cpython-312.pyc
[1.911s] running install_data
[1.911s] creating /home/usuario/rmf_demos/install/rmf_demos_bridges/share/ament_index
[1.912s] creating /home/usuario/rmf_demos/install/rmf_demos_bridges/share/ament_index/resource_index
[1.912s] creating /home/usuario/rmf_demos/install/rmf_demos_bridges/share/ament_index/resource_index/packages
[1.912s] copying resource/rmf_demos_bridges -> /home/usuario/rmf_demos/install/rmf_demos_bridges/share/ament_index/resource_index/packages
[1.913s] copying package.xml -> /home/usuario/rmf_demos/install/rmf_demos_bridges/share/rmf_demos_bridges
[1.917s] running install_egg_info
[1.940s] Copying ../build/rmf_demos_bridges/rmf_demos_bridges.egg-info to /home/usuario/rmf_demos/install/rmf_demos_bridges/lib/python3.12/site-packages/rmf_demos_bridges-2.5.0-py3.12.egg-info
[1.985s] running install_scripts
[2.267s] Installing fleet_robotmanager_mqtt_bridge script to /home/usuario/rmf_demos/install/rmf_demos_bridges/lib/rmf_demos_bridges
[2.268s] Installing fleet_socketio_bridge script to /home/usuario/rmf_demos/install/rmf_demos_bridges/lib/rmf_demos_bridges
[2.270s] writing list of installed files to '/home/usuario/rmf_demos/build/rmf_demos_bridges/install.log'
[2.328s] Invoked command in '/home/usuario/rmf_demos/rmf_demos_bridges' returned '0': PYTHONPATH=/home/usuario/rmf_demos/build/rmf_demos_bridges/prefix_override:/usr/lib/python3/dist-packages/colcon_core/task/python/colcon_distutils_commands:/home/usuario/rmf_demos/install/rmf_demos_bridges/lib/python3.12/site-packages:${PYTHONPATH} /usr/bin/python3 -W ignore:setup.py install is deprecated -W ignore:easy_install command is deprecated setup.py egg_info --egg-base ../build/rmf_demos_bridges build --build-base /home/usuario/rmf_demos/build/rmf_demos_bridges/build install --record /home/usuario/rmf_demos/build/rmf_demos_bridges/install.log --single-version-externally-managed install_data
