[1.998s] Invoking command in '/home/usuario/rmf_demos/rmf_demos_fleet_adapter': PYTHONPATH=/home/usuario/rmf_demos/build/rmf_demos_fleet_adapter/prefix_override:/usr/lib/python3/dist-packages/colcon_core/task/python/colcon_distutils_commands:/home/usuario/rmf_demos/install/rmf_demos_fleet_adapter/lib/python3.10/site-packages:${PYTHONPATH} /usr/bin/python3 -W ignore:setup.py install is deprecated -W ignore:easy_install command is deprecated setup.py egg_info --egg-base ../build/rmf_demos_fleet_adapter build --build-base /home/usuario/rmf_demos/build/rmf_demos_fleet_adapter/build install --record /home/usuario/rmf_demos/build/rmf_demos_fleet_adapter/install.log --single-version-externally-managed install_data
[2.410s] running egg_info
[2.410s] writing ../build/rmf_demos_fleet_adapter/rmf_demos_fleet_adapter.egg-info/PKG-INFO
[2.412s] writing dependency_links to ../build/rmf_demos_fleet_adapter/rmf_demos_fleet_adapter.egg-info/dependency_links.txt
[2.412s] writing entry points to ../build/rmf_demos_fleet_adapter/rmf_demos_fleet_adapter.egg-info/entry_points.txt
[2.413s] writing requirements to ../build/rmf_demos_fleet_adapter/rmf_demos_fleet_adapter.egg-info/requires.txt
[2.414s] writing top-level names to ../build/rmf_demos_fleet_adapter/rmf_demos_fleet_adapter.egg-info/top_level.txt
[2.417s] reading manifest file '../build/rmf_demos_fleet_adapter/rmf_demos_fleet_adapter.egg-info/SOURCES.txt'
[2.423s] writing manifest file '../build/rmf_demos_fleet_adapter/rmf_demos_fleet_adapter.egg-info/SOURCES.txt'
[2.424s] running build
[2.424s] running build_py
[2.425s] running install
[2.425s] running install_lib
[2.427s] running install_data
[2.427s] running install_egg_info
[2.429s] removing '/home/usuario/rmf_demos/install/rmf_demos_fleet_adapter/lib/python3.10/site-packages/rmf_demos_fleet_adapter-2.5.0-py3.10.egg-info' (and everything under it)
[2.429s] Copying ../build/rmf_demos_fleet_adapter/rmf_demos_fleet_adapter.egg-info to /home/usuario/rmf_demos/install/rmf_demos_fleet_adapter/lib/python3.10/site-packages/rmf_demos_fleet_adapter-2.5.0-py3.10.egg-info
[2.460s] running install_scripts
[2.483s] Installing fleet_adapter script to /home/usuario/rmf_demos/install/rmf_demos_fleet_adapter/lib/rmf_demos_fleet_adapter
[2.485s] Installing fleet_manager script to /home/usuario/rmf_demos/install/rmf_demos_fleet_adapter/lib/rmf_demos_fleet_adapter
[2.486s] Installing manage_lane script to /home/usuario/rmf_demos/install/rmf_demos_fleet_adapter/lib/rmf_demos_fleet_adapter
[2.488s] writing list of installed files to '/home/usuario/rmf_demos/build/rmf_demos_fleet_adapter/install.log'
