[0.146s] DEBUG:colcon:Command line arguments: ['/usr/bin/colcon', 'build']
[0.146s] DEBUG:colcon:Parsed command line arguments: Namespace(log_base=None, log_level=None, verb_name='build', build_base='build', install_base='install', merge_install=False, symlink_install=False, test_result_base=None, continue_on_error=False, executor='parallel', parallel_workers=6, event_handlers=None, ignore_user_meta=False, metas=['./colcon.meta'], base_paths=['.'], packages_ignore=None, packages_ignore_regex=None, paths=None, packages_up_to=None, packages_up_to_regex=None, packages_above=None, packages_above_and_dependencies=None, packages_above_depth=None, packages_select_by_dep=None, packages_skip_by_dep=None, packages_skip_up_to=None, packages_select_build_failed=False, packages_skip_build_finished=False, packages_select_test_failures=False, packages_skip_test_passed=False, packages_select=None, packages_skip=None, packages_select_regex=None, packages_skip_regex=None, packages_start=None, packages_end=None, allow_overriding=[], cmake_args=None, cmake_target=None, cmake_target_skip_unavailable=False, cmake_clean_cache=False, cmake_clean_first=False, cmake_force_configure=False, ament_cmake_args=None, catkin_cmake_args=None, catkin_skip_building_tests=False, mixin_files=None, mixin=None, verb_parser=<colcon_mixin.mixin.mixin_argument.MixinArgumentDecorator object at 0x78689cd70790>, verb_extension=<colcon_core.verb.build.BuildVerb object at 0x78689cd70160>, main=<bound method BuildVerb.main of <colcon_core.verb.build.BuildVerb object at 0x78689cd70160>>, mixin_verb=('build',))
[0.283s] Level 1:colcon.colcon_core.package_discovery:discover_packages(colcon_meta) check parameters
[0.283s] Level 1:colcon.colcon_core.package_discovery:discover_packages(recursive) check parameters
[0.283s] Level 1:colcon.colcon_core.package_discovery:discover_packages(ignore) check parameters
[0.283s] Level 1:colcon.colcon_core.package_discovery:discover_packages(path) check parameters
[0.283s] Level 1:colcon.colcon_core.package_discovery:discover_packages(colcon_meta) discover
[0.283s] Level 1:colcon.colcon_core.package_discovery:discover_packages(recursive) discover
[0.283s] INFO:colcon.colcon_core.package_discovery:Crawling recursively for packages in '/home/usuario/Documentos/GitHub/IR2134/rmf_demos'
[0.283s] Level 1:colcon.colcon_core.package_identification:_identify(.) by extensions ['ignore', 'ignore_ament_install']
[0.283s] Level 1:colcon.colcon_core.package_identification:_identify(.) by extension 'ignore'
[0.283s] Level 1:colcon.colcon_core.package_identification:_identify(.) by extension 'ignore_ament_install'
[0.283s] Level 1:colcon.colcon_core.package_identification:_identify(.) by extensions ['colcon_pkg']
[0.283s] Level 1:colcon.colcon_core.package_identification:_identify(.) by extension 'colcon_pkg'
[0.283s] Level 1:colcon.colcon_core.package_identification:_identify(.) by extensions ['colcon_meta']
[0.283s] Level 1:colcon.colcon_core.package_identification:_identify(.) by extension 'colcon_meta'
[0.283s] Level 1:colcon.colcon_core.package_identification:_identify(.) by extensions ['ros']
[0.283s] Level 1:colcon.colcon_core.package_identification:_identify(.) by extension 'ros'
[0.295s] Level 1:colcon.colcon_core.package_identification:_identify(.) by extensions ['cmake', 'python']
[0.295s] Level 1:colcon.colcon_core.package_identification:_identify(.) by extension 'cmake'
[0.295s] Level 1:colcon.colcon_core.package_identification:_identify(.) by extension 'python'
[0.295s] Level 1:colcon.colcon_core.package_identification:_identify(.) by extensions ['python_setup_py']
[0.295s] Level 1:colcon.colcon_core.package_identification:_identify(.) by extension 'python_setup_py'
[0.295s] Level 1:colcon.colcon_core.package_identification:_identify(build) by extensions ['ignore', 'ignore_ament_install']
[0.295s] Level 1:colcon.colcon_core.package_identification:_identify(build) by extension 'ignore'
[0.295s] Level 1:colcon.colcon_core.package_identification:_identify(build) ignored
[0.295s] Level 1:colcon.colcon_core.package_identification:_identify(install) by extensions ['ignore', 'ignore_ament_install']
[0.295s] Level 1:colcon.colcon_core.package_identification:_identify(install) by extension 'ignore'
[0.295s] Level 1:colcon.colcon_core.package_identification:_identify(install) ignored
[0.295s] Level 1:colcon.colcon_core.package_identification:_identify(log) by extensions ['ignore', 'ignore_ament_install']
[0.296s] Level 1:colcon.colcon_core.package_identification:_identify(log) by extension 'ignore'
[0.296s] Level 1:colcon.colcon_core.package_identification:_identify(log) ignored
[0.296s] Level 1:colcon.colcon_core.package_identification:_identify(rmf_demos) by extensions ['ignore', 'ignore_ament_install']
[0.296s] Level 1:colcon.colcon_core.package_identification:_identify(rmf_demos) by extension 'ignore'
[0.296s] Level 1:colcon.colcon_core.package_identification:_identify(rmf_demos) by extension 'ignore_ament_install'
[0.296s] Level 1:colcon.colcon_core.package_identification:_identify(rmf_demos) by extensions ['colcon_pkg']
[0.296s] Level 1:colcon.colcon_core.package_identification:_identify(rmf_demos) by extension 'colcon_pkg'
[0.296s] Level 1:colcon.colcon_core.package_identification:_identify(rmf_demos) by extensions ['colcon_meta']
[0.296s] Level 1:colcon.colcon_core.package_identification:_identify(rmf_demos) by extension 'colcon_meta'
[0.296s] Level 1:colcon.colcon_core.package_identification:_identify(rmf_demos) by extensions ['ros']
[0.296s] Level 1:colcon.colcon_core.package_identification:_identify(rmf_demos) by extension 'ros'
[0.298s] DEBUG:colcon.colcon_core.package_identification:Package 'rmf_demos' with type 'ros.ament_cmake' and name 'rmf_demos'
[0.298s] Level 1:colcon.colcon_core.package_identification:_identify(rmf_demos_assets) by extensions ['ignore', 'ignore_ament_install']
[0.298s] Level 1:colcon.colcon_core.package_identification:_identify(rmf_demos_assets) by extension 'ignore'
[0.298s] Level 1:colcon.colcon_core.package_identification:_identify(rmf_demos_assets) by extension 'ignore_ament_install'
[0.298s] Level 1:colcon.colcon_core.package_identification:_identify(rmf_demos_assets) by extensions ['colcon_pkg']
[0.298s] Level 1:colcon.colcon_core.package_identification:_identify(rmf_demos_assets) by extension 'colcon_pkg'
[0.298s] Level 1:colcon.colcon_core.package_identification:_identify(rmf_demos_assets) by extensions ['colcon_meta']
[0.298s] Level 1:colcon.colcon_core.package_identification:_identify(rmf_demos_assets) by extension 'colcon_meta'
[0.298s] Level 1:colcon.colcon_core.package_identification:_identify(rmf_demos_assets) by extensions ['ros']
[0.298s] Level 1:colcon.colcon_core.package_identification:_identify(rmf_demos_assets) by extension 'ros'
[0.299s] DEBUG:colcon.colcon_core.package_identification:Package 'rmf_demos_assets' with type 'ros.ament_cmake' and name 'rmf_demos_assets'
[0.299s] Level 1:colcon.colcon_core.package_identification:_identify(rmf_demos_bridges) by extensions ['ignore', 'ignore_ament_install']
[0.299s] Level 1:colcon.colcon_core.package_identification:_identify(rmf_demos_bridges) by extension 'ignore'
[0.299s] Level 1:colcon.colcon_core.package_identification:_identify(rmf_demos_bridges) by extension 'ignore_ament_install'
[0.299s] Level 1:colcon.colcon_core.package_identification:_identify(rmf_demos_bridges) by extensions ['colcon_pkg']
[0.299s] Level 1:colcon.colcon_core.package_identification:_identify(rmf_demos_bridges) by extension 'colcon_pkg'
[0.299s] Level 1:colcon.colcon_core.package_identification:_identify(rmf_demos_bridges) by extensions ['colcon_meta']
[0.299s] Level 1:colcon.colcon_core.package_identification:_identify(rmf_demos_bridges) by extension 'colcon_meta'
[0.299s] Level 1:colcon.colcon_core.package_identification:_identify(rmf_demos_bridges) by extensions ['ros']
[0.299s] Level 1:colcon.colcon_core.package_identification:_identify(rmf_demos_bridges) by extension 'ros'
[0.300s] DEBUG:colcon.colcon_core.package_identification:Package 'rmf_demos_bridges' with type 'ros.ament_python' and name 'rmf_demos_bridges'
[0.300s] Level 1:colcon.colcon_core.package_identification:_identify(rmf_demos_fleet_adapter) by extensions ['ignore', 'ignore_ament_install']
[0.300s] Level 1:colcon.colcon_core.package_identification:_identify(rmf_demos_fleet_adapter) by extension 'ignore'
[0.300s] Level 1:colcon.colcon_core.package_identification:_identify(rmf_demos_fleet_adapter) by extension 'ignore_ament_install'
[0.300s] Level 1:colcon.colcon_core.package_identification:_identify(rmf_demos_fleet_adapter) by extensions ['colcon_pkg']
[0.300s] Level 1:colcon.colcon_core.package_identification:_identify(rmf_demos_fleet_adapter) by extension 'colcon_pkg'
[0.300s] Level 1:colcon.colcon_core.package_identification:_identify(rmf_demos_fleet_adapter) by extensions ['colcon_meta']
[0.300s] Level 1:colcon.colcon_core.package_identification:_identify(rmf_demos_fleet_adapter) by extension 'colcon_meta'
[0.300s] Level 1:colcon.colcon_core.package_identification:_identify(rmf_demos_fleet_adapter) by extensions ['ros']
[0.300s] Level 1:colcon.colcon_core.package_identification:_identify(rmf_demos_fleet_adapter) by extension 'ros'
[0.300s] DEBUG:colcon.colcon_core.package_identification:Package 'rmf_demos_fleet_adapter' with type 'ros.ament_python' and name 'rmf_demos_fleet_adapter'
[0.301s] Level 1:colcon.colcon_core.package_identification:_identify(rmf_demos_gz) by extensions ['ignore', 'ignore_ament_install']
[0.301s] Level 1:colcon.colcon_core.package_identification:_identify(rmf_demos_gz) by extension 'ignore'
[0.301s] Level 1:colcon.colcon_core.package_identification:_identify(rmf_demos_gz) by extension 'ignore_ament_install'
[0.301s] Level 1:colcon.colcon_core.package_identification:_identify(rmf_demos_gz) by extensions ['colcon_pkg']
[0.301s] Level 1:colcon.colcon_core.package_identification:_identify(rmf_demos_gz) by extension 'colcon_pkg'
[0.301s] Level 1:colcon.colcon_core.package_identification:_identify(rmf_demos_gz) by extensions ['colcon_meta']
[0.301s] Level 1:colcon.colcon_core.package_identification:_identify(rmf_demos_gz) by extension 'colcon_meta'
[0.301s] Level 1:colcon.colcon_core.package_identification:_identify(rmf_demos_gz) by extensions ['ros']
[0.301s] Level 1:colcon.colcon_core.package_identification:_identify(rmf_demos_gz) by extension 'ros'
[0.301s] DEBUG:colcon.colcon_core.package_identification:Package 'rmf_demos_gz' with type 'ros.ament_cmake' and name 'rmf_demos_gz'
[0.301s] Level 1:colcon.colcon_core.package_identification:_identify(rmf_demos_maps) by extensions ['ignore', 'ignore_ament_install']
[0.301s] Level 1:colcon.colcon_core.package_identification:_identify(rmf_demos_maps) by extension 'ignore'
[0.301s] Level 1:colcon.colcon_core.package_identification:_identify(rmf_demos_maps) by extension 'ignore_ament_install'
[0.301s] Level 1:colcon.colcon_core.package_identification:_identify(rmf_demos_maps) by extensions ['colcon_pkg']
[0.301s] Level 1:colcon.colcon_core.package_identification:_identify(rmf_demos_maps) by extension 'colcon_pkg'
[0.302s] Level 1:colcon.colcon_core.package_identification:_identify(rmf_demos_maps) by extensions ['colcon_meta']
[0.302s] Level 1:colcon.colcon_core.package_identification:_identify(rmf_demos_maps) by extension 'colcon_meta'
[0.302s] Level 1:colcon.colcon_core.package_identification:_identify(rmf_demos_maps) by extensions ['ros']
[0.302s] Level 1:colcon.colcon_core.package_identification:_identify(rmf_demos_maps) by extension 'ros'
[0.302s] DEBUG:colcon.colcon_core.package_identification:Package 'rmf_demos_maps' with type 'ros.ament_cmake' and name 'rmf_demos_maps'
[0.302s] Level 1:colcon.colcon_core.package_identification:_identify(rmf_demos_tasks) by extensions ['ignore', 'ignore_ament_install']
[0.302s] Level 1:colcon.colcon_core.package_identification:_identify(rmf_demos_tasks) by extension 'ignore'
[0.302s] Level 1:colcon.colcon_core.package_identification:_identify(rmf_demos_tasks) by extension 'ignore_ament_install'
[0.302s] Level 1:colcon.colcon_core.package_identification:_identify(rmf_demos_tasks) by extensions ['colcon_pkg']
[0.302s] Level 1:colcon.colcon_core.package_identification:_identify(rmf_demos_tasks) by extension 'colcon_pkg'
[0.302s] Level 1:colcon.colcon_core.package_identification:_identify(rmf_demos_tasks) by extensions ['colcon_meta']
[0.302s] Level 1:colcon.colcon_core.package_identification:_identify(rmf_demos_tasks) by extension 'colcon_meta'
[0.302s] Level 1:colcon.colcon_core.package_identification:_identify(rmf_demos_tasks) by extensions ['ros']
[0.302s] Level 1:colcon.colcon_core.package_identification:_identify(rmf_demos_tasks) by extension 'ros'
[0.303s] DEBUG:colcon.colcon_core.package_identification:Package 'rmf_demos_tasks' with type 'ros.ament_python' and name 'rmf_demos_tasks'
[0.303s] Level 1:colcon.colcon_core.package_identification:_identify(rmf_visualization) by extensions ['ignore', 'ignore_ament_install']
[0.303s] Level 1:colcon.colcon_core.package_identification:_identify(rmf_visualization) by extension 'ignore'
[0.303s] Level 1:colcon.colcon_core.package_identification:_identify(rmf_visualization) by extension 'ignore_ament_install'
[0.303s] Level 1:colcon.colcon_core.package_identification:_identify(rmf_visualization) by extensions ['colcon_pkg']
[0.303s] Level 1:colcon.colcon_core.package_identification:_identify(rmf_visualization) by extension 'colcon_pkg'
[0.303s] Level 1:colcon.colcon_core.package_identification:_identify(rmf_visualization) by extensions ['colcon_meta']
[0.303s] Level 1:colcon.colcon_core.package_identification:_identify(rmf_visualization) by extension 'colcon_meta'
[0.303s] Level 1:colcon.colcon_core.package_identification:_identify(rmf_visualization) by extensions ['ros']
[0.303s] Level 1:colcon.colcon_core.package_identification:_identify(rmf_visualization) by extension 'ros'
[0.303s] Level 1:colcon.colcon_core.package_identification:_identify(rmf_visualization) by extensions ['cmake', 'python']
[0.303s] Level 1:colcon.colcon_core.package_identification:_identify(rmf_visualization) by extension 'cmake'
[0.303s] Level 1:colcon.colcon_core.package_identification:_identify(rmf_visualization) by extension 'python'
[0.303s] Level 1:colcon.colcon_core.package_identification:_identify(rmf_visualization) by extensions ['python_setup_py']
[0.303s] Level 1:colcon.colcon_core.package_identification:_identify(rmf_visualization) by extension 'python_setup_py'
[0.303s] Level 1:colcon.colcon_core.package_identification:_identify(rmf_visualization/rmf_visualization) by extensions ['ignore', 'ignore_ament_install']
[0.303s] Level 1:colcon.colcon_core.package_identification:_identify(rmf_visualization/rmf_visualization) by extension 'ignore'
[0.303s] Level 1:colcon.colcon_core.package_identification:_identify(rmf_visualization/rmf_visualization) by extension 'ignore_ament_install'
[0.304s] Level 1:colcon.colcon_core.package_identification:_identify(rmf_visualization/rmf_visualization) by extensions ['colcon_pkg']
[0.304s] Level 1:colcon.colcon_core.package_identification:_identify(rmf_visualization/rmf_visualization) by extension 'colcon_pkg'
[0.304s] Level 1:colcon.colcon_core.package_identification:_identify(rmf_visualization/rmf_visualization) by extensions ['colcon_meta']
[0.304s] Level 1:colcon.colcon_core.package_identification:_identify(rmf_visualization/rmf_visualization) by extension 'colcon_meta'
[0.304s] Level 1:colcon.colcon_core.package_identification:_identify(rmf_visualization/rmf_visualization) by extensions ['ros']
[0.304s] Level 1:colcon.colcon_core.package_identification:_identify(rmf_visualization/rmf_visualization) by extension 'ros'
[0.308s] DEBUG:colcon.colcon_core.package_identification:Package 'rmf_visualization/rmf_visualization' with type 'ros.ament_cmake' and name 'rmf_visualization'
[0.308s] Level 1:colcon.colcon_core.package_identification:_identify(rmf_visualization/rmf_visualization_building_systems) by extensions ['ignore', 'ignore_ament_install']
[0.308s] Level 1:colcon.colcon_core.package_identification:_identify(rmf_visualization/rmf_visualization_building_systems) by extension 'ignore'
[0.308s] Level 1:colcon.colcon_core.package_identification:_identify(rmf_visualization/rmf_visualization_building_systems) by extension 'ignore_ament_install'
[0.308s] Level 1:colcon.colcon_core.package_identification:_identify(rmf_visualization/rmf_visualization_building_systems) by extensions ['colcon_pkg']
[0.308s] Level 1:colcon.colcon_core.package_identification:_identify(rmf_visualization/rmf_visualization_building_systems) by extension 'colcon_pkg'
[0.308s] Level 1:colcon.colcon_core.package_identification:_identify(rmf_visualization/rmf_visualization_building_systems) by extensions ['colcon_meta']
[0.308s] Level 1:colcon.colcon_core.package_identification:_identify(rmf_visualization/rmf_visualization_building_systems) by extension 'colcon_meta'
[0.308s] Level 1:colcon.colcon_core.package_identification:_identify(rmf_visualization/rmf_visualization_building_systems) by extensions ['ros']
[0.308s] Level 1:colcon.colcon_core.package_identification:_identify(rmf_visualization/rmf_visualization_building_systems) by extension 'ros'
[0.311s] DEBUG:colcon.colcon_core.package_identification:Package 'rmf_visualization/rmf_visualization_building_systems' with type 'ros.ament_python' and name 'rmf_visualization_building_systems'
[0.311s] Level 1:colcon.colcon_core.package_identification:_identify(rmf_visualization/rmf_visualization_fleet_states) by extensions ['ignore', 'ignore_ament_install']
[0.312s] Level 1:colcon.colcon_core.package_identification:_identify(rmf_visualization/rmf_visualization_fleet_states) by extension 'ignore'
[0.312s] Level 1:colcon.colcon_core.package_identification:_identify(rmf_visualization/rmf_visualization_fleet_states) by extension 'ignore_ament_install'
[0.312s] Level 1:colcon.colcon_core.package_identification:_identify(rmf_visualization/rmf_visualization_fleet_states) by extensions ['colcon_pkg']
[0.312s] Level 1:colcon.colcon_core.package_identification:_identify(rmf_visualization/rmf_visualization_fleet_states) by extension 'colcon_pkg'
[0.312s] Level 1:colcon.colcon_core.package_identification:_identify(rmf_visualization/rmf_visualization_fleet_states) by extensions ['colcon_meta']
[0.312s] Level 1:colcon.colcon_core.package_identification:_identify(rmf_visualization/rmf_visualization_fleet_states) by extension 'colcon_meta'
[0.312s] Level 1:colcon.colcon_core.package_identification:_identify(rmf_visualization/rmf_visualization_fleet_states) by extensions ['ros']
[0.312s] Level 1:colcon.colcon_core.package_identification:_identify(rmf_visualization/rmf_visualization_fleet_states) by extension 'ros'
[0.315s] DEBUG:colcon.colcon_core.package_identification:Package 'rmf_visualization/rmf_visualization_fleet_states' with type 'ros.ament_cmake' and name 'rmf_visualization_fleet_states'
[0.315s] Level 1:colcon.colcon_core.package_identification:_identify(rmf_visualization/rmf_visualization_floorplans) by extensions ['ignore', 'ignore_ament_install']
[0.315s] Level 1:colcon.colcon_core.package_identification:_identify(rmf_visualization/rmf_visualization_floorplans) by extension 'ignore'
[0.315s] Level 1:colcon.colcon_core.package_identification:_identify(rmf_visualization/rmf_visualization_floorplans) by extension 'ignore_ament_install'
[0.315s] Level 1:colcon.colcon_core.package_identification:_identify(rmf_visualization/rmf_visualization_floorplans) by extensions ['colcon_pkg']
[0.315s] Level 1:colcon.colcon_core.package_identification:_identify(rmf_visualization/rmf_visualization_floorplans) by extension 'colcon_pkg'
[0.315s] Level 1:colcon.colcon_core.package_identification:_identify(rmf_visualization/rmf_visualization_floorplans) by extensions ['colcon_meta']
[0.315s] Level 1:colcon.colcon_core.package_identification:_identify(rmf_visualization/rmf_visualization_floorplans) by extension 'colcon_meta'
[0.315s] Level 1:colcon.colcon_core.package_identification:_identify(rmf_visualization/rmf_visualization_floorplans) by extensions ['ros']
[0.315s] Level 1:colcon.colcon_core.package_identification:_identify(rmf_visualization/rmf_visualization_floorplans) by extension 'ros'
[0.318s] DEBUG:colcon.colcon_core.package_identification:Package 'rmf_visualization/rmf_visualization_floorplans' with type 'ros.ament_cmake' and name 'rmf_visualization_floorplans'
[0.318s] Level 1:colcon.colcon_core.package_identification:_identify(rmf_visualization/rmf_visualization_navgraphs) by extensions ['ignore', 'ignore_ament_install']
[0.318s] Level 1:colcon.colcon_core.package_identification:_identify(rmf_visualization/rmf_visualization_navgraphs) by extension 'ignore'
[0.318s] Level 1:colcon.colcon_core.package_identification:_identify(rmf_visualization/rmf_visualization_navgraphs) by extension 'ignore_ament_install'
[0.319s] Level 1:colcon.colcon_core.package_identification:_identify(rmf_visualization/rmf_visualization_navgraphs) by extensions ['colcon_pkg']
[0.319s] Level 1:colcon.colcon_core.package_identification:_identify(rmf_visualization/rmf_visualization_navgraphs) by extension 'colcon_pkg'
[0.319s] Level 1:colcon.colcon_core.package_identification:_identify(rmf_visualization/rmf_visualization_navgraphs) by extensions ['colcon_meta']
[0.319s] Level 1:colcon.colcon_core.package_identification:_identify(rmf_visualization/rmf_visualization_navgraphs) by extension 'colcon_meta'
[0.319s] Level 1:colcon.colcon_core.package_identification:_identify(rmf_visualization/rmf_visualization_navgraphs) by extensions ['ros']
[0.319s] Level 1:colcon.colcon_core.package_identification:_identify(rmf_visualization/rmf_visualization_navgraphs) by extension 'ros'
[0.322s] DEBUG:colcon.colcon_core.package_identification:Package 'rmf_visualization/rmf_visualization_navgraphs' with type 'ros.ament_cmake' and name 'rmf_visualization_navgraphs'
[0.322s] Level 1:colcon.colcon_core.package_identification:_identify(rmf_visualization/rmf_visualization_obstacles) by extensions ['ignore', 'ignore_ament_install']
[0.322s] Level 1:colcon.colcon_core.package_identification:_identify(rmf_visualization/rmf_visualization_obstacles) by extension 'ignore'
[0.322s] Level 1:colcon.colcon_core.package_identification:_identify(rmf_visualization/rmf_visualization_obstacles) by extension 'ignore_ament_install'
[0.322s] Level 1:colcon.colcon_core.package_identification:_identify(rmf_visualization/rmf_visualization_obstacles) by extensions ['colcon_pkg']
[0.322s] Level 1:colcon.colcon_core.package_identification:_identify(rmf_visualization/rmf_visualization_obstacles) by extension 'colcon_pkg'
[0.322s] Level 1:colcon.colcon_core.package_identification:_identify(rmf_visualization/rmf_visualization_obstacles) by extensions ['colcon_meta']
[0.322s] Level 1:colcon.colcon_core.package_identification:_identify(rmf_visualization/rmf_visualization_obstacles) by extension 'colcon_meta'
[0.322s] Level 1:colcon.colcon_core.package_identification:_identify(rmf_visualization/rmf_visualization_obstacles) by extensions ['ros']
[0.322s] Level 1:colcon.colcon_core.package_identification:_identify(rmf_visualization/rmf_visualization_obstacles) by extension 'ros'
[0.325s] DEBUG:colcon.colcon_core.package_identification:Package 'rmf_visualization/rmf_visualization_obstacles' with type 'ros.ament_cmake' and name 'rmf_visualization_obstacles'
[0.325s] Level 1:colcon.colcon_core.package_identification:_identify(rmf_visualization/rmf_visualization_rviz2_plugins) by extensions ['ignore', 'ignore_ament_install']
[0.325s] Level 1:colcon.colcon_core.package_identification:_identify(rmf_visualization/rmf_visualization_rviz2_plugins) by extension 'ignore'
[0.325s] Level 1:colcon.colcon_core.package_identification:_identify(rmf_visualization/rmf_visualization_rviz2_plugins) by extension 'ignore_ament_install'
[0.325s] Level 1:colcon.colcon_core.package_identification:_identify(rmf_visualization/rmf_visualization_rviz2_plugins) by extensions ['colcon_pkg']
[0.325s] Level 1:colcon.colcon_core.package_identification:_identify(rmf_visualization/rmf_visualization_rviz2_plugins) by extension 'colcon_pkg'
[0.325s] Level 1:colcon.colcon_core.package_identification:_identify(rmf_visualization/rmf_visualization_rviz2_plugins) by extensions ['colcon_meta']
[0.325s] Level 1:colcon.colcon_core.package_identification:_identify(rmf_visualization/rmf_visualization_rviz2_plugins) by extension 'colcon_meta'
[0.325s] Level 1:colcon.colcon_core.package_identification:_identify(rmf_visualization/rmf_visualization_rviz2_plugins) by extensions ['ros']
[0.326s] Level 1:colcon.colcon_core.package_identification:_identify(rmf_visualization/rmf_visualization_rviz2_plugins) by extension 'ros'
[0.328s] DEBUG:colcon.colcon_core.package_identification:Package 'rmf_visualization/rmf_visualization_rviz2_plugins' with type 'ros.ament_cmake' and name 'rmf_visualization_rviz2_plugins'
[0.329s] Level 1:colcon.colcon_core.package_identification:_identify(rmf_visualization/rmf_visualization_schedule) by extensions ['ignore', 'ignore_ament_install']
[0.329s] Level 1:colcon.colcon_core.package_identification:_identify(rmf_visualization/rmf_visualization_schedule) by extension 'ignore'
[0.329s] Level 1:colcon.colcon_core.package_identification:_identify(rmf_visualization/rmf_visualization_schedule) by extension 'ignore_ament_install'
[0.329s] Level 1:colcon.colcon_core.package_identification:_identify(rmf_visualization/rmf_visualization_schedule) by extensions ['colcon_pkg']
[0.329s] Level 1:colcon.colcon_core.package_identification:_identify(rmf_visualization/rmf_visualization_schedule) by extension 'colcon_pkg'
[0.329s] Level 1:colcon.colcon_core.package_identification:_identify(rmf_visualization/rmf_visualization_schedule) by extensions ['colcon_meta']
[0.329s] Level 1:colcon.colcon_core.package_identification:_identify(rmf_visualization/rmf_visualization_schedule) by extension 'colcon_meta'
[0.329s] Level 1:colcon.colcon_core.package_identification:_identify(rmf_visualization/rmf_visualization_schedule) by extensions ['ros']
[0.329s] Level 1:colcon.colcon_core.package_identification:_identify(rmf_visualization/rmf_visualization_schedule) by extension 'ros'
[0.332s] DEBUG:colcon.colcon_core.package_identification:Package 'rmf_visualization/rmf_visualization_schedule' with type 'ros.ament_cmake' and name 'rmf_visualization_schedule'
[0.332s] Level 1:colcon.colcon_core.package_discovery:discover_packages(recursive) using defaults
[0.332s] Level 1:colcon.colcon_core.package_discovery:discover_packages(ignore) discover
[0.332s] Level 1:colcon.colcon_core.package_discovery:discover_packages(ignore) using defaults
[0.332s] Level 1:colcon.colcon_core.package_discovery:discover_packages(path) discover
[0.332s] Level 1:colcon.colcon_core.package_discovery:discover_packages(path) using defaults
[0.371s] Level 1:colcon.colcon_core.package_discovery:discover_packages(prefix_path) check parameters
[0.371s] Level 1:colcon.colcon_core.package_discovery:discover_packages(prefix_path) discover
[0.372s] Level 1:colcon.colcon_core.package_discovery:discover_packages(prefix_path) using defaults
[0.373s] Level 5:colcon.colcon_core.verb:set package 'rmf_demos_assets' build argument 'cmake_args' from command line to 'None'
[0.373s] Level 5:colcon.colcon_core.verb:set package 'rmf_demos_assets' build argument 'cmake_target' from command line to 'None'
[0.373s] Level 5:colcon.colcon_core.verb:set package 'rmf_demos_assets' build argument 'cmake_target_skip_unavailable' from command line to 'False'
[0.373s] Level 5:colcon.colcon_core.verb:set package 'rmf_demos_assets' build argument 'cmake_clean_cache' from command line to 'False'
[0.373s] Level 5:colcon.colcon_core.verb:set package 'rmf_demos_assets' build argument 'cmake_clean_first' from command line to 'False'
[0.373s] Level 5:colcon.colcon_core.verb:set package 'rmf_demos_assets' build argument 'cmake_force_configure' from command line to 'False'
[0.373s] Level 5:colcon.colcon_core.verb:set package 'rmf_demos_assets' build argument 'ament_cmake_args' from command line to 'None'
[0.373s] Level 5:colcon.colcon_core.verb:set package 'rmf_demos_assets' build argument 'catkin_cmake_args' from command line to 'None'
[0.373s] Level 5:colcon.colcon_core.verb:set package 'rmf_demos_assets' build argument 'catkin_skip_building_tests' from command line to 'False'
[0.373s] DEBUG:colcon.colcon_core.verb:Building package 'rmf_demos_assets' with the following arguments: {'ament_cmake_args': None, 'build_base': '/home/usuario/Documentos/GitHub/IR2134/rmf_demos/build/rmf_demos_assets', 'catkin_cmake_args': None, 'catkin_skip_building_tests': False, 'cmake_args': None, 'cmake_clean_cache': False, 'cmake_clean_first': False, 'cmake_force_configure': False, 'cmake_target': None, 'cmake_target_skip_unavailable': False, 'install_base': '/home/usuario/Documentos/GitHub/IR2134/rmf_demos/install/rmf_demos_assets', 'merge_install': False, 'path': '/home/usuario/Documentos/GitHub/IR2134/rmf_demos/rmf_demos_assets', 'symlink_install': False, 'test_result_base': None}
[0.373s] Level 5:colcon.colcon_core.verb:set package 'rmf_demos_bridges' build argument 'cmake_args' from command line to 'None'
[0.373s] Level 5:colcon.colcon_core.verb:set package 'rmf_demos_bridges' build argument 'cmake_target' from command line to 'None'
[0.373s] Level 5:colcon.colcon_core.verb:set package 'rmf_demos_bridges' build argument 'cmake_target_skip_unavailable' from command line to 'False'
[0.373s] Level 5:colcon.colcon_core.verb:set package 'rmf_demos_bridges' build argument 'cmake_clean_cache' from command line to 'False'
[0.373s] Level 5:colcon.colcon_core.verb:set package 'rmf_demos_bridges' build argument 'cmake_clean_first' from command line to 'False'
[0.373s] Level 5:colcon.colcon_core.verb:set package 'rmf_demos_bridges' build argument 'cmake_force_configure' from command line to 'False'
[0.373s] Level 5:colcon.colcon_core.verb:set package 'rmf_demos_bridges' build argument 'ament_cmake_args' from command line to 'None'
[0.373s] Level 5:colcon.colcon_core.verb:set package 'rmf_demos_bridges' build argument 'catkin_cmake_args' from command line to 'None'
[0.373s] Level 5:colcon.colcon_core.verb:set package 'rmf_demos_bridges' build argument 'catkin_skip_building_tests' from command line to 'False'
[0.373s] DEBUG:colcon.colcon_core.verb:Building package 'rmf_demos_bridges' with the following arguments: {'ament_cmake_args': None, 'build_base': '/home/usuario/Documentos/GitHub/IR2134/rmf_demos/build/rmf_demos_bridges', 'catkin_cmake_args': None, 'catkin_skip_building_tests': False, 'cmake_args': None, 'cmake_clean_cache': False, 'cmake_clean_first': False, 'cmake_force_configure': False, 'cmake_target': None, 'cmake_target_skip_unavailable': False, 'install_base': '/home/usuario/Documentos/GitHub/IR2134/rmf_demos/install/rmf_demos_bridges', 'merge_install': False, 'path': '/home/usuario/Documentos/GitHub/IR2134/rmf_demos/rmf_demos_bridges', 'symlink_install': False, 'test_result_base': None}
[0.373s] Level 5:colcon.colcon_core.verb:set package 'rmf_demos_fleet_adapter' build argument 'cmake_args' from command line to 'None'
[0.373s] Level 5:colcon.colcon_core.verb:set package 'rmf_demos_fleet_adapter' build argument 'cmake_target' from command line to 'None'
[0.374s] Level 5:colcon.colcon_core.verb:set package 'rmf_demos_fleet_adapter' build argument 'cmake_target_skip_unavailable' from command line to 'False'
[0.374s] Level 5:colcon.colcon_core.verb:set package 'rmf_demos_fleet_adapter' build argument 'cmake_clean_cache' from command line to 'False'
[0.374s] Level 5:colcon.colcon_core.verb:set package 'rmf_demos_fleet_adapter' build argument 'cmake_clean_first' from command line to 'False'
[0.374s] Level 5:colcon.colcon_core.verb:set package 'rmf_demos_fleet_adapter' build argument 'cmake_force_configure' from command line to 'False'
[0.374s] Level 5:colcon.colcon_core.verb:set package 'rmf_demos_fleet_adapter' build argument 'ament_cmake_args' from command line to 'None'
[0.374s] Level 5:colcon.colcon_core.verb:set package 'rmf_demos_fleet_adapter' build argument 'catkin_cmake_args' from command line to 'None'
[0.374s] Level 5:colcon.colcon_core.verb:set package 'rmf_demos_fleet_adapter' build argument 'catkin_skip_building_tests' from command line to 'False'
[0.374s] DEBUG:colcon.colcon_core.verb:Building package 'rmf_demos_fleet_adapter' with the following arguments: {'ament_cmake_args': None, 'build_base': '/home/usuario/Documentos/GitHub/IR2134/rmf_demos/build/rmf_demos_fleet_adapter', 'catkin_cmake_args': None, 'catkin_skip_building_tests': False, 'cmake_args': None, 'cmake_clean_cache': False, 'cmake_clean_first': False, 'cmake_force_configure': False, 'cmake_target': None, 'cmake_target_skip_unavailable': False, 'install_base': '/home/usuario/Documentos/GitHub/IR2134/rmf_demos/install/rmf_demos_fleet_adapter', 'merge_install': False, 'path': '/home/usuario/Documentos/GitHub/IR2134/rmf_demos/rmf_demos_fleet_adapter', 'symlink_install': False, 'test_result_base': None}
[0.374s] Level 5:colcon.colcon_core.verb:set package 'rmf_demos_maps' build argument 'cmake_args' from command line to 'None'
[0.374s] Level 5:colcon.colcon_core.verb:set package 'rmf_demos_maps' build argument 'cmake_target' from command line to 'None'
[0.374s] Level 5:colcon.colcon_core.verb:set package 'rmf_demos_maps' build argument 'cmake_target_skip_unavailable' from command line to 'False'
[0.374s] Level 5:colcon.colcon_core.verb:set package 'rmf_demos_maps' build argument 'cmake_clean_cache' from command line to 'False'
[0.374s] Level 5:colcon.colcon_core.verb:set package 'rmf_demos_maps' build argument 'cmake_clean_first' from command line to 'False'
[0.374s] Level 5:colcon.colcon_core.verb:set package 'rmf_demos_maps' build argument 'cmake_force_configure' from command line to 'False'
[0.374s] Level 5:colcon.colcon_core.verb:set package 'rmf_demos_maps' build argument 'ament_cmake_args' from command line to 'None'
[0.374s] Level 5:colcon.colcon_core.verb:set package 'rmf_demos_maps' build argument 'catkin_cmake_args' from command line to 'None'
[0.374s] Level 5:colcon.colcon_core.verb:set package 'rmf_demos_maps' build argument 'catkin_skip_building_tests' from command line to 'False'
[0.374s] DEBUG:colcon.colcon_core.verb:Building package 'rmf_demos_maps' with the following arguments: {'ament_cmake_args': None, 'build_base': '/home/usuario/Documentos/GitHub/IR2134/rmf_demos/build/rmf_demos_maps', 'catkin_cmake_args': None, 'catkin_skip_building_tests': False, 'cmake_args': None, 'cmake_clean_cache': False, 'cmake_clean_first': False, 'cmake_force_configure': False, 'cmake_target': None, 'cmake_target_skip_unavailable': False, 'install_base': '/home/usuario/Documentos/GitHub/IR2134/rmf_demos/install/rmf_demos_maps', 'merge_install': False, 'path': '/home/usuario/Documentos/GitHub/IR2134/rmf_demos/rmf_demos_maps', 'symlink_install': False, 'test_result_base': None}
[0.374s] Level 5:colcon.colcon_core.verb:set package 'rmf_demos_tasks' build argument 'cmake_args' from command line to 'None'
[0.374s] Level 5:colcon.colcon_core.verb:set package 'rmf_demos_tasks' build argument 'cmake_target' from command line to 'None'
[0.374s] Level 5:colcon.colcon_core.verb:set package 'rmf_demos_tasks' build argument 'cmake_target_skip_unavailable' from command line to 'False'
[0.374s] Level 5:colcon.colcon_core.verb:set package 'rmf_demos_tasks' build argument 'cmake_clean_cache' from command line to 'False'
[0.374s] Level 5:colcon.colcon_core.verb:set package 'rmf_demos_tasks' build argument 'cmake_clean_first' from command line to 'False'
[0.374s] Level 5:colcon.colcon_core.verb:set package 'rmf_demos_tasks' build argument 'cmake_force_configure' from command line to 'False'
[0.374s] Level 5:colcon.colcon_core.verb:set package 'rmf_demos_tasks' build argument 'ament_cmake_args' from command line to 'None'
[0.375s] Level 5:colcon.colcon_core.verb:set package 'rmf_demos_tasks' build argument 'catkin_cmake_args' from command line to 'None'
[0.375s] Level 5:colcon.colcon_core.verb:set package 'rmf_demos_tasks' build argument 'catkin_skip_building_tests' from command line to 'False'
[0.375s] DEBUG:colcon.colcon_core.verb:Building package 'rmf_demos_tasks' with the following arguments: {'ament_cmake_args': None, 'build_base': '/home/usuario/Documentos/GitHub/IR2134/rmf_demos/build/rmf_demos_tasks', 'catkin_cmake_args': None, 'catkin_skip_building_tests': False, 'cmake_args': None, 'cmake_clean_cache': False, 'cmake_clean_first': False, 'cmake_force_configure': False, 'cmake_target': None, 'cmake_target_skip_unavailable': False, 'install_base': '/home/usuario/Documentos/GitHub/IR2134/rmf_demos/install/rmf_demos_tasks', 'merge_install': False, 'path': '/home/usuario/Documentos/GitHub/IR2134/rmf_demos/rmf_demos_tasks', 'symlink_install': False, 'test_result_base': None}
[0.375s] Level 5:colcon.colcon_core.verb:set package 'rmf_visualization_building_systems' build argument 'cmake_args' from command line to 'None'
[0.375s] Level 5:colcon.colcon_core.verb:set package 'rmf_visualization_building_systems' build argument 'cmake_target' from command line to 'None'
[0.375s] Level 5:colcon.colcon_core.verb:set package 'rmf_visualization_building_systems' build argument 'cmake_target_skip_unavailable' from command line to 'False'
[0.375s] Level 5:colcon.colcon_core.verb:set package 'rmf_visualization_building_systems' build argument 'cmake_clean_cache' from command line to 'False'
[0.375s] Level 5:colcon.colcon_core.verb:set package 'rmf_visualization_building_systems' build argument 'cmake_clean_first' from command line to 'False'
[0.375s] Level 5:colcon.colcon_core.verb:set package 'rmf_visualization_building_systems' build argument 'cmake_force_configure' from command line to 'False'
[0.375s] Level 5:colcon.colcon_core.verb:set package 'rmf_visualization_building_systems' build argument 'ament_cmake_args' from command line to 'None'
[0.375s] Level 5:colcon.colcon_core.verb:set package 'rmf_visualization_building_systems' build argument 'catkin_cmake_args' from command line to 'None'
[0.375s] Level 5:colcon.colcon_core.verb:set package 'rmf_visualization_building_systems' build argument 'catkin_skip_building_tests' from command line to 'False'
[0.375s] DEBUG:colcon.colcon_core.verb:Building package 'rmf_visualization_building_systems' with the following arguments: {'ament_cmake_args': None, 'build_base': '/home/usuario/Documentos/GitHub/IR2134/rmf_demos/build/rmf_visualization_building_systems', 'catkin_cmake_args': None, 'catkin_skip_building_tests': False, 'cmake_args': None, 'cmake_clean_cache': False, 'cmake_clean_first': False, 'cmake_force_configure': False, 'cmake_target': None, 'cmake_target_skip_unavailable': False, 'install_base': '/home/usuario/Documentos/GitHub/IR2134/rmf_demos/install/rmf_visualization_building_systems', 'merge_install': False, 'path': '/home/usuario/Documentos/GitHub/IR2134/rmf_demos/rmf_visualization/rmf_visualization_building_systems', 'symlink_install': False, 'test_result_base': None}
[0.375s] Level 5:colcon.colcon_core.verb:set package 'rmf_visualization_fleet_states' build argument 'cmake_args' from command line to 'None'
[0.375s] Level 5:colcon.colcon_core.verb:set package 'rmf_visualization_fleet_states' build argument 'cmake_target' from command line to 'None'
[0.375s] Level 5:colcon.colcon_core.verb:set package 'rmf_visualization_fleet_states' build argument 'cmake_target_skip_unavailable' from command line to 'False'
[0.375s] Level 5:colcon.colcon_core.verb:set package 'rmf_visualization_fleet_states' build argument 'cmake_clean_cache' from command line to 'False'
[0.375s] Level 5:colcon.colcon_core.verb:set package 'rmf_visualization_fleet_states' build argument 'cmake_clean_first' from command line to 'False'
[0.375s] Level 5:colcon.colcon_core.verb:set package 'rmf_visualization_fleet_states' build argument 'cmake_force_configure' from command line to 'False'
[0.375s] Level 5:colcon.colcon_core.verb:set package 'rmf_visualization_fleet_states' build argument 'ament_cmake_args' from command line to 'None'
[0.375s] Level 5:colcon.colcon_core.verb:set package 'rmf_visualization_fleet_states' build argument 'catkin_cmake_args' from command line to 'None'
[0.375s] Level 5:colcon.colcon_core.verb:set package 'rmf_visualization_fleet_states' build argument 'catkin_skip_building_tests' from command line to 'False'
[0.375s] DEBUG:colcon.colcon_core.verb:Building package 'rmf_visualization_fleet_states' with the following arguments: {'ament_cmake_args': None, 'build_base': '/home/usuario/Documentos/GitHub/IR2134/rmf_demos/build/rmf_visualization_fleet_states', 'catkin_cmake_args': None, 'catkin_skip_building_tests': False, 'cmake_args': None, 'cmake_clean_cache': False, 'cmake_clean_first': False, 'cmake_force_configure': False, 'cmake_target': None, 'cmake_target_skip_unavailable': False, 'install_base': '/home/usuario/Documentos/GitHub/IR2134/rmf_demos/install/rmf_visualization_fleet_states', 'merge_install': False, 'path': '/home/usuario/Documentos/GitHub/IR2134/rmf_demos/rmf_visualization/rmf_visualization_fleet_states', 'symlink_install': False, 'test_result_base': None}
[0.376s] Level 5:colcon.colcon_core.verb:set package 'rmf_visualization_floorplans' build argument 'cmake_args' from command line to 'None'
[0.376s] Level 5:colcon.colcon_core.verb:set package 'rmf_visualization_floorplans' build argument 'cmake_target' from command line to 'None'
[0.376s] Level 5:colcon.colcon_core.verb:set package 'rmf_visualization_floorplans' build argument 'cmake_target_skip_unavailable' from command line to 'False'
[0.376s] Level 5:colcon.colcon_core.verb:set package 'rmf_visualization_floorplans' build argument 'cmake_clean_cache' from command line to 'False'
[0.376s] Level 5:colcon.colcon_core.verb:set package 'rmf_visualization_floorplans' build argument 'cmake_clean_first' from command line to 'False'
[0.376s] Level 5:colcon.colcon_core.verb:set package 'rmf_visualization_floorplans' build argument 'cmake_force_configure' from command line to 'False'
[0.376s] Level 5:colcon.colcon_core.verb:set package 'rmf_visualization_floorplans' build argument 'ament_cmake_args' from command line to 'None'
[0.376s] Level 5:colcon.colcon_core.verb:set package 'rmf_visualization_floorplans' build argument 'catkin_cmake_args' from command line to 'None'
[0.376s] Level 5:colcon.colcon_core.verb:set package 'rmf_visualization_floorplans' build argument 'catkin_skip_building_tests' from command line to 'False'
[0.376s] DEBUG:colcon.colcon_core.verb:Building package 'rmf_visualization_floorplans' with the following arguments: {'ament_cmake_args': None, 'build_base': '/home/usuario/Documentos/GitHub/IR2134/rmf_demos/build/rmf_visualization_floorplans', 'catkin_cmake_args': None, 'catkin_skip_building_tests': False, 'cmake_args': None, 'cmake_clean_cache': False, 'cmake_clean_first': False, 'cmake_force_configure': False, 'cmake_target': None, 'cmake_target_skip_unavailable': False, 'install_base': '/home/usuario/Documentos/GitHub/IR2134/rmf_demos/install/rmf_visualization_floorplans', 'merge_install': False, 'path': '/home/usuario/Documentos/GitHub/IR2134/rmf_demos/rmf_visualization/rmf_visualization_floorplans', 'symlink_install': False, 'test_result_base': None}
[0.376s] Level 5:colcon.colcon_core.verb:set package 'rmf_visualization_navgraphs' build argument 'cmake_args' from command line to 'None'
[0.376s] Level 5:colcon.colcon_core.verb:set package 'rmf_visualization_navgraphs' build argument 'cmake_target' from command line to 'None'
[0.376s] Level 5:colcon.colcon_core.verb:set package 'rmf_visualization_navgraphs' build argument 'cmake_target_skip_unavailable' from command line to 'False'
[0.376s] Level 5:colcon.colcon_core.verb:set package 'rmf_visualization_navgraphs' build argument 'cmake_clean_cache' from command line to 'False'
[0.376s] Level 5:colcon.colcon_core.verb:set package 'rmf_visualization_navgraphs' build argument 'cmake_clean_first' from command line to 'False'
[0.376s] Level 5:colcon.colcon_core.verb:set package 'rmf_visualization_navgraphs' build argument 'cmake_force_configure' from command line to 'False'
[0.376s] Level 5:colcon.colcon_core.verb:set package 'rmf_visualization_navgraphs' build argument 'ament_cmake_args' from command line to 'None'
[0.376s] Level 5:colcon.colcon_core.verb:set package 'rmf_visualization_navgraphs' build argument 'catkin_cmake_args' from command line to 'None'
[0.376s] Level 5:colcon.colcon_core.verb:set package 'rmf_visualization_navgraphs' build argument 'catkin_skip_building_tests' from command line to 'False'
[0.376s] DEBUG:colcon.colcon_core.verb:Building package 'rmf_visualization_navgraphs' with the following arguments: {'ament_cmake_args': None, 'build_base': '/home/usuario/Documentos/GitHub/IR2134/rmf_demos/build/rmf_visualization_navgraphs', 'catkin_cmake_args': None, 'catkin_skip_building_tests': False, 'cmake_args': None, 'cmake_clean_cache': False, 'cmake_clean_first': False, 'cmake_force_configure': False, 'cmake_target': None, 'cmake_target_skip_unavailable': False, 'install_base': '/home/usuario/Documentos/GitHub/IR2134/rmf_demos/install/rmf_visualization_navgraphs', 'merge_install': False, 'path': '/home/usuario/Documentos/GitHub/IR2134/rmf_demos/rmf_visualization/rmf_visualization_navgraphs', 'symlink_install': False, 'test_result_base': None}
[0.376s] Level 5:colcon.colcon_core.verb:set package 'rmf_visualization_obstacles' build argument 'cmake_args' from command line to 'None'
[0.376s] Level 5:colcon.colcon_core.verb:set package 'rmf_visualization_obstacles' build argument 'cmake_target' from command line to 'None'
[0.376s] Level 5:colcon.colcon_core.verb:set package 'rmf_visualization_obstacles' build argument 'cmake_target_skip_unavailable' from command line to 'False'
[0.377s] Level 5:colcon.colcon_core.verb:set package 'rmf_visualization_obstacles' build argument 'cmake_clean_cache' from command line to 'False'
[0.377s] Level 5:colcon.colcon_core.verb:set package 'rmf_visualization_obstacles' build argument 'cmake_clean_first' from command line to 'False'
[0.377s] Level 5:colcon.colcon_core.verb:set package 'rmf_visualization_obstacles' build argument 'cmake_force_configure' from command line to 'False'
[0.377s] Level 5:colcon.colcon_core.verb:set package 'rmf_visualization_obstacles' build argument 'ament_cmake_args' from command line to 'None'
[0.377s] Level 5:colcon.colcon_core.verb:set package 'rmf_visualization_obstacles' build argument 'catkin_cmake_args' from command line to 'None'
[0.377s] Level 5:colcon.colcon_core.verb:set package 'rmf_visualization_obstacles' build argument 'catkin_skip_building_tests' from command line to 'False'
[0.377s] DEBUG:colcon.colcon_core.verb:Building package 'rmf_visualization_obstacles' with the following arguments: {'ament_cmake_args': None, 'build_base': '/home/usuario/Documentos/GitHub/IR2134/rmf_demos/build/rmf_visualization_obstacles', 'catkin_cmake_args': None, 'catkin_skip_building_tests': False, 'cmake_args': None, 'cmake_clean_cache': False, 'cmake_clean_first': False, 'cmake_force_configure': False, 'cmake_target': None, 'cmake_target_skip_unavailable': False, 'install_base': '/home/usuario/Documentos/GitHub/IR2134/rmf_demos/install/rmf_visualization_obstacles', 'merge_install': False, 'path': '/home/usuario/Documentos/GitHub/IR2134/rmf_demos/rmf_visualization/rmf_visualization_obstacles', 'symlink_install': False, 'test_result_base': None}
[0.377s] Level 5:colcon.colcon_core.verb:set package 'rmf_visualization_rviz2_plugins' build argument 'cmake_args' from command line to 'None'
[0.377s] Level 5:colcon.colcon_core.verb:set package 'rmf_visualization_rviz2_plugins' build argument 'cmake_target' from command line to 'None'
[0.377s] Level 5:colcon.colcon_core.verb:set package 'rmf_visualization_rviz2_plugins' build argument 'cmake_target_skip_unavailable' from command line to 'False'
[0.377s] Level 5:colcon.colcon_core.verb:set package 'rmf_visualization_rviz2_plugins' build argument 'cmake_clean_cache' from command line to 'False'
[0.377s] Level 5:colcon.colcon_core.verb:set package 'rmf_visualization_rviz2_plugins' build argument 'cmake_clean_first' from command line to 'False'
[0.377s] Level 5:colcon.colcon_core.verb:set package 'rmf_visualization_rviz2_plugins' build argument 'cmake_force_configure' from command line to 'False'
[0.377s] Level 5:colcon.colcon_core.verb:set package 'rmf_visualization_rviz2_plugins' build argument 'ament_cmake_args' from command line to 'None'
[0.377s] Level 5:colcon.colcon_core.verb:set package 'rmf_visualization_rviz2_plugins' build argument 'catkin_cmake_args' from command line to 'None'
[0.377s] Level 5:colcon.colcon_core.verb:set package 'rmf_visualization_rviz2_plugins' build argument 'catkin_skip_building_tests' from command line to 'False'
[0.377s] DEBUG:colcon.colcon_core.verb:Building package 'rmf_visualization_rviz2_plugins' with the following arguments: {'ament_cmake_args': None, 'build_base': '/home/usuario/Documentos/GitHub/IR2134/rmf_demos/build/rmf_visualization_rviz2_plugins', 'catkin_cmake_args': None, 'catkin_skip_building_tests': False, 'cmake_args': None, 'cmake_clean_cache': False, 'cmake_clean_first': False, 'cmake_force_configure': False, 'cmake_target': None, 'cmake_target_skip_unavailable': False, 'install_base': '/home/usuario/Documentos/GitHub/IR2134/rmf_demos/install/rmf_visualization_rviz2_plugins', 'merge_install': False, 'path': '/home/usuario/Documentos/GitHub/IR2134/rmf_demos/rmf_visualization/rmf_visualization_rviz2_plugins', 'symlink_install': False, 'test_result_base': None}
[0.377s] Level 5:colcon.colcon_core.verb:set package 'rmf_visualization_schedule' build argument 'cmake_args' from command line to 'None'
[0.377s] Level 5:colcon.colcon_core.verb:set package 'rmf_visualization_schedule' build argument 'cmake_target' from command line to 'None'
[0.377s] Level 5:colcon.colcon_core.verb:set package 'rmf_visualization_schedule' build argument 'cmake_target_skip_unavailable' from command line to 'False'
[0.377s] Level 5:colcon.colcon_core.verb:set package 'rmf_visualization_schedule' build argument 'cmake_clean_cache' from command line to 'False'
[0.377s] Level 5:colcon.colcon_core.verb:set package 'rmf_visualization_schedule' build argument 'cmake_clean_first' from command line to 'False'
[0.377s] Level 5:colcon.colcon_core.verb:set package 'rmf_visualization_schedule' build argument 'cmake_force_configure' from command line to 'False'
[0.377s] Level 5:colcon.colcon_core.verb:set package 'rmf_visualization_schedule' build argument 'ament_cmake_args' from command line to 'None'
[0.377s] Level 5:colcon.colcon_core.verb:set package 'rmf_visualization_schedule' build argument 'catkin_cmake_args' from command line to 'None'
[0.377s] Level 5:colcon.colcon_core.verb:set package 'rmf_visualization_schedule' build argument 'catkin_skip_building_tests' from command line to 'False'
[0.377s] DEBUG:colcon.colcon_core.verb:Building package 'rmf_visualization_schedule' with the following arguments: {'ament_cmake_args': None, 'build_base': '/home/usuario/Documentos/GitHub/IR2134/rmf_demos/build/rmf_visualization_schedule', 'catkin_cmake_args': None, 'catkin_skip_building_tests': False, 'cmake_args': None, 'cmake_clean_cache': False, 'cmake_clean_first': False, 'cmake_force_configure': False, 'cmake_target': None, 'cmake_target_skip_unavailable': False, 'install_base': '/home/usuario/Documentos/GitHub/IR2134/rmf_demos/install/rmf_visualization_schedule', 'merge_install': False, 'path': '/home/usuario/Documentos/GitHub/IR2134/rmf_demos/rmf_visualization/rmf_visualization_schedule', 'symlink_install': False, 'test_result_base': None}
[0.378s] Level 5:colcon.colcon_core.verb:set package 'rmf_visualization' build argument 'cmake_args' from command line to 'None'
[0.378s] Level 5:colcon.colcon_core.verb:set package 'rmf_visualization' build argument 'cmake_target' from command line to 'None'
[0.378s] Level 5:colcon.colcon_core.verb:set package 'rmf_visualization' build argument 'cmake_target_skip_unavailable' from command line to 'False'
[0.378s] Level 5:colcon.colcon_core.verb:set package 'rmf_visualization' build argument 'cmake_clean_cache' from command line to 'False'
[0.378s] Level 5:colcon.colcon_core.verb:set package 'rmf_visualization' build argument 'cmake_clean_first' from command line to 'False'
[0.378s] Level 5:colcon.colcon_core.verb:set package 'rmf_visualization' build argument 'cmake_force_configure' from command line to 'False'
[0.378s] Level 5:colcon.colcon_core.verb:set package 'rmf_visualization' build argument 'ament_cmake_args' from command line to 'None'
[0.378s] Level 5:colcon.colcon_core.verb:set package 'rmf_visualization' build argument 'catkin_cmake_args' from command line to 'None'
[0.378s] Level 5:colcon.colcon_core.verb:set package 'rmf_visualization' build argument 'catkin_skip_building_tests' from command line to 'False'
[0.378s] DEBUG:colcon.colcon_core.verb:Building package 'rmf_visualization' with the following arguments: {'ament_cmake_args': None, 'build_base': '/home/usuario/Documentos/GitHub/IR2134/rmf_demos/build/rmf_visualization', 'catkin_cmake_args': None, 'catkin_skip_building_tests': False, 'cmake_args': None, 'cmake_clean_cache': False, 'cmake_clean_first': False, 'cmake_force_configure': False, 'cmake_target': None, 'cmake_target_skip_unavailable': False, 'install_base': '/home/usuario/Documentos/GitHub/IR2134/rmf_demos/install/rmf_visualization', 'merge_install': False, 'path': '/home/usuario/Documentos/GitHub/IR2134/rmf_demos/rmf_visualization/rmf_visualization', 'symlink_install': False, 'test_result_base': None}
[0.378s] Level 5:colcon.colcon_core.verb:set package 'rmf_demos' build argument 'cmake_args' from command line to 'None'
[0.378s] Level 5:colcon.colcon_core.verb:set package 'rmf_demos' build argument 'cmake_target' from command line to 'None'
[0.378s] Level 5:colcon.colcon_core.verb:set package 'rmf_demos' build argument 'cmake_target_skip_unavailable' from command line to 'False'
[0.378s] Level 5:colcon.colcon_core.verb:set package 'rmf_demos' build argument 'cmake_clean_cache' from command line to 'False'
[0.378s] Level 5:colcon.colcon_core.verb:set package 'rmf_demos' build argument 'cmake_clean_first' from command line to 'False'
[0.378s] Level 5:colcon.colcon_core.verb:set package 'rmf_demos' build argument 'cmake_force_configure' from command line to 'False'
[0.378s] Level 5:colcon.colcon_core.verb:set package 'rmf_demos' build argument 'ament_cmake_args' from command line to 'None'
[0.378s] Level 5:colcon.colcon_core.verb:set package 'rmf_demos' build argument 'catkin_cmake_args' from command line to 'None'
[0.378s] Level 5:colcon.colcon_core.verb:set package 'rmf_demos' build argument 'catkin_skip_building_tests' from command line to 'False'
[0.378s] DEBUG:colcon.colcon_core.verb:Building package 'rmf_demos' with the following arguments: {'ament_cmake_args': None, 'build_base': '/home/usuario/Documentos/GitHub/IR2134/rmf_demos/build/rmf_demos', 'catkin_cmake_args': None, 'catkin_skip_building_tests': False, 'cmake_args': None, 'cmake_clean_cache': False, 'cmake_clean_first': False, 'cmake_force_configure': False, 'cmake_target': None, 'cmake_target_skip_unavailable': False, 'install_base': '/home/usuario/Documentos/GitHub/IR2134/rmf_demos/install/rmf_demos', 'merge_install': False, 'path': '/home/usuario/Documentos/GitHub/IR2134/rmf_demos/rmf_demos', 'symlink_install': False, 'test_result_base': None}
[0.379s] Level 5:colcon.colcon_core.verb:set package 'rmf_demos_gz' build argument 'cmake_args' from command line to 'None'
[0.379s] Level 5:colcon.colcon_core.verb:set package 'rmf_demos_gz' build argument 'cmake_target' from command line to 'None'
[0.379s] Level 5:colcon.colcon_core.verb:set package 'rmf_demos_gz' build argument 'cmake_target_skip_unavailable' from command line to 'False'
[0.379s] Level 5:colcon.colcon_core.verb:set package 'rmf_demos_gz' build argument 'cmake_clean_cache' from command line to 'False'
[0.379s] Level 5:colcon.colcon_core.verb:set package 'rmf_demos_gz' build argument 'cmake_clean_first' from command line to 'False'
[0.379s] Level 5:colcon.colcon_core.verb:set package 'rmf_demos_gz' build argument 'cmake_force_configure' from command line to 'False'
[0.379s] Level 5:colcon.colcon_core.verb:set package 'rmf_demos_gz' build argument 'ament_cmake_args' from command line to 'None'
[0.379s] Level 5:colcon.colcon_core.verb:set package 'rmf_demos_gz' build argument 'catkin_cmake_args' from command line to 'None'
[0.379s] Level 5:colcon.colcon_core.verb:set package 'rmf_demos_gz' build argument 'catkin_skip_building_tests' from command line to 'False'
[0.379s] DEBUG:colcon.colcon_core.verb:Building package 'rmf_demos_gz' with the following arguments: {'ament_cmake_args': None, 'build_base': '/home/usuario/Documentos/GitHub/IR2134/rmf_demos/build/rmf_demos_gz', 'catkin_cmake_args': None, 'catkin_skip_building_tests': False, 'cmake_args': None, 'cmake_clean_cache': False, 'cmake_clean_first': False, 'cmake_force_configure': False, 'cmake_target': None, 'cmake_target_skip_unavailable': False, 'install_base': '/home/usuario/Documentos/GitHub/IR2134/rmf_demos/install/rmf_demos_gz', 'merge_install': False, 'path': '/home/usuario/Documentos/GitHub/IR2134/rmf_demos/rmf_demos_gz', 'symlink_install': False, 'test_result_base': None}
[0.379s] INFO:colcon.colcon_core.executor:Executing jobs using 'parallel' executor
[0.380s] DEBUG:colcon.colcon_parallel_executor.executor.parallel:run_until_complete
[0.380s] INFO:colcon.colcon_ros.task.ament_python.build:Building ROS package in '/home/usuario/Documentos/GitHub/IR2134/rmf_demos/rmf_visualization/rmf_visualization_building_systems' with build type 'ament_python'
[0.380s] Level 1:colcon.colcon_core.shell:create_environment_hook('rmf_visualization_building_systems', 'ament_prefix_path')
[0.382s] INFO:colcon.colcon_core.plugin_system:Skipping extension 'colcon_core.shell.bat': Not used on non-Windows systems
[0.382s] INFO:colcon.colcon_core.shell:Creating environment hook '/home/usuario/Documentos/GitHub/IR2134/rmf_demos/install/rmf_visualization_building_systems/share/rmf_visualization_building_systems/hook/ament_prefix_path.ps1'
[0.383s] INFO:colcon.colcon_core.shell:Creating environment descriptor '/home/usuario/Documentos/GitHub/IR2134/rmf_demos/install/rmf_visualization_building_systems/share/rmf_visualization_building_systems/hook/ament_prefix_path.dsv'
[0.384s] INFO:colcon.colcon_core.shell:Creating environment hook '/home/usuario/Documentos/GitHub/IR2134/rmf_demos/install/rmf_visualization_building_systems/share/rmf_visualization_building_systems/hook/ament_prefix_path.sh'
[0.385s] INFO:colcon.colcon_core.shell:Skip shell extension 'powershell' for command environment: Not usable outside of PowerShell
[0.386s] DEBUG:colcon.colcon_core.shell:Skip shell extension 'dsv' for command environment
[0.387s] INFO:colcon.colcon_ros.task.ament_cmake.build:Building ROS package in '/home/usuario/Documentos/GitHub/IR2134/rmf_demos/rmf_visualization/rmf_visualization_fleet_states' with build type 'ament_cmake'
[0.387s] INFO:colcon.colcon_cmake.task.cmake.build:Building CMake package in '/home/usuario/Documentos/GitHub/IR2134/rmf_demos/rmf_visualization/rmf_visualization_fleet_states'
[0.387s] INFO:colcon.colcon_core.shell:Skip shell extension 'powershell' for command environment: Not usable outside of PowerShell
[0.387s] DEBUG:colcon.colcon_core.shell:Skip shell extension 'dsv' for command environment
[0.388s] INFO:colcon.colcon_ros.task.ament_cmake.build:Building ROS package in '/home/usuario/Documentos/GitHub/IR2134/rmf_demos/rmf_visualization/rmf_visualization_floorplans' with build type 'ament_cmake'
[0.388s] INFO:colcon.colcon_cmake.task.cmake.build:Building CMake package in '/home/usuario/Documentos/GitHub/IR2134/rmf_demos/rmf_visualization/rmf_visualization_floorplans'
[0.388s] INFO:colcon.colcon_core.shell:Skip shell extension 'powershell' for command environment: Not usable outside of PowerShell
[0.388s] DEBUG:colcon.colcon_core.shell:Skip shell extension 'dsv' for command environment
[0.389s] INFO:colcon.colcon_ros.task.ament_cmake.build:Building ROS package in '/home/usuario/Documentos/GitHub/IR2134/rmf_demos/rmf_visualization/rmf_visualization_navgraphs' with build type 'ament_cmake'
[0.389s] INFO:colcon.colcon_cmake.task.cmake.build:Building CMake package in '/home/usuario/Documentos/GitHub/IR2134/rmf_demos/rmf_visualization/rmf_visualization_navgraphs'
[0.389s] INFO:colcon.colcon_core.shell:Skip shell extension 'powershell' for command environment: Not usable outside of PowerShell
[0.389s] DEBUG:colcon.colcon_core.shell:Skip shell extension 'dsv' for command environment
[0.390s] INFO:colcon.colcon_ros.task.ament_cmake.build:Building ROS package in '/home/usuario/Documentos/GitHub/IR2134/rmf_demos/rmf_visualization/rmf_visualization_obstacles' with build type 'ament_cmake'
[0.390s] INFO:colcon.colcon_cmake.task.cmake.build:Building CMake package in '/home/usuario/Documentos/GitHub/IR2134/rmf_demos/rmf_visualization/rmf_visualization_obstacles'
[0.390s] INFO:colcon.colcon_core.shell:Skip shell extension 'powershell' for command environment: Not usable outside of PowerShell
[0.390s] DEBUG:colcon.colcon_core.shell:Skip shell extension 'dsv' for command environment
[0.391s] INFO:colcon.colcon_ros.task.ament_cmake.build:Building ROS package in '/home/usuario/Documentos/GitHub/IR2134/rmf_demos/rmf_visualization/rmf_visualization_rviz2_plugins' with build type 'ament_cmake'
[0.391s] INFO:colcon.colcon_cmake.task.cmake.build:Building CMake package in '/home/usuario/Documentos/GitHub/IR2134/rmf_demos/rmf_visualization/rmf_visualization_rviz2_plugins'
[0.391s] INFO:colcon.colcon_core.shell:Skip shell extension 'powershell' for command environment: Not usable outside of PowerShell
[0.391s] DEBUG:colcon.colcon_core.shell:Skip shell extension 'dsv' for command environment
[0.647s] INFO:colcon.colcon_core.task.python.build:Building Python package in '/home/usuario/Documentos/GitHub/IR2134/rmf_demos/rmf_visualization/rmf_visualization_building_systems'
[0.647s] INFO:colcon.colcon_core.shell:Skip shell extension 'powershell' for command environment: Not usable outside of PowerShell
[0.647s] DEBUG:colcon.colcon_core.shell:Skip shell extension 'dsv' for command environment
[0.653s] DEBUG:colcon.colcon_core.event_handler.log_command:Invoking command in '/home/usuario/Documentos/GitHub/IR2134/rmf_demos/build/rmf_visualization_fleet_states': /usr/bin/cmake /home/usuario/Documentos/GitHub/IR2134/rmf_demos/rmf_visualization/rmf_visualization_fleet_states -DCMAKE_INSTALL_PREFIX=/home/usuario/Documentos/GitHub/IR2134/rmf_demos/install/rmf_visualization_fleet_states
[0.656s] DEBUG:colcon.colcon_core.event_handler.log_command:Invoking command in '/home/usuario/Documentos/GitHub/IR2134/rmf_demos/build/rmf_visualization_floorplans': /usr/bin/cmake /home/usuario/Documentos/GitHub/IR2134/rmf_demos/rmf_visualization/rmf_visualization_floorplans -DCMAKE_INSTALL_PREFIX=/home/usuario/Documentos/GitHub/IR2134/rmf_demos/install/rmf_visualization_floorplans
[0.663s] DEBUG:colcon.colcon_core.event_handler.log_command:Invoking command in '/home/usuario/Documentos/GitHub/IR2134/rmf_demos/build/rmf_visualization_navgraphs': /usr/bin/cmake /home/usuario/Documentos/GitHub/IR2134/rmf_demos/rmf_visualization/rmf_visualization_navgraphs -DCMAKE_INSTALL_PREFIX=/home/usuario/Documentos/GitHub/IR2134/rmf_demos/install/rmf_visualization_navgraphs
[0.674s] DEBUG:colcon.colcon_core.event_handler.log_command:Invoking command in '/home/usuario/Documentos/GitHub/IR2134/rmf_demos/build/rmf_visualization_obstacles': /usr/bin/cmake /home/usuario/Documentos/GitHub/IR2134/rmf_demos/rmf_visualization/rmf_visualization_obstacles -DCMAKE_INSTALL_PREFIX=/home/usuario/Documentos/GitHub/IR2134/rmf_demos/install/rmf_visualization_obstacles
[0.682s] DEBUG:colcon.colcon_core.event_handler.log_command:Invoking command in '/home/usuario/Documentos/GitHub/IR2134/rmf_demos/build/rmf_visualization_rviz2_plugins': /usr/bin/cmake /home/usuario/Documentos/GitHub/IR2134/rmf_demos/rmf_visualization/rmf_visualization_rviz2_plugins -DCMAKE_INSTALL_PREFIX=/home/usuario/Documentos/GitHub/IR2134/rmf_demos/install/rmf_visualization_rviz2_plugins
[1.139s] DEBUG:colcon.colcon_core.event_handler.log_command:Invoking command in '/home/usuario/Documentos/GitHub/IR2134/rmf_demos/rmf_visualization/rmf_visualization_building_systems': PYTHONPATH=/home/usuario/Documentos/GitHub/IR2134/rmf_demos/build/rmf_visualization_building_systems/prefix_override:/usr/lib/python3/dist-packages/colcon_core/task/python/colcon_distutils_commands:/home/usuario/Documentos/GitHub/IR2134/rmf_demos/install/rmf_visualization_building_systems/lib/python3.10/site-packages: /usr/bin/python3 -W ignore:setup.py install is deprecated -W ignore:easy_install command is deprecated setup.py egg_info --egg-base ../../build/rmf_visualization_building_systems build --build-base /home/usuario/Documentos/GitHub/IR2134/rmf_demos/build/rmf_visualization_building_systems/build install --record /home/usuario/Documentos/GitHub/IR2134/rmf_demos/build/rmf_visualization_building_systems/install.log --single-version-externally-managed install_data
[2.286s] DEBUG:colcon.colcon_core.event_handler.log_command:Invoked command in '/home/usuario/Documentos/GitHub/IR2134/rmf_demos/build/rmf_visualization_fleet_states' returned '1': /usr/bin/cmake /home/usuario/Documentos/GitHub/IR2134/rmf_demos/rmf_visualization/rmf_visualization_fleet_states -DCMAKE_INSTALL_PREFIX=/home/usuario/Documentos/GitHub/IR2134/rmf_demos/install/rmf_visualization_fleet_states
[2.286s] DEBUG:colcon.colcon_core.event_handler.log_command:Invoked command in '/home/usuario/Documentos/GitHub/IR2134/rmf_demos/rmf_visualization/rmf_visualization_building_systems' returned '0': PYTHONPATH=/home/usuario/Documentos/GitHub/IR2134/rmf_demos/build/rmf_visualization_building_systems/prefix_override:/usr/lib/python3/dist-packages/colcon_core/task/python/colcon_distutils_commands:/home/usuario/Documentos/GitHub/IR2134/rmf_demos/install/rmf_visualization_building_systems/lib/python3.10/site-packages: /usr/bin/python3 -W ignore:setup.py install is deprecated -W ignore:easy_install command is deprecated setup.py egg_info --egg-base ../../build/rmf_visualization_building_systems build --build-base /home/usuario/Documentos/GitHub/IR2134/rmf_demos/build/rmf_visualization_building_systems/build install --record /home/usuario/Documentos/GitHub/IR2134/rmf_demos/build/rmf_visualization_building_systems/install.log --single-version-externally-managed install_data
[2.288s] Level 1:colcon.colcon_core.environment:checking '/home/usuario/Documentos/GitHub/IR2134/rmf_demos/install/rmf_visualization_building_systems' for CMake module files
[2.288s] Level 1:colcon.colcon_core.environment:checking '/home/usuario/Documentos/GitHub/IR2134/rmf_demos/install/rmf_visualization_building_systems' for CMake config files
[2.289s] Level 1:colcon.colcon_core.environment:checking '/home/usuario/Documentos/GitHub/IR2134/rmf_demos/install/rmf_visualization_building_systems/lib'
[2.289s] Level 1:colcon.colcon_core.environment:checking '/home/usuario/Documentos/GitHub/IR2134/rmf_demos/install/rmf_visualization_building_systems/bin'
[2.289s] Level 1:colcon.colcon_core.environment:checking '/home/usuario/Documentos/GitHub/IR2134/rmf_demos/install/rmf_visualization_building_systems/lib/pkgconfig/rmf_visualization_building_systems.pc'
[2.289s] Level 1:colcon.colcon_core.environment:checking '/home/usuario/Documentos/GitHub/IR2134/rmf_demos/install/rmf_visualization_building_systems/lib/python3.10/site-packages'
[2.289s] Level 1:colcon.colcon_core.shell:create_environment_hook('rmf_visualization_building_systems', 'pythonpath')
[2.289s] INFO:colcon.colcon_core.shell:Creating environment hook '/home/usuario/Documentos/GitHub/IR2134/rmf_demos/install/rmf_visualization_building_systems/share/rmf_visualization_building_systems/hook/pythonpath.ps1'
[2.292s] INFO:colcon.colcon_core.shell:Creating environment descriptor '/home/usuario/Documentos/GitHub/IR2134/rmf_demos/install/rmf_visualization_building_systems/share/rmf_visualization_building_systems/hook/pythonpath.dsv'
[2.295s] INFO:colcon.colcon_core.shell:Creating environment hook '/home/usuario/Documentos/GitHub/IR2134/rmf_demos/install/rmf_visualization_building_systems/share/rmf_visualization_building_systems/hook/pythonpath.sh'
[2.296s] Level 1:colcon.colcon_core.environment:checking '/home/usuario/Documentos/GitHub/IR2134/rmf_demos/install/rmf_visualization_building_systems/bin'
[2.296s] Level 1:colcon.colcon_core.environment:create_environment_scripts_only(rmf_visualization_building_systems)
[2.297s] INFO:colcon.colcon_core.shell:Creating package script '/home/usuario/Documentos/GitHub/IR2134/rmf_demos/install/rmf_visualization_building_systems/share/rmf_visualization_building_systems/package.ps1'
[2.299s] INFO:colcon.colcon_core.shell:Creating package descriptor '/home/usuario/Documentos/GitHub/IR2134/rmf_demos/install/rmf_visualization_building_systems/share/rmf_visualization_building_systems/package.dsv'
[2.301s] INFO:colcon.colcon_core.shell:Creating package script '/home/usuario/Documentos/GitHub/IR2134/rmf_demos/install/rmf_visualization_building_systems/share/rmf_visualization_building_systems/package.sh'
[2.303s] INFO:colcon.colcon_core.shell:Creating package script '/home/usuario/Documentos/GitHub/IR2134/rmf_demos/install/rmf_visualization_building_systems/share/rmf_visualization_building_systems/package.bash'
[2.306s] INFO:colcon.colcon_core.shell:Creating package script '/home/usuario/Documentos/GitHub/IR2134/rmf_demos/install/rmf_visualization_building_systems/share/rmf_visualization_building_systems/package.zsh'
[2.308s] Level 1:colcon.colcon_core.environment:create_file_with_runtime_dependencies(/home/usuario/Documentos/GitHub/IR2134/rmf_demos/install/rmf_visualization_building_systems/share/colcon-core/packages/rmf_visualization_building_systems)
[2.308s] INFO:colcon.colcon_ros.task.ament_cmake.build:Building ROS package in '/home/usuario/Documentos/GitHub/IR2134/rmf_demos/rmf_visualization/rmf_visualization_schedule' with build type 'ament_cmake'
[2.308s] INFO:colcon.colcon_cmake.task.cmake.build:Building CMake package in '/home/usuario/Documentos/GitHub/IR2134/rmf_demos/rmf_visualization/rmf_visualization_schedule'
[2.308s] INFO:colcon.colcon_core.shell:Skip shell extension 'powershell' for command environment: Not usable outside of PowerShell
[2.309s] DEBUG:colcon.colcon_core.shell:Skip shell extension 'dsv' for command environment
[2.314s] Level 1:colcon.colcon_core.environment:create_environment_scripts_only(rmf_visualization_fleet_states)
[2.315s] Level 1:colcon.colcon_core.environment:checking '/home/usuario/Documentos/GitHub/IR2134/rmf_demos/install/rmf_visualization_fleet_states' for CMake module files
[2.316s] Level 1:colcon.colcon_core.environment:checking '/home/usuario/Documentos/GitHub/IR2134/rmf_demos/install/rmf_visualization_fleet_states' for CMake config files
[2.316s] Level 1:colcon.colcon_core.shell:create_environment_hook('rmf_visualization_fleet_states', 'cmake_prefix_path')
[2.316s] INFO:colcon.colcon_core.shell:Creating environment hook '/home/usuario/Documentos/GitHub/IR2134/rmf_demos/install/rmf_visualization_fleet_states/share/rmf_visualization_fleet_states/hook/cmake_prefix_path.ps1'
[2.318s] INFO:colcon.colcon_core.shell:Creating environment descriptor '/home/usuario/Documentos/GitHub/IR2134/rmf_demos/install/rmf_visualization_fleet_states/share/rmf_visualization_fleet_states/hook/cmake_prefix_path.dsv'
[2.321s] INFO:colcon.colcon_core.shell:Creating environment hook '/home/usuario/Documentos/GitHub/IR2134/rmf_demos/install/rmf_visualization_fleet_states/share/rmf_visualization_fleet_states/hook/cmake_prefix_path.sh'
[2.323s] Level 1:colcon.colcon_core.environment:checking '/home/usuario/Documentos/GitHub/IR2134/rmf_demos/install/rmf_visualization_fleet_states/lib'
[2.323s] Level 1:colcon.colcon_core.shell:create_environment_hook('rmf_visualization_fleet_states', 'ld_library_path_lib')
[2.323s] INFO:colcon.colcon_core.shell:Creating environment hook '/home/usuario/Documentos/GitHub/IR2134/rmf_demos/install/rmf_visualization_fleet_states/share/rmf_visualization_fleet_states/hook/ld_library_path_lib.ps1'
[2.325s] INFO:colcon.colcon_core.shell:Creating environment descriptor '/home/usuario/Documentos/GitHub/IR2134/rmf_demos/install/rmf_visualization_fleet_states/share/rmf_visualization_fleet_states/hook/ld_library_path_lib.dsv'
[2.327s] INFO:colcon.colcon_core.shell:Creating environment hook '/home/usuario/Documentos/GitHub/IR2134/rmf_demos/install/rmf_visualization_fleet_states/share/rmf_visualization_fleet_states/hook/ld_library_path_lib.sh'
[2.329s] Level 1:colcon.colcon_core.environment:checking '/home/usuario/Documentos/GitHub/IR2134/rmf_demos/install/rmf_visualization_fleet_states/bin'
[2.329s] Level 1:colcon.colcon_core.environment:checking '/home/usuario/Documentos/GitHub/IR2134/rmf_demos/install/rmf_visualization_fleet_states/lib/pkgconfig/rmf_visualization_fleet_states.pc'
[2.329s] Level 1:colcon.colcon_core.environment:checking '/home/usuario/Documentos/GitHub/IR2134/rmf_demos/install/rmf_visualization_fleet_states/lib/python3.10/site-packages'
[2.329s] Level 1:colcon.colcon_core.environment:checking '/home/usuario/Documentos/GitHub/IR2134/rmf_demos/install/rmf_visualization_fleet_states/bin'
[2.330s] INFO:colcon.colcon_core.shell:Creating package script '/home/usuario/Documentos/GitHub/IR2134/rmf_demos/install/rmf_visualization_fleet_states/share/rmf_visualization_fleet_states/package.ps1'
[2.330s] INFO:colcon.colcon_core.shell:Creating package descriptor '/home/usuario/Documentos/GitHub/IR2134/rmf_demos/install/rmf_visualization_fleet_states/share/rmf_visualization_fleet_states/package.dsv'
[2.330s] INFO:colcon.colcon_core.shell:Creating package script '/home/usuario/Documentos/GitHub/IR2134/rmf_demos/install/rmf_visualization_fleet_states/share/rmf_visualization_fleet_states/package.sh'
[2.331s] INFO:colcon.colcon_core.shell:Creating package script '/home/usuario/Documentos/GitHub/IR2134/rmf_demos/install/rmf_visualization_fleet_states/share/rmf_visualization_fleet_states/package.bash'
[2.331s] INFO:colcon.colcon_core.shell:Creating package script '/home/usuario/Documentos/GitHub/IR2134/rmf_demos/install/rmf_visualization_fleet_states/share/rmf_visualization_fleet_states/package.zsh'
[2.331s] Level 1:colcon.colcon_core.environment:create_file_with_runtime_dependencies(/home/usuario/Documentos/GitHub/IR2134/rmf_demos/install/rmf_visualization_fleet_states/share/colcon-core/packages/rmf_visualization_fleet_states)
[2.364s] DEBUG:colcon.colcon_parallel_executor.executor.parallel:closing loop
[2.364s] DEBUG:colcon.colcon_parallel_executor.executor.parallel:loop closed
[2.364s] DEBUG:colcon.colcon_parallel_executor.executor.parallel:run_until_complete finished with '1'
[2.364s] DEBUG:colcon.colcon_core.event_reactor:joining thread
[2.370s] INFO:colcon.colcon_core.plugin_system:Skipping extension 'colcon_notification.desktop_notification.terminal_notifier': Not used on non-Darwin systems
[2.370s] INFO:colcon.colcon_core.plugin_system:Skipping extension 'colcon_notification.desktop_notification.win32': Not used on non-Windows systems
[2.370s] INFO:colcon.colcon_notification.desktop_notification:Sending desktop notification using 'notify2'
[2.378s] DEBUG:colcon.colcon_core.event_reactor:joined thread
[2.378s] INFO:colcon.colcon_core.shell:Creating prefix script '/home/usuario/Documentos/GitHub/IR2134/rmf_demos/install/local_setup.ps1'
[2.379s] INFO:colcon.colcon_core.shell:Creating prefix util module '/home/usuario/Documentos/GitHub/IR2134/rmf_demos/install/_local_setup_util_ps1.py'
[2.380s] INFO:colcon.colcon_core.shell:Creating prefix chain script '/home/usuario/Documentos/GitHub/IR2134/rmf_demos/install/setup.ps1'
[2.381s] INFO:colcon.colcon_core.shell:Creating prefix script '/home/usuario/Documentos/GitHub/IR2134/rmf_demos/install/local_setup.sh'
[2.381s] INFO:colcon.colcon_core.shell:Creating prefix util module '/home/usuario/Documentos/GitHub/IR2134/rmf_demos/install/_local_setup_util_sh.py'
[2.381s] INFO:colcon.colcon_core.shell:Creating prefix chain script '/home/usuario/Documentos/GitHub/IR2134/rmf_demos/install/setup.sh'
[2.382s] INFO:colcon.colcon_core.shell:Creating prefix script '/home/usuario/Documentos/GitHub/IR2134/rmf_demos/install/local_setup.bash'
[2.382s] INFO:colcon.colcon_core.shell:Creating prefix chain script '/home/usuario/Documentos/GitHub/IR2134/rmf_demos/install/setup.bash'
[2.383s] INFO:colcon.colcon_core.shell:Creating prefix script '/home/usuario/Documentos/GitHub/IR2134/rmf_demos/install/local_setup.zsh'
[2.383s] INFO:colcon.colcon_core.shell:Creating prefix chain script '/home/usuario/Documentos/GitHub/IR2134/rmf_demos/install/setup.zsh'
