[1.460s] Invoking command in '/home/usuario/rmf_demos/rmf_demos_fleet_adapter': PYTHONPATH=/home/usuario/rmf_demos/build/rmf_demos_fleet_adapter/prefix_override:/usr/lib/python3/dist-packages/colcon_core/task/python/colcon_distutils_commands:/home/usuario/rmf_demos/install/rmf_demos_fleet_adapter/lib/python3.12/site-packages:${PYTHONPATH} /usr/bin/python3 -W ignore:setup.py install is deprecated -W ignore:easy_install command is deprecated setup.py egg_info --egg-base ../build/rmf_demos_fleet_adapter build --build-base /home/usuario/rmf_demos/build/rmf_demos_fleet_adapter/build install --record /home/usuario/rmf_demos/build/rmf_demos_fleet_adapter/install.log --single-version-externally-managed install_data
[2.059s] running egg_info
[2.125s] writing ../build/rmf_demos_fleet_adapter/rmf_demos_fleet_adapter.egg-info/PKG-INFO
[2.135s] writing dependency_links to ../build/rmf_demos_fleet_adapter/rmf_demos_fleet_adapter.egg-info/dependency_links.txt
[2.136s] writing entry points to ../build/rmf_demos_fleet_adapter/rmf_demos_fleet_adapter.egg-info/entry_points.txt
[2.136s] writing requirements to ../build/rmf_demos_fleet_adapter/rmf_demos_fleet_adapter.egg-info/requires.txt
[2.137s] writing top-level names to ../build/rmf_demos_fleet_adapter/rmf_demos_fleet_adapter.egg-info/top_level.txt
[2.223s] reading manifest file '../build/rmf_demos_fleet_adapter/rmf_demos_fleet_adapter.egg-info/SOURCES.txt'
[2.228s] writing manifest file '../build/rmf_demos_fleet_adapter/rmf_demos_fleet_adapter.egg-info/SOURCES.txt'
[2.229s] running build
[2.229s] running build_py
[2.231s] running install
[2.237s] running install_lib
[2.260s] running install_data
[2.261s] running install_egg_info
[2.291s] removing '/home/usuario/rmf_demos/install/rmf_demos_fleet_adapter/lib/python3.12/site-packages/rmf_demos_fleet_adapter-2.5.0-py3.12.egg-info' (and everything under it)
[2.296s] Copying ../build/rmf_demos_fleet_adapter/rmf_demos_fleet_adapter.egg-info to /home/usuario/rmf_demos/install/rmf_demos_fleet_adapter/lib/python3.12/site-packages/rmf_demos_fleet_adapter-2.5.0-py3.12.egg-info
[2.306s] running install_scripts
[2.567s] Installing fleet_adapter script to /home/usuario/rmf_demos/install/rmf_demos_fleet_adapter/lib/rmf_demos_fleet_adapter
[2.568s] Installing fleet_manager script to /home/usuario/rmf_demos/install/rmf_demos_fleet_adapter/lib/rmf_demos_fleet_adapter
[2.568s] Installing manage_lane script to /home/usuario/rmf_demos/install/rmf_demos_fleet_adapter/lib/rmf_demos_fleet_adapter
[2.573s] writing list of installed files to '/home/usuario/rmf_demos/build/rmf_demos_fleet_adapter/install.log'
[2.630s] Invoked command in '/home/usuario/rmf_demos/rmf_demos_fleet_adapter' returned '0': PYTHONPATH=/home/usuario/rmf_demos/build/rmf_demos_fleet_adapter/prefix_override:/usr/lib/python3/dist-packages/colcon_core/task/python/colcon_distutils_commands:/home/usuario/rmf_demos/install/rmf_demos_fleet_adapter/lib/python3.12/site-packages:${PYTHONPATH} /usr/bin/python3 -W ignore:setup.py install is deprecated -W ignore:easy_install command is deprecated setup.py egg_info --egg-base ../build/rmf_demos_fleet_adapter build --build-base /home/usuario/rmf_demos/build/rmf_demos_fleet_adapter/build install --record /home/usuario/rmf_demos/build/rmf_demos_fleet_adapter/install.log --single-version-externally-managed install_data
