[2.579s] Invoking command in '/home/usuario/rmf_demos/rmf_demos_fleet_adapter': PYTHONPATH=/home/usuario/rmf_demos/build/rmf_demos_fleet_adapter/prefix_override:/usr/lib/python3/dist-packages/colcon_core/task/python/colcon_distutils_commands:/home/usuario/rmf_demos/install/rmf_demos_fleet_adapter/lib/python3.12/site-packages:${PYTHONPATH} /usr/bin/python3 -W ignore:setup.py install is deprecated -W ignore:easy_install command is deprecated setup.py egg_info --egg-base ../build/rmf_demos_fleet_adapter build --build-base /home/usuario/rmf_demos/build/rmf_demos_fleet_adapter/build install --record /home/usuario/rmf_demos/build/rmf_demos_fleet_adapter/install.log --single-version-externally-managed install_data
[3.032s] running egg_info
[3.083s] writing ../build/rmf_demos_fleet_adapter/rmf_demos_fleet_adapter.egg-info/PKG-INFO
[3.085s] writing dependency_links to ../build/rmf_demos_fleet_adapter/rmf_demos_fleet_adapter.egg-info/dependency_links.txt
[3.086s] writing entry points to ../build/rmf_demos_fleet_adapter/rmf_demos_fleet_adapter.egg-info/entry_points.txt
[3.087s] writing requirements to ../build/rmf_demos_fleet_adapter/rmf_demos_fleet_adapter.egg-info/requires.txt
[3.089s] writing top-level names to ../build/rmf_demos_fleet_adapter/rmf_demos_fleet_adapter.egg-info/top_level.txt
[3.189s] reading manifest file '../build/rmf_demos_fleet_adapter/rmf_demos_fleet_adapter.egg-info/SOURCES.txt'
[3.199s] writing manifest file '../build/rmf_demos_fleet_adapter/rmf_demos_fleet_adapter.egg-info/SOURCES.txt'
[3.200s] running build
[3.200s] running build_py
[3.201s] running install
[3.207s] running install_lib
[3.260s] running install_data
[3.267s] running install_egg_info
[3.323s] removing '/home/usuario/rmf_demos/install/rmf_demos_fleet_adapter/lib/python3.12/site-packages/rmf_demos_fleet_adapter-2.5.0-py3.12.egg-info' (and everything under it)
[3.344s] Copying ../build/rmf_demos_fleet_adapter/rmf_demos_fleet_adapter.egg-info to /home/usuario/rmf_demos/install/rmf_demos_fleet_adapter/lib/python3.12/site-packages/rmf_demos_fleet_adapter-2.5.0-py3.12.egg-info
[3.410s] running install_scripts
[3.900s] Installing fleet_adapter script to /home/usuario/rmf_demos/install/rmf_demos_fleet_adapter/lib/rmf_demos_fleet_adapter
[3.908s] Installing fleet_manager script to /home/usuario/rmf_demos/install/rmf_demos_fleet_adapter/lib/rmf_demos_fleet_adapter
[3.911s] Installing manage_lane script to /home/usuario/rmf_demos/install/rmf_demos_fleet_adapter/lib/rmf_demos_fleet_adapter
[3.913s] writing list of installed files to '/home/usuario/rmf_demos/build/rmf_demos_fleet_adapter/install.log'
[4.007s] Invoked command in '/home/usuario/rmf_demos/rmf_demos_fleet_adapter' returned '0': PYTHONPATH=/home/usuario/rmf_demos/build/rmf_demos_fleet_adapter/prefix_override:/usr/lib/python3/dist-packages/colcon_core/task/python/colcon_distutils_commands:/home/usuario/rmf_demos/install/rmf_demos_fleet_adapter/lib/python3.12/site-packages:${PYTHONPATH} /usr/bin/python3 -W ignore:setup.py install is deprecated -W ignore:easy_install command is deprecated setup.py egg_info --egg-base ../build/rmf_demos_fleet_adapter build --build-base /home/usuario/rmf_demos/build/rmf_demos_fleet_adapter/build install --record /home/usuario/rmf_demos/build/rmf_demos_fleet_adapter/install.log --single-version-externally-managed install_data
