[0.475s] Invoking command in '/home/usuario/rmf_demos/build/rmf_demos_maps': /usr/bin/cmake /home/usuario/rmf_demos/rmf_demos_maps -DCMAKE_INSTALL_PREFIX=/home/usuario/rmf_demos/install/rmf_demos_maps
[0.660s] -- The C compiler identification is GNU 10.5.0
[0.927s] -- The CXX compiler identification is GNU 10.5.0
[0.961s] -- Detecting C compiler ABI info
[1.323s] -- Detecting C compiler ABI info - done
[1.352s] -- Check for working C compiler: /usr/bin/cc - skipped
[1.352s] -- Detecting C compile features
[1.353s] -- Detecting C compile features - done
[1.381s] -- Detecting CXX compiler ABI info
[1.684s] -- Detecting CXX compiler ABI info - done
[1.727s] -- Check for working CXX compiler: /usr/bin/c++ - skipped
[1.727s] -- Detecting CXX compile features
[1.728s] -- Detecting CXX compile features - done
[1.752s] [31mCMake Error at CMakeLists.txt:5 (find_package):
[1.752s]   By not providing "Findament_cmake.cmake" in CMAKE_MODULE_PATH this project
[1.752s]   has asked CMake to find a package configuration file provided by
[1.752s]   "ament_cmake", but CMake did not find one.
[1.752s] 
[1.752s]   Could not find a package configuration file provided by "ament_cmake" with
[1.752s]   any of the following names:
[1.752s] 
[1.752s]     ament_cmakeConfig.cmake
[1.752s]     ament_cmake-config.cmake
[1.752s] 
[1.753s]   Add the installation prefix of "ament_cmake" to CMAKE_PREFIX_PATH or set
[1.753s]   "ament_cmake_DIR" to a directory containing one of the above files.  If
[1.753s]   "ament_cmake" provides a separate development package or SDK, be sure it
[1.753s]   has been installed.
[1.753s] 
[1.753s] [0m
[1.753s] -- Configuring incomplete, errors occurred!
[1.753s] See also "/home/usuario/rmf_demos/build/rmf_demos_maps/CMakeFiles/CMakeOutput.log".
