[1.786s] Invoking command in '/home/usuario/IR2134/rmf_demos/rmf_demos_bridges': PYTHONPATH=/home/usuario/IR2134/rmf_demos/build/rmf_demos_bridges/prefix_override:/usr/lib/python3/dist-packages/colcon_core/task/python/colcon_distutils_commands:/home/usuario/IR2134/rmf_demos/install/rmf_demos_bridges/lib/python3.12/site-packages:${PYTHONPATH} /usr/bin/python3 -W ignore:setup.py install is deprecated -W ignore:easy_install command is deprecated setup.py egg_info --egg-base ../build/rmf_demos_bridges build --build-base /home/usuario/IR2134/rmf_demos/build/rmf_demos_bridges/build install --record /home/usuario/IR2134/rmf_demos/build/rmf_demos_bridges/install.log --single-version-externally-managed install_data
[2.477s] running egg_info
[2.478s] creating ../build/rmf_demos_bridges/rmf_demos_bridges.egg-info
[2.497s] writing ../build/rmf_demos_bridges/rmf_demos_bridges.egg-info/PKG-INFO
[2.497s] writing dependency_links to ../build/rmf_demos_bridges/rmf_demos_bridges.egg-info/dependency_links.txt
[2.498s] writing entry points to ../build/rmf_demos_bridges/rmf_demos_bridges.egg-info/entry_points.txt
[2.504s] writing requirements to ../build/rmf_demos_bridges/rmf_demos_bridges.egg-info/requires.txt
[2.516s] writing top-level names to ../build/rmf_demos_bridges/rmf_demos_bridges.egg-info/top_level.txt
[2.516s] writing manifest file '../build/rmf_demos_bridges/rmf_demos_bridges.egg-info/SOURCES.txt'
[2.574s] reading manifest file '../build/rmf_demos_bridges/rmf_demos_bridges.egg-info/SOURCES.txt'
[2.585s] writing manifest file '../build/rmf_demos_bridges/rmf_demos_bridges.egg-info/SOURCES.txt'
[2.585s] running build
[2.585s] running build_py
[2.586s] creating /home/usuario/IR2134/rmf_demos/build/rmf_demos_bridges/build
[2.586s] creating /home/usuario/IR2134/rmf_demos/build/rmf_demos_bridges/build/lib
[2.586s] creating /home/usuario/IR2134/rmf_demos/build/rmf_demos_bridges/build/lib/rmf_demos_bridges
[2.587s] copying rmf_demos_bridges/fleet_socketio_bridge.py -> /home/usuario/IR2134/rmf_demos/build/rmf_demos_bridges/build/lib/rmf_demos_bridges
[2.587s] copying rmf_demos_bridges/__init__.py -> /home/usuario/IR2134/rmf_demos/build/rmf_demos_bridges/build/lib/rmf_demos_bridges
[2.588s] copying rmf_demos_bridges/fleet_robotmanager_mqtt_bridge.py -> /home/usuario/IR2134/rmf_demos/build/rmf_demos_bridges/build/lib/rmf_demos_bridges
[2.589s] running install
[2.595s] running install_lib
[2.634s] creating /home/usuario/IR2134/rmf_demos/install/rmf_demos_bridges/lib/python3.12/site-packages/rmf_demos_bridges
[2.634s] copying /home/usuario/IR2134/rmf_demos/build/rmf_demos_bridges/build/lib/rmf_demos_bridges/fleet_socketio_bridge.py -> /home/usuario/IR2134/rmf_demos/install/rmf_demos_bridges/lib/python3.12/site-packages/rmf_demos_bridges
[2.635s] copying /home/usuario/IR2134/rmf_demos/build/rmf_demos_bridges/build/lib/rmf_demos_bridges/__init__.py -> /home/usuario/IR2134/rmf_demos/install/rmf_demos_bridges/lib/python3.12/site-packages/rmf_demos_bridges
[2.635s] copying /home/usuario/IR2134/rmf_demos/build/rmf_demos_bridges/build/lib/rmf_demos_bridges/fleet_robotmanager_mqtt_bridge.py -> /home/usuario/IR2134/rmf_demos/install/rmf_demos_bridges/lib/python3.12/site-packages/rmf_demos_bridges
[2.637s] byte-compiling /home/usuario/IR2134/rmf_demos/install/rmf_demos_bridges/lib/python3.12/site-packages/rmf_demos_bridges/fleet_socketio_bridge.py to fleet_socketio_bridge.cpython-312.pyc
[2.644s] byte-compiling /home/usuario/IR2134/rmf_demos/install/rmf_demos_bridges/lib/python3.12/site-packages/rmf_demos_bridges/__init__.py to __init__.cpython-312.pyc
[2.645s] byte-compiling /home/usuario/IR2134/rmf_demos/install/rmf_demos_bridges/lib/python3.12/site-packages/rmf_demos_bridges/fleet_robotmanager_mqtt_bridge.py to fleet_robotmanager_mqtt_bridge.cpython-312.pyc
[2.646s] running install_data
[2.647s] creating /home/usuario/IR2134/rmf_demos/install/rmf_demos_bridges/share/ament_index
[2.647s] creating /home/usuario/IR2134/rmf_demos/install/rmf_demos_bridges/share/ament_index/resource_index
[2.647s] creating /home/usuario/IR2134/rmf_demos/install/rmf_demos_bridges/share/ament_index/resource_index/packages
[2.647s] copying resource/rmf_demos_bridges -> /home/usuario/IR2134/rmf_demos/install/rmf_demos_bridges/share/ament_index/resource_index/packages
[2.648s] copying package.xml -> /home/usuario/IR2134/rmf_demos/install/rmf_demos_bridges/share/rmf_demos_bridges
[2.648s] running install_egg_info
[2.689s] Copying ../build/rmf_demos_bridges/rmf_demos_bridges.egg-info to /home/usuario/IR2134/rmf_demos/install/rmf_demos_bridges/lib/python3.12/site-packages/rmf_demos_bridges-2.5.0-py3.12.egg-info
[2.694s] running install_scripts
[2.949s] Installing fleet_robotmanager_mqtt_bridge script to /home/usuario/IR2134/rmf_demos/install/rmf_demos_bridges/lib/rmf_demos_bridges
[2.949s] Installing fleet_socketio_bridge script to /home/usuario/IR2134/rmf_demos/install/rmf_demos_bridges/lib/rmf_demos_bridges
[2.950s] writing list of installed files to '/home/usuario/IR2134/rmf_demos/build/rmf_demos_bridges/install.log'
[3.011s] Invoked command in '/home/usuario/IR2134/rmf_demos/rmf_demos_bridges' returned '0': PYTHONPATH=/home/usuario/IR2134/rmf_demos/build/rmf_demos_bridges/prefix_override:/usr/lib/python3/dist-packages/colcon_core/task/python/colcon_distutils_commands:/home/usuario/IR2134/rmf_demos/install/rmf_demos_bridges/lib/python3.12/site-packages:${PYTHONPATH} /usr/bin/python3 -W ignore:setup.py install is deprecated -W ignore:easy_install command is deprecated setup.py egg_info --egg-base ../build/rmf_demos_bridges build --build-base /home/usuario/IR2134/rmf_demos/build/rmf_demos_bridges/build install --record /home/usuario/IR2134/rmf_demos/build/rmf_demos_bridges/install.log --single-version-externally-managed install_data
