running egg_info
creating ../build/rmf_demos_fleet_adapter/rmf_demos_fleet_adapter.egg-info
writing ../build/rmf_demos_fleet_adapter/rmf_demos_fleet_adapter.egg-info/PKG-INFO
writing dependency_links to ../build/rmf_demos_fleet_adapter/rmf_demos_fleet_adapter.egg-info/dependency_links.txt
writing entry points to ../build/rmf_demos_fleet_adapter/rmf_demos_fleet_adapter.egg-info/entry_points.txt
writing requirements to ../build/rmf_demos_fleet_adapter/rmf_demos_fleet_adapter.egg-info/requires.txt
writing top-level names to ../build/rmf_demos_fleet_adapter/rmf_demos_fleet_adapter.egg-info/top_level.txt
writing manifest file '../build/rmf_demos_fleet_adapter/rmf_demos_fleet_adapter.egg-info/SOURCES.txt'
reading manifest file '../build/rmf_demos_fleet_adapter/rmf_demos_fleet_adapter.egg-info/SOURCES.txt'
writing manifest file '../build/rmf_demos_fleet_adapter/rmf_demos_fleet_adapter.egg-info/SOURCES.txt'
running build
running build_py
creating /home/usuario/rmf_demos/build/rmf_demos_fleet_adapter/build
creating /home/usuario/rmf_demos/build/rmf_demos_fleet_adapter/build/lib
creating /home/usuario/rmf_demos/build/rmf_demos_fleet_adapter/build/lib/rmf_demos_fleet_adapter
copying rmf_demos_fleet_adapter/fleet_adapter.py -> /home/usuario/rmf_demos/build/rmf_demos_fleet_adapter/build/lib/rmf_demos_fleet_adapter
copying rmf_demos_fleet_adapter/manage_lane.py -> /home/usuario/rmf_demos/build/rmf_demos_fleet_adapter/build/lib/rmf_demos_fleet_adapter
copying rmf_demos_fleet_adapter/fleet_manager.py -> /home/usuario/rmf_demos/build/rmf_demos_fleet_adapter/build/lib/rmf_demos_fleet_adapter
copying rmf_demos_fleet_adapter/RobotClientAPI.py -> /home/usuario/rmf_demos/build/rmf_demos_fleet_adapter/build/lib/rmf_demos_fleet_adapter
copying rmf_demos_fleet_adapter/__init__.py -> /home/usuario/rmf_demos/build/rmf_demos_fleet_adapter/build/lib/rmf_demos_fleet_adapter
creating /home/usuario/rmf_demos/build/rmf_demos_fleet_adapter/build/lib/test
copying test/test_copyright.py -> /home/usuario/rmf_demos/build/rmf_demos_fleet_adapter/build/lib/test
copying test/test_flake8.py -> /home/usuario/rmf_demos/build/rmf_demos_fleet_adapter/build/lib/test
copying test/test_pep257.py -> /home/usuario/rmf_demos/build/rmf_demos_fleet_adapter/build/lib/test
copying test/__init__.py -> /home/usuario/rmf_demos/build/rmf_demos_fleet_adapter/build/lib/test
running install
running install_lib
running install_data
running install_egg_info
removing '/home/usuario/rmf_demos/install/rmf_demos_fleet_adapter/lib/python3.12/site-packages/rmf_demos_fleet_adapter-2.5.0-py3.12.egg-info' (and everything under it)
Copying ../build/rmf_demos_fleet_adapter/rmf_demos_fleet_adapter.egg-info to /home/usuario/rmf_demos/install/rmf_demos_fleet_adapter/lib/python3.12/site-packages/rmf_demos_fleet_adapter-2.5.0-py3.12.egg-info
running install_scripts
Installing fleet_adapter script to /home/usuario/rmf_demos/install/rmf_demos_fleet_adapter/lib/rmf_demos_fleet_adapter
Installing fleet_manager script to /home/usuario/rmf_demos/install/rmf_demos_fleet_adapter/lib/rmf_demos_fleet_adapter
Installing manage_lane script to /home/usuario/rmf_demos/install/rmf_demos_fleet_adapter/lib/rmf_demos_fleet_adapter
writing list of installed files to '/home/usuario/rmf_demos/build/rmf_demos_fleet_adapter/install.log'
