[1.491s] Invoking command in '/home/usuario/IR2134/rmf_demos/rmf_demos_tasks': PYTHONPATH=/home/usuario/IR2134/rmf_demos/build/rmf_demos_tasks/prefix_override:/usr/lib/python3/dist-packages/colcon_core/task/python/colcon_distutils_commands:/home/usuario/IR2134/rmf_demos/install/rmf_demos_tasks/lib/python3.12/site-packages:${PYTHONPATH} /usr/bin/python3 -W ignore:setup.py install is deprecated -W ignore:easy_install command is deprecated setup.py egg_info --egg-base ../build/rmf_demos_tasks build --build-base /home/usuario/IR2134/rmf_demos/build/rmf_demos_tasks/build install --record /home/usuario/IR2134/rmf_demos/build/rmf_demos_tasks/install.log --single-version-externally-managed install_data
[1.976s] running egg_info
[1.976s] creating ../build/rmf_demos_tasks/rmf_demos_tasks.egg-info
[2.041s] writing ../build/rmf_demos_tasks/rmf_demos_tasks.egg-info/PKG-INFO
[2.042s] writing dependency_links to ../build/rmf_demos_tasks/rmf_demos_tasks.egg-info/dependency_links.txt
[2.042s] writing entry points to ../build/rmf_demos_tasks/rmf_demos_tasks.egg-info/entry_points.txt
[2.042s] writing requirements to ../build/rmf_demos_tasks/rmf_demos_tasks.egg-info/requires.txt
[2.042s] writing top-level names to ../build/rmf_demos_tasks/rmf_demos_tasks.egg-info/top_level.txt
[2.043s] writing manifest file '../build/rmf_demos_tasks/rmf_demos_tasks.egg-info/SOURCES.txt'
[2.144s] reading manifest file '../build/rmf_demos_tasks/rmf_demos_tasks.egg-info/SOURCES.txt'
[2.145s] writing manifest file '../build/rmf_demos_tasks/rmf_demos_tasks.egg-info/SOURCES.txt'
[2.145s] running build
[2.145s] running build_py
[2.145s] creating /home/usuario/IR2134/rmf_demos/build/rmf_demos_tasks/build
[2.145s] creating /home/usuario/IR2134/rmf_demos/build/rmf_demos_tasks/build/lib
[2.146s] creating /home/usuario/IR2134/rmf_demos/build/rmf_demos_tasks/build/lib/rmf_demos_tasks
[2.146s] copying rmf_demos_tasks/dispatch_action.py -> /home/usuario/IR2134/rmf_demos/build/rmf_demos_tasks/build/lib/rmf_demos_tasks
[2.157s] copying rmf_demos_tasks/request_lift.py -> /home/usuario/IR2134/rmf_demos/build/rmf_demos_tasks/build/lib/rmf_demos_tasks
[2.157s] copying rmf_demos_tasks/wait_for_task_complete.py -> /home/usuario/IR2134/rmf_demos/build/rmf_demos_tasks/build/lib/rmf_demos_tasks
[2.158s] copying rmf_demos_tasks/dispatch_patrol.py -> /home/usuario/IR2134/rmf_demos/build/rmf_demos_tasks/build/lib/rmf_demos_tasks
[2.158s] copying rmf_demos_tasks/dispatch_go_to_place.py -> /home/usuario/IR2134/rmf_demos/build/rmf_demos_tasks/build/lib/rmf_demos_tasks
[2.159s] copying rmf_demos_tasks/dispatch_delivery.py -> /home/usuario/IR2134/rmf_demos/build/rmf_demos_tasks/build/lib/rmf_demos_tasks
[2.159s] copying rmf_demos_tasks/cancel_task.py -> /home/usuario/IR2134/rmf_demos/build/rmf_demos_tasks/build/lib/rmf_demos_tasks
[2.159s] copying rmf_demos_tasks/api_request.py -> /home/usuario/IR2134/rmf_demos/build/rmf_demos_tasks/build/lib/rmf_demos_tasks
[2.160s] copying rmf_demos_tasks/dispatch_loop.py -> /home/usuario/IR2134/rmf_demos/build/rmf_demos_tasks/build/lib/rmf_demos_tasks
[2.160s] copying rmf_demos_tasks/mock_docker.py -> /home/usuario/IR2134/rmf_demos/build/rmf_demos_tasks/build/lib/rmf_demos_tasks
[2.160s] copying rmf_demos_tasks/teleop_robot.py -> /home/usuario/IR2134/rmf_demos/build/rmf_demos_tasks/build/lib/rmf_demos_tasks
[2.161s] copying rmf_demos_tasks/dispatch_cart_delivery.py -> /home/usuario/IR2134/rmf_demos/build/rmf_demos_tasks/build/lib/rmf_demos_tasks
[2.161s] copying rmf_demos_tasks/dispatch_json.py -> /home/usuario/IR2134/rmf_demos/build/rmf_demos_tasks/build/lib/rmf_demos_tasks
[2.162s] copying rmf_demos_tasks/__init__.py -> /home/usuario/IR2134/rmf_demos/build/rmf_demos_tasks/build/lib/rmf_demos_tasks
[2.162s] copying rmf_demos_tasks/dispatch_teleop.py -> /home/usuario/IR2134/rmf_demos/build/rmf_demos_tasks/build/lib/rmf_demos_tasks
[2.162s] copying rmf_demos_tasks/request_loop.py -> /home/usuario/IR2134/rmf_demos/build/rmf_demos_tasks/build/lib/rmf_demos_tasks
[2.163s] copying rmf_demos_tasks/dispatch_clean.py -> /home/usuario/IR2134/rmf_demos/build/rmf_demos_tasks/build/lib/rmf_demos_tasks
[2.174s] copying rmf_demos_tasks/get_robot_location.py -> /home/usuario/IR2134/rmf_demos/build/rmf_demos_tasks/build/lib/rmf_demos_tasks
[2.175s] running install
[2.183s] running install_lib
[2.220s] creating /home/usuario/IR2134/rmf_demos/install/rmf_demos_tasks/lib/python3.12/site-packages/rmf_demos_tasks
[2.221s] copying /home/usuario/IR2134/rmf_demos/build/rmf_demos_tasks/build/lib/rmf_demos_tasks/dispatch_action.py -> /home/usuario/IR2134/rmf_demos/install/rmf_demos_tasks/lib/python3.12/site-packages/rmf_demos_tasks
[2.224s] copying /home/usuario/IR2134/rmf_demos/build/rmf_demos_tasks/build/lib/rmf_demos_tasks/request_lift.py -> /home/usuario/IR2134/rmf_demos/install/rmf_demos_tasks/lib/python3.12/site-packages/rmf_demos_tasks
[2.225s] copying /home/usuario/IR2134/rmf_demos/build/rmf_demos_tasks/build/lib/rmf_demos_tasks/wait_for_task_complete.py -> /home/usuario/IR2134/rmf_demos/install/rmf_demos_tasks/lib/python3.12/site-packages/rmf_demos_tasks
[2.225s] copying /home/usuario/IR2134/rmf_demos/build/rmf_demos_tasks/build/lib/rmf_demos_tasks/dispatch_patrol.py -> /home/usuario/IR2134/rmf_demos/install/rmf_demos_tasks/lib/python3.12/site-packages/rmf_demos_tasks
[2.226s] copying /home/usuario/IR2134/rmf_demos/build/rmf_demos_tasks/build/lib/rmf_demos_tasks/dispatch_go_to_place.py -> /home/usuario/IR2134/rmf_demos/install/rmf_demos_tasks/lib/python3.12/site-packages/rmf_demos_tasks
[2.226s] copying /home/usuario/IR2134/rmf_demos/build/rmf_demos_tasks/build/lib/rmf_demos_tasks/dispatch_delivery.py -> /home/usuario/IR2134/rmf_demos/install/rmf_demos_tasks/lib/python3.12/site-packages/rmf_demos_tasks
[2.227s] copying /home/usuario/IR2134/rmf_demos/build/rmf_demos_tasks/build/lib/rmf_demos_tasks/cancel_task.py -> /home/usuario/IR2134/rmf_demos/install/rmf_demos_tasks/lib/python3.12/site-packages/rmf_demos_tasks
[2.228s] copying /home/usuario/IR2134/rmf_demos/build/rmf_demos_tasks/build/lib/rmf_demos_tasks/api_request.py -> /home/usuario/IR2134/rmf_demos/install/rmf_demos_tasks/lib/python3.12/site-packages/rmf_demos_tasks
[2.238s] copying /home/usuario/IR2134/rmf_demos/build/rmf_demos_tasks/build/lib/rmf_demos_tasks/dispatch_loop.py -> /home/usuario/IR2134/rmf_demos/install/rmf_demos_tasks/lib/python3.12/site-packages/rmf_demos_tasks
[2.238s] copying /home/usuario/IR2134/rmf_demos/build/rmf_demos_tasks/build/lib/rmf_demos_tasks/mock_docker.py -> /home/usuario/IR2134/rmf_demos/install/rmf_demos_tasks/lib/python3.12/site-packages/rmf_demos_tasks
[2.239s] copying /home/usuario/IR2134/rmf_demos/build/rmf_demos_tasks/build/lib/rmf_demos_tasks/teleop_robot.py -> /home/usuario/IR2134/rmf_demos/install/rmf_demos_tasks/lib/python3.12/site-packages/rmf_demos_tasks
[2.240s] copying /home/usuario/IR2134/rmf_demos/build/rmf_demos_tasks/build/lib/rmf_demos_tasks/dispatch_cart_delivery.py -> /home/usuario/IR2134/rmf_demos/install/rmf_demos_tasks/lib/python3.12/site-packages/rmf_demos_tasks
[2.240s] copying /home/usuario/IR2134/rmf_demos/build/rmf_demos_tasks/build/lib/rmf_demos_tasks/dispatch_json.py -> /home/usuario/IR2134/rmf_demos/install/rmf_demos_tasks/lib/python3.12/site-packages/rmf_demos_tasks
[2.241s] copying /home/usuario/IR2134/rmf_demos/build/rmf_demos_tasks/build/lib/rmf_demos_tasks/__init__.py -> /home/usuario/IR2134/rmf_demos/install/rmf_demos_tasks/lib/python3.12/site-packages/rmf_demos_tasks
[2.242s] copying /home/usuario/IR2134/rmf_demos/build/rmf_demos_tasks/build/lib/rmf_demos_tasks/dispatch_teleop.py -> /home/usuario/IR2134/rmf_demos/install/rmf_demos_tasks/lib/python3.12/site-packages/rmf_demos_tasks
[2.242s] copying /home/usuario/IR2134/rmf_demos/build/rmf_demos_tasks/build/lib/rmf_demos_tasks/request_loop.py -> /home/usuario/IR2134/rmf_demos/install/rmf_demos_tasks/lib/python3.12/site-packages/rmf_demos_tasks
[2.243s] copying /home/usuario/IR2134/rmf_demos/build/rmf_demos_tasks/build/lib/rmf_demos_tasks/dispatch_clean.py -> /home/usuario/IR2134/rmf_demos/install/rmf_demos_tasks/lib/python3.12/site-packages/rmf_demos_tasks
[2.244s] copying /home/usuario/IR2134/rmf_demos/build/rmf_demos_tasks/build/lib/rmf_demos_tasks/get_robot_location.py -> /home/usuario/IR2134/rmf_demos/install/rmf_demos_tasks/lib/python3.12/site-packages/rmf_demos_tasks
[2.245s] byte-compiling /home/usuario/IR2134/rmf_demos/install/rmf_demos_tasks/lib/python3.12/site-packages/rmf_demos_tasks/dispatch_action.py to dispatch_action.cpython-312.pyc
[2.248s] byte-compiling /home/usuario/IR2134/rmf_demos/install/rmf_demos_tasks/lib/python3.12/site-packages/rmf_demos_tasks/request_lift.py to request_lift.cpython-312.pyc
[2.258s] byte-compiling /home/usuario/IR2134/rmf_demos/install/rmf_demos_tasks/lib/python3.12/site-packages/rmf_demos_tasks/wait_for_task_complete.py to wait_for_task_complete.cpython-312.pyc
[2.259s] byte-compiling /home/usuario/IR2134/rmf_demos/install/rmf_demos_tasks/lib/python3.12/site-packages/rmf_demos_tasks/dispatch_patrol.py to dispatch_patrol.cpython-312.pyc
[2.261s] byte-compiling /home/usuario/IR2134/rmf_demos/install/rmf_demos_tasks/lib/python3.12/site-packages/rmf_demos_tasks/dispatch_go_to_place.py to dispatch_go_to_place.cpython-312.pyc
[2.262s] byte-compiling /home/usuario/IR2134/rmf_demos/install/rmf_demos_tasks/lib/python3.12/site-packages/rmf_demos_tasks/dispatch_delivery.py to dispatch_delivery.cpython-312.pyc
[2.268s] byte-compiling /home/usuario/IR2134/rmf_demos/install/rmf_demos_tasks/lib/python3.12/site-packages/rmf_demos_tasks/cancel_task.py to cancel_task.cpython-312.pyc
[2.272s] byte-compiling /home/usuario/IR2134/rmf_demos/install/rmf_demos_tasks/lib/python3.12/site-packages/rmf_demos_tasks/api_request.py to api_request.cpython-312.pyc
[2.275s] byte-compiling /home/usuario/IR2134/rmf_demos/install/rmf_demos_tasks/lib/python3.12/site-packages/rmf_demos_tasks/dispatch_loop.py to dispatch_loop.cpython-312.pyc
[2.275s] byte-compiling /home/usuario/IR2134/rmf_demos/install/rmf_demos_tasks/lib/python3.12/site-packages/rmf_demos_tasks/mock_docker.py to mock_docker.cpython-312.pyc
[2.277s] byte-compiling /home/usuario/IR2134/rmf_demos/install/rmf_demos_tasks/lib/python3.12/site-packages/rmf_demos_tasks/teleop_robot.py to teleop_robot.cpython-312.pyc
[2.278s] byte-compiling /home/usuario/IR2134/rmf_demos/install/rmf_demos_tasks/lib/python3.12/site-packages/rmf_demos_tasks/dispatch_cart_delivery.py to dispatch_cart_delivery.cpython-312.pyc
[2.280s] byte-compiling /home/usuario/IR2134/rmf_demos/install/rmf_demos_tasks/lib/python3.12/site-packages/rmf_demos_tasks/dispatch_json.py to dispatch_json.cpython-312.pyc
[2.282s] byte-compiling /home/usuario/IR2134/rmf_demos/install/rmf_demos_tasks/lib/python3.12/site-packages/rmf_demos_tasks/__init__.py to __init__.cpython-312.pyc
[2.298s] byte-compiling /home/usuario/IR2134/rmf_demos/install/rmf_demos_tasks/lib/python3.12/site-packages/rmf_demos_tasks/dispatch_teleop.py to dispatch_teleop.cpython-312.pyc
[2.303s] byte-compiling /home/usuario/IR2134/rmf_demos/install/rmf_demos_tasks/lib/python3.12/site-packages/rmf_demos_tasks/request_loop.py to request_loop.cpython-312.pyc
[2.305s] byte-compiling /home/usuario/IR2134/rmf_demos/install/rmf_demos_tasks/lib/python3.12/site-packages/rmf_demos_tasks/dispatch_clean.py to dispatch_clean.cpython-312.pyc
[2.308s] byte-compiling /home/usuario/IR2134/rmf_demos/install/rmf_demos_tasks/lib/python3.12/site-packages/rmf_demos_tasks/get_robot_location.py to get_robot_location.cpython-312.pyc
[2.309s] running install_data
[2.310s] creating /home/usuario/IR2134/rmf_demos/install/rmf_demos_tasks/share/ament_index
[2.310s] creating /home/usuario/IR2134/rmf_demos/install/rmf_demos_tasks/share/ament_index/resource_index
[2.310s] creating /home/usuario/IR2134/rmf_demos/install/rmf_demos_tasks/share/ament_index/resource_index/packages
[2.310s] copying resource/rmf_demos_tasks -> /home/usuario/IR2134/rmf_demos/install/rmf_demos_tasks/share/ament_index/resource_index/packages
[2.310s] copying package.xml -> /home/usuario/IR2134/rmf_demos/install/rmf_demos_tasks/share/rmf_demos_tasks
[2.310s] running install_egg_info
[2.363s] Copying ../build/rmf_demos_tasks/rmf_demos_tasks.egg-info to /home/usuario/IR2134/rmf_demos/install/rmf_demos_tasks/lib/python3.12/site-packages/rmf_demos_tasks-2.5.0-py3.12.egg-info
[2.376s] running install_scripts
[2.692s] Installing api_request script to /home/usuario/IR2134/rmf_demos/install/rmf_demos_tasks/lib/rmf_demos_tasks
[2.693s] Installing cancel_task script to /home/usuario/IR2134/rmf_demos/install/rmf_demos_tasks/lib/rmf_demos_tasks
[2.699s] Installing dispatch_action script to /home/usuario/IR2134/rmf_demos/install/rmf_demos_tasks/lib/rmf_demos_tasks
[2.700s] Installing dispatch_cart_delivery script to /home/usuario/IR2134/rmf_demos/install/rmf_demos_tasks/lib/rmf_demos_tasks
[2.700s] Installing dispatch_clean script to /home/usuario/IR2134/rmf_demos/install/rmf_demos_tasks/lib/rmf_demos_tasks
[2.700s] Installing dispatch_delivery script to /home/usuario/IR2134/rmf_demos/install/rmf_demos_tasks/lib/rmf_demos_tasks
[2.700s] Installing dispatch_go_to_place script to /home/usuario/IR2134/rmf_demos/install/rmf_demos_tasks/lib/rmf_demos_tasks
[2.700s] Installing dispatch_json script to /home/usuario/IR2134/rmf_demos/install/rmf_demos_tasks/lib/rmf_demos_tasks
[2.701s] Installing dispatch_loop script to /home/usuario/IR2134/rmf_demos/install/rmf_demos_tasks/lib/rmf_demos_tasks
[2.701s] Installing dispatch_patrol script to /home/usuario/IR2134/rmf_demos/install/rmf_demos_tasks/lib/rmf_demos_tasks
[2.701s] Installing dispatch_teleop script to /home/usuario/IR2134/rmf_demos/install/rmf_demos_tasks/lib/rmf_demos_tasks
[2.701s] Installing get_robot_location script to /home/usuario/IR2134/rmf_demos/install/rmf_demos_tasks/lib/rmf_demos_tasks
[2.701s] Installing mock_docker script to /home/usuario/IR2134/rmf_demos/install/rmf_demos_tasks/lib/rmf_demos_tasks
[2.702s] Installing request_lift script to /home/usuario/IR2134/rmf_demos/install/rmf_demos_tasks/lib/rmf_demos_tasks
[2.702s] Installing request_loop script to /home/usuario/IR2134/rmf_demos/install/rmf_demos_tasks/lib/rmf_demos_tasks
[2.702s] Installing teleop_robot script to /home/usuario/IR2134/rmf_demos/install/rmf_demos_tasks/lib/rmf_demos_tasks
[2.702s] Installing wait_for_task_complete script to /home/usuario/IR2134/rmf_demos/install/rmf_demos_tasks/lib/rmf_demos_tasks
[2.703s] writing list of installed files to '/home/usuario/IR2134/rmf_demos/build/rmf_demos_tasks/install.log'
[2.756s] Invoked command in '/home/usuario/IR2134/rmf_demos/rmf_demos_tasks' returned '0': PYTHONPATH=/home/usuario/IR2134/rmf_demos/build/rmf_demos_tasks/prefix_override:/usr/lib/python3/dist-packages/colcon_core/task/python/colcon_distutils_commands:/home/usuario/IR2134/rmf_demos/install/rmf_demos_tasks/lib/python3.12/site-packages:${PYTHONPATH} /usr/bin/python3 -W ignore:setup.py install is deprecated -W ignore:easy_install command is deprecated setup.py egg_info --egg-base ../build/rmf_demos_tasks build --build-base /home/usuario/IR2134/rmf_demos/build/rmf_demos_tasks/build install --record /home/usuario/IR2134/rmf_demos/build/rmf_demos_tasks/install.log --single-version-externally-managed install_data
