[1.742s] Invoking command in '/home/usuario/IR2134/rmf_demos/rmf_demos_bridges': PYTHONPATH=/home/usuario/IR2134/rmf_demos/build/rmf_demos_bridges/prefix_override:/usr/lib/python3/dist-packages/colcon_core/task/python/colcon_distutils_commands:/home/usuario/IR2134/rmf_demos/install/rmf_demos_bridges/lib/python3.12/site-packages:${PYTHONPATH} /usr/bin/python3 -W ignore:setup.py install is deprecated -W ignore:easy_install command is deprecated setup.py egg_info --egg-base ../build/rmf_demos_bridges build --build-base /home/usuario/IR2134/rmf_demos/build/rmf_demos_bridges/build install --record /home/usuario/IR2134/rmf_demos/build/rmf_demos_bridges/install.log --single-version-externally-managed install_data
[2.243s] running egg_info
[2.243s] creating ../build/rmf_demos_bridges/rmf_demos_bridges.egg-info
[2.286s] writing ../build/rmf_demos_bridges/rmf_demos_bridges.egg-info/PKG-INFO
[2.287s] writing dependency_links to ../build/rmf_demos_bridges/rmf_demos_bridges.egg-info/dependency_links.txt
[2.287s] writing entry points to ../build/rmf_demos_bridges/rmf_demos_bridges.egg-info/entry_points.txt
[2.288s] writing requirements to ../build/rmf_demos_bridges/rmf_demos_bridges.egg-info/requires.txt
[2.288s] writing top-level names to ../build/rmf_demos_bridges/rmf_demos_bridges.egg-info/top_level.txt
[2.289s] writing manifest file '../build/rmf_demos_bridges/rmf_demos_bridges.egg-info/SOURCES.txt'
[2.346s] reading manifest file '../build/rmf_demos_bridges/rmf_demos_bridges.egg-info/SOURCES.txt'
[2.347s] writing manifest file '../build/rmf_demos_bridges/rmf_demos_bridges.egg-info/SOURCES.txt'
[2.347s] running build
[2.348s] running build_py
[2.348s] creating /home/usuario/IR2134/rmf_demos/build/rmf_demos_bridges/build
[2.348s] creating /home/usuario/IR2134/rmf_demos/build/rmf_demos_bridges/build/lib
[2.348s] creating /home/usuario/IR2134/rmf_demos/build/rmf_demos_bridges/build/lib/rmf_demos_bridges
[2.349s] copying rmf_demos_bridges/fleet_socketio_bridge.py -> /home/usuario/IR2134/rmf_demos/build/rmf_demos_bridges/build/lib/rmf_demos_bridges
[2.349s] copying rmf_demos_bridges/__init__.py -> /home/usuario/IR2134/rmf_demos/build/rmf_demos_bridges/build/lib/rmf_demos_bridges
[2.350s] copying rmf_demos_bridges/fleet_robotmanager_mqtt_bridge.py -> /home/usuario/IR2134/rmf_demos/build/rmf_demos_bridges/build/lib/rmf_demos_bridges
[2.354s] running install
[2.360s] running install_lib
[2.405s] creating /home/usuario/IR2134/rmf_demos/install/rmf_demos_bridges/lib/python3.12/site-packages/rmf_demos_bridges
[2.405s] copying /home/usuario/IR2134/rmf_demos/build/rmf_demos_bridges/build/lib/rmf_demos_bridges/fleet_socketio_bridge.py -> /home/usuario/IR2134/rmf_demos/install/rmf_demos_bridges/lib/python3.12/site-packages/rmf_demos_bridges
[2.406s] copying /home/usuario/IR2134/rmf_demos/build/rmf_demos_bridges/build/lib/rmf_demos_bridges/__init__.py -> /home/usuario/IR2134/rmf_demos/install/rmf_demos_bridges/lib/python3.12/site-packages/rmf_demos_bridges
[2.406s] copying /home/usuario/IR2134/rmf_demos/build/rmf_demos_bridges/build/lib/rmf_demos_bridges/fleet_robotmanager_mqtt_bridge.py -> /home/usuario/IR2134/rmf_demos/install/rmf_demos_bridges/lib/python3.12/site-packages/rmf_demos_bridges
[2.407s] byte-compiling /home/usuario/IR2134/rmf_demos/install/rmf_demos_bridges/lib/python3.12/site-packages/rmf_demos_bridges/fleet_socketio_bridge.py to fleet_socketio_bridge.cpython-312.pyc
[2.409s] byte-compiling /home/usuario/IR2134/rmf_demos/install/rmf_demos_bridges/lib/python3.12/site-packages/rmf_demos_bridges/__init__.py to __init__.cpython-312.pyc
[2.409s] byte-compiling /home/usuario/IR2134/rmf_demos/install/rmf_demos_bridges/lib/python3.12/site-packages/rmf_demos_bridges/fleet_robotmanager_mqtt_bridge.py to fleet_robotmanager_mqtt_bridge.cpython-312.pyc
[2.412s] running install_data
[2.412s] creating /home/usuario/IR2134/rmf_demos/install/rmf_demos_bridges/share/ament_index
[2.412s] creating /home/usuario/IR2134/rmf_demos/install/rmf_demos_bridges/share/ament_index/resource_index
[2.412s] creating /home/usuario/IR2134/rmf_demos/install/rmf_demos_bridges/share/ament_index/resource_index/packages
[2.412s] copying resource/rmf_demos_bridges -> /home/usuario/IR2134/rmf_demos/install/rmf_demos_bridges/share/ament_index/resource_index/packages
[2.413s] copying package.xml -> /home/usuario/IR2134/rmf_demos/install/rmf_demos_bridges/share/rmf_demos_bridges
[2.413s] running install_egg_info
[2.451s] Copying ../build/rmf_demos_bridges/rmf_demos_bridges.egg-info to /home/usuario/IR2134/rmf_demos/install/rmf_demos_bridges/lib/python3.12/site-packages/rmf_demos_bridges-2.5.0-py3.12.egg-info
[2.456s] running install_scripts
[2.794s] Installing fleet_robotmanager_mqtt_bridge script to /home/usuario/IR2134/rmf_demos/install/rmf_demos_bridges/lib/rmf_demos_bridges
[2.795s] Installing fleet_socketio_bridge script to /home/usuario/IR2134/rmf_demos/install/rmf_demos_bridges/lib/rmf_demos_bridges
[2.797s] writing list of installed files to '/home/usuario/IR2134/rmf_demos/build/rmf_demos_bridges/install.log'
[2.859s] Invoked command in '/home/usuario/IR2134/rmf_demos/rmf_demos_bridges' returned '0': PYTHONPATH=/home/usuario/IR2134/rmf_demos/build/rmf_demos_bridges/prefix_override:/usr/lib/python3/dist-packages/colcon_core/task/python/colcon_distutils_commands:/home/usuario/IR2134/rmf_demos/install/rmf_demos_bridges/lib/python3.12/site-packages:${PYTHONPATH} /usr/bin/python3 -W ignore:setup.py install is deprecated -W ignore:easy_install command is deprecated setup.py egg_info --egg-base ../build/rmf_demos_bridges build --build-base /home/usuario/IR2134/rmf_demos/build/rmf_demos_bridges/build install --record /home/usuario/IR2134/rmf_demos/build/rmf_demos_bridges/install.log --single-version-externally-managed install_data
