-- Install configuration: ""
-- Up-to-date: /home/ususario/IR2134/rmf_demos/install/rmf_demos_gz/share/rmf_demos_gz
-- Up-to-date: /home/ususario/IR2134/rmf_demos/install/rmf_demos_gz/share/rmf_demos_gz/TD.launch.xml
-- Up-to-date: /home/ususario/IR2134/rmf_demos/install/rmf_demos_gz/share/rmf_demos_gz/icc_kyoto.launch.xml
-- Up-to-date: /home/ususario/IR2134/rmf_demos/install/rmf_demos_gz/share/rmf_demos_gz/simple.launch.xml
-- Up-to-date: /home/ususario/IR2134/rmf_demos/install/rmf_demos_gz/share/rmf_demos_gz/office.launch.xml
-- Up-to-date: /home/ususario/IR2134/rmf_demos/install/rmf_demos_gz/share/rmf_demos_gz/triple_H.launch.xml
-- Up-to-date: /home/ususario/IR2134/rmf_demos/install/rmf_demos_gz/share/rmf_demos_gz/simulation.launch.xml
-- Up-to-date: /home/ususario/IR2134/rmf_demos/install/rmf_demos_gz/share/ament_index/resource_index/package_run_dependencies/rmf_demos_gz
-- Up-to-date: /home/ususario/IR2134/rmf_demos/install/rmf_demos_gz/share/ament_index/resource_index/parent_prefix_path/rmf_demos_gz
-- Up-to-date: /home/ususario/IR2134/rmf_demos/install/rmf_demos_gz/share/rmf_demos_gz/environment/ament_prefix_path.sh
-- Up-to-date: /home/ususario/IR2134/rmf_demos/install/rmf_demos_gz/share/rmf_demos_gz/environment/ament_prefix_path.dsv
-- Up-to-date: /home/ususario/IR2134/rmf_demos/install/rmf_demos_gz/share/rmf_demos_gz/environment/path.sh
-- Up-to-date: /home/ususario/IR2134/rmf_demos/install/rmf_demos_gz/share/rmf_demos_gz/environment/path.dsv
-- Up-to-date: /home/ususario/IR2134/rmf_demos/install/rmf_demos_gz/share/rmf_demos_gz/local_setup.bash
-- Up-to-date: /home/ususario/IR2134/rmf_demos/install/rmf_demos_gz/share/rmf_demos_gz/local_setup.sh
-- Up-to-date: /home/ususario/IR2134/rmf_demos/install/rmf_demos_gz/share/rmf_demos_gz/local_setup.zsh
-- Up-to-date: /home/ususario/IR2134/rmf_demos/install/rmf_demos_gz/share/rmf_demos_gz/local_setup.dsv
-- Up-to-date: /home/ususario/IR2134/rmf_demos/install/rmf_demos_gz/share/rmf_demos_gz/package.dsv
-- Up-to-date: /home/ususario/IR2134/rmf_demos/install/rmf_demos_gz/share/ament_index/resource_index/packages/rmf_demos_gz
-- Up-to-date: /home/ususario/IR2134/rmf_demos/install/rmf_demos_gz/share/rmf_demos_gz/cmake/rmf_demos_gzConfig.cmake
-- Up-to-date: /home/ususario/IR2134/rmf_demos/install/rmf_demos_gz/share/rmf_demos_gz/cmake/rmf_demos_gzConfig-version.cmake
-- Up-to-date: /home/ususario/IR2134/rmf_demos/install/rmf_demos_gz/share/rmf_demos_gz/package.xml
