[0.284s] Invoking command in '/home/usuario/Documentos/GitHub/IR2134/rmf_demos/build/rmf_visualization_obstacles': /usr/bin/cmake /home/usuario/Documentos/GitHub/IR2134/rmf_demos/rmf_visualization/rmf_visualization_obstacles -DCMAKE_INSTALL_PREFIX=/home/usuario/Documentos/GitHub/IR2134/rmf_demos/install/rmf_visualization_obstacles
[0.518s] -- The C compiler identification is GNU 10.5.0
[0.758s] -- The CXX compiler identification is GNU 10.5.0
[0.811s] -- Detecting C compiler ABI info
[1.358s] -- Detecting C compiler ABI info - done
[1.383s] -- Check for working C compiler: /usr/bin/cc - skipped
[1.383s] -- Detecting C compile features
[1.383s] -- Detecting C compile features - done
[1.421s] -- Detecting CXX compiler ABI info
[1.908s] -- Detecting CXX compiler ABI info - done
[1.924s] -- Check for working CXX compiler: /usr/bin/c++ - skipped
[1.925s] -- Detecting CXX compile features
[1.925s] -- Detecting CXX compile features - done
[1.958s] [31mCMake Error at CMakeLists.txt:9 (find_package):
[1.959s]   By not providing "Findament_cmake.cmake" in CMAKE_MODULE_PATH this project
[1.959s]   has asked CMake to find a package configuration file provided by
[1.959s]   "ament_cmake", but CMake did not find one.
[1.959s] 
[1.959s]   Could not find a package configuration file provided by "ament_cmake" with
[1.959s]   any of the following names:
[1.959s] 
[1.959s]     ament_cmakeConfig.cmake
[1.959s]     ament_cmake-config.cmake
[1.959s] 
[1.959s]   Add the installation prefix of "ament_cmake" to CMAKE_PREFIX_PATH or set
[1.959s]   "ament_cmake_DIR" to a directory containing one of the above files.  If
[1.959s]   "ament_cmake" provides a separate development package or SDK, be sure it
[1.959s]   has been installed.
[1.959s] 
[1.959s] [0m
[1.960s] -- Configuring incomplete, errors occurred!
[1.960s] See also "/home/usuario/Documentos/GitHub/IR2134/rmf_demos/build/rmf_visualization_obstacles/CMakeFiles/CMakeOutput.log".
