[1.972s] Invoking command in '/home/usuario/rmf_demos/rmf_demos_bridges': PYTHONPATH=/home/usuario/rmf_demos/build/rmf_demos_bridges/prefix_override:/usr/lib/python3/dist-packages/colcon_core/task/python/colcon_distutils_commands:/home/usuario/rmf_demos/install/rmf_demos_bridges/lib/python3.12/site-packages:${PYTHONPATH} /usr/bin/python3 -W ignore:setup.py install is deprecated -W ignore:easy_install command is deprecated setup.py egg_info --egg-base ../build/rmf_demos_bridges build --build-base /home/usuario/rmf_demos/build/rmf_demos_bridges/build install --record /home/usuario/rmf_demos/build/rmf_demos_bridges/install.log --single-version-externally-managed install_data
[2.440s] running egg_info
[2.468s] writing ../build/rmf_demos_bridges/rmf_demos_bridges.egg-info/PKG-INFO
[2.472s] writing dependency_links to ../build/rmf_demos_bridges/rmf_demos_bridges.egg-info/dependency_links.txt
[2.474s] writing entry points to ../build/rmf_demos_bridges/rmf_demos_bridges.egg-info/entry_points.txt
[2.479s] writing requirements to ../build/rmf_demos_bridges/rmf_demos_bridges.egg-info/requires.txt
[2.481s] writing top-level names to ../build/rmf_demos_bridges/rmf_demos_bridges.egg-info/top_level.txt
[2.563s] reading manifest file '../build/rmf_demos_bridges/rmf_demos_bridges.egg-info/SOURCES.txt'
[2.567s] writing manifest file '../build/rmf_demos_bridges/rmf_demos_bridges.egg-info/SOURCES.txt'
[2.567s] running build
[2.567s] running build_py
[2.568s] running install
[2.573s] running install_lib
[2.855s] running install_data
[2.855s] running install_egg_info
[2.869s] removing '/home/usuario/rmf_demos/install/rmf_demos_bridges/lib/python3.12/site-packages/rmf_demos_bridges-2.5.0-py3.12.egg-info' (and everything under it)
[2.870s] Copying ../build/rmf_demos_bridges/rmf_demos_bridges.egg-info to /home/usuario/rmf_demos/install/rmf_demos_bridges/lib/python3.12/site-packages/rmf_demos_bridges-2.5.0-py3.12.egg-info
[2.870s] running install_scripts
[3.062s] Installing fleet_robotmanager_mqtt_bridge script to /home/usuario/rmf_demos/install/rmf_demos_bridges/lib/rmf_demos_bridges
[3.067s] Installing fleet_socketio_bridge script to /home/usuario/rmf_demos/install/rmf_demos_bridges/lib/rmf_demos_bridges
[3.068s] writing list of installed files to '/home/usuario/rmf_demos/build/rmf_demos_bridges/install.log'
[3.131s] Invoked command in '/home/usuario/rmf_demos/rmf_demos_bridges' returned '0': PYTHONPATH=/home/usuario/rmf_demos/build/rmf_demos_bridges/prefix_override:/usr/lib/python3/dist-packages/colcon_core/task/python/colcon_distutils_commands:/home/usuario/rmf_demos/install/rmf_demos_bridges/lib/python3.12/site-packages:${PYTHONPATH} /usr/bin/python3 -W ignore:setup.py install is deprecated -W ignore:easy_install command is deprecated setup.py egg_info --egg-base ../build/rmf_demos_bridges build --build-base /home/usuario/rmf_demos/build/rmf_demos_bridges/build install --record /home/usuario/rmf_demos/build/rmf_demos_bridges/install.log --single-version-externally-managed install_data
