[1.725s] Invoking command in '/home/usuario/rmf_demos/rmf_demos_tasks': PYTHONPATH=/home/usuario/rmf_demos/build/rmf_demos_tasks/prefix_override:/usr/lib/python3/dist-packages/colcon_core/task/python/colcon_distutils_commands:/home/usuario/rmf_demos/install/rmf_demos_tasks/lib/python3.12/site-packages:${PYTHONPATH} /usr/bin/python3 -W ignore:setup.py install is deprecated -W ignore:easy_install command is deprecated setup.py egg_info --egg-base ../build/rmf_demos_tasks build --build-base /home/usuario/rmf_demos/build/rmf_demos_tasks/build install --record /home/usuario/rmf_demos/build/rmf_demos_tasks/install.log --single-version-externally-managed install_data
[2.324s] running egg_info
[2.372s] writing ../build/rmf_demos_tasks/rmf_demos_tasks.egg-info/PKG-INFO
[2.373s] writing dependency_links to ../build/rmf_demos_tasks/rmf_demos_tasks.egg-info/dependency_links.txt
[2.374s] writing entry points to ../build/rmf_demos_tasks/rmf_demos_tasks.egg-info/entry_points.txt
[2.374s] writing requirements to ../build/rmf_demos_tasks/rmf_demos_tasks.egg-info/requires.txt
[2.374s] writing top-level names to ../build/rmf_demos_tasks/rmf_demos_tasks.egg-info/top_level.txt
[2.422s] reading manifest file '../build/rmf_demos_tasks/rmf_demos_tasks.egg-info/SOURCES.txt'
[2.423s] writing manifest file '../build/rmf_demos_tasks/rmf_demos_tasks.egg-info/SOURCES.txt'
[2.423s] running build
[2.424s] running build_py
[2.425s] running install
[2.432s] running install_lib
[2.478s] running install_data
[2.479s] running install_egg_info
[2.529s] removing '/home/usuario/rmf_demos/install/rmf_demos_tasks/lib/python3.12/site-packages/rmf_demos_tasks-2.5.0-py3.12.egg-info' (and everything under it)
[2.535s] Copying ../build/rmf_demos_tasks/rmf_demos_tasks.egg-info to /home/usuario/rmf_demos/install/rmf_demos_tasks/lib/python3.12/site-packages/rmf_demos_tasks-2.5.0-py3.12.egg-info
[2.609s] running install_scripts
[2.817s] Installing api_request script to /home/usuario/rmf_demos/install/rmf_demos_tasks/lib/rmf_demos_tasks
[2.818s] Installing cancel_task script to /home/usuario/rmf_demos/install/rmf_demos_tasks/lib/rmf_demos_tasks
[2.819s] Installing dispatch_action script to /home/usuario/rmf_demos/install/rmf_demos_tasks/lib/rmf_demos_tasks
[2.826s] Installing dispatch_cart_delivery script to /home/usuario/rmf_demos/install/rmf_demos_tasks/lib/rmf_demos_tasks
[2.828s] Installing dispatch_clean script to /home/usuario/rmf_demos/install/rmf_demos_tasks/lib/rmf_demos_tasks
[2.829s] Installing dispatch_delivery script to /home/usuario/rmf_demos/install/rmf_demos_tasks/lib/rmf_demos_tasks
[2.830s] Installing dispatch_go_to_place script to /home/usuario/rmf_demos/install/rmf_demos_tasks/lib/rmf_demos_tasks
[2.832s] Installing dispatch_json script to /home/usuario/rmf_demos/install/rmf_demos_tasks/lib/rmf_demos_tasks
[2.832s] Installing dispatch_loop script to /home/usuario/rmf_demos/install/rmf_demos_tasks/lib/rmf_demos_tasks
[2.832s] Installing dispatch_patrol script to /home/usuario/rmf_demos/install/rmf_demos_tasks/lib/rmf_demos_tasks
[2.832s] Installing dispatch_teleop script to /home/usuario/rmf_demos/install/rmf_demos_tasks/lib/rmf_demos_tasks
[2.834s] Installing get_robot_location script to /home/usuario/rmf_demos/install/rmf_demos_tasks/lib/rmf_demos_tasks
[2.836s] Installing mock_docker script to /home/usuario/rmf_demos/install/rmf_demos_tasks/lib/rmf_demos_tasks
[2.837s] Installing request_lift script to /home/usuario/rmf_demos/install/rmf_demos_tasks/lib/rmf_demos_tasks
[2.837s] Installing request_loop script to /home/usuario/rmf_demos/install/rmf_demos_tasks/lib/rmf_demos_tasks
[2.838s] Installing teleop_robot script to /home/usuario/rmf_demos/install/rmf_demos_tasks/lib/rmf_demos_tasks
[2.838s] Installing wait_for_task_complete script to /home/usuario/rmf_demos/install/rmf_demos_tasks/lib/rmf_demos_tasks
[2.839s] writing list of installed files to '/home/usuario/rmf_demos/build/rmf_demos_tasks/install.log'
[2.890s] Invoked command in '/home/usuario/rmf_demos/rmf_demos_tasks' returned '0': PYTHONPATH=/home/usuario/rmf_demos/build/rmf_demos_tasks/prefix_override:/usr/lib/python3/dist-packages/colcon_core/task/python/colcon_distutils_commands:/home/usuario/rmf_demos/install/rmf_demos_tasks/lib/python3.12/site-packages:${PYTHONPATH} /usr/bin/python3 -W ignore:setup.py install is deprecated -W ignore:easy_install command is deprecated setup.py egg_info --egg-base ../build/rmf_demos_tasks build --build-base /home/usuario/rmf_demos/build/rmf_demos_tasks/build install --record /home/usuario/rmf_demos/build/rmf_demos_tasks/install.log --single-version-externally-managed install_data
