[1.073s] Invoking command in '/home/usuario/rmf_demos/rmf_demos_fleet_adapter': PYTHONPATH=/home/usuario/rmf_demos/build/rmf_demos_fleet_adapter/prefix_override:/usr/lib/python3/dist-packages/colcon_core/task/python/colcon_distutils_commands:/home/usuario/rmf_demos/install/rmf_demos_fleet_adapter/lib/python3.12/site-packages:${PYTHONPATH} /usr/bin/python3 -W ignore:setup.py install is deprecated -W ignore:easy_install command is deprecated setup.py egg_info --egg-base ../build/rmf_demos_fleet_adapter build --build-base /home/usuario/rmf_demos/build/rmf_demos_fleet_adapter/build install --record /home/usuario/rmf_demos/build/rmf_demos_fleet_adapter/install.log --single-version-externally-managed install_data
[1.481s] running egg_info
[1.481s] creating ../build/rmf_demos_fleet_adapter/rmf_demos_fleet_adapter.egg-info
[1.505s] writing ../build/rmf_demos_fleet_adapter/rmf_demos_fleet_adapter.egg-info/PKG-INFO
[1.506s] writing dependency_links to ../build/rmf_demos_fleet_adapter/rmf_demos_fleet_adapter.egg-info/dependency_links.txt
[1.506s] writing entry points to ../build/rmf_demos_fleet_adapter/rmf_demos_fleet_adapter.egg-info/entry_points.txt
[1.506s] writing requirements to ../build/rmf_demos_fleet_adapter/rmf_demos_fleet_adapter.egg-info/requires.txt
[1.506s] writing top-level names to ../build/rmf_demos_fleet_adapter/rmf_demos_fleet_adapter.egg-info/top_level.txt
[1.507s] writing manifest file '../build/rmf_demos_fleet_adapter/rmf_demos_fleet_adapter.egg-info/SOURCES.txt'
[1.572s] reading manifest file '../build/rmf_demos_fleet_adapter/rmf_demos_fleet_adapter.egg-info/SOURCES.txt'
[1.582s] writing manifest file '../build/rmf_demos_fleet_adapter/rmf_demos_fleet_adapter.egg-info/SOURCES.txt'
[1.583s] running build
[1.583s] running build_py
[1.583s] creating /home/usuario/rmf_demos/build/rmf_demos_fleet_adapter/build
[1.583s] creating /home/usuario/rmf_demos/build/rmf_demos_fleet_adapter/build/lib
[1.583s] creating /home/usuario/rmf_demos/build/rmf_demos_fleet_adapter/build/lib/rmf_demos_fleet_adapter
[1.583s] copying rmf_demos_fleet_adapter/fleet_adapter.py -> /home/usuario/rmf_demos/build/rmf_demos_fleet_adapter/build/lib/rmf_demos_fleet_adapter
[1.583s] copying rmf_demos_fleet_adapter/manage_lane.py -> /home/usuario/rmf_demos/build/rmf_demos_fleet_adapter/build/lib/rmf_demos_fleet_adapter
[1.584s] copying rmf_demos_fleet_adapter/fleet_manager.py -> /home/usuario/rmf_demos/build/rmf_demos_fleet_adapter/build/lib/rmf_demos_fleet_adapter
[1.584s] copying rmf_demos_fleet_adapter/RobotClientAPI.py -> /home/usuario/rmf_demos/build/rmf_demos_fleet_adapter/build/lib/rmf_demos_fleet_adapter
[1.585s] copying rmf_demos_fleet_adapter/__init__.py -> /home/usuario/rmf_demos/build/rmf_demos_fleet_adapter/build/lib/rmf_demos_fleet_adapter
[1.585s] creating /home/usuario/rmf_demos/build/rmf_demos_fleet_adapter/build/lib/test
[1.585s] copying test/test_copyright.py -> /home/usuario/rmf_demos/build/rmf_demos_fleet_adapter/build/lib/test
[1.586s] copying test/test_flake8.py -> /home/usuario/rmf_demos/build/rmf_demos_fleet_adapter/build/lib/test
[1.591s] copying test/test_pep257.py -> /home/usuario/rmf_demos/build/rmf_demos_fleet_adapter/build/lib/test
[1.591s] copying test/__init__.py -> /home/usuario/rmf_demos/build/rmf_demos_fleet_adapter/build/lib/test
[1.592s] running install
[1.600s] running install_lib
[1.637s] creating /home/usuario/rmf_demos/install/rmf_demos_fleet_adapter/lib/python3.12/site-packages/rmf_demos_fleet_adapter
[1.637s] copying /home/usuario/rmf_demos/build/rmf_demos_fleet_adapter/build/lib/rmf_demos_fleet_adapter/fleet_adapter.py -> /home/usuario/rmf_demos/install/rmf_demos_fleet_adapter/lib/python3.12/site-packages/rmf_demos_fleet_adapter
[1.638s] copying /home/usuario/rmf_demos/build/rmf_demos_fleet_adapter/build/lib/rmf_demos_fleet_adapter/manage_lane.py -> /home/usuario/rmf_demos/install/rmf_demos_fleet_adapter/lib/python3.12/site-packages/rmf_demos_fleet_adapter
[1.640s] copying /home/usuario/rmf_demos/build/rmf_demos_fleet_adapter/build/lib/rmf_demos_fleet_adapter/fleet_manager.py -> /home/usuario/rmf_demos/install/rmf_demos_fleet_adapter/lib/python3.12/site-packages/rmf_demos_fleet_adapter
[1.640s] copying /home/usuario/rmf_demos/build/rmf_demos_fleet_adapter/build/lib/rmf_demos_fleet_adapter/RobotClientAPI.py -> /home/usuario/rmf_demos/install/rmf_demos_fleet_adapter/lib/python3.12/site-packages/rmf_demos_fleet_adapter
[1.641s] copying /home/usuario/rmf_demos/build/rmf_demos_fleet_adapter/build/lib/rmf_demos_fleet_adapter/__init__.py -> /home/usuario/rmf_demos/install/rmf_demos_fleet_adapter/lib/python3.12/site-packages/rmf_demos_fleet_adapter
[1.641s] creating /home/usuario/rmf_demos/install/rmf_demos_fleet_adapter/lib/python3.12/site-packages/test
[1.641s] copying /home/usuario/rmf_demos/build/rmf_demos_fleet_adapter/build/lib/test/test_copyright.py -> /home/usuario/rmf_demos/install/rmf_demos_fleet_adapter/lib/python3.12/site-packages/test
[1.642s] copying /home/usuario/rmf_demos/build/rmf_demos_fleet_adapter/build/lib/test/test_flake8.py -> /home/usuario/rmf_demos/install/rmf_demos_fleet_adapter/lib/python3.12/site-packages/test
[1.642s] copying /home/usuario/rmf_demos/build/rmf_demos_fleet_adapter/build/lib/test/test_pep257.py -> /home/usuario/rmf_demos/install/rmf_demos_fleet_adapter/lib/python3.12/site-packages/test
[1.642s] copying /home/usuario/rmf_demos/build/rmf_demos_fleet_adapter/build/lib/test/__init__.py -> /home/usuario/rmf_demos/install/rmf_demos_fleet_adapter/lib/python3.12/site-packages/test
[1.643s] byte-compiling /home/usuario/rmf_demos/install/rmf_demos_fleet_adapter/lib/python3.12/site-packages/rmf_demos_fleet_adapter/fleet_adapter.py to fleet_adapter.cpython-312.pyc
[1.652s] byte-compiling /home/usuario/rmf_demos/install/rmf_demos_fleet_adapter/lib/python3.12/site-packages/rmf_demos_fleet_adapter/manage_lane.py to manage_lane.cpython-312.pyc
[1.654s] byte-compiling /home/usuario/rmf_demos/install/rmf_demos_fleet_adapter/lib/python3.12/site-packages/rmf_demos_fleet_adapter/fleet_manager.py to fleet_manager.cpython-312.pyc
[1.658s] byte-compiling /home/usuario/rmf_demos/install/rmf_demos_fleet_adapter/lib/python3.12/site-packages/rmf_demos_fleet_adapter/RobotClientAPI.py to RobotClientAPI.cpython-312.pyc
[1.664s] byte-compiling /home/usuario/rmf_demos/install/rmf_demos_fleet_adapter/lib/python3.12/site-packages/rmf_demos_fleet_adapter/__init__.py to __init__.cpython-312.pyc
[1.665s] byte-compiling /home/usuario/rmf_demos/install/rmf_demos_fleet_adapter/lib/python3.12/site-packages/test/test_copyright.py to test_copyright.cpython-312.pyc
[1.666s] byte-compiling /home/usuario/rmf_demos/install/rmf_demos_fleet_adapter/lib/python3.12/site-packages/test/test_flake8.py to test_flake8.cpython-312.pyc
[1.666s] byte-compiling /home/usuario/rmf_demos/install/rmf_demos_fleet_adapter/lib/python3.12/site-packages/test/test_pep257.py to test_pep257.cpython-312.pyc
[1.666s] byte-compiling /home/usuario/rmf_demos/install/rmf_demos_fleet_adapter/lib/python3.12/site-packages/test/__init__.py to __init__.cpython-312.pyc
[1.667s] running install_data
[1.667s] creating /home/usuario/rmf_demos/install/rmf_demos_fleet_adapter/share/ament_index
[1.668s] creating /home/usuario/rmf_demos/install/rmf_demos_fleet_adapter/share/ament_index/resource_index
[1.668s] creating /home/usuario/rmf_demos/install/rmf_demos_fleet_adapter/share/ament_index/resource_index/packages
[1.668s] copying resource/rmf_demos_fleet_adapter -> /home/usuario/rmf_demos/install/rmf_demos_fleet_adapter/share/ament_index/resource_index/packages
[1.669s] copying package.xml -> /home/usuario/rmf_demos/install/rmf_demos_fleet_adapter/share/rmf_demos_fleet_adapter
[1.670s] copying config.yaml -> /home/usuario/rmf_demos/install/rmf_demos_fleet_adapter/share/rmf_demos_fleet_adapter
[1.670s] creating /home/usuario/rmf_demos/install/rmf_demos_fleet_adapter/share/rmf_demos_fleet_adapter/launch
[1.671s] copying launch/fleet_adapter.launch.xml -> /home/usuario/rmf_demos/install/rmf_demos_fleet_adapter/share/rmf_demos_fleet_adapter/launch
[1.671s] running install_egg_info
[1.711s] Copying ../build/rmf_demos_fleet_adapter/rmf_demos_fleet_adapter.egg-info to /home/usuario/rmf_demos/install/rmf_demos_fleet_adapter/lib/python3.12/site-packages/rmf_demos_fleet_adapter-2.5.0-py3.12.egg-info
[1.718s] running install_scripts
[1.962s] Installing fleet_adapter script to /home/usuario/rmf_demos/install/rmf_demos_fleet_adapter/lib/rmf_demos_fleet_adapter
[1.963s] Installing fleet_manager script to /home/usuario/rmf_demos/install/rmf_demos_fleet_adapter/lib/rmf_demos_fleet_adapter
[1.963s] Installing manage_lane script to /home/usuario/rmf_demos/install/rmf_demos_fleet_adapter/lib/rmf_demos_fleet_adapter
[1.964s] writing list of installed files to '/home/usuario/rmf_demos/build/rmf_demos_fleet_adapter/install.log'
[2.001s] Invoked command in '/home/usuario/rmf_demos/rmf_demos_fleet_adapter' returned '0': PYTHONPATH=/home/usuario/rmf_demos/build/rmf_demos_fleet_adapter/prefix_override:/usr/lib/python3/dist-packages/colcon_core/task/python/colcon_distutils_commands:/home/usuario/rmf_demos/install/rmf_demos_fleet_adapter/lib/python3.12/site-packages:${PYTHONPATH} /usr/bin/python3 -W ignore:setup.py install is deprecated -W ignore:easy_install command is deprecated setup.py egg_info --egg-base ../build/rmf_demos_fleet_adapter build --build-base /home/usuario/rmf_demos/build/rmf_demos_fleet_adapter/build install --record /home/usuario/rmf_demos/build/rmf_demos_fleet_adapter/install.log --single-version-externally-managed install_data
