[1.969s] Invoking command in '/home/usuario/IR2134/rmf_demos/rmf_demos_bridges': PYTHONPATH=/home/usuario/IR2134/rmf_demos/build/rmf_demos_bridges/prefix_override:/usr/lib/python3/dist-packages/colcon_core/task/python/colcon_distutils_commands:/home/usuario/IR2134/rmf_demos/install/rmf_demos_bridges/lib/python3.12/site-packages:${PYTHONPATH} /usr/bin/python3 -W ignore:setup.py install is deprecated -W ignore:easy_install command is deprecated setup.py egg_info --egg-base ../build/rmf_demos_bridges build --build-base /home/usuario/IR2134/rmf_demos/build/rmf_demos_bridges/build install --record /home/usuario/IR2134/rmf_demos/build/rmf_demos_bridges/install.log --single-version-externally-managed install_data
[2.274s] running egg_info
[2.303s] writing ../build/rmf_demos_bridges/rmf_demos_bridges.egg-info/PKG-INFO
[2.303s] writing dependency_links to ../build/rmf_demos_bridges/rmf_demos_bridges.egg-info/dependency_links.txt
[2.304s] writing entry points to ../build/rmf_demos_bridges/rmf_demos_bridges.egg-info/entry_points.txt
[2.304s] writing requirements to ../build/rmf_demos_bridges/rmf_demos_bridges.egg-info/requires.txt
[2.305s] writing top-level names to ../build/rmf_demos_bridges/rmf_demos_bridges.egg-info/top_level.txt
[2.343s] reading manifest file '../build/rmf_demos_bridges/rmf_demos_bridges.egg-info/SOURCES.txt'
[2.344s] writing manifest file '../build/rmf_demos_bridges/rmf_demos_bridges.egg-info/SOURCES.txt'
[2.345s] running build
[2.345s] running build_py
[2.346s] running install
[2.351s] running install_lib
[2.371s] running install_data
[2.371s] running install_egg_info
[2.392s] removing '/home/usuario/IR2134/rmf_demos/install/rmf_demos_bridges/lib/python3.12/site-packages/rmf_demos_bridges-2.5.0-py3.12.egg-info' (and everything under it)
[2.401s] Copying ../build/rmf_demos_bridges/rmf_demos_bridges.egg-info to /home/usuario/IR2134/rmf_demos/install/rmf_demos_bridges/lib/python3.12/site-packages/rmf_demos_bridges-2.5.0-py3.12.egg-info
[2.404s] running install_scripts
[2.595s] Installing fleet_robotmanager_mqtt_bridge script to /home/usuario/IR2134/rmf_demos/install/rmf_demos_bridges/lib/rmf_demos_bridges
[2.595s] Installing fleet_socketio_bridge script to /home/usuario/IR2134/rmf_demos/install/rmf_demos_bridges/lib/rmf_demos_bridges
[2.596s] writing list of installed files to '/home/usuario/IR2134/rmf_demos/build/rmf_demos_bridges/install.log'
[2.625s] Invoked command in '/home/usuario/IR2134/rmf_demos/rmf_demos_bridges' returned '0': PYTHONPATH=/home/usuario/IR2134/rmf_demos/build/rmf_demos_bridges/prefix_override:/usr/lib/python3/dist-packages/colcon_core/task/python/colcon_distutils_commands:/home/usuario/IR2134/rmf_demos/install/rmf_demos_bridges/lib/python3.12/site-packages:${PYTHONPATH} /usr/bin/python3 -W ignore:setup.py install is deprecated -W ignore:easy_install command is deprecated setup.py egg_info --egg-base ../build/rmf_demos_bridges build --build-base /home/usuario/IR2134/rmf_demos/build/rmf_demos_bridges/build install --record /home/usuario/IR2134/rmf_demos/build/rmf_demos_bridges/install.log --single-version-externally-managed install_data
