[0.020s] Invoking command in '/home/usuario/rmf_demos/rmf_demos/build/rmf_demos': CMAKE_PREFIX_PATH=/rmf_demos_ws/install/rmf_workcell_msgs:/rmf_demos_ws/install/rmf_reservation_node:/rmf_demos_ws/install/rmf_demos_gz:/rmf_demos_ws/install/rmf_demos:/rmf_demos_ws/install/rmf_fleet_adapter_python:/rmf_demos_ws/install/rmf_fleet_adapter:/rmf_demos_ws/install/rmf_task_ros2:/rmf_demos_ws/install/rmf_websocket:/rmf_demos_ws/install/rmf_visualization:/rmf_demos_ws/install/rmf_visualization_schedule:/rmf_demos_ws/install/rmf_visualization_rviz2_plugins:/rmf_demos_ws/install/rmf_visualization_obstacles:/rmf_demos_ws/install/rmf_visualization_navgraphs:/rmf_demos_ws/install/rmf_visualization_floorplans:/rmf_demos_ws/install/rmf_visualization_fleet_states:/rmf_demos_ws/install/rmf_visualization_msgs:/rmf_demos_ws/install/rmf_traffic_ros2:/rmf_demos_ws/install/rmf_task_sequence:/rmf_demos_ws/install/rmf_task:/rmf_demos_ws/install/rmf_battery:/rmf_demos_ws/install/rmf_traffic:/rmf_demos_ws/install/rmf_utils:/rmf_demos_ws/install/rmf_traffic_msgs:/rmf_demos_ws/install/rmf_traffic_editor_test_maps:/rmf_demos_ws/install/rmf_traffic_editor_assets:/rmf_demos_ws/install/rmf_traffic_editor:/rmf_demos_ws/install/rmf_task_msgs:/rmf_demos_ws/install/rmf_site_map_msgs:/rmf_demos_ws/install/rmf_scheduler_msgs:/rmf_demos_ws/install/rmf_robot_sim_gz_plugins:/rmf_demos_ws/install/rmf_robot_sim_common:/rmf_demos_ws/install/rmf_reservation_msgs:/rmf_demos_ws/install/rmf_obstacle_msgs:/rmf_demos_ws/install/rmf_building_sim_gz_plugins:/rmf_demos_ws/install/rmf_lift_msgs:/rmf_demos_ws/install/rmf_ingestor_msgs:/rmf_demos_ws/install/rmf_fleet_msgs:/rmf_demos_ws/install/rmf_door_msgs:/rmf_demos_ws/install/rmf_dispenser_msgs:/rmf_demos_ws/install/rmf_demos_maps:/rmf_demos_ws/install/rmf_demos_assets:/rmf_demos_ws/install/rmf_charger_msgs:/rmf_demos_ws/install/rmf_building_map_msgs:/rmf_demos_ws/install/rmf_api_msgs:/rmf_demos_ws/install/pybind11_json_vendor:/rmf_demos_ws/install/nlohmann_json_schema_validator_vendor:/rmf_demos_ws/install/rmf_demos_fleet_adapter:/rmf_demos_ws/install/rmf_visualization_building_systems:/rmf_demos_ws/install/rmf_traffic_examples:/rmf_demos_ws/install/rmf_demos_bridges:/rmf_demos_ws/install/rmf_demos_tasks:/rmf_demos_ws/install/rmf_building_map_tools:/rmf_demos_ws/install/rmf_charging_schedule:/opt/ros/jazzy:/rmf_demos_ws/install/menge_vendor:/rmf_demos_ws/install/ament_cmake_catch2:/opt/ros/jazzy/opt/gz_sim_vendor:/opt/ros/jazzy/opt/gz_sensors_vendor:/opt/ros/jazzy/opt/gz_physics_vendor:/opt/ros/jazzy/opt/sdformat_vendor:/opt/ros/jazzy/opt/gz_gui_vendor:/opt/ros/jazzy/opt/gz_transport_vendor:/opt/ros/jazzy/opt/gz_rendering_vendor:/opt/ros/jazzy/opt/gz_plugin_vendor:/opt/ros/jazzy/opt/gz_fuel_tools_vendor:/opt/ros/jazzy/opt/gz_msgs_vendor:/opt/ros/jazzy/opt/gz_common_vendor:/opt/ros/jazzy/opt/gz_math_vendor:/opt/ros/jazzy/opt/gz_utils_vendor:/opt/ros/jazzy/opt/gz_tools_vendor:/opt/ros/jazzy/opt/gz_ogre_next_vendor:/opt/ros/jazzy/opt/gz_dartsim_vendor:/opt/ros/jazzy/opt/gz_cmake_vendor /usr/bin/cmake /home/usuario/rmf_demos/rmf_demos -DCMAKE_INSTALL_PREFIX=/home/usuario/rmf_demos/rmf_demos/install/rmf_demos
[0.149s] -- The C compiler identification is GNU 13.3.0
[0.262s] -- The CXX compiler identification is GNU 13.3.0
[0.289s] -- Detecting C compiler ABI info
[0.557s] -- Detecting C compiler ABI info - done
[0.571s] -- Check for working C compiler: /usr/bin/cc - skipped
[0.571s] -- Detecting C compile features
[0.572s] -- Detecting C compile features - done
[0.593s] -- Detecting CXX compiler ABI info
[0.869s] -- Detecting CXX compiler ABI info - done
[0.882s] -- Check for working CXX compiler: /usr/bin/c++ - skipped
[0.882s] -- Detecting CXX compile features
[0.883s] -- Detecting CXX compile features - done
[0.903s] -- Found ament_cmake: 2.5.3 (/opt/ros/jazzy/share/ament_cmake/cmake)
[1.125s] -- Found Python3: /usr/bin/python3 (found version "3.12.3") found components: Interpreter 
[1.520s] -- Configuring done (1.5s)
[1.528s] -- Generating done (0.0s)
[1.573s] -- Build files have been written to: /home/usuario/rmf_demos/rmf_demos/build/rmf_demos
[1.577s] Invoked command in '/home/usuario/rmf_demos/rmf_demos/build/rmf_demos' returned '0': CMAKE_PREFIX_PATH=/rmf_demos_ws/install/rmf_workcell_msgs:/rmf_demos_ws/install/rmf_reservation_node:/rmf_demos_ws/install/rmf_demos_gz:/rmf_demos_ws/install/rmf_demos:/rmf_demos_ws/install/rmf_fleet_adapter_python:/rmf_demos_ws/install/rmf_fleet_adapter:/rmf_demos_ws/install/rmf_task_ros2:/rmf_demos_ws/install/rmf_websocket:/rmf_demos_ws/install/rmf_visualization:/rmf_demos_ws/install/rmf_visualization_schedule:/rmf_demos_ws/install/rmf_visualization_rviz2_plugins:/rmf_demos_ws/install/rmf_visualization_obstacles:/rmf_demos_ws/install/rmf_visualization_navgraphs:/rmf_demos_ws/install/rmf_visualization_floorplans:/rmf_demos_ws/install/rmf_visualization_fleet_states:/rmf_demos_ws/install/rmf_visualization_msgs:/rmf_demos_ws/install/rmf_traffic_ros2:/rmf_demos_ws/install/rmf_task_sequence:/rmf_demos_ws/install/rmf_task:/rmf_demos_ws/install/rmf_battery:/rmf_demos_ws/install/rmf_traffic:/rmf_demos_ws/install/rmf_utils:/rmf_demos_ws/install/rmf_traffic_msgs:/rmf_demos_ws/install/rmf_traffic_editor_test_maps:/rmf_demos_ws/install/rmf_traffic_editor_assets:/rmf_demos_ws/install/rmf_traffic_editor:/rmf_demos_ws/install/rmf_task_msgs:/rmf_demos_ws/install/rmf_site_map_msgs:/rmf_demos_ws/install/rmf_scheduler_msgs:/rmf_demos_ws/install/rmf_robot_sim_gz_plugins:/rmf_demos_ws/install/rmf_robot_sim_common:/rmf_demos_ws/install/rmf_reservation_msgs:/rmf_demos_ws/install/rmf_obstacle_msgs:/rmf_demos_ws/install/rmf_building_sim_gz_plugins:/rmf_demos_ws/install/rmf_lift_msgs:/rmf_demos_ws/install/rmf_ingestor_msgs:/rmf_demos_ws/install/rmf_fleet_msgs:/rmf_demos_ws/install/rmf_door_msgs:/rmf_demos_ws/install/rmf_dispenser_msgs:/rmf_demos_ws/install/rmf_demos_maps:/rmf_demos_ws/install/rmf_demos_assets:/rmf_demos_ws/install/rmf_charger_msgs:/rmf_demos_ws/install/rmf_building_map_msgs:/rmf_demos_ws/install/rmf_api_msgs:/rmf_demos_ws/install/pybind11_json_vendor:/rmf_demos_ws/install/nlohmann_json_schema_validator_vendor:/rmf_demos_ws/install/rmf_demos_fleet_adapter:/rmf_demos_ws/install/rmf_visualization_building_systems:/rmf_demos_ws/install/rmf_traffic_examples:/rmf_demos_ws/install/rmf_demos_bridges:/rmf_demos_ws/install/rmf_demos_tasks:/rmf_demos_ws/install/rmf_building_map_tools:/rmf_demos_ws/install/rmf_charging_schedule:/opt/ros/jazzy:/rmf_demos_ws/install/menge_vendor:/rmf_demos_ws/install/ament_cmake_catch2:/opt/ros/jazzy/opt/gz_sim_vendor:/opt/ros/jazzy/opt/gz_sensors_vendor:/opt/ros/jazzy/opt/gz_physics_vendor:/opt/ros/jazzy/opt/sdformat_vendor:/opt/ros/jazzy/opt/gz_gui_vendor:/opt/ros/jazzy/opt/gz_transport_vendor:/opt/ros/jazzy/opt/gz_rendering_vendor:/opt/ros/jazzy/opt/gz_plugin_vendor:/opt/ros/jazzy/opt/gz_fuel_tools_vendor:/opt/ros/jazzy/opt/gz_msgs_vendor:/opt/ros/jazzy/opt/gz_common_vendor:/opt/ros/jazzy/opt/gz_math_vendor:/opt/ros/jazzy/opt/gz_utils_vendor:/opt/ros/jazzy/opt/gz_tools_vendor:/opt/ros/jazzy/opt/gz_ogre_next_vendor:/opt/ros/jazzy/opt/gz_dartsim_vendor:/opt/ros/jazzy/opt/gz_cmake_vendor /usr/bin/cmake /home/usuario/rmf_demos/rmf_demos -DCMAKE_INSTALL_PREFIX=/home/usuario/rmf_demos/rmf_demos/install/rmf_demos
[1.586s] Invoking command in '/home/usuario/rmf_demos/rmf_demos/build/rmf_demos': CMAKE_PREFIX_PATH=/rmf_demos_ws/install/rmf_workcell_msgs:/rmf_demos_ws/install/rmf_reservation_node:/rmf_demos_ws/install/rmf_demos_gz:/rmf_demos_ws/install/rmf_demos:/rmf_demos_ws/install/rmf_fleet_adapter_python:/rmf_demos_ws/install/rmf_fleet_adapter:/rmf_demos_ws/install/rmf_task_ros2:/rmf_demos_ws/install/rmf_websocket:/rmf_demos_ws/install/rmf_visualization:/rmf_demos_ws/install/rmf_visualization_schedule:/rmf_demos_ws/install/rmf_visualization_rviz2_plugins:/rmf_demos_ws/install/rmf_visualization_obstacles:/rmf_demos_ws/install/rmf_visualization_navgraphs:/rmf_demos_ws/install/rmf_visualization_floorplans:/rmf_demos_ws/install/rmf_visualization_fleet_states:/rmf_demos_ws/install/rmf_visualization_msgs:/rmf_demos_ws/install/rmf_traffic_ros2:/rmf_demos_ws/install/rmf_task_sequence:/rmf_demos_ws/install/rmf_task:/rmf_demos_ws/install/rmf_battery:/rmf_demos_ws/install/rmf_traffic:/rmf_demos_ws/install/rmf_utils:/rmf_demos_ws/install/rmf_traffic_msgs:/rmf_demos_ws/install/rmf_traffic_editor_test_maps:/rmf_demos_ws/install/rmf_traffic_editor_assets:/rmf_demos_ws/install/rmf_traffic_editor:/rmf_demos_ws/install/rmf_task_msgs:/rmf_demos_ws/install/rmf_site_map_msgs:/rmf_demos_ws/install/rmf_scheduler_msgs:/rmf_demos_ws/install/rmf_robot_sim_gz_plugins:/rmf_demos_ws/install/rmf_robot_sim_common:/rmf_demos_ws/install/rmf_reservation_msgs:/rmf_demos_ws/install/rmf_obstacle_msgs:/rmf_demos_ws/install/rmf_building_sim_gz_plugins:/rmf_demos_ws/install/rmf_lift_msgs:/rmf_demos_ws/install/rmf_ingestor_msgs:/rmf_demos_ws/install/rmf_fleet_msgs:/rmf_demos_ws/install/rmf_door_msgs:/rmf_demos_ws/install/rmf_dispenser_msgs:/rmf_demos_ws/install/rmf_demos_maps:/rmf_demos_ws/install/rmf_demos_assets:/rmf_demos_ws/install/rmf_charger_msgs:/rmf_demos_ws/install/rmf_building_map_msgs:/rmf_demos_ws/install/rmf_api_msgs:/rmf_demos_ws/install/pybind11_json_vendor:/rmf_demos_ws/install/nlohmann_json_schema_validator_vendor:/rmf_demos_ws/install/rmf_demos_fleet_adapter:/rmf_demos_ws/install/rmf_visualization_building_systems:/rmf_demos_ws/install/rmf_traffic_examples:/rmf_demos_ws/install/rmf_demos_bridges:/rmf_demos_ws/install/rmf_demos_tasks:/rmf_demos_ws/install/rmf_building_map_tools:/rmf_demos_ws/install/rmf_charging_schedule:/opt/ros/jazzy:/rmf_demos_ws/install/menge_vendor:/rmf_demos_ws/install/ament_cmake_catch2:/opt/ros/jazzy/opt/gz_sim_vendor:/opt/ros/jazzy/opt/gz_sensors_vendor:/opt/ros/jazzy/opt/gz_physics_vendor:/opt/ros/jazzy/opt/sdformat_vendor:/opt/ros/jazzy/opt/gz_gui_vendor:/opt/ros/jazzy/opt/gz_transport_vendor:/opt/ros/jazzy/opt/gz_rendering_vendor:/opt/ros/jazzy/opt/gz_plugin_vendor:/opt/ros/jazzy/opt/gz_fuel_tools_vendor:/opt/ros/jazzy/opt/gz_msgs_vendor:/opt/ros/jazzy/opt/gz_common_vendor:/opt/ros/jazzy/opt/gz_math_vendor:/opt/ros/jazzy/opt/gz_utils_vendor:/opt/ros/jazzy/opt/gz_tools_vendor:/opt/ros/jazzy/opt/gz_ogre_next_vendor:/opt/ros/jazzy/opt/gz_dartsim_vendor:/opt/ros/jazzy/opt/gz_cmake_vendor /usr/bin/cmake --build /home/usuario/rmf_demos/rmf_demos/build/rmf_demos -- -j4 -l4
[1.698s] Invoked command in '/home/usuario/rmf_demos/rmf_demos/build/rmf_demos' returned '0': CMAKE_PREFIX_PATH=/rmf_demos_ws/install/rmf_workcell_msgs:/rmf_demos_ws/install/rmf_reservation_node:/rmf_demos_ws/install/rmf_demos_gz:/rmf_demos_ws/install/rmf_demos:/rmf_demos_ws/install/rmf_fleet_adapter_python:/rmf_demos_ws/install/rmf_fleet_adapter:/rmf_demos_ws/install/rmf_task_ros2:/rmf_demos_ws/install/rmf_websocket:/rmf_demos_ws/install/rmf_visualization:/rmf_demos_ws/install/rmf_visualization_schedule:/rmf_demos_ws/install/rmf_visualization_rviz2_plugins:/rmf_demos_ws/install/rmf_visualization_obstacles:/rmf_demos_ws/install/rmf_visualization_navgraphs:/rmf_demos_ws/install/rmf_visualization_floorplans:/rmf_demos_ws/install/rmf_visualization_fleet_states:/rmf_demos_ws/install/rmf_visualization_msgs:/rmf_demos_ws/install/rmf_traffic_ros2:/rmf_demos_ws/install/rmf_task_sequence:/rmf_demos_ws/install/rmf_task:/rmf_demos_ws/install/rmf_battery:/rmf_demos_ws/install/rmf_traffic:/rmf_demos_ws/install/rmf_utils:/rmf_demos_ws/install/rmf_traffic_msgs:/rmf_demos_ws/install/rmf_traffic_editor_test_maps:/rmf_demos_ws/install/rmf_traffic_editor_assets:/rmf_demos_ws/install/rmf_traffic_editor:/rmf_demos_ws/install/rmf_task_msgs:/rmf_demos_ws/install/rmf_site_map_msgs:/rmf_demos_ws/install/rmf_scheduler_msgs:/rmf_demos_ws/install/rmf_robot_sim_gz_plugins:/rmf_demos_ws/install/rmf_robot_sim_common:/rmf_demos_ws/install/rmf_reservation_msgs:/rmf_demos_ws/install/rmf_obstacle_msgs:/rmf_demos_ws/install/rmf_building_sim_gz_plugins:/rmf_demos_ws/install/rmf_lift_msgs:/rmf_demos_ws/install/rmf_ingestor_msgs:/rmf_demos_ws/install/rmf_fleet_msgs:/rmf_demos_ws/install/rmf_door_msgs:/rmf_demos_ws/install/rmf_dispenser_msgs:/rmf_demos_ws/install/rmf_demos_maps:/rmf_demos_ws/install/rmf_demos_assets:/rmf_demos_ws/install/rmf_charger_msgs:/rmf_demos_ws/install/rmf_building_map_msgs:/rmf_demos_ws/install/rmf_api_msgs:/rmf_demos_ws/install/pybind11_json_vendor:/rmf_demos_ws/install/nlohmann_json_schema_validator_vendor:/rmf_demos_ws/install/rmf_demos_fleet_adapter:/rmf_demos_ws/install/rmf_visualization_building_systems:/rmf_demos_ws/install/rmf_traffic_examples:/rmf_demos_ws/install/rmf_demos_bridges:/rmf_demos_ws/install/rmf_demos_tasks:/rmf_demos_ws/install/rmf_building_map_tools:/rmf_demos_ws/install/rmf_charging_schedule:/opt/ros/jazzy:/rmf_demos_ws/install/menge_vendor:/rmf_demos_ws/install/ament_cmake_catch2:/opt/ros/jazzy/opt/gz_sim_vendor:/opt/ros/jazzy/opt/gz_sensors_vendor:/opt/ros/jazzy/opt/gz_physics_vendor:/opt/ros/jazzy/opt/sdformat_vendor:/opt/ros/jazzy/opt/gz_gui_vendor:/opt/ros/jazzy/opt/gz_transport_vendor:/opt/ros/jazzy/opt/gz_rendering_vendor:/opt/ros/jazzy/opt/gz_plugin_vendor:/opt/ros/jazzy/opt/gz_fuel_tools_vendor:/opt/ros/jazzy/opt/gz_msgs_vendor:/opt/ros/jazzy/opt/gz_common_vendor:/opt/ros/jazzy/opt/gz_math_vendor:/opt/ros/jazzy/opt/gz_utils_vendor:/opt/ros/jazzy/opt/gz_tools_vendor:/opt/ros/jazzy/opt/gz_ogre_next_vendor:/opt/ros/jazzy/opt/gz_dartsim_vendor:/opt/ros/jazzy/opt/gz_cmake_vendor /usr/bin/cmake --build /home/usuario/rmf_demos/rmf_demos/build/rmf_demos -- -j4 -l4
[1.729s] Invoking command in '/home/usuario/rmf_demos/rmf_demos/build/rmf_demos': CMAKE_PREFIX_PATH=/rmf_demos_ws/install/rmf_workcell_msgs:/rmf_demos_ws/install/rmf_reservation_node:/rmf_demos_ws/install/rmf_demos_gz:/rmf_demos_ws/install/rmf_demos:/rmf_demos_ws/install/rmf_fleet_adapter_python:/rmf_demos_ws/install/rmf_fleet_adapter:/rmf_demos_ws/install/rmf_task_ros2:/rmf_demos_ws/install/rmf_websocket:/rmf_demos_ws/install/rmf_visualization:/rmf_demos_ws/install/rmf_visualization_schedule:/rmf_demos_ws/install/rmf_visualization_rviz2_plugins:/rmf_demos_ws/install/rmf_visualization_obstacles:/rmf_demos_ws/install/rmf_visualization_navgraphs:/rmf_demos_ws/install/rmf_visualization_floorplans:/rmf_demos_ws/install/rmf_visualization_fleet_states:/rmf_demos_ws/install/rmf_visualization_msgs:/rmf_demos_ws/install/rmf_traffic_ros2:/rmf_demos_ws/install/rmf_task_sequence:/rmf_demos_ws/install/rmf_task:/rmf_demos_ws/install/rmf_battery:/rmf_demos_ws/install/rmf_traffic:/rmf_demos_ws/install/rmf_utils:/rmf_demos_ws/install/rmf_traffic_msgs:/rmf_demos_ws/install/rmf_traffic_editor_test_maps:/rmf_demos_ws/install/rmf_traffic_editor_assets:/rmf_demos_ws/install/rmf_traffic_editor:/rmf_demos_ws/install/rmf_task_msgs:/rmf_demos_ws/install/rmf_site_map_msgs:/rmf_demos_ws/install/rmf_scheduler_msgs:/rmf_demos_ws/install/rmf_robot_sim_gz_plugins:/rmf_demos_ws/install/rmf_robot_sim_common:/rmf_demos_ws/install/rmf_reservation_msgs:/rmf_demos_ws/install/rmf_obstacle_msgs:/rmf_demos_ws/install/rmf_building_sim_gz_plugins:/rmf_demos_ws/install/rmf_lift_msgs:/rmf_demos_ws/install/rmf_ingestor_msgs:/rmf_demos_ws/install/rmf_fleet_msgs:/rmf_demos_ws/install/rmf_door_msgs:/rmf_demos_ws/install/rmf_dispenser_msgs:/rmf_demos_ws/install/rmf_demos_maps:/rmf_demos_ws/install/rmf_demos_assets:/rmf_demos_ws/install/rmf_charger_msgs:/rmf_demos_ws/install/rmf_building_map_msgs:/rmf_demos_ws/install/rmf_api_msgs:/rmf_demos_ws/install/pybind11_json_vendor:/rmf_demos_ws/install/nlohmann_json_schema_validator_vendor:/rmf_demos_ws/install/rmf_demos_fleet_adapter:/rmf_demos_ws/install/rmf_visualization_building_systems:/rmf_demos_ws/install/rmf_traffic_examples:/rmf_demos_ws/install/rmf_demos_bridges:/rmf_demos_ws/install/rmf_demos_tasks:/rmf_demos_ws/install/rmf_building_map_tools:/rmf_demos_ws/install/rmf_charging_schedule:/opt/ros/jazzy:/rmf_demos_ws/install/menge_vendor:/rmf_demos_ws/install/ament_cmake_catch2:/opt/ros/jazzy/opt/gz_sim_vendor:/opt/ros/jazzy/opt/gz_sensors_vendor:/opt/ros/jazzy/opt/gz_physics_vendor:/opt/ros/jazzy/opt/sdformat_vendor:/opt/ros/jazzy/opt/gz_gui_vendor:/opt/ros/jazzy/opt/gz_transport_vendor:/opt/ros/jazzy/opt/gz_rendering_vendor:/opt/ros/jazzy/opt/gz_plugin_vendor:/opt/ros/jazzy/opt/gz_fuel_tools_vendor:/opt/ros/jazzy/opt/gz_msgs_vendor:/opt/ros/jazzy/opt/gz_common_vendor:/opt/ros/jazzy/opt/gz_math_vendor:/opt/ros/jazzy/opt/gz_utils_vendor:/opt/ros/jazzy/opt/gz_tools_vendor:/opt/ros/jazzy/opt/gz_ogre_next_vendor:/opt/ros/jazzy/opt/gz_dartsim_vendor:/opt/ros/jazzy/opt/gz_cmake_vendor /usr/bin/cmake --install /home/usuario/rmf_demos/rmf_demos/build/rmf_demos
[1.754s] -- Install configuration: ""
[1.754s] -- Installing: /home/usuario/rmf_demos/rmf_demos/install/rmf_demos/share/rmf_demos
[1.754s] -- Installing: /home/usuario/rmf_demos/rmf_demos/install/rmf_demos/share/rmf_demos/office.launch.xml
[1.758s] -- Installing: /home/usuario/rmf_demos/rmf_demos/install/rmf_demos/share/rmf_demos/campus.launch.xml
[1.762s] -- Installing: /home/usuario/rmf_demos/rmf_demos/install/rmf_demos/share/rmf_demos/battle_royale.launch.xml
[1.767s] -- Installing: /home/usuario/rmf_demos/rmf_demos/install/rmf_demos/share/rmf_demos/airport_terminal.launch.xml
[1.771s] -- Installing: /home/usuario/rmf_demos/rmf_demos/install/rmf_demos/share/rmf_demos/include
[1.771s] -- Installing: /home/usuario/rmf_demos/rmf_demos/install/rmf_demos/share/rmf_demos/include/triple_H
[1.771s] -- Installing: /home/usuario/rmf_demos/rmf_demos/install/rmf_demos/share/rmf_demos/include/triple_H/the_pedigree.launch.xml
[1.775s] -- Installing: /home/usuario/rmf_demos/rmf_demos/install/rmf_demos/share/rmf_demos/include/triple_H/rviz.rviz
[1.780s] -- Installing: /home/usuario/rmf_demos/rmf_demos/install/rmf_demos/share/rmf_demos/include/airport_terminal
[1.780s] -- Installing: /home/usuario/rmf_demos/rmf_demos/install/rmf_demos/share/rmf_demos/include/airport_terminal/airport_terminal.rviz
[1.784s] -- Installing: /home/usuario/rmf_demos/rmf_demos/install/rmf_demos/share/rmf_demos/include/clinic
[1.784s] -- Installing: /home/usuario/rmf_demos/rmf_demos/install/rmf_demos/share/rmf_demos/include/clinic/clinic.rviz
[1.788s] -- Installing: /home/usuario/rmf_demos/rmf_demos/install/rmf_demos/share/rmf_demos/include/campus
[1.789s] -- Installing: /home/usuario/rmf_demos/rmf_demos/install/rmf_demos/share/rmf_demos/include/campus/campus.rviz
[1.794s] -- Installing: /home/usuario/rmf_demos/rmf_demos/install/rmf_demos/share/rmf_demos/include/hotel
[1.794s] -- Installing: /home/usuario/rmf_demos/rmf_demos/install/rmf_demos/share/rmf_demos/include/hotel/experimental_crowded_lift.launch.xml
[1.798s] -- Installing: /home/usuario/rmf_demos/rmf_demos/install/rmf_demos/share/rmf_demos/include/hotel/experimental_clear_lift.launch.xml
[1.802s] -- Installing: /home/usuario/rmf_demos/rmf_demos/install/rmf_demos/share/rmf_demos/include/hotel/hotel.rviz
[1.807s] -- Installing: /home/usuario/rmf_demos/rmf_demos/install/rmf_demos/share/rmf_demos/include/office_mock_traffic_light
[1.807s] -- Installing: /home/usuario/rmf_demos/rmf_demos/install/rmf_demos/share/rmf_demos/include/office_mock_traffic_light/office_traffic_light_test.launch.xml
[1.812s] -- Installing: /home/usuario/rmf_demos/rmf_demos/install/rmf_demos/share/rmf_demos/include/simple
[1.812s] -- Installing: /home/usuario/rmf_demos/rmf_demos/install/rmf_demos/share/rmf_demos/include/battle_royale
[1.812s] -- Installing: /home/usuario/rmf_demos/rmf_demos/install/rmf_demos/share/rmf_demos/include/battle_royale/battle_go.launch.xml
[1.816s] -- Installing: /home/usuario/rmf_demos/rmf_demos/install/rmf_demos/share/rmf_demos/include/battle_royale/rviz.rviz
[1.820s] -- Installing: /home/usuario/rmf_demos/rmf_demos/install/rmf_demos/share/rmf_demos/include/icc_kyoto
[1.820s] -- Installing: /home/usuario/rmf_demos/rmf_demos/install/rmf_demos/share/rmf_demos/include/icc_kyoto/icc_kyoto.rviz
[1.825s] -- Installing: /home/usuario/rmf_demos/rmf_demos/install/rmf_demos/share/rmf_demos/include/adapters
[1.825s] -- Installing: /home/usuario/rmf_demos/rmf_demos/install/rmf_demos/share/rmf_demos/include/adapters/tinyRobot_mock_traffic_light.launch.xml
[1.829s] -- Installing: /home/usuario/rmf_demos/rmf_demos/install/rmf_demos/share/rmf_demos/include/adapters/caddy_adapter.launch.xml
[1.833s] -- Installing: /home/usuario/rmf_demos/rmf_demos/install/rmf_demos/share/rmf_demos/include/office
[1.833s] -- Installing: /home/usuario/rmf_demos/rmf_demos/install/rmf_demos/share/rmf_demos/include/office/office.rviz
[1.837s] -- Installing: /home/usuario/rmf_demos/rmf_demos/install/rmf_demos/share/rmf_demos/include/office/office_patrol.launch.xml
[1.841s] -- Installing: /home/usuario/rmf_demos/rmf_demos/install/rmf_demos/share/rmf_demos/include/office/office_conflict.launch.xml
[1.844s] -- Installing: /home/usuario/rmf_demos/rmf_demos/install/rmf_demos/share/rmf_demos/include/office/office_loop.launch.xml
[1.848s] -- Installing: /home/usuario/rmf_demos/rmf_demos/install/rmf_demos/share/rmf_demos/include/office/office_teleop_robot.launch.xml
[1.853s] -- Installing: /home/usuario/rmf_demos/rmf_demos/install/rmf_demos/share/rmf_demos/common.launch.xml
[1.857s] -- Installing: /home/usuario/rmf_demos/rmf_demos/install/rmf_demos/share/rmf_demos/triple_H.launch.xml
[1.861s] -- Installing: /home/usuario/rmf_demos/rmf_demos/install/rmf_demos/share/rmf_demos/icc_kyoto.launch.xml
[1.866s] -- Installing: /home/usuario/rmf_demos/rmf_demos/install/rmf_demos/share/rmf_demos/hotel.launch.xml
[1.870s] -- Installing: /home/usuario/rmf_demos/rmf_demos/install/rmf_demos/share/rmf_demos/office_mock_traffic_light.launch.xml
[1.874s] -- Installing: /home/usuario/rmf_demos/rmf_demos/install/rmf_demos/share/rmf_demos/clinic.launch.xml
[1.878s] -- Installing: /home/usuario/rmf_demos/rmf_demos/install/rmf_demos/share/rmf_demos/config
[1.878s] -- Installing: /home/usuario/rmf_demos/rmf_demos/install/rmf_demos/share/rmf_demos/config/airport_terminal
[1.878s] -- Installing: /home/usuario/rmf_demos/rmf_demos/install/rmf_demos/share/rmf_demos/config/airport_terminal/cleanerBotE_config.yaml
[1.882s] -- Installing: /home/usuario/rmf_demos/rmf_demos/install/rmf_demos/share/rmf_demos/config/airport_terminal/deliveryRobot_config.yaml
[1.887s] -- Installing: /home/usuario/rmf_demos/rmf_demos/install/rmf_demos/share/rmf_demos/config/airport_terminal/tinyRobot_config.yaml
[1.891s] -- Installing: /home/usuario/rmf_demos/rmf_demos/install/rmf_demos/share/rmf_demos/config/airport_terminal/cleanerBotA_config.yaml
[1.895s] -- Installing: /home/usuario/rmf_demos/rmf_demos/install/rmf_demos/share/rmf_demos/config/clinic
[1.896s] -- Installing: /home/usuario/rmf_demos/rmf_demos/install/rmf_demos/share/rmf_demos/config/clinic/deliveryRobot_config.yaml
[1.900s] -- Installing: /home/usuario/rmf_demos/rmf_demos/install/rmf_demos/share/rmf_demos/config/clinic/tinyRobot_config.yaml
[1.904s] -- Installing: /home/usuario/rmf_demos/rmf_demos/install/rmf_demos/share/rmf_demos/config/campus
[1.904s] -- Installing: /home/usuario/rmf_demos/rmf_demos/install/rmf_demos/share/rmf_demos/config/campus/deliveryRobot_config.yaml
[1.908s] -- Installing: /home/usuario/rmf_demos/rmf_demos/install/rmf_demos/share/rmf_demos/config/hotel
[1.908s] -- Installing: /home/usuario/rmf_demos/rmf_demos/install/rmf_demos/share/rmf_demos/config/hotel/deliveryRobot_config.yaml
[1.912s] -- Installing: /home/usuario/rmf_demos/rmf_demos/install/rmf_demos/share/rmf_demos/config/hotel/tinyRobot_config.yaml
[1.916s] -- Installing: /home/usuario/rmf_demos/rmf_demos/install/rmf_demos/share/rmf_demos/config/hotel/cleanerBotA_config.yaml
[1.920s] -- Installing: /home/usuario/rmf_demos/rmf_demos/install/rmf_demos/share/rmf_demos/config/office_mock_traffic_light
[1.920s] -- Installing: /home/usuario/rmf_demos/rmf_demos/install/rmf_demos/share/rmf_demos/config/office_mock_traffic_light/tinyRobot1_config.yaml
[1.925s] -- Installing: /home/usuario/rmf_demos/rmf_demos/install/rmf_demos/share/rmf_demos/config/battle_royale
[1.925s] -- Installing: /home/usuario/rmf_demos/rmf_demos/install/rmf_demos/share/rmf_demos/config/battle_royale/tinyRobot_config.yaml
[1.929s] -- Installing: /home/usuario/rmf_demos/rmf_demos/install/rmf_demos/share/rmf_demos/config/icc_kyoto
[1.929s] -- Installing: /home/usuario/rmf_demos/rmf_demos/install/rmf_demos/share/rmf_demos/config/icc_kyoto/tinyRobot_config.yaml
[1.933s] -- Installing: /home/usuario/rmf_demos/rmf_demos/install/rmf_demos/share/rmf_demos/config/office
[1.933s] -- Installing: /home/usuario/rmf_demos/rmf_demos/install/rmf_demos/share/rmf_demos/config/office/tinyRobot_config.yaml
[1.937s] -- Installing: /home/usuario/rmf_demos/rmf_demos/install/rmf_demos/share/rmf_demos/sros2
[1.937s] -- Installing: /home/usuario/rmf_demos/rmf_demos/install/rmf_demos/share/rmf_demos/sros2/policies
[1.937s] -- Installing: /home/usuario/rmf_demos/rmf_demos/install/rmf_demos/share/rmf_demos/sros2/policies/node
[1.938s] -- Installing: /home/usuario/rmf_demos/rmf_demos/install/rmf_demos/share/rmf_demos/sros2/policies/node/parameters.xml
[1.942s] -- Installing: /home/usuario/rmf_demos/rmf_demos/install/rmf_demos/share/rmf_demos/sros2/policies/node/time.xml
[1.946s] -- Installing: /home/usuario/rmf_demos/rmf_demos/install/rmf_demos/share/rmf_demos/sros2/policies/node/logging.xml
[1.950s] -- Installing: /home/usuario/rmf_demos/rmf_demos/install/rmf_demos/share/rmf_demos/sros2/policies/node.xml
[1.953s] -- Installing: /home/usuario/rmf_demos/rmf_demos/install/rmf_demos/share/rmf_demos/sros2/policies/office.policy.xml
[1.958s] -- Installing: /home/usuario/rmf_demos/rmf_demos/install/rmf_demos/share/rmf_demos/sros2/office_deploy.bash
[1.962s] -- Installing: /home/usuario/rmf_demos/rmf_demos/install/rmf_demos/share/rmf_demos/sros2/office.params.yaml
[1.966s] -- Installing: /home/usuario/rmf_demos/rmf_demos/install/rmf_demos/share/ament_index/resource_index/package_run_dependencies/rmf_demos
[1.971s] -- Installing: /home/usuario/rmf_demos/rmf_demos/install/rmf_demos/share/ament_index/resource_index/parent_prefix_path/rmf_demos
[1.975s] -- Installing: /home/usuario/rmf_demos/rmf_demos/install/rmf_demos/share/rmf_demos/environment/ament_prefix_path.sh
[1.976s] -- Installing: /home/usuario/rmf_demos/rmf_demos/install/rmf_demos/share/rmf_demos/environment/ament_prefix_path.dsv
[1.979s] -- Installing: /home/usuario/rmf_demos/rmf_demos/install/rmf_demos/share/rmf_demos/environment/path.sh
[1.980s] -- Installing: /home/usuario/rmf_demos/rmf_demos/install/rmf_demos/share/rmf_demos/environment/path.dsv
[1.983s] -- Installing: /home/usuario/rmf_demos/rmf_demos/install/rmf_demos/share/rmf_demos/local_setup.bash
[1.987s] -- Installing: /home/usuario/rmf_demos/rmf_demos/install/rmf_demos/share/rmf_demos/local_setup.sh
[1.992s] -- Installing: /home/usuario/rmf_demos/rmf_demos/install/rmf_demos/share/rmf_demos/local_setup.zsh
[1.997s] -- Installing: /home/usuario/rmf_demos/rmf_demos/install/rmf_demos/share/rmf_demos/local_setup.dsv
[2.000s] -- Installing: /home/usuario/rmf_demos/rmf_demos/install/rmf_demos/share/rmf_demos/package.dsv
[2.004s] -- Installing: /home/usuario/rmf_demos/rmf_demos/install/rmf_demos/share/ament_index/resource_index/packages/rmf_demos
[2.005s] -- Installing: /home/usuario/rmf_demos/rmf_demos/install/rmf_demos/share/rmf_demos/cmake/rmf_demosConfig.cmake
[2.009s] -- Installing: /home/usuario/rmf_demos/rmf_demos/install/rmf_demos/share/rmf_demos/cmake/rmf_demosConfig-version.cmake
[2.012s] -- Installing: /home/usuario/rmf_demos/rmf_demos/install/rmf_demos/share/rmf_demos/package.xml
[2.018s] Invoked command in '/home/usuario/rmf_demos/rmf_demos/build/rmf_demos' returned '0': CMAKE_PREFIX_PATH=/rmf_demos_ws/install/rmf_workcell_msgs:/rmf_demos_ws/install/rmf_reservation_node:/rmf_demos_ws/install/rmf_demos_gz:/rmf_demos_ws/install/rmf_demos:/rmf_demos_ws/install/rmf_fleet_adapter_python:/rmf_demos_ws/install/rmf_fleet_adapter:/rmf_demos_ws/install/rmf_task_ros2:/rmf_demos_ws/install/rmf_websocket:/rmf_demos_ws/install/rmf_visualization:/rmf_demos_ws/install/rmf_visualization_schedule:/rmf_demos_ws/install/rmf_visualization_rviz2_plugins:/rmf_demos_ws/install/rmf_visualization_obstacles:/rmf_demos_ws/install/rmf_visualization_navgraphs:/rmf_demos_ws/install/rmf_visualization_floorplans:/rmf_demos_ws/install/rmf_visualization_fleet_states:/rmf_demos_ws/install/rmf_visualization_msgs:/rmf_demos_ws/install/rmf_traffic_ros2:/rmf_demos_ws/install/rmf_task_sequence:/rmf_demos_ws/install/rmf_task:/rmf_demos_ws/install/rmf_battery:/rmf_demos_ws/install/rmf_traffic:/rmf_demos_ws/install/rmf_utils:/rmf_demos_ws/install/rmf_traffic_msgs:/rmf_demos_ws/install/rmf_traffic_editor_test_maps:/rmf_demos_ws/install/rmf_traffic_editor_assets:/rmf_demos_ws/install/rmf_traffic_editor:/rmf_demos_ws/install/rmf_task_msgs:/rmf_demos_ws/install/rmf_site_map_msgs:/rmf_demos_ws/install/rmf_scheduler_msgs:/rmf_demos_ws/install/rmf_robot_sim_gz_plugins:/rmf_demos_ws/install/rmf_robot_sim_common:/rmf_demos_ws/install/rmf_reservation_msgs:/rmf_demos_ws/install/rmf_obstacle_msgs:/rmf_demos_ws/install/rmf_building_sim_gz_plugins:/rmf_demos_ws/install/rmf_lift_msgs:/rmf_demos_ws/install/rmf_ingestor_msgs:/rmf_demos_ws/install/rmf_fleet_msgs:/rmf_demos_ws/install/rmf_door_msgs:/rmf_demos_ws/install/rmf_dispenser_msgs:/rmf_demos_ws/install/rmf_demos_maps:/rmf_demos_ws/install/rmf_demos_assets:/rmf_demos_ws/install/rmf_charger_msgs:/rmf_demos_ws/install/rmf_building_map_msgs:/rmf_demos_ws/install/rmf_api_msgs:/rmf_demos_ws/install/pybind11_json_vendor:/rmf_demos_ws/install/nlohmann_json_schema_validator_vendor:/rmf_demos_ws/install/rmf_demos_fleet_adapter:/rmf_demos_ws/install/rmf_visualization_building_systems:/rmf_demos_ws/install/rmf_traffic_examples:/rmf_demos_ws/install/rmf_demos_bridges:/rmf_demos_ws/install/rmf_demos_tasks:/rmf_demos_ws/install/rmf_building_map_tools:/rmf_demos_ws/install/rmf_charging_schedule:/opt/ros/jazzy:/rmf_demos_ws/install/menge_vendor:/rmf_demos_ws/install/ament_cmake_catch2:/opt/ros/jazzy/opt/gz_sim_vendor:/opt/ros/jazzy/opt/gz_sensors_vendor:/opt/ros/jazzy/opt/gz_physics_vendor:/opt/ros/jazzy/opt/sdformat_vendor:/opt/ros/jazzy/opt/gz_gui_vendor:/opt/ros/jazzy/opt/gz_transport_vendor:/opt/ros/jazzy/opt/gz_rendering_vendor:/opt/ros/jazzy/opt/gz_plugin_vendor:/opt/ros/jazzy/opt/gz_fuel_tools_vendor:/opt/ros/jazzy/opt/gz_msgs_vendor:/opt/ros/jazzy/opt/gz_common_vendor:/opt/ros/jazzy/opt/gz_math_vendor:/opt/ros/jazzy/opt/gz_utils_vendor:/opt/ros/jazzy/opt/gz_tools_vendor:/opt/ros/jazzy/opt/gz_ogre_next_vendor:/opt/ros/jazzy/opt/gz_dartsim_vendor:/opt/ros/jazzy/opt/gz_cmake_vendor /usr/bin/cmake --install /home/usuario/rmf_demos/rmf_demos/build/rmf_demos
