[2.233s] Invoking command in '/home/usuario/rmf_ws/rmf_ws_bridges': PYTHONPATH=/home/usuario/rmf_ws/build/rmf_ws_bridges/prefix_override:/usr/lib/python3/dist-packages/colcon_core/task/python/colcon_distutils_commands:/home/usuario/rmf_ws/install/rmf_ws_bridges/lib/python3.12/site-packages:${PYTHONPATH} /usr/bin/python3 -W ignore:setup.py install is deprecated -W ignore:easy_install command is deprecated setup.py egg_info --egg-base ../build/rmf_ws_bridges build --build-base /home/usuario/rmf_ws/build/rmf_ws_bridges/build install --record /home/usuario/rmf_ws/build/rmf_ws_bridges/install.log --single-version-externally-managed install_data
[2.994s] running egg_info
[3.031s] writing ../build/rmf_ws_bridges/rmf_ws_bridges.egg-info/PKG-INFO
[3.031s] writing dependency_links to ../build/rmf_ws_bridges/rmf_ws_bridges.egg-info/dependency_links.txt
[3.032s] writing entry points to ../build/rmf_ws_bridges/rmf_ws_bridges.egg-info/entry_points.txt
[3.033s] writing requirements to ../build/rmf_ws_bridges/rmf_ws_bridges.egg-info/requires.txt
[3.036s] writing top-level names to ../build/rmf_ws_bridges/rmf_ws_bridges.egg-info/top_level.txt
[3.124s] reading manifest file '../build/rmf_ws_bridges/rmf_ws_bridges.egg-info/SOURCES.txt'
[3.150s] writing manifest file '../build/rmf_ws_bridges/rmf_ws_bridges.egg-info/SOURCES.txt'
[3.151s] running build
[3.152s] running build_py
[3.152s] running install
[3.160s] running install_lib
[3.215s] running install_data
[3.218s] running install_egg_info
[3.278s] removing '/home/usuario/rmf_ws/install/rmf_ws_bridges/lib/python3.12/site-packages/rmf_ws_bridges-2.5.0-py3.12.egg-info' (and everything under it)
[3.284s] Copying ../build/rmf_ws_bridges/rmf_ws_bridges.egg-info to /home/usuario/rmf_ws/install/rmf_ws_bridges/lib/python3.12/site-packages/rmf_ws_bridges-2.5.0-py3.12.egg-info
[3.322s] running install_scripts
[3.569s] Installing fleet_robotmanager_mqtt_bridge script to /home/usuario/rmf_ws/install/rmf_ws_bridges/lib/rmf_ws_bridges
[3.570s] Installing fleet_socketio_bridge script to /home/usuario/rmf_ws/install/rmf_ws_bridges/lib/rmf_ws_bridges
[3.572s] writing list of installed files to '/home/usuario/rmf_ws/build/rmf_ws_bridges/install.log'
[3.626s] Invoked command in '/home/usuario/rmf_ws/rmf_ws_bridges' returned '0': PYTHONPATH=/home/usuario/rmf_ws/build/rmf_ws_bridges/prefix_override:/usr/lib/python3/dist-packages/colcon_core/task/python/colcon_distutils_commands:/home/usuario/rmf_ws/install/rmf_ws_bridges/lib/python3.12/site-packages:${PYTHONPATH} /usr/bin/python3 -W ignore:setup.py install is deprecated -W ignore:easy_install command is deprecated setup.py egg_info --egg-base ../build/rmf_ws_bridges build --build-base /home/usuario/rmf_ws/build/rmf_ws_bridges/build install --record /home/usuario/rmf_ws/build/rmf_ws_bridges/install.log --single-version-externally-managed install_data
