[1.786s] Invoking command in '/home/ususario/rmf_demos/rmf_demos_bridges': PYTHONPATH=/home/ususario/rmf_demos/build/rmf_demos_bridges/prefix_override:/usr/lib/python3/dist-packages/colcon_core/task/python/colcon_distutils_commands:/home/ususario/rmf_demos/install/rmf_demos_bridges/lib/python3.12/site-packages:${PYTHONPATH} /usr/bin/python3 -W ignore:setup.py install is deprecated -W ignore:easy_install command is deprecated setup.py egg_info --egg-base ../build/rmf_demos_bridges build --build-base /home/ususario/rmf_demos/build/rmf_demos_bridges/build install --record /home/ususario/rmf_demos/build/rmf_demos_bridges/install.log --single-version-externally-managed install_data
[2.242s] running egg_info
[2.242s] creating ../build/rmf_demos_bridges/rmf_demos_bridges.egg-info
[2.295s] writing ../build/rmf_demos_bridges/rmf_demos_bridges.egg-info/PKG-INFO
[2.304s] writing dependency_links to ../build/rmf_demos_bridges/rmf_demos_bridges.egg-info/dependency_links.txt
[2.304s] writing entry points to ../build/rmf_demos_bridges/rmf_demos_bridges.egg-info/entry_points.txt
[2.304s] writing requirements to ../build/rmf_demos_bridges/rmf_demos_bridges.egg-info/requires.txt
[2.304s] writing top-level names to ../build/rmf_demos_bridges/rmf_demos_bridges.egg-info/top_level.txt
[2.304s] writing manifest file '../build/rmf_demos_bridges/rmf_demos_bridges.egg-info/SOURCES.txt'
[2.433s] reading manifest file '../build/rmf_demos_bridges/rmf_demos_bridges.egg-info/SOURCES.txt'
[2.435s] writing manifest file '../build/rmf_demos_bridges/rmf_demos_bridges.egg-info/SOURCES.txt'
[2.436s] running build
[2.436s] running build_py
[2.436s] creating /home/ususario/rmf_demos/build/rmf_demos_bridges/build
[2.436s] creating /home/ususario/rmf_demos/build/rmf_demos_bridges/build/lib
[2.436s] creating /home/ususario/rmf_demos/build/rmf_demos_bridges/build/lib/rmf_demos_bridges
[2.436s] copying rmf_demos_bridges/fleet_socketio_bridge.py -> /home/ususario/rmf_demos/build/rmf_demos_bridges/build/lib/rmf_demos_bridges
[2.436s] copying rmf_demos_bridges/__init__.py -> /home/ususario/rmf_demos/build/rmf_demos_bridges/build/lib/rmf_demos_bridges
[2.436s] copying rmf_demos_bridges/fleet_robotmanager_mqtt_bridge.py -> /home/ususario/rmf_demos/build/rmf_demos_bridges/build/lib/rmf_demos_bridges
[2.436s] running install
[2.461s] running install_lib
[2.508s] creating /home/ususario/rmf_demos/install/rmf_demos_bridges/lib/python3.12/site-packages/rmf_demos_bridges
[2.508s] copying /home/ususario/rmf_demos/build/rmf_demos_bridges/build/lib/rmf_demos_bridges/fleet_socketio_bridge.py -> /home/ususario/rmf_demos/install/rmf_demos_bridges/lib/python3.12/site-packages/rmf_demos_bridges
[2.509s] copying /home/ususario/rmf_demos/build/rmf_demos_bridges/build/lib/rmf_demos_bridges/__init__.py -> /home/ususario/rmf_demos/install/rmf_demos_bridges/lib/python3.12/site-packages/rmf_demos_bridges
[2.509s] copying /home/ususario/rmf_demos/build/rmf_demos_bridges/build/lib/rmf_demos_bridges/fleet_robotmanager_mqtt_bridge.py -> /home/ususario/rmf_demos/install/rmf_demos_bridges/lib/python3.12/site-packages/rmf_demos_bridges
[2.511s] byte-compiling /home/ususario/rmf_demos/install/rmf_demos_bridges/lib/python3.12/site-packages/rmf_demos_bridges/fleet_socketio_bridge.py to fleet_socketio_bridge.cpython-312.pyc
[2.513s] byte-compiling /home/ususario/rmf_demos/install/rmf_demos_bridges/lib/python3.12/site-packages/rmf_demos_bridges/__init__.py to __init__.cpython-312.pyc
[2.514s] byte-compiling /home/ususario/rmf_demos/install/rmf_demos_bridges/lib/python3.12/site-packages/rmf_demos_bridges/fleet_robotmanager_mqtt_bridge.py to fleet_robotmanager_mqtt_bridge.cpython-312.pyc
[2.517s] running install_data
[2.517s] creating /home/ususario/rmf_demos/install/rmf_demos_bridges/share/ament_index
[2.518s] creating /home/ususario/rmf_demos/install/rmf_demos_bridges/share/ament_index/resource_index
[2.518s] creating /home/ususario/rmf_demos/install/rmf_demos_bridges/share/ament_index/resource_index/packages
[2.518s] copying resource/rmf_demos_bridges -> /home/ususario/rmf_demos/install/rmf_demos_bridges/share/ament_index/resource_index/packages
[2.519s] copying package.xml -> /home/ususario/rmf_demos/install/rmf_demos_bridges/share/rmf_demos_bridges
[2.521s] running install_egg_info
[2.558s] Copying ../build/rmf_demos_bridges/rmf_demos_bridges.egg-info to /home/ususario/rmf_demos/install/rmf_demos_bridges/lib/python3.12/site-packages/rmf_demos_bridges-2.5.0-py3.12.egg-info
[2.560s] running install_scripts
[2.865s] Installing fleet_robotmanager_mqtt_bridge script to /home/ususario/rmf_demos/install/rmf_demos_bridges/lib/rmf_demos_bridges
[2.866s] Installing fleet_socketio_bridge script to /home/ususario/rmf_demos/install/rmf_demos_bridges/lib/rmf_demos_bridges
[2.868s] writing list of installed files to '/home/ususario/rmf_demos/build/rmf_demos_bridges/install.log'
[3.018s] Invoked command in '/home/ususario/rmf_demos/rmf_demos_bridges' returned '0': PYTHONPATH=/home/ususario/rmf_demos/build/rmf_demos_bridges/prefix_override:/usr/lib/python3/dist-packages/colcon_core/task/python/colcon_distutils_commands:/home/ususario/rmf_demos/install/rmf_demos_bridges/lib/python3.12/site-packages:${PYTHONPATH} /usr/bin/python3 -W ignore:setup.py install is deprecated -W ignore:easy_install command is deprecated setup.py egg_info --egg-base ../build/rmf_demos_bridges build --build-base /home/ususario/rmf_demos/build/rmf_demos_bridges/build install --record /home/ususario/rmf_demos/build/rmf_demos_bridges/install.log --single-version-externally-managed install_data
