[0.140s] DEBUG:colcon:Command line arguments: ['/usr/bin/colcon', 'build']
[0.140s] DEBUG:colcon:Parsed command line arguments: Namespace(log_base=None, log_level=None, verb_name='build', build_base='build', install_base='install', merge_install=False, symlink_install=False, test_result_base=None, continue_on_error=False, executor='parallel', parallel_workers=6, event_handlers=None, ignore_user_meta=False, metas=['./colcon.meta'], base_paths=['.'], packages_ignore=None, packages_ignore_regex=None, paths=None, packages_up_to=None, packages_up_to_regex=None, packages_above=None, packages_above_and_dependencies=None, packages_above_depth=None, packages_select_by_dep=None, packages_skip_by_dep=None, packages_skip_up_to=None, packages_select_build_failed=False, packages_skip_build_finished=False, packages_select_test_failures=False, packages_skip_test_passed=False, packages_select=None, packages_skip=None, packages_select_regex=None, packages_skip_regex=None, packages_start=None, packages_end=None, cmake_args=None, cmake_target=None, cmake_target_skip_unavailable=False, cmake_clean_cache=False, cmake_clean_first=False, cmake_force_configure=False, ament_cmake_args=None, catkin_cmake_args=None, catkin_skip_building_tests=False, mixin_files=None, mixin=None, verb_parser=<colcon_mixin.mixin.mixin_argument.MixinArgumentDecorator object at 0x7108f5a36780>, verb_extension=<colcon_core.verb.build.BuildVerb object at 0x7108f5a36690>, main=<bound method BuildVerb.main of <colcon_core.verb.build.BuildVerb object at 0x7108f5a36690>>, mixin_verb=('build',))
[0.197s] Level 1:colcon.colcon_core.package_discovery:discover_packages(colcon_meta) check parameters
[0.197s] Level 1:colcon.colcon_core.package_discovery:discover_packages(recursive) check parameters
[0.197s] Level 1:colcon.colcon_core.package_discovery:discover_packages(ignore) check parameters
[0.197s] Level 1:colcon.colcon_core.package_discovery:discover_packages(path) check parameters
[0.197s] Level 1:colcon.colcon_core.package_discovery:discover_packages(colcon_meta) discover
[0.198s] Level 1:colcon.colcon_core.package_discovery:discover_packages(recursive) discover
[0.198s] INFO:colcon.colcon_core.package_discovery:Crawling recursively for packages in '/home/usuario/rmf_ws'
[0.198s] Level 1:colcon.colcon_core.package_identification:_identify(.) by extensions ['ignore', 'ignore_ament_install']
[0.198s] Level 1:colcon.colcon_core.package_identification:_identify(.) by extension 'ignore'
[0.198s] Level 1:colcon.colcon_core.package_identification:_identify(.) by extension 'ignore_ament_install'
[0.198s] Level 1:colcon.colcon_core.package_identification:_identify(.) by extensions ['colcon_pkg']
[0.198s] Level 1:colcon.colcon_core.package_identification:_identify(.) by extension 'colcon_pkg'
[0.198s] Level 1:colcon.colcon_core.package_identification:_identify(.) by extensions ['colcon_meta']
[0.198s] Level 1:colcon.colcon_core.package_identification:_identify(.) by extension 'colcon_meta'
[0.198s] Level 1:colcon.colcon_core.package_identification:_identify(.) by extensions ['ros']
[0.198s] Level 1:colcon.colcon_core.package_identification:_identify(.) by extension 'ros'
[0.224s] Level 1:colcon.colcon_core.package_identification:_identify(.) by extensions ['cmake', 'python']
[0.224s] Level 1:colcon.colcon_core.package_identification:_identify(.) by extension 'cmake'
[0.224s] Level 1:colcon.colcon_core.package_identification:_identify(.) by extension 'python'
[0.224s] Level 1:colcon.colcon_core.package_identification:_identify(.) by extensions ['python_setup_py']
[0.224s] Level 1:colcon.colcon_core.package_identification:_identify(.) by extension 'python_setup_py'
[0.224s] Level 1:colcon.colcon_core.package_identification:_identify(build) by extensions ['ignore', 'ignore_ament_install']
[0.224s] Level 1:colcon.colcon_core.package_identification:_identify(build) by extension 'ignore'
[0.224s] Level 1:colcon.colcon_core.package_identification:_identify(build) ignored
[0.225s] Level 1:colcon.colcon_core.package_identification:_identify(install) by extensions ['ignore', 'ignore_ament_install']
[0.225s] Level 1:colcon.colcon_core.package_identification:_identify(install) by extension 'ignore'
[0.225s] Level 1:colcon.colcon_core.package_identification:_identify(install) ignored
[0.225s] Level 1:colcon.colcon_core.package_identification:_identify(log) by extensions ['ignore', 'ignore_ament_install']
[0.225s] Level 1:colcon.colcon_core.package_identification:_identify(log) by extension 'ignore'
[0.225s] Level 1:colcon.colcon_core.package_identification:_identify(log) ignored
[0.225s] Level 1:colcon.colcon_core.package_identification:_identify(src) by extensions ['ignore', 'ignore_ament_install']
[0.225s] Level 1:colcon.colcon_core.package_identification:_identify(src) by extension 'ignore'
[0.225s] Level 1:colcon.colcon_core.package_identification:_identify(src) by extension 'ignore_ament_install'
[0.225s] Level 1:colcon.colcon_core.package_identification:_identify(src) by extensions ['colcon_pkg']
[0.225s] Level 1:colcon.colcon_core.package_identification:_identify(src) by extension 'colcon_pkg'
[0.225s] Level 1:colcon.colcon_core.package_identification:_identify(src) by extensions ['colcon_meta']
[0.225s] Level 1:colcon.colcon_core.package_identification:_identify(src) by extension 'colcon_meta'
[0.225s] Level 1:colcon.colcon_core.package_identification:_identify(src) by extensions ['ros']
[0.225s] Level 1:colcon.colcon_core.package_identification:_identify(src) by extension 'ros'
[0.225s] Level 1:colcon.colcon_core.package_identification:_identify(src) by extensions ['cmake', 'python']
[0.225s] Level 1:colcon.colcon_core.package_identification:_identify(src) by extension 'cmake'
[0.225s] Level 1:colcon.colcon_core.package_identification:_identify(src) by extension 'python'
[0.226s] Level 1:colcon.colcon_core.package_identification:_identify(src) by extensions ['python_setup_py']
[0.226s] Level 1:colcon.colcon_core.package_identification:_identify(src) by extension 'python_setup_py'
[0.226s] Level 1:colcon.colcon_core.package_identification:_identify(src/rmf_demos) by extensions ['ignore', 'ignore_ament_install']
[0.226s] Level 1:colcon.colcon_core.package_identification:_identify(src/rmf_demos) by extension 'ignore'
[0.226s] Level 1:colcon.colcon_core.package_identification:_identify(src/rmf_demos) by extension 'ignore_ament_install'
[0.226s] Level 1:colcon.colcon_core.package_identification:_identify(src/rmf_demos) by extensions ['colcon_pkg']
[0.226s] Level 1:colcon.colcon_core.package_identification:_identify(src/rmf_demos) by extension 'colcon_pkg'
[0.226s] Level 1:colcon.colcon_core.package_identification:_identify(src/rmf_demos) by extensions ['colcon_meta']
[0.226s] Level 1:colcon.colcon_core.package_identification:_identify(src/rmf_demos) by extension 'colcon_meta'
[0.226s] Level 1:colcon.colcon_core.package_identification:_identify(src/rmf_demos) by extensions ['ros']
[0.226s] Level 1:colcon.colcon_core.package_identification:_identify(src/rmf_demos) by extension 'ros'
[0.226s] Level 1:colcon.colcon_core.package_identification:_identify(src/rmf_demos) by extensions ['cmake', 'python']
[0.226s] Level 1:colcon.colcon_core.package_identification:_identify(src/rmf_demos) by extension 'cmake'
[0.226s] Level 1:colcon.colcon_core.package_identification:_identify(src/rmf_demos) by extension 'python'
[0.226s] Level 1:colcon.colcon_core.package_identification:_identify(src/rmf_demos) by extensions ['python_setup_py']
[0.226s] Level 1:colcon.colcon_core.package_identification:_identify(src/rmf_demos) by extension 'python_setup_py'
[0.226s] Level 1:colcon.colcon_core.package_identification:_identify(src/rmf_demos/config) by extensions ['ignore', 'ignore_ament_install']
[0.226s] Level 1:colcon.colcon_core.package_identification:_identify(src/rmf_demos/config) by extension 'ignore'
[0.226s] Level 1:colcon.colcon_core.package_identification:_identify(src/rmf_demos/config) by extension 'ignore_ament_install'
[0.227s] Level 1:colcon.colcon_core.package_identification:_identify(src/rmf_demos/config) by extensions ['colcon_pkg']
[0.227s] Level 1:colcon.colcon_core.package_identification:_identify(src/rmf_demos/config) by extension 'colcon_pkg'
[0.227s] Level 1:colcon.colcon_core.package_identification:_identify(src/rmf_demos/config) by extensions ['colcon_meta']
[0.227s] Level 1:colcon.colcon_core.package_identification:_identify(src/rmf_demos/config) by extension 'colcon_meta'
[0.227s] Level 1:colcon.colcon_core.package_identification:_identify(src/rmf_demos/config) by extensions ['ros']
[0.227s] Level 1:colcon.colcon_core.package_identification:_identify(src/rmf_demos/config) by extension 'ros'
[0.227s] Level 1:colcon.colcon_core.package_identification:_identify(src/rmf_demos/config) by extensions ['cmake', 'python']
[0.227s] Level 1:colcon.colcon_core.package_identification:_identify(src/rmf_demos/config) by extension 'cmake'
[0.227s] Level 1:colcon.colcon_core.package_identification:_identify(src/rmf_demos/config) by extension 'python'
[0.227s] Level 1:colcon.colcon_core.package_identification:_identify(src/rmf_demos/config) by extensions ['python_setup_py']
[0.227s] Level 1:colcon.colcon_core.package_identification:_identify(src/rmf_demos/config) by extension 'python_setup_py'
[0.227s] Level 1:colcon.colcon_core.package_identification:_identify(src/rmf_demos/config/office) by extensions ['ignore', 'ignore_ament_install']
[0.227s] Level 1:colcon.colcon_core.package_identification:_identify(src/rmf_demos/config/office) by extension 'ignore'
[0.227s] Level 1:colcon.colcon_core.package_identification:_identify(src/rmf_demos/config/office) by extension 'ignore_ament_install'
[0.227s] Level 1:colcon.colcon_core.package_identification:_identify(src/rmf_demos/config/office) by extensions ['colcon_pkg']
[0.227s] Level 1:colcon.colcon_core.package_identification:_identify(src/rmf_demos/config/office) by extension 'colcon_pkg'
[0.227s] Level 1:colcon.colcon_core.package_identification:_identify(src/rmf_demos/config/office) by extensions ['colcon_meta']
[0.227s] Level 1:colcon.colcon_core.package_identification:_identify(src/rmf_demos/config/office) by extension 'colcon_meta'
[0.227s] Level 1:colcon.colcon_core.package_identification:_identify(src/rmf_demos/config/office) by extensions ['ros']
[0.227s] Level 1:colcon.colcon_core.package_identification:_identify(src/rmf_demos/config/office) by extension 'ros'
[0.228s] Level 1:colcon.colcon_core.package_identification:_identify(src/rmf_demos/config/office) by extensions ['cmake', 'python']
[0.228s] Level 1:colcon.colcon_core.package_identification:_identify(src/rmf_demos/config/office) by extension 'cmake'
[0.228s] Level 1:colcon.colcon_core.package_identification:_identify(src/rmf_demos/config/office) by extension 'python'
[0.228s] Level 1:colcon.colcon_core.package_identification:_identify(src/rmf_demos/config/office) by extensions ['python_setup_py']
[0.228s] Level 1:colcon.colcon_core.package_identification:_identify(src/rmf_demos/config/office) by extension 'python_setup_py'
[0.228s] Level 1:colcon.colcon_core.package_identification:_identify(src/rmf_demos/launch) by extensions ['ignore', 'ignore_ament_install']
[0.228s] Level 1:colcon.colcon_core.package_identification:_identify(src/rmf_demos/launch) by extension 'ignore'
[0.228s] Level 1:colcon.colcon_core.package_identification:_identify(src/rmf_demos/launch) by extension 'ignore_ament_install'
[0.228s] Level 1:colcon.colcon_core.package_identification:_identify(src/rmf_demos/launch) by extensions ['colcon_pkg']
[0.228s] Level 1:colcon.colcon_core.package_identification:_identify(src/rmf_demos/launch) by extension 'colcon_pkg'
[0.228s] Level 1:colcon.colcon_core.package_identification:_identify(src/rmf_demos/launch) by extensions ['colcon_meta']
[0.228s] Level 1:colcon.colcon_core.package_identification:_identify(src/rmf_demos/launch) by extension 'colcon_meta'
[0.228s] Level 1:colcon.colcon_core.package_identification:_identify(src/rmf_demos/launch) by extensions ['ros']
[0.228s] Level 1:colcon.colcon_core.package_identification:_identify(src/rmf_demos/launch) by extension 'ros'
[0.228s] Level 1:colcon.colcon_core.package_identification:_identify(src/rmf_demos/launch) by extensions ['cmake', 'python']
[0.228s] Level 1:colcon.colcon_core.package_identification:_identify(src/rmf_demos/launch) by extension 'cmake'
[0.228s] Level 1:colcon.colcon_core.package_identification:_identify(src/rmf_demos/launch) by extension 'python'
[0.228s] Level 1:colcon.colcon_core.package_identification:_identify(src/rmf_demos/launch) by extensions ['python_setup_py']
[0.228s] Level 1:colcon.colcon_core.package_identification:_identify(src/rmf_demos/launch) by extension 'python_setup_py'
[0.228s] Level 1:colcon.colcon_core.package_identification:_identify(src/rmf_demos_fleet_adapter) by extensions ['ignore', 'ignore_ament_install']
[0.228s] Level 1:colcon.colcon_core.package_identification:_identify(src/rmf_demos_fleet_adapter) by extension 'ignore'
[0.229s] Level 1:colcon.colcon_core.package_identification:_identify(src/rmf_demos_fleet_adapter) by extension 'ignore_ament_install'
[0.229s] Level 1:colcon.colcon_core.package_identification:_identify(src/rmf_demos_fleet_adapter) by extensions ['colcon_pkg']
[0.229s] Level 1:colcon.colcon_core.package_identification:_identify(src/rmf_demos_fleet_adapter) by extension 'colcon_pkg'
[0.229s] Level 1:colcon.colcon_core.package_identification:_identify(src/rmf_demos_fleet_adapter) by extensions ['colcon_meta']
[0.229s] Level 1:colcon.colcon_core.package_identification:_identify(src/rmf_demos_fleet_adapter) by extension 'colcon_meta'
[0.229s] Level 1:colcon.colcon_core.package_identification:_identify(src/rmf_demos_fleet_adapter) by extensions ['ros']
[0.229s] Level 1:colcon.colcon_core.package_identification:_identify(src/rmf_demos_fleet_adapter) by extension 'ros'
[0.229s] Level 1:colcon.colcon_core.package_identification:_identify(src/rmf_demos_fleet_adapter) by extensions ['cmake', 'python']
[0.229s] Level 1:colcon.colcon_core.package_identification:_identify(src/rmf_demos_fleet_adapter) by extension 'cmake'
[0.229s] Level 1:colcon.colcon_core.package_identification:_identify(src/rmf_demos_fleet_adapter) by extension 'python'
[0.229s] Level 1:colcon.colcon_core.package_identification:_identify(src/rmf_demos_fleet_adapter) by extensions ['python_setup_py']
[0.229s] Level 1:colcon.colcon_core.package_identification:_identify(src/rmf_demos_fleet_adapter) by extension 'python_setup_py'
[0.229s] Level 1:colcon.colcon_core.package_identification:_identify(src/rmf_demos_fleet_adapter/launch) by extensions ['ignore', 'ignore_ament_install']
[0.229s] Level 1:colcon.colcon_core.package_identification:_identify(src/rmf_demos_fleet_adapter/launch) by extension 'ignore'
[0.229s] Level 1:colcon.colcon_core.package_identification:_identify(src/rmf_demos_fleet_adapter/launch) by extension 'ignore_ament_install'
[0.229s] Level 1:colcon.colcon_core.package_identification:_identify(src/rmf_demos_fleet_adapter/launch) by extensions ['colcon_pkg']
[0.229s] Level 1:colcon.colcon_core.package_identification:_identify(src/rmf_demos_fleet_adapter/launch) by extension 'colcon_pkg'
[0.229s] Level 1:colcon.colcon_core.package_identification:_identify(src/rmf_demos_fleet_adapter/launch) by extensions ['colcon_meta']
[0.229s] Level 1:colcon.colcon_core.package_identification:_identify(src/rmf_demos_fleet_adapter/launch) by extension 'colcon_meta'
[0.229s] Level 1:colcon.colcon_core.package_identification:_identify(src/rmf_demos_fleet_adapter/launch) by extensions ['ros']
[0.229s] Level 1:colcon.colcon_core.package_identification:_identify(src/rmf_demos_fleet_adapter/launch) by extension 'ros'
[0.230s] Level 1:colcon.colcon_core.package_identification:_identify(src/rmf_demos_fleet_adapter/launch) by extensions ['cmake', 'python']
[0.230s] Level 1:colcon.colcon_core.package_identification:_identify(src/rmf_demos_fleet_adapter/launch) by extension 'cmake'
[0.230s] Level 1:colcon.colcon_core.package_identification:_identify(src/rmf_demos_fleet_adapter/launch) by extension 'python'
[0.230s] Level 1:colcon.colcon_core.package_identification:_identify(src/rmf_demos_fleet_adapter/launch) by extensions ['python_setup_py']
[0.230s] Level 1:colcon.colcon_core.package_identification:_identify(src/rmf_demos_fleet_adapter/launch) by extension 'python_setup_py'
[0.230s] Level 1:colcon.colcon_core.package_identification:_identify(src/rmf_demos_gz) by extensions ['ignore', 'ignore_ament_install']
[0.230s] Level 1:colcon.colcon_core.package_identification:_identify(src/rmf_demos_gz) by extension 'ignore'
[0.230s] Level 1:colcon.colcon_core.package_identification:_identify(src/rmf_demos_gz) by extension 'ignore_ament_install'
[0.230s] Level 1:colcon.colcon_core.package_identification:_identify(src/rmf_demos_gz) by extensions ['colcon_pkg']
[0.230s] Level 1:colcon.colcon_core.package_identification:_identify(src/rmf_demos_gz) by extension 'colcon_pkg'
[0.230s] Level 1:colcon.colcon_core.package_identification:_identify(src/rmf_demos_gz) by extensions ['colcon_meta']
[0.230s] Level 1:colcon.colcon_core.package_identification:_identify(src/rmf_demos_gz) by extension 'colcon_meta'
[0.230s] Level 1:colcon.colcon_core.package_identification:_identify(src/rmf_demos_gz) by extensions ['ros']
[0.230s] Level 1:colcon.colcon_core.package_identification:_identify(src/rmf_demos_gz) by extension 'ros'
[0.230s] Level 1:colcon.colcon_core.package_identification:_identify(src/rmf_demos_gz) by extensions ['cmake', 'python']
[0.230s] Level 1:colcon.colcon_core.package_identification:_identify(src/rmf_demos_gz) by extension 'cmake'
[0.230s] Level 1:colcon.colcon_core.package_identification:_identify(src/rmf_demos_gz) by extension 'python'
[0.230s] Level 1:colcon.colcon_core.package_identification:_identify(src/rmf_demos_gz) by extensions ['python_setup_py']
[0.230s] Level 1:colcon.colcon_core.package_identification:_identify(src/rmf_demos_gz) by extension 'python_setup_py'
[0.230s] Level 1:colcon.colcon_core.package_identification:_identify(src/rmf_demos_gz/launch) by extensions ['ignore', 'ignore_ament_install']
[0.230s] Level 1:colcon.colcon_core.package_identification:_identify(src/rmf_demos_gz/launch) by extension 'ignore'
[0.231s] Level 1:colcon.colcon_core.package_identification:_identify(src/rmf_demos_gz/launch) by extension 'ignore_ament_install'
[0.231s] Level 1:colcon.colcon_core.package_identification:_identify(src/rmf_demos_gz/launch) by extensions ['colcon_pkg']
[0.231s] Level 1:colcon.colcon_core.package_identification:_identify(src/rmf_demos_gz/launch) by extension 'colcon_pkg'
[0.231s] Level 1:colcon.colcon_core.package_identification:_identify(src/rmf_demos_gz/launch) by extensions ['colcon_meta']
[0.231s] Level 1:colcon.colcon_core.package_identification:_identify(src/rmf_demos_gz/launch) by extension 'colcon_meta'
[0.231s] Level 1:colcon.colcon_core.package_identification:_identify(src/rmf_demos_gz/launch) by extensions ['ros']
[0.231s] Level 1:colcon.colcon_core.package_identification:_identify(src/rmf_demos_gz/launch) by extension 'ros'
[0.231s] Level 1:colcon.colcon_core.package_identification:_identify(src/rmf_demos_gz/launch) by extensions ['cmake', 'python']
[0.231s] Level 1:colcon.colcon_core.package_identification:_identify(src/rmf_demos_gz/launch) by extension 'cmake'
[0.231s] Level 1:colcon.colcon_core.package_identification:_identify(src/rmf_demos_gz/launch) by extension 'python'
[0.231s] Level 1:colcon.colcon_core.package_identification:_identify(src/rmf_demos_gz/launch) by extensions ['python_setup_py']
[0.231s] Level 1:colcon.colcon_core.package_identification:_identify(src/rmf_demos_gz/launch) by extension 'python_setup_py'
[0.231s] Level 1:colcon.colcon_core.package_identification:_identify(src/rmf_demos_maps) by extensions ['ignore', 'ignore_ament_install']
[0.231s] Level 1:colcon.colcon_core.package_identification:_identify(src/rmf_demos_maps) by extension 'ignore'
[0.231s] Level 1:colcon.colcon_core.package_identification:_identify(src/rmf_demos_maps) by extension 'ignore_ament_install'
[0.231s] Level 1:colcon.colcon_core.package_identification:_identify(src/rmf_demos_maps) by extensions ['colcon_pkg']
[0.231s] Level 1:colcon.colcon_core.package_identification:_identify(src/rmf_demos_maps) by extension 'colcon_pkg'
[0.231s] Level 1:colcon.colcon_core.package_identification:_identify(src/rmf_demos_maps) by extensions ['colcon_meta']
[0.231s] Level 1:colcon.colcon_core.package_identification:_identify(src/rmf_demos_maps) by extension 'colcon_meta'
[0.231s] Level 1:colcon.colcon_core.package_identification:_identify(src/rmf_demos_maps) by extensions ['ros']
[0.231s] Level 1:colcon.colcon_core.package_identification:_identify(src/rmf_demos_maps) by extension 'ros'
[0.232s] Level 1:colcon.colcon_core.package_identification:_identify(src/rmf_demos_maps) by extensions ['cmake', 'python']
[0.232s] Level 1:colcon.colcon_core.package_identification:_identify(src/rmf_demos_maps) by extension 'cmake'
[0.232s] Level 1:colcon.colcon_core.package_identification:_identify(src/rmf_demos_maps) by extension 'python'
[0.232s] Level 1:colcon.colcon_core.package_identification:_identify(src/rmf_demos_maps) by extensions ['python_setup_py']
[0.232s] Level 1:colcon.colcon_core.package_identification:_identify(src/rmf_demos_maps) by extension 'python_setup_py'
[0.232s] Level 1:colcon.colcon_core.package_identification:_identify(src/rmf_demos_maps/maps) by extensions ['ignore', 'ignore_ament_install']
[0.232s] Level 1:colcon.colcon_core.package_identification:_identify(src/rmf_demos_maps/maps) by extension 'ignore'
[0.232s] Level 1:colcon.colcon_core.package_identification:_identify(src/rmf_demos_maps/maps) by extension 'ignore_ament_install'
[0.232s] Level 1:colcon.colcon_core.package_identification:_identify(src/rmf_demos_maps/maps) by extensions ['colcon_pkg']
[0.232s] Level 1:colcon.colcon_core.package_identification:_identify(src/rmf_demos_maps/maps) by extension 'colcon_pkg'
[0.232s] Level 1:colcon.colcon_core.package_identification:_identify(src/rmf_demos_maps/maps) by extensions ['colcon_meta']
[0.232s] Level 1:colcon.colcon_core.package_identification:_identify(src/rmf_demos_maps/maps) by extension 'colcon_meta'
[0.232s] Level 1:colcon.colcon_core.package_identification:_identify(src/rmf_demos_maps/maps) by extensions ['ros']
[0.232s] Level 1:colcon.colcon_core.package_identification:_identify(src/rmf_demos_maps/maps) by extension 'ros'
[0.232s] Level 1:colcon.colcon_core.package_identification:_identify(src/rmf_demos_maps/maps) by extensions ['cmake', 'python']
[0.232s] Level 1:colcon.colcon_core.package_identification:_identify(src/rmf_demos_maps/maps) by extension 'cmake'
[0.232s] Level 1:colcon.colcon_core.package_identification:_identify(src/rmf_demos_maps/maps) by extension 'python'
[0.232s] Level 1:colcon.colcon_core.package_identification:_identify(src/rmf_demos_maps/maps) by extensions ['python_setup_py']
[0.232s] Level 1:colcon.colcon_core.package_identification:_identify(src/rmf_demos_maps/maps) by extension 'python_setup_py'
[0.232s] Level 1:colcon.colcon_core.package_identification:_identify(src/rmf_demos_maps/maps/office) by extensions ['ignore', 'ignore_ament_install']
[0.232s] Level 1:colcon.colcon_core.package_identification:_identify(src/rmf_demos_maps/maps/office) by extension 'ignore'
[0.233s] Level 1:colcon.colcon_core.package_identification:_identify(src/rmf_demos_maps/maps/office) by extension 'ignore_ament_install'
[0.233s] Level 1:colcon.colcon_core.package_identification:_identify(src/rmf_demos_maps/maps/office) by extensions ['colcon_pkg']
[0.233s] Level 1:colcon.colcon_core.package_identification:_identify(src/rmf_demos_maps/maps/office) by extension 'colcon_pkg'
[0.233s] Level 1:colcon.colcon_core.package_identification:_identify(src/rmf_demos_maps/maps/office) by extensions ['colcon_meta']
[0.233s] Level 1:colcon.colcon_core.package_identification:_identify(src/rmf_demos_maps/maps/office) by extension 'colcon_meta'
[0.233s] Level 1:colcon.colcon_core.package_identification:_identify(src/rmf_demos_maps/maps/office) by extensions ['ros']
[0.233s] Level 1:colcon.colcon_core.package_identification:_identify(src/rmf_demos_maps/maps/office) by extension 'ros'
[0.233s] Level 1:colcon.colcon_core.package_identification:_identify(src/rmf_demos_maps/maps/office) by extensions ['cmake', 'python']
[0.233s] Level 1:colcon.colcon_core.package_identification:_identify(src/rmf_demos_maps/maps/office) by extension 'cmake'
[0.233s] Level 1:colcon.colcon_core.package_identification:_identify(src/rmf_demos_maps/maps/office) by extension 'python'
[0.233s] Level 1:colcon.colcon_core.package_identification:_identify(src/rmf_demos_maps/maps/office) by extensions ['python_setup_py']
[0.233s] Level 1:colcon.colcon_core.package_identification:_identify(src/rmf_demos_maps/maps/office) by extension 'python_setup_py'
[0.233s] Level 1:colcon.colcon_core.package_identification:_identify(src/rmf_visualization) by extensions ['ignore', 'ignore_ament_install']
[0.233s] Level 1:colcon.colcon_core.package_identification:_identify(src/rmf_visualization) by extension 'ignore'
[0.233s] Level 1:colcon.colcon_core.package_identification:_identify(src/rmf_visualization) by extension 'ignore_ament_install'
[0.233s] Level 1:colcon.colcon_core.package_identification:_identify(src/rmf_visualization) by extensions ['colcon_pkg']
[0.233s] Level 1:colcon.colcon_core.package_identification:_identify(src/rmf_visualization) by extension 'colcon_pkg'
[0.233s] Level 1:colcon.colcon_core.package_identification:_identify(src/rmf_visualization) by extensions ['colcon_meta']
[0.233s] Level 1:colcon.colcon_core.package_identification:_identify(src/rmf_visualization) by extension 'colcon_meta'
[0.233s] Level 1:colcon.colcon_core.package_identification:_identify(src/rmf_visualization) by extensions ['ros']
[0.233s] Level 1:colcon.colcon_core.package_identification:_identify(src/rmf_visualization) by extension 'ros'
[0.234s] Level 1:colcon.colcon_core.package_identification:_identify(src/rmf_visualization) by extensions ['cmake', 'python']
[0.234s] Level 1:colcon.colcon_core.package_identification:_identify(src/rmf_visualization) by extension 'cmake'
[0.234s] Level 1:colcon.colcon_core.package_identification:_identify(src/rmf_visualization) by extension 'python'
[0.234s] Level 1:colcon.colcon_core.package_identification:_identify(src/rmf_visualization) by extensions ['python_setup_py']
[0.234s] Level 1:colcon.colcon_core.package_identification:_identify(src/rmf_visualization) by extension 'python_setup_py'
[0.234s] Level 1:colcon.colcon_core.package_identification:_identify(src/rmf_visualization/launch) by extensions ['ignore', 'ignore_ament_install']
[0.234s] Level 1:colcon.colcon_core.package_identification:_identify(src/rmf_visualization/launch) by extension 'ignore'
[0.234s] Level 1:colcon.colcon_core.package_identification:_identify(src/rmf_visualization/launch) by extension 'ignore_ament_install'
[0.234s] Level 1:colcon.colcon_core.package_identification:_identify(src/rmf_visualization/launch) by extensions ['colcon_pkg']
[0.234s] Level 1:colcon.colcon_core.package_identification:_identify(src/rmf_visualization/launch) by extension 'colcon_pkg'
[0.234s] Level 1:colcon.colcon_core.package_identification:_identify(src/rmf_visualization/launch) by extensions ['colcon_meta']
[0.234s] Level 1:colcon.colcon_core.package_identification:_identify(src/rmf_visualization/launch) by extension 'colcon_meta'
[0.234s] Level 1:colcon.colcon_core.package_identification:_identify(src/rmf_visualization/launch) by extensions ['ros']
[0.234s] Level 1:colcon.colcon_core.package_identification:_identify(src/rmf_visualization/launch) by extension 'ros'
[0.234s] Level 1:colcon.colcon_core.package_identification:_identify(src/rmf_visualization/launch) by extensions ['cmake', 'python']
[0.234s] Level 1:colcon.colcon_core.package_identification:_identify(src/rmf_visualization/launch) by extension 'cmake'
[0.234s] Level 1:colcon.colcon_core.package_identification:_identify(src/rmf_visualization/launch) by extension 'python'
[0.234s] Level 1:colcon.colcon_core.package_identification:_identify(src/rmf_visualization/launch) by extensions ['python_setup_py']
[0.234s] Level 1:colcon.colcon_core.package_identification:_identify(src/rmf_visualization/launch) by extension 'python_setup_py'
[0.234s] Level 1:colcon.colcon_core.package_discovery:discover_packages(recursive) using defaults
[0.234s] Level 1:colcon.colcon_core.package_discovery:discover_packages(ignore) discover
[0.234s] Level 1:colcon.colcon_core.package_discovery:discover_packages(ignore) using defaults
[0.234s] Level 1:colcon.colcon_core.package_discovery:discover_packages(path) discover
[0.234s] Level 1:colcon.colcon_core.package_discovery:discover_packages(path) using defaults
[0.254s] INFO:colcon.colcon_core.executor:Executing jobs using 'parallel' executor
[0.255s] DEBUG:colcon.colcon_parallel_executor.executor.parallel:run_until_complete
[0.255s] DEBUG:colcon.colcon_parallel_executor.executor.parallel:closing loop
[0.255s] DEBUG:colcon.colcon_parallel_executor.executor.parallel:loop closed
[0.255s] DEBUG:colcon.colcon_parallel_executor.executor.parallel:run_until_complete finished with '0'
[0.255s] DEBUG:colcon.colcon_core.event_reactor:joining thread
[0.265s] INFO:colcon.colcon_core.plugin_system:Skipping extension 'colcon_notification.desktop_notification.notify_send': Could not find 'notify-send'
[0.265s] INFO:colcon.colcon_core.plugin_system:Skipping extension 'colcon_notification.desktop_notification.terminal_notifier': Not used on non-Darwin systems
[0.265s] INFO:colcon.colcon_core.plugin_system:Skipping extension 'colcon_notification.desktop_notification.win32': Not used on non-Windows systems
[0.265s] INFO:colcon.colcon_notification.desktop_notification:Sending desktop notification using 'notify2'
[0.268s] DEBUG:colcon.colcon_notification.desktop_notification.notify2:Failed to initialize notify2: org.freedesktop.DBus.Error.Spawn.ExecFailed: /usr/bin/dbus-launch terminated abnormally without any error message
[0.268s] DEBUG:colcon.colcon_core.event_reactor:joined thread
[0.272s] INFO:colcon.colcon_core.plugin_system:Skipping extension 'colcon_core.shell.bat': Not used on non-Windows systems
[0.272s] INFO:colcon.colcon_core.shell:Creating prefix script '/home/usuario/rmf_ws/install/local_setup.ps1'
[0.274s] INFO:colcon.colcon_core.shell:Creating prefix util module '/home/usuario/rmf_ws/install/_local_setup_util_ps1.py'
[0.275s] INFO:colcon.colcon_core.shell:Creating prefix chain script '/home/usuario/rmf_ws/install/setup.ps1'
[0.281s] INFO:colcon.colcon_core.shell:Creating prefix script '/home/usuario/rmf_ws/install/local_setup.sh'
[0.282s] INFO:colcon.colcon_core.shell:Creating prefix util module '/home/usuario/rmf_ws/install/_local_setup_util_sh.py'
[0.283s] INFO:colcon.colcon_core.shell:Creating prefix chain script '/home/usuario/rmf_ws/install/setup.sh'
[0.287s] INFO:colcon.colcon_core.shell:Creating prefix script '/home/usuario/rmf_ws/install/local_setup.bash'
[0.288s] INFO:colcon.colcon_core.shell:Creating prefix chain script '/home/usuario/rmf_ws/install/setup.bash'
[0.292s] INFO:colcon.colcon_core.shell:Creating prefix script '/home/usuario/rmf_ws/install/local_setup.zsh'
[0.293s] INFO:colcon.colcon_core.shell:Creating prefix chain script '/home/usuario/rmf_ws/install/setup.zsh'
