[1.931s] Invoking command in '/home/usuario/rmf_demos/rmf_demos_fleet_adapter': PYTHONPATH=/home/usuario/rmf_demos/build/rmf_demos_fleet_adapter/prefix_override:/usr/lib/python3/dist-packages/colcon_core/task/python/colcon_distutils_commands:/home/usuario/rmf_demos/install/rmf_demos_fleet_adapter/lib/python3.10/site-packages:${PYTHONPATH} /usr/bin/python3 -W ignore:setup.py install is deprecated -W ignore:easy_install command is deprecated setup.py egg_info --egg-base ../build/rmf_demos_fleet_adapter build --build-base /home/usuario/rmf_demos/build/rmf_demos_fleet_adapter/build install --record /home/usuario/rmf_demos/build/rmf_demos_fleet_adapter/install.log --single-version-externally-managed install_data
[2.813s] running egg_info
[2.814s] creating ../build/rmf_demos_fleet_adapter/rmf_demos_fleet_adapter.egg-info
[2.814s] writing ../build/rmf_demos_fleet_adapter/rmf_demos_fleet_adapter.egg-info/PKG-INFO
[2.824s] writing dependency_links to ../build/rmf_demos_fleet_adapter/rmf_demos_fleet_adapter.egg-info/dependency_links.txt
[2.827s] writing entry points to ../build/rmf_demos_fleet_adapter/rmf_demos_fleet_adapter.egg-info/entry_points.txt
[2.828s] writing requirements to ../build/rmf_demos_fleet_adapter/rmf_demos_fleet_adapter.egg-info/requires.txt
[2.830s] writing top-level names to ../build/rmf_demos_fleet_adapter/rmf_demos_fleet_adapter.egg-info/top_level.txt
[2.832s] writing manifest file '../build/rmf_demos_fleet_adapter/rmf_demos_fleet_adapter.egg-info/SOURCES.txt'
[2.840s] reading manifest file '../build/rmf_demos_fleet_adapter/rmf_demos_fleet_adapter.egg-info/SOURCES.txt'
[2.848s] writing manifest file '../build/rmf_demos_fleet_adapter/rmf_demos_fleet_adapter.egg-info/SOURCES.txt'
[2.855s] running build
[2.855s] running build_py
[2.855s] creating /home/usuario/rmf_demos/build/rmf_demos_fleet_adapter/build
[2.855s] creating /home/usuario/rmf_demos/build/rmf_demos_fleet_adapter/build/lib
[2.855s] creating /home/usuario/rmf_demos/build/rmf_demos_fleet_adapter/build/lib/rmf_demos_fleet_adapter
[2.856s] copying rmf_demos_fleet_adapter/fleet_adapter.py -> /home/usuario/rmf_demos/build/rmf_demos_fleet_adapter/build/lib/rmf_demos_fleet_adapter
[2.899s] copying rmf_demos_fleet_adapter/manage_lane.py -> /home/usuario/rmf_demos/build/rmf_demos_fleet_adapter/build/lib/rmf_demos_fleet_adapter
[2.932s] copying rmf_demos_fleet_adapter/fleet_manager.py -> /home/usuario/rmf_demos/build/rmf_demos_fleet_adapter/build/lib/rmf_demos_fleet_adapter
[2.962s] copying rmf_demos_fleet_adapter/RobotClientAPI.py -> /home/usuario/rmf_demos/build/rmf_demos_fleet_adapter/build/lib/rmf_demos_fleet_adapter
[2.997s] copying rmf_demos_fleet_adapter/__init__.py -> /home/usuario/rmf_demos/build/rmf_demos_fleet_adapter/build/lib/rmf_demos_fleet_adapter
[3.014s] creating /home/usuario/rmf_demos/build/rmf_demos_fleet_adapter/build/lib/test
[3.014s] copying test/test_copyright.py -> /home/usuario/rmf_demos/build/rmf_demos_fleet_adapter/build/lib/test
[3.036s] copying test/test_flake8.py -> /home/usuario/rmf_demos/build/rmf_demos_fleet_adapter/build/lib/test
[3.063s] copying test/test_pep257.py -> /home/usuario/rmf_demos/build/rmf_demos_fleet_adapter/build/lib/test
[3.087s] copying test/__init__.py -> /home/usuario/rmf_demos/build/rmf_demos_fleet_adapter/build/lib/test
[3.097s] running install
[3.098s] running install_lib
[3.099s] creating /home/usuario/rmf_demos/install/rmf_demos_fleet_adapter/lib/python3.10/site-packages/rmf_demos_fleet_adapter
[3.099s] copying /home/usuario/rmf_demos/build/rmf_demos_fleet_adapter/build/lib/rmf_demos_fleet_adapter/fleet_adapter.py -> /home/usuario/rmf_demos/install/rmf_demos_fleet_adapter/lib/python3.10/site-packages/rmf_demos_fleet_adapter
[3.130s] copying /home/usuario/rmf_demos/build/rmf_demos_fleet_adapter/build/lib/rmf_demos_fleet_adapter/manage_lane.py -> /home/usuario/rmf_demos/install/rmf_demos_fleet_adapter/lib/python3.10/site-packages/rmf_demos_fleet_adapter
[3.162s] copying /home/usuario/rmf_demos/build/rmf_demos_fleet_adapter/build/lib/rmf_demos_fleet_adapter/fleet_manager.py -> /home/usuario/rmf_demos/install/rmf_demos_fleet_adapter/lib/python3.10/site-packages/rmf_demos_fleet_adapter
[3.204s] copying /home/usuario/rmf_demos/build/rmf_demos_fleet_adapter/build/lib/rmf_demos_fleet_adapter/RobotClientAPI.py -> /home/usuario/rmf_demos/install/rmf_demos_fleet_adapter/lib/python3.10/site-packages/rmf_demos_fleet_adapter
[3.241s] copying /home/usuario/rmf_demos/build/rmf_demos_fleet_adapter/build/lib/rmf_demos_fleet_adapter/__init__.py -> /home/usuario/rmf_demos/install/rmf_demos_fleet_adapter/lib/python3.10/site-packages/rmf_demos_fleet_adapter
[3.263s] creating /home/usuario/rmf_demos/install/rmf_demos_fleet_adapter/lib/python3.10/site-packages/test
[3.264s] copying /home/usuario/rmf_demos/build/rmf_demos_fleet_adapter/build/lib/test/test_copyright.py -> /home/usuario/rmf_demos/install/rmf_demos_fleet_adapter/lib/python3.10/site-packages/test
[3.295s] copying /home/usuario/rmf_demos/build/rmf_demos_fleet_adapter/build/lib/test/test_flake8.py -> /home/usuario/rmf_demos/install/rmf_demos_fleet_adapter/lib/python3.10/site-packages/test
[3.328s] copying /home/usuario/rmf_demos/build/rmf_demos_fleet_adapter/build/lib/test/test_pep257.py -> /home/usuario/rmf_demos/install/rmf_demos_fleet_adapter/lib/python3.10/site-packages/test
[3.359s] copying /home/usuario/rmf_demos/build/rmf_demos_fleet_adapter/build/lib/test/__init__.py -> /home/usuario/rmf_demos/install/rmf_demos_fleet_adapter/lib/python3.10/site-packages/test
[3.374s] byte-compiling /home/usuario/rmf_demos/install/rmf_demos_fleet_adapter/lib/python3.10/site-packages/rmf_demos_fleet_adapter/fleet_adapter.py to fleet_adapter.cpython-310.pyc
[3.399s] byte-compiling /home/usuario/rmf_demos/install/rmf_demos_fleet_adapter/lib/python3.10/site-packages/rmf_demos_fleet_adapter/manage_lane.py to manage_lane.cpython-310.pyc
[3.423s] byte-compiling /home/usuario/rmf_demos/install/rmf_demos_fleet_adapter/lib/python3.10/site-packages/rmf_demos_fleet_adapter/fleet_manager.py to fleet_manager.cpython-310.pyc
[3.445s] byte-compiling /home/usuario/rmf_demos/install/rmf_demos_fleet_adapter/lib/python3.10/site-packages/rmf_demos_fleet_adapter/RobotClientAPI.py to RobotClientAPI.cpython-310.pyc
[3.468s] byte-compiling /home/usuario/rmf_demos/install/rmf_demos_fleet_adapter/lib/python3.10/site-packages/rmf_demos_fleet_adapter/__init__.py to __init__.cpython-310.pyc
[3.483s] byte-compiling /home/usuario/rmf_demos/install/rmf_demos_fleet_adapter/lib/python3.10/site-packages/test/test_copyright.py to test_copyright.cpython-310.pyc
[3.505s] byte-compiling /home/usuario/rmf_demos/install/rmf_demos_fleet_adapter/lib/python3.10/site-packages/test/test_flake8.py to test_flake8.cpython-310.pyc
[3.528s] byte-compiling /home/usuario/rmf_demos/install/rmf_demos_fleet_adapter/lib/python3.10/site-packages/test/test_pep257.py to test_pep257.cpython-310.pyc
[3.550s] byte-compiling /home/usuario/rmf_demos/install/rmf_demos_fleet_adapter/lib/python3.10/site-packages/test/__init__.py to __init__.cpython-310.pyc
[3.567s] running install_data
[3.567s] creating /home/usuario/rmf_demos/install/rmf_demos_fleet_adapter/share/ament_index
[3.567s] creating /home/usuario/rmf_demos/install/rmf_demos_fleet_adapter/share/ament_index/resource_index
[3.567s] creating /home/usuario/rmf_demos/install/rmf_demos_fleet_adapter/share/ament_index/resource_index/packages
[3.567s] copying resource/rmf_demos_fleet_adapter -> /home/usuario/rmf_demos/install/rmf_demos_fleet_adapter/share/ament_index/resource_index/packages
[3.583s] copying package.xml -> /home/usuario/rmf_demos/install/rmf_demos_fleet_adapter/share/rmf_demos_fleet_adapter
[3.612s] copying config.yaml -> /home/usuario/rmf_demos/install/rmf_demos_fleet_adapter/share/rmf_demos_fleet_adapter
[3.640s] creating /home/usuario/rmf_demos/install/rmf_demos_fleet_adapter/share/rmf_demos_fleet_adapter/launch
[3.641s] copying launch/fleet_adapter.launch.xml -> /home/usuario/rmf_demos/install/rmf_demos_fleet_adapter/share/rmf_demos_fleet_adapter/launch
[3.668s] running install_egg_info
[3.671s] Copying ../build/rmf_demos_fleet_adapter/rmf_demos_fleet_adapter.egg-info to /home/usuario/rmf_demos/install/rmf_demos_fleet_adapter/lib/python3.10/site-packages/rmf_demos_fleet_adapter-2.5.0-py3.10.egg-info
[3.939s] running install_scripts
[3.978s] Installing fleet_adapter script to /home/usuario/rmf_demos/install/rmf_demos_fleet_adapter/lib/rmf_demos_fleet_adapter
[3.978s] Installing fleet_manager script to /home/usuario/rmf_demos/install/rmf_demos_fleet_adapter/lib/rmf_demos_fleet_adapter
[3.983s] Installing manage_lane script to /home/usuario/rmf_demos/install/rmf_demos_fleet_adapter/lib/rmf_demos_fleet_adapter
[3.989s] writing list of installed files to '/home/usuario/rmf_demos/build/rmf_demos_fleet_adapter/install.log'
