[0.017s] Invoking command in '/home/usuario/rmf_demos/build/rmf_demos': CMAKE_PREFIX_PATH=/rmf_demos_ws/install/rmf_workcell_msgs:/rmf_demos_ws/install/rmf_reservation_node:/rmf_demos_ws/install/rmf_demos_gz:/rmf_demos_ws/install/rmf_demos:/rmf_demos_ws/install/rmf_fleet_adapter_python:/rmf_demos_ws/install/rmf_fleet_adapter:/rmf_demos_ws/install/rmf_task_ros2:/rmf_demos_ws/install/rmf_websocket:/rmf_demos_ws/install/rmf_visualization:/rmf_demos_ws/install/rmf_visualization_schedule:/rmf_demos_ws/install/rmf_visualization_rviz2_plugins:/rmf_demos_ws/install/rmf_visualization_obstacles:/rmf_demos_ws/install/rmf_visualization_navgraphs:/rmf_demos_ws/install/rmf_visualization_floorplans:/rmf_demos_ws/install/rmf_visualization_fleet_states:/rmf_demos_ws/install/rmf_visualization_msgs:/rmf_demos_ws/install/rmf_traffic_ros2:/rmf_demos_ws/install/rmf_task_sequence:/rmf_demos_ws/install/rmf_task:/rmf_demos_ws/install/rmf_battery:/rmf_demos_ws/install/rmf_traffic:/rmf_demos_ws/install/rmf_utils:/rmf_demos_ws/install/rmf_traffic_msgs:/rmf_demos_ws/install/rmf_traffic_editor_test_maps:/rmf_demos_ws/install/rmf_traffic_editor_assets:/rmf_demos_ws/install/rmf_traffic_editor:/rmf_demos_ws/install/rmf_task_msgs:/rmf_demos_ws/install/rmf_site_map_msgs:/rmf_demos_ws/install/rmf_scheduler_msgs:/rmf_demos_ws/install/rmf_robot_sim_gz_plugins:/rmf_demos_ws/install/rmf_robot_sim_common:/rmf_demos_ws/install/rmf_reservation_msgs:/rmf_demos_ws/install/rmf_obstacle_msgs:/rmf_demos_ws/install/rmf_building_sim_gz_plugins:/rmf_demos_ws/install/rmf_lift_msgs:/rmf_demos_ws/install/rmf_ingestor_msgs:/rmf_demos_ws/install/rmf_fleet_msgs:/rmf_demos_ws/install/rmf_door_msgs:/rmf_demos_ws/install/rmf_dispenser_msgs:/rmf_demos_ws/install/rmf_demos_maps:/rmf_demos_ws/install/rmf_demos_assets:/rmf_demos_ws/install/rmf_charger_msgs:/rmf_demos_ws/install/rmf_building_map_msgs:/rmf_demos_ws/install/rmf_api_msgs:/rmf_demos_ws/install/pybind11_json_vendor:/rmf_demos_ws/install/nlohmann_json_schema_validator_vendor:/rmf_demos_ws/install/rmf_demos_fleet_adapter:/rmf_demos_ws/install/rmf_visualization_building_systems:/rmf_demos_ws/install/rmf_traffic_examples:/rmf_demos_ws/install/rmf_demos_bridges:/rmf_demos_ws/install/rmf_demos_tasks:/rmf_demos_ws/install/rmf_building_map_tools:/rmf_demos_ws/install/rmf_charging_schedule:/opt/ros/jazzy:/rmf_demos_ws/install/menge_vendor:/rmf_demos_ws/install/ament_cmake_catch2:/opt/ros/jazzy/opt/gz_sim_vendor:/opt/ros/jazzy/opt/gz_sensors_vendor:/opt/ros/jazzy/opt/gz_physics_vendor:/opt/ros/jazzy/opt/sdformat_vendor:/opt/ros/jazzy/opt/gz_gui_vendor:/opt/ros/jazzy/opt/gz_transport_vendor:/opt/ros/jazzy/opt/gz_rendering_vendor:/opt/ros/jazzy/opt/gz_plugin_vendor:/opt/ros/jazzy/opt/gz_fuel_tools_vendor:/opt/ros/jazzy/opt/gz_msgs_vendor:/opt/ros/jazzy/opt/gz_common_vendor:/opt/ros/jazzy/opt/gz_math_vendor:/opt/ros/jazzy/opt/gz_utils_vendor:/opt/ros/jazzy/opt/gz_tools_vendor:/opt/ros/jazzy/opt/gz_ogre_next_vendor:/opt/ros/jazzy/opt/gz_dartsim_vendor:/opt/ros/jazzy/opt/gz_cmake_vendor /usr/bin/cmake /home/usuario/rmf_demos -DCMAKE_INSTALL_PREFIX=/home/usuario/rmf_demos/install/rmf_demos
[0.124s] -- The C compiler identification is GNU 13.3.0
[0.209s] -- The CXX compiler identification is GNU 13.3.0
[0.230s] -- Detecting C compiler ABI info
[0.352s] -- Detecting C compiler ABI info - done
[0.359s] -- Check for working C compiler: /usr/bin/cc - skipped
[0.359s] -- Detecting C compile features
[0.360s] -- Detecting C compile features - done
[0.371s] -- Detecting CXX compiler ABI info
[0.514s] -- Detecting CXX compiler ABI info - done
[0.521s] -- Check for working CXX compiler: /usr/bin/c++ - skipped
[0.521s] -- Detecting CXX compile features
[0.522s] -- Detecting CXX compile features - done
[0.534s] -- Found ament_cmake: 2.5.3 (/opt/ros/jazzy/share/ament_cmake/cmake)
[0.754s] -- Found Python3: /usr/bin/python3 (found version "3.12.3") found components: Interpreter 
[1.083s] -- Configuring done (1.0s)
[1.089s] -- Generating done (0.0s)
[1.091s] -- Build files have been written to: /home/usuario/rmf_demos/build/rmf_demos
[1.095s] Invoked command in '/home/usuario/rmf_demos/build/rmf_demos' returned '0': CMAKE_PREFIX_PATH=/rmf_demos_ws/install/rmf_workcell_msgs:/rmf_demos_ws/install/rmf_reservation_node:/rmf_demos_ws/install/rmf_demos_gz:/rmf_demos_ws/install/rmf_demos:/rmf_demos_ws/install/rmf_fleet_adapter_python:/rmf_demos_ws/install/rmf_fleet_adapter:/rmf_demos_ws/install/rmf_task_ros2:/rmf_demos_ws/install/rmf_websocket:/rmf_demos_ws/install/rmf_visualization:/rmf_demos_ws/install/rmf_visualization_schedule:/rmf_demos_ws/install/rmf_visualization_rviz2_plugins:/rmf_demos_ws/install/rmf_visualization_obstacles:/rmf_demos_ws/install/rmf_visualization_navgraphs:/rmf_demos_ws/install/rmf_visualization_floorplans:/rmf_demos_ws/install/rmf_visualization_fleet_states:/rmf_demos_ws/install/rmf_visualization_msgs:/rmf_demos_ws/install/rmf_traffic_ros2:/rmf_demos_ws/install/rmf_task_sequence:/rmf_demos_ws/install/rmf_task:/rmf_demos_ws/install/rmf_battery:/rmf_demos_ws/install/rmf_traffic:/rmf_demos_ws/install/rmf_utils:/rmf_demos_ws/install/rmf_traffic_msgs:/rmf_demos_ws/install/rmf_traffic_editor_test_maps:/rmf_demos_ws/install/rmf_traffic_editor_assets:/rmf_demos_ws/install/rmf_traffic_editor:/rmf_demos_ws/install/rmf_task_msgs:/rmf_demos_ws/install/rmf_site_map_msgs:/rmf_demos_ws/install/rmf_scheduler_msgs:/rmf_demos_ws/install/rmf_robot_sim_gz_plugins:/rmf_demos_ws/install/rmf_robot_sim_common:/rmf_demos_ws/install/rmf_reservation_msgs:/rmf_demos_ws/install/rmf_obstacle_msgs:/rmf_demos_ws/install/rmf_building_sim_gz_plugins:/rmf_demos_ws/install/rmf_lift_msgs:/rmf_demos_ws/install/rmf_ingestor_msgs:/rmf_demos_ws/install/rmf_fleet_msgs:/rmf_demos_ws/install/rmf_door_msgs:/rmf_demos_ws/install/rmf_dispenser_msgs:/rmf_demos_ws/install/rmf_demos_maps:/rmf_demos_ws/install/rmf_demos_assets:/rmf_demos_ws/install/rmf_charger_msgs:/rmf_demos_ws/install/rmf_building_map_msgs:/rmf_demos_ws/install/rmf_api_msgs:/rmf_demos_ws/install/pybind11_json_vendor:/rmf_demos_ws/install/nlohmann_json_schema_validator_vendor:/rmf_demos_ws/install/rmf_demos_fleet_adapter:/rmf_demos_ws/install/rmf_visualization_building_systems:/rmf_demos_ws/install/rmf_traffic_examples:/rmf_demos_ws/install/rmf_demos_bridges:/rmf_demos_ws/install/rmf_demos_tasks:/rmf_demos_ws/install/rmf_building_map_tools:/rmf_demos_ws/install/rmf_charging_schedule:/opt/ros/jazzy:/rmf_demos_ws/install/menge_vendor:/rmf_demos_ws/install/ament_cmake_catch2:/opt/ros/jazzy/opt/gz_sim_vendor:/opt/ros/jazzy/opt/gz_sensors_vendor:/opt/ros/jazzy/opt/gz_physics_vendor:/opt/ros/jazzy/opt/sdformat_vendor:/opt/ros/jazzy/opt/gz_gui_vendor:/opt/ros/jazzy/opt/gz_transport_vendor:/opt/ros/jazzy/opt/gz_rendering_vendor:/opt/ros/jazzy/opt/gz_plugin_vendor:/opt/ros/jazzy/opt/gz_fuel_tools_vendor:/opt/ros/jazzy/opt/gz_msgs_vendor:/opt/ros/jazzy/opt/gz_common_vendor:/opt/ros/jazzy/opt/gz_math_vendor:/opt/ros/jazzy/opt/gz_utils_vendor:/opt/ros/jazzy/opt/gz_tools_vendor:/opt/ros/jazzy/opt/gz_ogre_next_vendor:/opt/ros/jazzy/opt/gz_dartsim_vendor:/opt/ros/jazzy/opt/gz_cmake_vendor /usr/bin/cmake /home/usuario/rmf_demos -DCMAKE_INSTALL_PREFIX=/home/usuario/rmf_demos/install/rmf_demos
[1.096s] Invoking command in '/home/usuario/rmf_demos/build/rmf_demos': CMAKE_PREFIX_PATH=/rmf_demos_ws/install/rmf_workcell_msgs:/rmf_demos_ws/install/rmf_reservation_node:/rmf_demos_ws/install/rmf_demos_gz:/rmf_demos_ws/install/rmf_demos:/rmf_demos_ws/install/rmf_fleet_adapter_python:/rmf_demos_ws/install/rmf_fleet_adapter:/rmf_demos_ws/install/rmf_task_ros2:/rmf_demos_ws/install/rmf_websocket:/rmf_demos_ws/install/rmf_visualization:/rmf_demos_ws/install/rmf_visualization_schedule:/rmf_demos_ws/install/rmf_visualization_rviz2_plugins:/rmf_demos_ws/install/rmf_visualization_obstacles:/rmf_demos_ws/install/rmf_visualization_navgraphs:/rmf_demos_ws/install/rmf_visualization_floorplans:/rmf_demos_ws/install/rmf_visualization_fleet_states:/rmf_demos_ws/install/rmf_visualization_msgs:/rmf_demos_ws/install/rmf_traffic_ros2:/rmf_demos_ws/install/rmf_task_sequence:/rmf_demos_ws/install/rmf_task:/rmf_demos_ws/install/rmf_battery:/rmf_demos_ws/install/rmf_traffic:/rmf_demos_ws/install/rmf_utils:/rmf_demos_ws/install/rmf_traffic_msgs:/rmf_demos_ws/install/rmf_traffic_editor_test_maps:/rmf_demos_ws/install/rmf_traffic_editor_assets:/rmf_demos_ws/install/rmf_traffic_editor:/rmf_demos_ws/install/rmf_task_msgs:/rmf_demos_ws/install/rmf_site_map_msgs:/rmf_demos_ws/install/rmf_scheduler_msgs:/rmf_demos_ws/install/rmf_robot_sim_gz_plugins:/rmf_demos_ws/install/rmf_robot_sim_common:/rmf_demos_ws/install/rmf_reservation_msgs:/rmf_demos_ws/install/rmf_obstacle_msgs:/rmf_demos_ws/install/rmf_building_sim_gz_plugins:/rmf_demos_ws/install/rmf_lift_msgs:/rmf_demos_ws/install/rmf_ingestor_msgs:/rmf_demos_ws/install/rmf_fleet_msgs:/rmf_demos_ws/install/rmf_door_msgs:/rmf_demos_ws/install/rmf_dispenser_msgs:/rmf_demos_ws/install/rmf_demos_maps:/rmf_demos_ws/install/rmf_demos_assets:/rmf_demos_ws/install/rmf_charger_msgs:/rmf_demos_ws/install/rmf_building_map_msgs:/rmf_demos_ws/install/rmf_api_msgs:/rmf_demos_ws/install/pybind11_json_vendor:/rmf_demos_ws/install/nlohmann_json_schema_validator_vendor:/rmf_demos_ws/install/rmf_demos_fleet_adapter:/rmf_demos_ws/install/rmf_visualization_building_systems:/rmf_demos_ws/install/rmf_traffic_examples:/rmf_demos_ws/install/rmf_demos_bridges:/rmf_demos_ws/install/rmf_demos_tasks:/rmf_demos_ws/install/rmf_building_map_tools:/rmf_demos_ws/install/rmf_charging_schedule:/opt/ros/jazzy:/rmf_demos_ws/install/menge_vendor:/rmf_demos_ws/install/ament_cmake_catch2:/opt/ros/jazzy/opt/gz_sim_vendor:/opt/ros/jazzy/opt/gz_sensors_vendor:/opt/ros/jazzy/opt/gz_physics_vendor:/opt/ros/jazzy/opt/sdformat_vendor:/opt/ros/jazzy/opt/gz_gui_vendor:/opt/ros/jazzy/opt/gz_transport_vendor:/opt/ros/jazzy/opt/gz_rendering_vendor:/opt/ros/jazzy/opt/gz_plugin_vendor:/opt/ros/jazzy/opt/gz_fuel_tools_vendor:/opt/ros/jazzy/opt/gz_msgs_vendor:/opt/ros/jazzy/opt/gz_common_vendor:/opt/ros/jazzy/opt/gz_math_vendor:/opt/ros/jazzy/opt/gz_utils_vendor:/opt/ros/jazzy/opt/gz_tools_vendor:/opt/ros/jazzy/opt/gz_ogre_next_vendor:/opt/ros/jazzy/opt/gz_dartsim_vendor:/opt/ros/jazzy/opt/gz_cmake_vendor /usr/bin/cmake --build /home/usuario/rmf_demos/build/rmf_demos -- -j6 -l6
[1.162s] Invoked command in '/home/usuario/rmf_demos/build/rmf_demos' returned '0': CMAKE_PREFIX_PATH=/rmf_demos_ws/install/rmf_workcell_msgs:/rmf_demos_ws/install/rmf_reservation_node:/rmf_demos_ws/install/rmf_demos_gz:/rmf_demos_ws/install/rmf_demos:/rmf_demos_ws/install/rmf_fleet_adapter_python:/rmf_demos_ws/install/rmf_fleet_adapter:/rmf_demos_ws/install/rmf_task_ros2:/rmf_demos_ws/install/rmf_websocket:/rmf_demos_ws/install/rmf_visualization:/rmf_demos_ws/install/rmf_visualization_schedule:/rmf_demos_ws/install/rmf_visualization_rviz2_plugins:/rmf_demos_ws/install/rmf_visualization_obstacles:/rmf_demos_ws/install/rmf_visualization_navgraphs:/rmf_demos_ws/install/rmf_visualization_floorplans:/rmf_demos_ws/install/rmf_visualization_fleet_states:/rmf_demos_ws/install/rmf_visualization_msgs:/rmf_demos_ws/install/rmf_traffic_ros2:/rmf_demos_ws/install/rmf_task_sequence:/rmf_demos_ws/install/rmf_task:/rmf_demos_ws/install/rmf_battery:/rmf_demos_ws/install/rmf_traffic:/rmf_demos_ws/install/rmf_utils:/rmf_demos_ws/install/rmf_traffic_msgs:/rmf_demos_ws/install/rmf_traffic_editor_test_maps:/rmf_demos_ws/install/rmf_traffic_editor_assets:/rmf_demos_ws/install/rmf_traffic_editor:/rmf_demos_ws/install/rmf_task_msgs:/rmf_demos_ws/install/rmf_site_map_msgs:/rmf_demos_ws/install/rmf_scheduler_msgs:/rmf_demos_ws/install/rmf_robot_sim_gz_plugins:/rmf_demos_ws/install/rmf_robot_sim_common:/rmf_demos_ws/install/rmf_reservation_msgs:/rmf_demos_ws/install/rmf_obstacle_msgs:/rmf_demos_ws/install/rmf_building_sim_gz_plugins:/rmf_demos_ws/install/rmf_lift_msgs:/rmf_demos_ws/install/rmf_ingestor_msgs:/rmf_demos_ws/install/rmf_fleet_msgs:/rmf_demos_ws/install/rmf_door_msgs:/rmf_demos_ws/install/rmf_dispenser_msgs:/rmf_demos_ws/install/rmf_demos_maps:/rmf_demos_ws/install/rmf_demos_assets:/rmf_demos_ws/install/rmf_charger_msgs:/rmf_demos_ws/install/rmf_building_map_msgs:/rmf_demos_ws/install/rmf_api_msgs:/rmf_demos_ws/install/pybind11_json_vendor:/rmf_demos_ws/install/nlohmann_json_schema_validator_vendor:/rmf_demos_ws/install/rmf_demos_fleet_adapter:/rmf_demos_ws/install/rmf_visualization_building_systems:/rmf_demos_ws/install/rmf_traffic_examples:/rmf_demos_ws/install/rmf_demos_bridges:/rmf_demos_ws/install/rmf_demos_tasks:/rmf_demos_ws/install/rmf_building_map_tools:/rmf_demos_ws/install/rmf_charging_schedule:/opt/ros/jazzy:/rmf_demos_ws/install/menge_vendor:/rmf_demos_ws/install/ament_cmake_catch2:/opt/ros/jazzy/opt/gz_sim_vendor:/opt/ros/jazzy/opt/gz_sensors_vendor:/opt/ros/jazzy/opt/gz_physics_vendor:/opt/ros/jazzy/opt/sdformat_vendor:/opt/ros/jazzy/opt/gz_gui_vendor:/opt/ros/jazzy/opt/gz_transport_vendor:/opt/ros/jazzy/opt/gz_rendering_vendor:/opt/ros/jazzy/opt/gz_plugin_vendor:/opt/ros/jazzy/opt/gz_fuel_tools_vendor:/opt/ros/jazzy/opt/gz_msgs_vendor:/opt/ros/jazzy/opt/gz_common_vendor:/opt/ros/jazzy/opt/gz_math_vendor:/opt/ros/jazzy/opt/gz_utils_vendor:/opt/ros/jazzy/opt/gz_tools_vendor:/opt/ros/jazzy/opt/gz_ogre_next_vendor:/opt/ros/jazzy/opt/gz_dartsim_vendor:/opt/ros/jazzy/opt/gz_cmake_vendor /usr/bin/cmake --build /home/usuario/rmf_demos/build/rmf_demos -- -j6 -l6
[1.178s] Invoking command in '/home/usuario/rmf_demos/build/rmf_demos': CMAKE_PREFIX_PATH=/rmf_demos_ws/install/rmf_workcell_msgs:/rmf_demos_ws/install/rmf_reservation_node:/rmf_demos_ws/install/rmf_demos_gz:/rmf_demos_ws/install/rmf_demos:/rmf_demos_ws/install/rmf_fleet_adapter_python:/rmf_demos_ws/install/rmf_fleet_adapter:/rmf_demos_ws/install/rmf_task_ros2:/rmf_demos_ws/install/rmf_websocket:/rmf_demos_ws/install/rmf_visualization:/rmf_demos_ws/install/rmf_visualization_schedule:/rmf_demos_ws/install/rmf_visualization_rviz2_plugins:/rmf_demos_ws/install/rmf_visualization_obstacles:/rmf_demos_ws/install/rmf_visualization_navgraphs:/rmf_demos_ws/install/rmf_visualization_floorplans:/rmf_demos_ws/install/rmf_visualization_fleet_states:/rmf_demos_ws/install/rmf_visualization_msgs:/rmf_demos_ws/install/rmf_traffic_ros2:/rmf_demos_ws/install/rmf_task_sequence:/rmf_demos_ws/install/rmf_task:/rmf_demos_ws/install/rmf_battery:/rmf_demos_ws/install/rmf_traffic:/rmf_demos_ws/install/rmf_utils:/rmf_demos_ws/install/rmf_traffic_msgs:/rmf_demos_ws/install/rmf_traffic_editor_test_maps:/rmf_demos_ws/install/rmf_traffic_editor_assets:/rmf_demos_ws/install/rmf_traffic_editor:/rmf_demos_ws/install/rmf_task_msgs:/rmf_demos_ws/install/rmf_site_map_msgs:/rmf_demos_ws/install/rmf_scheduler_msgs:/rmf_demos_ws/install/rmf_robot_sim_gz_plugins:/rmf_demos_ws/install/rmf_robot_sim_common:/rmf_demos_ws/install/rmf_reservation_msgs:/rmf_demos_ws/install/rmf_obstacle_msgs:/rmf_demos_ws/install/rmf_building_sim_gz_plugins:/rmf_demos_ws/install/rmf_lift_msgs:/rmf_demos_ws/install/rmf_ingestor_msgs:/rmf_demos_ws/install/rmf_fleet_msgs:/rmf_demos_ws/install/rmf_door_msgs:/rmf_demos_ws/install/rmf_dispenser_msgs:/rmf_demos_ws/install/rmf_demos_maps:/rmf_demos_ws/install/rmf_demos_assets:/rmf_demos_ws/install/rmf_charger_msgs:/rmf_demos_ws/install/rmf_building_map_msgs:/rmf_demos_ws/install/rmf_api_msgs:/rmf_demos_ws/install/pybind11_json_vendor:/rmf_demos_ws/install/nlohmann_json_schema_validator_vendor:/rmf_demos_ws/install/rmf_demos_fleet_adapter:/rmf_demos_ws/install/rmf_visualization_building_systems:/rmf_demos_ws/install/rmf_traffic_examples:/rmf_demos_ws/install/rmf_demos_bridges:/rmf_demos_ws/install/rmf_demos_tasks:/rmf_demos_ws/install/rmf_building_map_tools:/rmf_demos_ws/install/rmf_charging_schedule:/opt/ros/jazzy:/rmf_demos_ws/install/menge_vendor:/rmf_demos_ws/install/ament_cmake_catch2:/opt/ros/jazzy/opt/gz_sim_vendor:/opt/ros/jazzy/opt/gz_sensors_vendor:/opt/ros/jazzy/opt/gz_physics_vendor:/opt/ros/jazzy/opt/sdformat_vendor:/opt/ros/jazzy/opt/gz_gui_vendor:/opt/ros/jazzy/opt/gz_transport_vendor:/opt/ros/jazzy/opt/gz_rendering_vendor:/opt/ros/jazzy/opt/gz_plugin_vendor:/opt/ros/jazzy/opt/gz_fuel_tools_vendor:/opt/ros/jazzy/opt/gz_msgs_vendor:/opt/ros/jazzy/opt/gz_common_vendor:/opt/ros/jazzy/opt/gz_math_vendor:/opt/ros/jazzy/opt/gz_utils_vendor:/opt/ros/jazzy/opt/gz_tools_vendor:/opt/ros/jazzy/opt/gz_ogre_next_vendor:/opt/ros/jazzy/opt/gz_dartsim_vendor:/opt/ros/jazzy/opt/gz_cmake_vendor /usr/bin/cmake --install /home/usuario/rmf_demos/build/rmf_demos
[1.192s] -- Install configuration: ""
[1.192s] -- Up-to-date: /home/usuario/rmf_demos/install/rmf_demos/share/rmf_demos
[1.192s] -- Up-to-date: /home/usuario/rmf_demos/install/rmf_demos/share/rmf_demos/office.launch.xml
[1.192s] -- Up-to-date: /home/usuario/rmf_demos/install/rmf_demos/share/rmf_demos/campus.launch.xml
[1.192s] -- Up-to-date: /home/usuario/rmf_demos/install/rmf_demos/share/rmf_demos/battle_royale.launch.xml
[1.192s] -- Up-to-date: /home/usuario/rmf_demos/install/rmf_demos/share/rmf_demos/simple.launch.xml
[1.193s] -- Up-to-date: /home/usuario/rmf_demos/install/rmf_demos/share/rmf_demos/airport_terminal.launch.xml
[1.193s] -- Up-to-date: /home/usuario/rmf_demos/install/rmf_demos/share/rmf_demos/include
[1.193s] -- Up-to-date: /home/usuario/rmf_demos/install/rmf_demos/share/rmf_demos/include/triple_H
[1.193s] -- Up-to-date: /home/usuario/rmf_demos/install/rmf_demos/share/rmf_demos/include/triple_H/the_pedigree.launch.xml
[1.193s] -- Up-to-date: /home/usuario/rmf_demos/install/rmf_demos/share/rmf_demos/include/triple_H/rviz.rviz
[1.193s] -- Up-to-date: /home/usuario/rmf_demos/install/rmf_demos/share/rmf_demos/include/airport_terminal
[1.193s] -- Up-to-date: /home/usuario/rmf_demos/install/rmf_demos/share/rmf_demos/include/airport_terminal/airport_terminal.rviz
[1.193s] -- Up-to-date: /home/usuario/rmf_demos/install/rmf_demos/share/rmf_demos/include/clinic
[1.193s] -- Up-to-date: /home/usuario/rmf_demos/install/rmf_demos/share/rmf_demos/include/clinic/clinic.rviz
[1.193s] -- Up-to-date: /home/usuario/rmf_demos/install/rmf_demos/share/rmf_demos/include/campus
[1.193s] -- Up-to-date: /home/usuario/rmf_demos/install/rmf_demos/share/rmf_demos/include/campus/campus.rviz
[1.193s] -- Up-to-date: /home/usuario/rmf_demos/install/rmf_demos/share/rmf_demos/include/hotel
[1.194s] -- Up-to-date: /home/usuario/rmf_demos/install/rmf_demos/share/rmf_demos/include/hotel/experimental_crowded_lift.launch.xml
[1.194s] -- Up-to-date: /home/usuario/rmf_demos/install/rmf_demos/share/rmf_demos/include/hotel/experimental_clear_lift.launch.xml
[1.194s] -- Up-to-date: /home/usuario/rmf_demos/install/rmf_demos/share/rmf_demos/include/hotel/hotel.rviz
[1.194s] -- Up-to-date: /home/usuario/rmf_demos/install/rmf_demos/share/rmf_demos/include/office_mock_traffic_light
[1.194s] -- Up-to-date: /home/usuario/rmf_demos/install/rmf_demos/share/rmf_demos/include/office_mock_traffic_light/office_traffic_light_test.launch.xml
[1.194s] -- Up-to-date: /home/usuario/rmf_demos/install/rmf_demos/share/rmf_demos/include/simple
[1.194s] -- Up-to-date: /home/usuario/rmf_demos/install/rmf_demos/share/rmf_demos/include/simple/simple.rviz
[1.194s] -- Up-to-date: /home/usuario/rmf_demos/install/rmf_demos/share/rmf_demos/include/battle_royale
[1.194s] -- Up-to-date: /home/usuario/rmf_demos/install/rmf_demos/share/rmf_demos/include/battle_royale/battle_go.launch.xml
[1.194s] -- Up-to-date: /home/usuario/rmf_demos/install/rmf_demos/share/rmf_demos/include/battle_royale/rviz.rviz
[1.194s] -- Up-to-date: /home/usuario/rmf_demos/install/rmf_demos/share/rmf_demos/include/icc_kyoto
[1.195s] -- Up-to-date: /home/usuario/rmf_demos/install/rmf_demos/share/rmf_demos/include/icc_kyoto/office_patrol.launch.xml
[1.195s] -- Up-to-date: /home/usuario/rmf_demos/install/rmf_demos/share/rmf_demos/include/icc_kyoto/office_conflict.launch.xml
[1.195s] -- Up-to-date: /home/usuario/rmf_demos/install/rmf_demos/share/rmf_demos/include/icc_kyoto/office_loop.launch.xml
[1.195s] -- Up-to-date: /home/usuario/rmf_demos/install/rmf_demos/share/rmf_demos/include/icc_kyoto/office_teleop_robot.launch.xml
[1.195s] -- Up-to-date: /home/usuario/rmf_demos/install/rmf_demos/share/rmf_demos/include/icc_kyoto/icc_kyoto.rviz
[1.195s] -- Up-to-date: /home/usuario/rmf_demos/install/rmf_demos/share/rmf_demos/include/adapters
[1.195s] -- Up-to-date: /home/usuario/rmf_demos/install/rmf_demos/share/rmf_demos/include/adapters/tinyRobot_mock_traffic_light.launch.xml
[1.195s] -- Up-to-date: /home/usuario/rmf_demos/install/rmf_demos/share/rmf_demos/include/adapters/caddy_adapter.launch.xml
[1.195s] -- Up-to-date: /home/usuario/rmf_demos/install/rmf_demos/share/rmf_demos/include/office
[1.195s] -- Up-to-date: /home/usuario/rmf_demos/install/rmf_demos/share/rmf_demos/include/office/office.rviz
[1.196s] -- Up-to-date: /home/usuario/rmf_demos/install/rmf_demos/share/rmf_demos/include/office/office_patrol.launch.xml
[1.196s] -- Up-to-date: /home/usuario/rmf_demos/install/rmf_demos/share/rmf_demos/include/office/office_conflict.launch.xml
[1.196s] -- Up-to-date: /home/usuario/rmf_demos/install/rmf_demos/share/rmf_demos/include/office/office_loop.launch.xml
[1.196s] -- Up-to-date: /home/usuario/rmf_demos/install/rmf_demos/share/rmf_demos/include/office/office_teleop_robot.launch.xml
[1.196s] -- Up-to-date: /home/usuario/rmf_demos/install/rmf_demos/share/rmf_demos/common.launch.xml
[1.196s] -- Up-to-date: /home/usuario/rmf_demos/install/rmf_demos/share/rmf_demos/triple_H.launch.xml
[1.196s] -- Up-to-date: /home/usuario/rmf_demos/install/rmf_demos/share/rmf_demos/icc_kyoto.launch.xml
[1.196s] -- Up-to-date: /home/usuario/rmf_demos/install/rmf_demos/share/rmf_demos/hotel.launch.xml
[1.196s] -- Up-to-date: /home/usuario/rmf_demos/install/rmf_demos/share/rmf_demos/office_mock_traffic_light.launch.xml
[1.196s] -- Up-to-date: /home/usuario/rmf_demos/install/rmf_demos/share/rmf_demos/clinic.launch.xml
[1.196s] -- Up-to-date: /home/usuario/rmf_demos/install/rmf_demos/share/rmf_demos/config
[1.196s] -- Up-to-date: /home/usuario/rmf_demos/install/rmf_demos/share/rmf_demos/config/airport_terminal
[1.196s] -- Up-to-date: /home/usuario/rmf_demos/install/rmf_demos/share/rmf_demos/config/airport_terminal/cleanerBotE_config.yaml
[1.197s] -- Up-to-date: /home/usuario/rmf_demos/install/rmf_demos/share/rmf_demos/config/airport_terminal/deliveryRobot_config.yaml
[1.197s] -- Up-to-date: /home/usuario/rmf_demos/install/rmf_demos/share/rmf_demos/config/airport_terminal/tinyRobot_config.yaml
[1.197s] -- Up-to-date: /home/usuario/rmf_demos/install/rmf_demos/share/rmf_demos/config/airport_terminal/cleanerBotA_config.yaml
[1.197s] -- Up-to-date: /home/usuario/rmf_demos/install/rmf_demos/share/rmf_demos/config/clinic
[1.197s] -- Up-to-date: /home/usuario/rmf_demos/install/rmf_demos/share/rmf_demos/config/clinic/deliveryRobot_config.yaml
[1.197s] -- Up-to-date: /home/usuario/rmf_demos/install/rmf_demos/share/rmf_demos/config/clinic/tinyRobot_config.yaml
[1.197s] -- Up-to-date: /home/usuario/rmf_demos/install/rmf_demos/share/rmf_demos/config/campus
[1.197s] -- Up-to-date: /home/usuario/rmf_demos/install/rmf_demos/share/rmf_demos/config/campus/deliveryRobot_config.yaml
[1.197s] -- Up-to-date: /home/usuario/rmf_demos/install/rmf_demos/share/rmf_demos/config/hotel
[1.197s] -- Up-to-date: /home/usuario/rmf_demos/install/rmf_demos/share/rmf_demos/config/hotel/deliveryRobot_config.yaml
[1.197s] -- Up-to-date: /home/usuario/rmf_demos/install/rmf_demos/share/rmf_demos/config/hotel/tinyRobot_config.yaml
[1.197s] -- Up-to-date: /home/usuario/rmf_demos/install/rmf_demos/share/rmf_demos/config/hotel/cleanerBotA_config.yaml
[1.197s] -- Up-to-date: /home/usuario/rmf_demos/install/rmf_demos/share/rmf_demos/config/office_mock_traffic_light
[1.198s] -- Up-to-date: /home/usuario/rmf_demos/install/rmf_demos/share/rmf_demos/config/office_mock_traffic_light/tinyRobot1_config.yaml
[1.198s] -- Up-to-date: /home/usuario/rmf_demos/install/rmf_demos/share/rmf_demos/config/simple
[1.198s] -- Up-to-date: /home/usuario/rmf_demos/install/rmf_demos/share/rmf_demos/config/simple/tinyRobot_config.yaml
[1.198s] -- Up-to-date: /home/usuario/rmf_demos/install/rmf_demos/share/rmf_demos/config/battle_royale
[1.198s] -- Up-to-date: /home/usuario/rmf_demos/install/rmf_demos/share/rmf_demos/config/battle_royale/tinyRobot_config.yaml
[1.198s] -- Up-to-date: /home/usuario/rmf_demos/install/rmf_demos/share/rmf_demos/config/icc_kyoto
[1.198s] -- Up-to-date: /home/usuario/rmf_demos/install/rmf_demos/share/rmf_demos/config/icc_kyoto/tinyRobot_config.yaml
[1.198s] -- Up-to-date: /home/usuario/rmf_demos/install/rmf_demos/share/rmf_demos/config/office
[1.198s] -- Up-to-date: /home/usuario/rmf_demos/install/rmf_demos/share/rmf_demos/config/office/tinyRobot_config.yaml
[1.198s] -- Up-to-date: /home/usuario/rmf_demos/install/rmf_demos/share/rmf_demos/sros2
[1.198s] -- Up-to-date: /home/usuario/rmf_demos/install/rmf_demos/share/rmf_demos/sros2/policies
[1.199s] -- Up-to-date: /home/usuario/rmf_demos/install/rmf_demos/share/rmf_demos/sros2/policies/node
[1.199s] -- Up-to-date: /home/usuario/rmf_demos/install/rmf_demos/share/rmf_demos/sros2/policies/node/parameters.xml
[1.199s] -- Up-to-date: /home/usuario/rmf_demos/install/rmf_demos/share/rmf_demos/sros2/policies/node/time.xml
[1.199s] -- Up-to-date: /home/usuario/rmf_demos/install/rmf_demos/share/rmf_demos/sros2/policies/node/logging.xml
[1.199s] -- Up-to-date: /home/usuario/rmf_demos/install/rmf_demos/share/rmf_demos/sros2/policies/node.xml
[1.199s] -- Up-to-date: /home/usuario/rmf_demos/install/rmf_demos/share/rmf_demos/sros2/policies/office.policy.xml
[1.199s] -- Up-to-date: /home/usuario/rmf_demos/install/rmf_demos/share/rmf_demos/sros2/office_deploy.bash
[1.199s] -- Up-to-date: /home/usuario/rmf_demos/install/rmf_demos/share/rmf_demos/sros2/office.params.yaml
[1.199s] -- Installing: /home/usuario/rmf_demos/install/rmf_demos/share/ament_index/resource_index/package_run_dependencies/rmf_demos
[1.199s] -- Installing: /home/usuario/rmf_demos/install/rmf_demos/share/ament_index/resource_index/parent_prefix_path/rmf_demos
[1.200s] -- Installing: /home/usuario/rmf_demos/install/rmf_demos/share/rmf_demos/environment/ament_prefix_path.sh
[1.202s] -- Installing: /home/usuario/rmf_demos/install/rmf_demos/share/rmf_demos/environment/ament_prefix_path.dsv
[1.206s] -- Installing: /home/usuario/rmf_demos/install/rmf_demos/share/rmf_demos/environment/path.sh
[1.207s] -- Installing: /home/usuario/rmf_demos/install/rmf_demos/share/rmf_demos/environment/path.dsv
[1.211s] -- Installing: /home/usuario/rmf_demos/install/rmf_demos/share/rmf_demos/local_setup.bash
[1.214s] -- Installing: /home/usuario/rmf_demos/install/rmf_demos/share/rmf_demos/local_setup.sh
[1.218s] -- Installing: /home/usuario/rmf_demos/install/rmf_demos/share/rmf_demos/local_setup.zsh
[1.220s] -- Installing: /home/usuario/rmf_demos/install/rmf_demos/share/rmf_demos/local_setup.dsv
[1.223s] -- Installing: /home/usuario/rmf_demos/install/rmf_demos/share/rmf_demos/package.dsv
[1.226s] -- Installing: /home/usuario/rmf_demos/install/rmf_demos/share/ament_index/resource_index/packages/rmf_demos
[1.227s] -- Installing: /home/usuario/rmf_demos/install/rmf_demos/share/rmf_demos/cmake/rmf_demosConfig.cmake
[1.231s] -- Installing: /home/usuario/rmf_demos/install/rmf_demos/share/rmf_demos/cmake/rmf_demosConfig-version.cmake
[1.235s] -- Up-to-date: /home/usuario/rmf_demos/install/rmf_demos/share/rmf_demos/package.xml
[1.237s] Invoked command in '/home/usuario/rmf_demos/build/rmf_demos' returned '0': CMAKE_PREFIX_PATH=/rmf_demos_ws/install/rmf_workcell_msgs:/rmf_demos_ws/install/rmf_reservation_node:/rmf_demos_ws/install/rmf_demos_gz:/rmf_demos_ws/install/rmf_demos:/rmf_demos_ws/install/rmf_fleet_adapter_python:/rmf_demos_ws/install/rmf_fleet_adapter:/rmf_demos_ws/install/rmf_task_ros2:/rmf_demos_ws/install/rmf_websocket:/rmf_demos_ws/install/rmf_visualization:/rmf_demos_ws/install/rmf_visualization_schedule:/rmf_demos_ws/install/rmf_visualization_rviz2_plugins:/rmf_demos_ws/install/rmf_visualization_obstacles:/rmf_demos_ws/install/rmf_visualization_navgraphs:/rmf_demos_ws/install/rmf_visualization_floorplans:/rmf_demos_ws/install/rmf_visualization_fleet_states:/rmf_demos_ws/install/rmf_visualization_msgs:/rmf_demos_ws/install/rmf_traffic_ros2:/rmf_demos_ws/install/rmf_task_sequence:/rmf_demos_ws/install/rmf_task:/rmf_demos_ws/install/rmf_battery:/rmf_demos_ws/install/rmf_traffic:/rmf_demos_ws/install/rmf_utils:/rmf_demos_ws/install/rmf_traffic_msgs:/rmf_demos_ws/install/rmf_traffic_editor_test_maps:/rmf_demos_ws/install/rmf_traffic_editor_assets:/rmf_demos_ws/install/rmf_traffic_editor:/rmf_demos_ws/install/rmf_task_msgs:/rmf_demos_ws/install/rmf_site_map_msgs:/rmf_demos_ws/install/rmf_scheduler_msgs:/rmf_demos_ws/install/rmf_robot_sim_gz_plugins:/rmf_demos_ws/install/rmf_robot_sim_common:/rmf_demos_ws/install/rmf_reservation_msgs:/rmf_demos_ws/install/rmf_obstacle_msgs:/rmf_demos_ws/install/rmf_building_sim_gz_plugins:/rmf_demos_ws/install/rmf_lift_msgs:/rmf_demos_ws/install/rmf_ingestor_msgs:/rmf_demos_ws/install/rmf_fleet_msgs:/rmf_demos_ws/install/rmf_door_msgs:/rmf_demos_ws/install/rmf_dispenser_msgs:/rmf_demos_ws/install/rmf_demos_maps:/rmf_demos_ws/install/rmf_demos_assets:/rmf_demos_ws/install/rmf_charger_msgs:/rmf_demos_ws/install/rmf_building_map_msgs:/rmf_demos_ws/install/rmf_api_msgs:/rmf_demos_ws/install/pybind11_json_vendor:/rmf_demos_ws/install/nlohmann_json_schema_validator_vendor:/rmf_demos_ws/install/rmf_demos_fleet_adapter:/rmf_demos_ws/install/rmf_visualization_building_systems:/rmf_demos_ws/install/rmf_traffic_examples:/rmf_demos_ws/install/rmf_demos_bridges:/rmf_demos_ws/install/rmf_demos_tasks:/rmf_demos_ws/install/rmf_building_map_tools:/rmf_demos_ws/install/rmf_charging_schedule:/opt/ros/jazzy:/rmf_demos_ws/install/menge_vendor:/rmf_demos_ws/install/ament_cmake_catch2:/opt/ros/jazzy/opt/gz_sim_vendor:/opt/ros/jazzy/opt/gz_sensors_vendor:/opt/ros/jazzy/opt/gz_physics_vendor:/opt/ros/jazzy/opt/sdformat_vendor:/opt/ros/jazzy/opt/gz_gui_vendor:/opt/ros/jazzy/opt/gz_transport_vendor:/opt/ros/jazzy/opt/gz_rendering_vendor:/opt/ros/jazzy/opt/gz_plugin_vendor:/opt/ros/jazzy/opt/gz_fuel_tools_vendor:/opt/ros/jazzy/opt/gz_msgs_vendor:/opt/ros/jazzy/opt/gz_common_vendor:/opt/ros/jazzy/opt/gz_math_vendor:/opt/ros/jazzy/opt/gz_utils_vendor:/opt/ros/jazzy/opt/gz_tools_vendor:/opt/ros/jazzy/opt/gz_ogre_next_vendor:/opt/ros/jazzy/opt/gz_dartsim_vendor:/opt/ros/jazzy/opt/gz_cmake_vendor /usr/bin/cmake --install /home/usuario/rmf_demos/build/rmf_demos
