[1.617s] Invoking command in '/home/usuario/IR2134/rmf_demos/rmf_demos_tasks': PYTHONPATH=/home/usuario/IR2134/rmf_demos/build/rmf_demos_tasks/prefix_override:/usr/lib/python3/dist-packages/colcon_core/task/python/colcon_distutils_commands:/home/usuario/IR2134/rmf_demos/install/rmf_demos_tasks/lib/python3.12/site-packages:${PYTHONPATH} /usr/bin/python3 -W ignore:setup.py install is deprecated -W ignore:easy_install command is deprecated setup.py egg_info --egg-base ../build/rmf_demos_tasks build --build-base /home/usuario/IR2134/rmf_demos/build/rmf_demos_tasks/build install --record /home/usuario/IR2134/rmf_demos/build/rmf_demos_tasks/install.log --single-version-externally-managed install_data
[2.095s] running egg_info
[2.096s] creating ../build/rmf_demos_tasks/rmf_demos_tasks.egg-info
[2.137s] writing ../build/rmf_demos_tasks/rmf_demos_tasks.egg-info/PKG-INFO
[2.137s] writing dependency_links to ../build/rmf_demos_tasks/rmf_demos_tasks.egg-info/dependency_links.txt
[2.138s] writing entry points to ../build/rmf_demos_tasks/rmf_demos_tasks.egg-info/entry_points.txt
[2.138s] writing requirements to ../build/rmf_demos_tasks/rmf_demos_tasks.egg-info/requires.txt
[2.138s] writing top-level names to ../build/rmf_demos_tasks/rmf_demos_tasks.egg-info/top_level.txt
[2.138s] writing manifest file '../build/rmf_demos_tasks/rmf_demos_tasks.egg-info/SOURCES.txt'
[2.183s] reading manifest file '../build/rmf_demos_tasks/rmf_demos_tasks.egg-info/SOURCES.txt'
[2.184s] writing manifest file '../build/rmf_demos_tasks/rmf_demos_tasks.egg-info/SOURCES.txt'
[2.186s] running build
[2.186s] running build_py
[2.186s] creating /home/usuario/IR2134/rmf_demos/build/rmf_demos_tasks/build
[2.186s] creating /home/usuario/IR2134/rmf_demos/build/rmf_demos_tasks/build/lib
[2.186s] creating /home/usuario/IR2134/rmf_demos/build/rmf_demos_tasks/build/lib/rmf_demos_tasks
[2.186s] copying rmf_demos_tasks/dispatch_action.py -> /home/usuario/IR2134/rmf_demos/build/rmf_demos_tasks/build/lib/rmf_demos_tasks
[2.199s] copying rmf_demos_tasks/request_lift.py -> /home/usuario/IR2134/rmf_demos/build/rmf_demos_tasks/build/lib/rmf_demos_tasks
[2.200s] copying rmf_demos_tasks/wait_for_task_complete.py -> /home/usuario/IR2134/rmf_demos/build/rmf_demos_tasks/build/lib/rmf_demos_tasks
[2.200s] copying rmf_demos_tasks/dispatch_patrol.py -> /home/usuario/IR2134/rmf_demos/build/rmf_demos_tasks/build/lib/rmf_demos_tasks
[2.201s] copying rmf_demos_tasks/dispatch_go_to_place.py -> /home/usuario/IR2134/rmf_demos/build/rmf_demos_tasks/build/lib/rmf_demos_tasks
[2.202s] copying rmf_demos_tasks/dispatch_delivery.py -> /home/usuario/IR2134/rmf_demos/build/rmf_demos_tasks/build/lib/rmf_demos_tasks
[2.202s] copying rmf_demos_tasks/cancel_task.py -> /home/usuario/IR2134/rmf_demos/build/rmf_demos_tasks/build/lib/rmf_demos_tasks
[2.203s] copying rmf_demos_tasks/api_request.py -> /home/usuario/IR2134/rmf_demos/build/rmf_demos_tasks/build/lib/rmf_demos_tasks
[2.203s] copying rmf_demos_tasks/dispatch_loop.py -> /home/usuario/IR2134/rmf_demos/build/rmf_demos_tasks/build/lib/rmf_demos_tasks
[2.204s] copying rmf_demos_tasks/mock_docker.py -> /home/usuario/IR2134/rmf_demos/build/rmf_demos_tasks/build/lib/rmf_demos_tasks
[2.204s] copying rmf_demos_tasks/teleop_robot.py -> /home/usuario/IR2134/rmf_demos/build/rmf_demos_tasks/build/lib/rmf_demos_tasks
[2.205s] copying rmf_demos_tasks/dispatch_cart_delivery.py -> /home/usuario/IR2134/rmf_demos/build/rmf_demos_tasks/build/lib/rmf_demos_tasks
[2.206s] copying rmf_demos_tasks/dispatch_json.py -> /home/usuario/IR2134/rmf_demos/build/rmf_demos_tasks/build/lib/rmf_demos_tasks
[2.206s] copying rmf_demos_tasks/__init__.py -> /home/usuario/IR2134/rmf_demos/build/rmf_demos_tasks/build/lib/rmf_demos_tasks
[2.207s] copying rmf_demos_tasks/dispatch_teleop.py -> /home/usuario/IR2134/rmf_demos/build/rmf_demos_tasks/build/lib/rmf_demos_tasks
[2.207s] copying rmf_demos_tasks/request_loop.py -> /home/usuario/IR2134/rmf_demos/build/rmf_demos_tasks/build/lib/rmf_demos_tasks
[2.208s] copying rmf_demos_tasks/dispatch_clean.py -> /home/usuario/IR2134/rmf_demos/build/rmf_demos_tasks/build/lib/rmf_demos_tasks
[2.208s] copying rmf_demos_tasks/get_robot_location.py -> /home/usuario/IR2134/rmf_demos/build/rmf_demos_tasks/build/lib/rmf_demos_tasks
[2.209s] running install
[2.215s] running install_lib
[2.256s] creating /home/usuario/IR2134/rmf_demos/install/rmf_demos_tasks/lib/python3.12/site-packages/rmf_demos_tasks
[2.256s] copying /home/usuario/IR2134/rmf_demos/build/rmf_demos_tasks/build/lib/rmf_demos_tasks/dispatch_action.py -> /home/usuario/IR2134/rmf_demos/install/rmf_demos_tasks/lib/python3.12/site-packages/rmf_demos_tasks
[2.256s] copying /home/usuario/IR2134/rmf_demos/build/rmf_demos_tasks/build/lib/rmf_demos_tasks/request_lift.py -> /home/usuario/IR2134/rmf_demos/install/rmf_demos_tasks/lib/python3.12/site-packages/rmf_demos_tasks
[2.257s] copying /home/usuario/IR2134/rmf_demos/build/rmf_demos_tasks/build/lib/rmf_demos_tasks/wait_for_task_complete.py -> /home/usuario/IR2134/rmf_demos/install/rmf_demos_tasks/lib/python3.12/site-packages/rmf_demos_tasks
[2.257s] copying /home/usuario/IR2134/rmf_demos/build/rmf_demos_tasks/build/lib/rmf_demos_tasks/dispatch_patrol.py -> /home/usuario/IR2134/rmf_demos/install/rmf_demos_tasks/lib/python3.12/site-packages/rmf_demos_tasks
[2.257s] copying /home/usuario/IR2134/rmf_demos/build/rmf_demos_tasks/build/lib/rmf_demos_tasks/dispatch_go_to_place.py -> /home/usuario/IR2134/rmf_demos/install/rmf_demos_tasks/lib/python3.12/site-packages/rmf_demos_tasks
[2.257s] copying /home/usuario/IR2134/rmf_demos/build/rmf_demos_tasks/build/lib/rmf_demos_tasks/dispatch_delivery.py -> /home/usuario/IR2134/rmf_demos/install/rmf_demos_tasks/lib/python3.12/site-packages/rmf_demos_tasks
[2.257s] copying /home/usuario/IR2134/rmf_demos/build/rmf_demos_tasks/build/lib/rmf_demos_tasks/cancel_task.py -> /home/usuario/IR2134/rmf_demos/install/rmf_demos_tasks/lib/python3.12/site-packages/rmf_demos_tasks
[2.258s] copying /home/usuario/IR2134/rmf_demos/build/rmf_demos_tasks/build/lib/rmf_demos_tasks/api_request.py -> /home/usuario/IR2134/rmf_demos/install/rmf_demos_tasks/lib/python3.12/site-packages/rmf_demos_tasks
[2.258s] copying /home/usuario/IR2134/rmf_demos/build/rmf_demos_tasks/build/lib/rmf_demos_tasks/dispatch_loop.py -> /home/usuario/IR2134/rmf_demos/install/rmf_demos_tasks/lib/python3.12/site-packages/rmf_demos_tasks
[2.258s] copying /home/usuario/IR2134/rmf_demos/build/rmf_demos_tasks/build/lib/rmf_demos_tasks/mock_docker.py -> /home/usuario/IR2134/rmf_demos/install/rmf_demos_tasks/lib/python3.12/site-packages/rmf_demos_tasks
[2.258s] copying /home/usuario/IR2134/rmf_demos/build/rmf_demos_tasks/build/lib/rmf_demos_tasks/teleop_robot.py -> /home/usuario/IR2134/rmf_demos/install/rmf_demos_tasks/lib/python3.12/site-packages/rmf_demos_tasks
[2.258s] copying /home/usuario/IR2134/rmf_demos/build/rmf_demos_tasks/build/lib/rmf_demos_tasks/dispatch_cart_delivery.py -> /home/usuario/IR2134/rmf_demos/install/rmf_demos_tasks/lib/python3.12/site-packages/rmf_demos_tasks
[2.259s] copying /home/usuario/IR2134/rmf_demos/build/rmf_demos_tasks/build/lib/rmf_demos_tasks/dispatch_json.py -> /home/usuario/IR2134/rmf_demos/install/rmf_demos_tasks/lib/python3.12/site-packages/rmf_demos_tasks
[2.259s] copying /home/usuario/IR2134/rmf_demos/build/rmf_demos_tasks/build/lib/rmf_demos_tasks/__init__.py -> /home/usuario/IR2134/rmf_demos/install/rmf_demos_tasks/lib/python3.12/site-packages/rmf_demos_tasks
[2.263s] copying /home/usuario/IR2134/rmf_demos/build/rmf_demos_tasks/build/lib/rmf_demos_tasks/dispatch_teleop.py -> /home/usuario/IR2134/rmf_demos/install/rmf_demos_tasks/lib/python3.12/site-packages/rmf_demos_tasks
[2.263s] copying /home/usuario/IR2134/rmf_demos/build/rmf_demos_tasks/build/lib/rmf_demos_tasks/request_loop.py -> /home/usuario/IR2134/rmf_demos/install/rmf_demos_tasks/lib/python3.12/site-packages/rmf_demos_tasks
[2.264s] copying /home/usuario/IR2134/rmf_demos/build/rmf_demos_tasks/build/lib/rmf_demos_tasks/dispatch_clean.py -> /home/usuario/IR2134/rmf_demos/install/rmf_demos_tasks/lib/python3.12/site-packages/rmf_demos_tasks
[2.264s] copying /home/usuario/IR2134/rmf_demos/build/rmf_demos_tasks/build/lib/rmf_demos_tasks/get_robot_location.py -> /home/usuario/IR2134/rmf_demos/install/rmf_demos_tasks/lib/python3.12/site-packages/rmf_demos_tasks
[2.265s] byte-compiling /home/usuario/IR2134/rmf_demos/install/rmf_demos_tasks/lib/python3.12/site-packages/rmf_demos_tasks/dispatch_action.py to dispatch_action.cpython-312.pyc
[2.270s] byte-compiling /home/usuario/IR2134/rmf_demos/install/rmf_demos_tasks/lib/python3.12/site-packages/rmf_demos_tasks/request_lift.py to request_lift.cpython-312.pyc
[2.270s] byte-compiling /home/usuario/IR2134/rmf_demos/install/rmf_demos_tasks/lib/python3.12/site-packages/rmf_demos_tasks/wait_for_task_complete.py to wait_for_task_complete.cpython-312.pyc
[2.271s] byte-compiling /home/usuario/IR2134/rmf_demos/install/rmf_demos_tasks/lib/python3.12/site-packages/rmf_demos_tasks/dispatch_patrol.py to dispatch_patrol.cpython-312.pyc
[2.272s] byte-compiling /home/usuario/IR2134/rmf_demos/install/rmf_demos_tasks/lib/python3.12/site-packages/rmf_demos_tasks/dispatch_go_to_place.py to dispatch_go_to_place.cpython-312.pyc
[2.274s] byte-compiling /home/usuario/IR2134/rmf_demos/install/rmf_demos_tasks/lib/python3.12/site-packages/rmf_demos_tasks/dispatch_delivery.py to dispatch_delivery.cpython-312.pyc
[2.279s] byte-compiling /home/usuario/IR2134/rmf_demos/install/rmf_demos_tasks/lib/python3.12/site-packages/rmf_demos_tasks/cancel_task.py to cancel_task.cpython-312.pyc
[2.281s] byte-compiling /home/usuario/IR2134/rmf_demos/install/rmf_demos_tasks/lib/python3.12/site-packages/rmf_demos_tasks/api_request.py to api_request.cpython-312.pyc
[2.282s] byte-compiling /home/usuario/IR2134/rmf_demos/install/rmf_demos_tasks/lib/python3.12/site-packages/rmf_demos_tasks/dispatch_loop.py to dispatch_loop.cpython-312.pyc
[2.285s] byte-compiling /home/usuario/IR2134/rmf_demos/install/rmf_demos_tasks/lib/python3.12/site-packages/rmf_demos_tasks/mock_docker.py to mock_docker.cpython-312.pyc
[2.291s] byte-compiling /home/usuario/IR2134/rmf_demos/install/rmf_demos_tasks/lib/python3.12/site-packages/rmf_demos_tasks/teleop_robot.py to teleop_robot.cpython-312.pyc
[2.292s] byte-compiling /home/usuario/IR2134/rmf_demos/install/rmf_demos_tasks/lib/python3.12/site-packages/rmf_demos_tasks/dispatch_cart_delivery.py to dispatch_cart_delivery.cpython-312.pyc
[2.302s] byte-compiling /home/usuario/IR2134/rmf_demos/install/rmf_demos_tasks/lib/python3.12/site-packages/rmf_demos_tasks/dispatch_json.py to dispatch_json.cpython-312.pyc
[2.303s] byte-compiling /home/usuario/IR2134/rmf_demos/install/rmf_demos_tasks/lib/python3.12/site-packages/rmf_demos_tasks/__init__.py to __init__.cpython-312.pyc
[2.304s] byte-compiling /home/usuario/IR2134/rmf_demos/install/rmf_demos_tasks/lib/python3.12/site-packages/rmf_demos_tasks/dispatch_teleop.py to dispatch_teleop.cpython-312.pyc
[2.305s] byte-compiling /home/usuario/IR2134/rmf_demos/install/rmf_demos_tasks/lib/python3.12/site-packages/rmf_demos_tasks/request_loop.py to request_loop.cpython-312.pyc
[2.305s] byte-compiling /home/usuario/IR2134/rmf_demos/install/rmf_demos_tasks/lib/python3.12/site-packages/rmf_demos_tasks/dispatch_clean.py to dispatch_clean.cpython-312.pyc
[2.306s] byte-compiling /home/usuario/IR2134/rmf_demos/install/rmf_demos_tasks/lib/python3.12/site-packages/rmf_demos_tasks/get_robot_location.py to get_robot_location.cpython-312.pyc
[2.307s] running install_data
[2.307s] creating /home/usuario/IR2134/rmf_demos/install/rmf_demos_tasks/share/ament_index
[2.308s] creating /home/usuario/IR2134/rmf_demos/install/rmf_demos_tasks/share/ament_index/resource_index
[2.308s] creating /home/usuario/IR2134/rmf_demos/install/rmf_demos_tasks/share/ament_index/resource_index/packages
[2.308s] copying resource/rmf_demos_tasks -> /home/usuario/IR2134/rmf_demos/install/rmf_demos_tasks/share/ament_index/resource_index/packages
[2.308s] copying package.xml -> /home/usuario/IR2134/rmf_demos/install/rmf_demos_tasks/share/rmf_demos_tasks
[2.308s] running install_egg_info
[2.328s] Copying ../build/rmf_demos_tasks/rmf_demos_tasks.egg-info to /home/usuario/IR2134/rmf_demos/install/rmf_demos_tasks/lib/python3.12/site-packages/rmf_demos_tasks-2.5.0-py3.12.egg-info
[2.342s] running install_scripts
[2.513s] Installing api_request script to /home/usuario/IR2134/rmf_demos/install/rmf_demos_tasks/lib/rmf_demos_tasks
[2.514s] Installing cancel_task script to /home/usuario/IR2134/rmf_demos/install/rmf_demos_tasks/lib/rmf_demos_tasks
[2.514s] Installing dispatch_action script to /home/usuario/IR2134/rmf_demos/install/rmf_demos_tasks/lib/rmf_demos_tasks
[2.514s] Installing dispatch_cart_delivery script to /home/usuario/IR2134/rmf_demos/install/rmf_demos_tasks/lib/rmf_demos_tasks
[2.515s] Installing dispatch_clean script to /home/usuario/IR2134/rmf_demos/install/rmf_demos_tasks/lib/rmf_demos_tasks
[2.515s] Installing dispatch_delivery script to /home/usuario/IR2134/rmf_demos/install/rmf_demos_tasks/lib/rmf_demos_tasks
[2.516s] Installing dispatch_go_to_place script to /home/usuario/IR2134/rmf_demos/install/rmf_demos_tasks/lib/rmf_demos_tasks
[2.517s] Installing dispatch_json script to /home/usuario/IR2134/rmf_demos/install/rmf_demos_tasks/lib/rmf_demos_tasks
[2.517s] Installing dispatch_loop script to /home/usuario/IR2134/rmf_demos/install/rmf_demos_tasks/lib/rmf_demos_tasks
[2.518s] Installing dispatch_patrol script to /home/usuario/IR2134/rmf_demos/install/rmf_demos_tasks/lib/rmf_demos_tasks
[2.518s] Installing dispatch_teleop script to /home/usuario/IR2134/rmf_demos/install/rmf_demos_tasks/lib/rmf_demos_tasks
[2.518s] Installing get_robot_location script to /home/usuario/IR2134/rmf_demos/install/rmf_demos_tasks/lib/rmf_demos_tasks
[2.519s] Installing mock_docker script to /home/usuario/IR2134/rmf_demos/install/rmf_demos_tasks/lib/rmf_demos_tasks
[2.519s] Installing request_lift script to /home/usuario/IR2134/rmf_demos/install/rmf_demos_tasks/lib/rmf_demos_tasks
[2.520s] Installing request_loop script to /home/usuario/IR2134/rmf_demos/install/rmf_demos_tasks/lib/rmf_demos_tasks
[2.520s] Installing teleop_robot script to /home/usuario/IR2134/rmf_demos/install/rmf_demos_tasks/lib/rmf_demos_tasks
[2.521s] Installing wait_for_task_complete script to /home/usuario/IR2134/rmf_demos/install/rmf_demos_tasks/lib/rmf_demos_tasks
[2.522s] writing list of installed files to '/home/usuario/IR2134/rmf_demos/build/rmf_demos_tasks/install.log'
[2.551s] Invoked command in '/home/usuario/IR2134/rmf_demos/rmf_demos_tasks' returned '0': PYTHONPATH=/home/usuario/IR2134/rmf_demos/build/rmf_demos_tasks/prefix_override:/usr/lib/python3/dist-packages/colcon_core/task/python/colcon_distutils_commands:/home/usuario/IR2134/rmf_demos/install/rmf_demos_tasks/lib/python3.12/site-packages:${PYTHONPATH} /usr/bin/python3 -W ignore:setup.py install is deprecated -W ignore:easy_install command is deprecated setup.py egg_info --egg-base ../build/rmf_demos_tasks build --build-base /home/usuario/IR2134/rmf_demos/build/rmf_demos_tasks/build install --record /home/usuario/IR2134/rmf_demos/build/rmf_demos_tasks/install.log --single-version-externally-managed install_data
