[2.287s] Invoking command in '/home/ususario/IR2134/rmf_demos/rmf_demos_bridges': PYTHONPATH=/home/ususario/IR2134/build/rmf_demos_bridges/prefix_override:/usr/lib/python3/dist-packages/colcon_core/task/python/colcon_distutils_commands:/home/ususario/IR2134/install/rmf_demos_bridges/lib/python3.12/site-packages:${PYTHONPATH} /usr/bin/python3 -W ignore:setup.py install is deprecated -W ignore:easy_install command is deprecated setup.py egg_info --egg-base ../../build/rmf_demos_bridges build --build-base /home/ususario/IR2134/build/rmf_demos_bridges/build install --record /home/ususario/IR2134/build/rmf_demos_bridges/install.log --single-version-externally-managed install_data
[3.241s] running egg_info
[3.242s] creating ../../build/rmf_demos_bridges/rmf_demos_bridges.egg-info
[3.242s] writing ../../build/rmf_demos_bridges/rmf_demos_bridges.egg-info/PKG-INFO
[3.242s] writing dependency_links to ../../build/rmf_demos_bridges/rmf_demos_bridges.egg-info/dependency_links.txt
[3.242s] writing entry points to ../../build/rmf_demos_bridges/rmf_demos_bridges.egg-info/entry_points.txt
[3.242s] writing requirements to ../../build/rmf_demos_bridges/rmf_demos_bridges.egg-info/requires.txt
[3.242s] writing top-level names to ../../build/rmf_demos_bridges/rmf_demos_bridges.egg-info/top_level.txt
[3.242s] writing manifest file '../../build/rmf_demos_bridges/rmf_demos_bridges.egg-info/SOURCES.txt'
[3.242s] reading manifest file '../../build/rmf_demos_bridges/rmf_demos_bridges.egg-info/SOURCES.txt'
[3.242s] writing manifest file '../../build/rmf_demos_bridges/rmf_demos_bridges.egg-info/SOURCES.txt'
[3.242s] running build
[3.242s] running build_py
[3.242s] creating /home/ususario/IR2134/build/rmf_demos_bridges/build
[3.242s] creating /home/ususario/IR2134/build/rmf_demos_bridges/build/lib
[3.242s] creating /home/ususario/IR2134/build/rmf_demos_bridges/build/lib/rmf_demos_bridges
[3.242s] copying rmf_demos_bridges/fleet_socketio_bridge.py -> /home/ususario/IR2134/build/rmf_demos_bridges/build/lib/rmf_demos_bridges
[3.243s] copying rmf_demos_bridges/__init__.py -> /home/ususario/IR2134/build/rmf_demos_bridges/build/lib/rmf_demos_bridges
[3.243s] copying rmf_demos_bridges/fleet_robotmanager_mqtt_bridge.py -> /home/ususario/IR2134/build/rmf_demos_bridges/build/lib/rmf_demos_bridges
[3.243s] running install
[3.243s] running install_lib
[3.243s] creating /home/ususario/IR2134/install/rmf_demos_bridges/lib/python3.12/site-packages/rmf_demos_bridges
[3.243s] copying /home/ususario/IR2134/build/rmf_demos_bridges/build/lib/rmf_demos_bridges/fleet_socketio_bridge.py -> /home/ususario/IR2134/install/rmf_demos_bridges/lib/python3.12/site-packages/rmf_demos_bridges
[3.243s] copying /home/ususario/IR2134/build/rmf_demos_bridges/build/lib/rmf_demos_bridges/__init__.py -> /home/ususario/IR2134/install/rmf_demos_bridges/lib/python3.12/site-packages/rmf_demos_bridges
[3.243s] copying /home/ususario/IR2134/build/rmf_demos_bridges/build/lib/rmf_demos_bridges/fleet_robotmanager_mqtt_bridge.py -> /home/ususario/IR2134/install/rmf_demos_bridges/lib/python3.12/site-packages/rmf_demos_bridges
[3.243s] byte-compiling /home/ususario/IR2134/install/rmf_demos_bridges/lib/python3.12/site-packages/rmf_demos_bridges/fleet_socketio_bridge.py to fleet_socketio_bridge.cpython-312.pyc
[3.243s] byte-compiling /home/ususario/IR2134/install/rmf_demos_bridges/lib/python3.12/site-packages/rmf_demos_bridges/__init__.py to __init__.cpython-312.pyc
[3.243s] byte-compiling /home/ususario/IR2134/install/rmf_demos_bridges/lib/python3.12/site-packages/rmf_demos_bridges/fleet_robotmanager_mqtt_bridge.py to fleet_robotmanager_mqtt_bridge.cpython-312.pyc
[3.243s] running install_data
[3.243s] creating /home/ususario/IR2134/install/rmf_demos_bridges/share/ament_index
[3.243s] creating /home/ususario/IR2134/install/rmf_demos_bridges/share/ament_index/resource_index
[3.243s] creating /home/ususario/IR2134/install/rmf_demos_bridges/share/ament_index/resource_index/packages
[3.244s] copying resource/rmf_demos_bridges -> /home/ususario/IR2134/install/rmf_demos_bridges/share/ament_index/resource_index/packages
[3.244s] copying package.xml -> /home/ususario/IR2134/install/rmf_demos_bridges/share/rmf_demos_bridges
[3.244s] running install_egg_info
[3.244s] Copying ../../build/rmf_demos_bridges/rmf_demos_bridges.egg-info to /home/ususario/IR2134/install/rmf_demos_bridges/lib/python3.12/site-packages/rmf_demos_bridges-2.5.0-py3.12.egg-info
[3.244s] running install_scripts
[3.244s] Installing fleet_robotmanager_mqtt_bridge script to /home/ususario/IR2134/install/rmf_demos_bridges/lib/rmf_demos_bridges
[3.244s] Installing fleet_socketio_bridge script to /home/ususario/IR2134/install/rmf_demos_bridges/lib/rmf_demos_bridges
[3.244s] writing list of installed files to '/home/ususario/IR2134/build/rmf_demos_bridges/install.log'
[3.307s] Invoked command in '/home/ususario/IR2134/rmf_demos/rmf_demos_bridges' returned '0': PYTHONPATH=/home/ususario/IR2134/build/rmf_demos_bridges/prefix_override:/usr/lib/python3/dist-packages/colcon_core/task/python/colcon_distutils_commands:/home/ususario/IR2134/install/rmf_demos_bridges/lib/python3.12/site-packages:${PYTHONPATH} /usr/bin/python3 -W ignore:setup.py install is deprecated -W ignore:easy_install command is deprecated setup.py egg_info --egg-base ../../build/rmf_demos_bridges build --build-base /home/ususario/IR2134/build/rmf_demos_bridges/build install --record /home/ususario/IR2134/build/rmf_demos_bridges/install.log --single-version-externally-managed install_data
