running egg_info
creating ../../build/rmf_visualization_building_systems/rmf_visualization_building_systems.egg-info
writing ../../build/rmf_visualization_building_systems/rmf_visualization_building_systems.egg-info/PKG-INFO
writing dependency_links to ../../build/rmf_visualization_building_systems/rmf_visualization_building_systems.egg-info/dependency_links.txt
writing entry points to ../../build/rmf_visualization_building_systems/rmf_visualization_building_systems.egg-info/entry_points.txt
writing requirements to ../../build/rmf_visualization_building_systems/rmf_visualization_building_systems.egg-info/requires.txt
writing top-level names to ../../build/rmf_visualization_building_systems/rmf_visualization_building_systems.egg-info/top_level.txt
writing manifest file '../../build/rmf_visualization_building_systems/rmf_visualization_building_systems.egg-info/SOURCES.txt'
reading manifest file '../../build/rmf_visualization_building_systems/rmf_visualization_building_systems.egg-info/SOURCES.txt'
writing manifest file '../../build/rmf_visualization_building_systems/rmf_visualization_building_systems.egg-info/SOURCES.txt'
running build
running build_py
creating /home/usuario/Documentos/GitHub/IR2134/rmf_demos/build/rmf_visualization_building_systems/build
creating /home/usuario/Documentos/GitHub/IR2134/rmf_demos/build/rmf_visualization_building_systems/build/lib
creating /home/usuario/Documentos/GitHub/IR2134/rmf_demos/build/rmf_visualization_building_systems/build/lib/rmf_visualization_building_systems
copying rmf_visualization_building_systems/rmf_visualization_building_systems.py -> /home/usuario/Documentos/GitHub/IR2134/rmf_demos/build/rmf_visualization_building_systems/build/lib/rmf_visualization_building_systems
copying rmf_visualization_building_systems/__init__.py -> /home/usuario/Documentos/GitHub/IR2134/rmf_demos/build/rmf_visualization_building_systems/build/lib/rmf_visualization_building_systems
running install
running install_lib
creating /home/usuario/Documentos/GitHub/IR2134/rmf_demos/install/rmf_visualization_building_systems/lib/python3.10/site-packages/rmf_visualization_building_systems
copying /home/usuario/Documentos/GitHub/IR2134/rmf_demos/build/rmf_visualization_building_systems/build/lib/rmf_visualization_building_systems/rmf_visualization_building_systems.py -> /home/usuario/Documentos/GitHub/IR2134/rmf_demos/install/rmf_visualization_building_systems/lib/python3.10/site-packages/rmf_visualization_building_systems
copying /home/usuario/Documentos/GitHub/IR2134/rmf_demos/build/rmf_visualization_building_systems/build/lib/rmf_visualization_building_systems/__init__.py -> /home/usuario/Documentos/GitHub/IR2134/rmf_demos/install/rmf_visualization_building_systems/lib/python3.10/site-packages/rmf_visualization_building_systems
byte-compiling /home/usuario/Documentos/GitHub/IR2134/rmf_demos/install/rmf_visualization_building_systems/lib/python3.10/site-packages/rmf_visualization_building_systems/rmf_visualization_building_systems.py to rmf_visualization_building_systems.cpython-310.pyc
byte-compiling /home/usuario/Documentos/GitHub/IR2134/rmf_demos/install/rmf_visualization_building_systems/lib/python3.10/site-packages/rmf_visualization_building_systems/__init__.py to __init__.cpython-310.pyc
running install_data
copying resource/rmf_visualization_building_systems -> /home/usuario/Documentos/GitHub/IR2134/rmf_demos/install/rmf_visualization_building_systems/share/ament_index/resource_index/packages
copying package.xml -> /home/usuario/Documentos/GitHub/IR2134/rmf_demos/install/rmf_visualization_building_systems/share/rmf_visualization_building_systems
running install_egg_info
Copying ../../build/rmf_visualization_building_systems/rmf_visualization_building_systems.egg-info to /home/usuario/Documentos/GitHub/IR2134/rmf_demos/install/rmf_visualization_building_systems/lib/python3.10/site-packages/rmf_visualization_building_systems-2.4.1-py3.10.egg-info
running install_scripts
Installing rmf_visualization_building_systems script to /home/usuario/Documentos/GitHub/IR2134/rmf_demos/install/rmf_visualization_building_systems/lib/rmf_visualization_building_systems
writing list of installed files to '/home/usuario/Documentos/GitHub/IR2134/rmf_demos/build/rmf_visualization_building_systems/install.log'
