[0.758s] Invoking command in '/home/usuario/Documentos/GitHub/IR2134/rmf_demos/rmf_visualization/rmf_visualization_building_systems': PYTHONPATH=/home/usuario/Documentos/GitHub/IR2134/rmf_demos/build/rmf_visualization_building_systems/prefix_override:/usr/lib/python3/dist-packages/colcon_core/task/python/colcon_distutils_commands:/home/usuario/Documentos/GitHub/IR2134/rmf_demos/install/rmf_visualization_building_systems/lib/python3.10/site-packages: /usr/bin/python3 -W ignore:setup.py install is deprecated -W ignore:easy_install command is deprecated setup.py egg_info --egg-base ../../build/rmf_visualization_building_systems build --build-base /home/usuario/Documentos/GitHub/IR2134/rmf_demos/build/rmf_visualization_building_systems/build install --record /home/usuario/Documentos/GitHub/IR2134/rmf_demos/build/rmf_visualization_building_systems/install.log --single-version-externally-managed install_data
[1.901s] running egg_info
[1.901s] creating ../../build/rmf_visualization_building_systems/rmf_visualization_building_systems.egg-info
[1.902s] writing ../../build/rmf_visualization_building_systems/rmf_visualization_building_systems.egg-info/PKG-INFO
[1.902s] writing dependency_links to ../../build/rmf_visualization_building_systems/rmf_visualization_building_systems.egg-info/dependency_links.txt
[1.902s] writing entry points to ../../build/rmf_visualization_building_systems/rmf_visualization_building_systems.egg-info/entry_points.txt
[1.902s] writing requirements to ../../build/rmf_visualization_building_systems/rmf_visualization_building_systems.egg-info/requires.txt
[1.902s] writing top-level names to ../../build/rmf_visualization_building_systems/rmf_visualization_building_systems.egg-info/top_level.txt
[1.902s] writing manifest file '../../build/rmf_visualization_building_systems/rmf_visualization_building_systems.egg-info/SOURCES.txt'
[1.902s] reading manifest file '../../build/rmf_visualization_building_systems/rmf_visualization_building_systems.egg-info/SOURCES.txt'
[1.902s] writing manifest file '../../build/rmf_visualization_building_systems/rmf_visualization_building_systems.egg-info/SOURCES.txt'
[1.902s] running build
[1.902s] running build_py
[1.902s] creating /home/usuario/Documentos/GitHub/IR2134/rmf_demos/build/rmf_visualization_building_systems/build
[1.903s] creating /home/usuario/Documentos/GitHub/IR2134/rmf_demos/build/rmf_visualization_building_systems/build/lib
[1.903s] creating /home/usuario/Documentos/GitHub/IR2134/rmf_demos/build/rmf_visualization_building_systems/build/lib/rmf_visualization_building_systems
[1.903s] copying rmf_visualization_building_systems/rmf_visualization_building_systems.py -> /home/usuario/Documentos/GitHub/IR2134/rmf_demos/build/rmf_visualization_building_systems/build/lib/rmf_visualization_building_systems
[1.903s] copying rmf_visualization_building_systems/__init__.py -> /home/usuario/Documentos/GitHub/IR2134/rmf_demos/build/rmf_visualization_building_systems/build/lib/rmf_visualization_building_systems
[1.903s] running install
[1.904s] running install_lib
[1.904s] creating /home/usuario/Documentos/GitHub/IR2134/rmf_demos/install/rmf_visualization_building_systems/lib/python3.10/site-packages/rmf_visualization_building_systems
[1.904s] copying /home/usuario/Documentos/GitHub/IR2134/rmf_demos/build/rmf_visualization_building_systems/build/lib/rmf_visualization_building_systems/rmf_visualization_building_systems.py -> /home/usuario/Documentos/GitHub/IR2134/rmf_demos/install/rmf_visualization_building_systems/lib/python3.10/site-packages/rmf_visualization_building_systems
[1.904s] copying /home/usuario/Documentos/GitHub/IR2134/rmf_demos/build/rmf_visualization_building_systems/build/lib/rmf_visualization_building_systems/__init__.py -> /home/usuario/Documentos/GitHub/IR2134/rmf_demos/install/rmf_visualization_building_systems/lib/python3.10/site-packages/rmf_visualization_building_systems
[1.904s] byte-compiling /home/usuario/Documentos/GitHub/IR2134/rmf_demos/install/rmf_visualization_building_systems/lib/python3.10/site-packages/rmf_visualization_building_systems/rmf_visualization_building_systems.py to rmf_visualization_building_systems.cpython-310.pyc
[1.904s] byte-compiling /home/usuario/Documentos/GitHub/IR2134/rmf_demos/install/rmf_visualization_building_systems/lib/python3.10/site-packages/rmf_visualization_building_systems/__init__.py to __init__.cpython-310.pyc
[1.904s] running install_data
[1.905s] copying resource/rmf_visualization_building_systems -> /home/usuario/Documentos/GitHub/IR2134/rmf_demos/install/rmf_visualization_building_systems/share/ament_index/resource_index/packages
[1.905s] copying package.xml -> /home/usuario/Documentos/GitHub/IR2134/rmf_demos/install/rmf_visualization_building_systems/share/rmf_visualization_building_systems
[1.905s] running install_egg_info
[1.905s] Copying ../../build/rmf_visualization_building_systems/rmf_visualization_building_systems.egg-info to /home/usuario/Documentos/GitHub/IR2134/rmf_demos/install/rmf_visualization_building_systems/lib/python3.10/site-packages/rmf_visualization_building_systems-2.4.1-py3.10.egg-info
[1.905s] running install_scripts
[1.905s] Installing rmf_visualization_building_systems script to /home/usuario/Documentos/GitHub/IR2134/rmf_demos/install/rmf_visualization_building_systems/lib/rmf_visualization_building_systems
[1.905s] writing list of installed files to '/home/usuario/Documentos/GitHub/IR2134/rmf_demos/build/rmf_visualization_building_systems/install.log'
[1.906s] Invoked command in '/home/usuario/Documentos/GitHub/IR2134/rmf_demos/rmf_visualization/rmf_visualization_building_systems' returned '0': PYTHONPATH=/home/usuario/Documentos/GitHub/IR2134/rmf_demos/build/rmf_visualization_building_systems/prefix_override:/usr/lib/python3/dist-packages/colcon_core/task/python/colcon_distutils_commands:/home/usuario/Documentos/GitHub/IR2134/rmf_demos/install/rmf_visualization_building_systems/lib/python3.10/site-packages: /usr/bin/python3 -W ignore:setup.py install is deprecated -W ignore:easy_install command is deprecated setup.py egg_info --egg-base ../../build/rmf_visualization_building_systems build --build-base /home/usuario/Documentos/GitHub/IR2134/rmf_demos/build/rmf_visualization_building_systems/build install --record /home/usuario/Documentos/GitHub/IR2134/rmf_demos/build/rmf_visualization_building_systems/install.log --single-version-externally-managed install_data
