[0.226s] Invoking command in '/home/usuario/rmf_demos/build/rmf_visualization_rviz2_plugins': CMAKE_PREFIX_PATH=/home/usuario/rmf_demos/install/rmf_demos_gz:/home/usuario/rmf_demos/install/rmf_demos:/home/usuario/rmf_demos/install/rmf_visualization:/home/usuario/rmf_demos/install/rmf_visualization_schedule:/home/usuario/rmf_demos/install/rmf_visualization_rviz2_plugins:/home/usuario/rmf_demos/install/rmf_visualization_obstacles:/home/usuario/rmf_demos/install/rmf_visualization_navgraphs:/home/usuario/rmf_demos/install/rmf_visualization_floorplans:/home/usuario/rmf_demos/install/rmf_visualization_fleet_states:/home/usuario/rmf_demos/install/rmf_demos_maps:/home/usuario/rmf_demos/install/rmf_demos_assets:/rmf_demos_ws/install/rmf_workcell_msgs:/rmf_demos_ws/install/rmf_reservation_node:/rmf_demos_ws/install/rmf_demos_gz:/rmf_demos_ws/install/rmf_demos:/rmf_demos_ws/install/rmf_fleet_adapter_python:/rmf_demos_ws/install/rmf_fleet_adapter:/rmf_demos_ws/install/rmf_task_ros2:/rmf_demos_ws/install/rmf_websocket:/rmf_demos_ws/install/rmf_visualization:/rmf_demos_ws/install/rmf_visualization_schedule:/rmf_demos_ws/install/rmf_visualization_rviz2_plugins:/rmf_demos_ws/install/rmf_visualization_obstacles:/rmf_demos_ws/install/rmf_visualization_navgraphs:/rmf_demos_ws/install/rmf_visualization_floorplans:/rmf_demos_ws/install/rmf_visualization_fleet_states:/rmf_demos_ws/install/rmf_visualization_msgs:/rmf_demos_ws/install/rmf_traffic_ros2:/rmf_demos_ws/install/rmf_task_sequence:/rmf_demos_ws/install/rmf_task:/rmf_demos_ws/install/rmf_battery:/rmf_demos_ws/install/rmf_traffic:/rmf_demos_ws/install/rmf_utils:/rmf_demos_ws/install/rmf_traffic_msgs:/rmf_demos_ws/install/rmf_traffic_editor_test_maps:/rmf_demos_ws/install/rmf_traffic_editor_assets:/rmf_demos_ws/install/rmf_traffic_editor:/rmf_demos_ws/install/rmf_task_msgs:/rmf_demos_ws/install/rmf_site_map_msgs:/rmf_demos_ws/install/rmf_scheduler_msgs:/rmf_demos_ws/install/rmf_robot_sim_gz_plugins:/rmf_demos_ws/install/rmf_robot_sim_common:/rmf_demos_ws/install/rmf_reservation_msgs:/rmf_demos_ws/install/rmf_obstacle_msgs:/rmf_demos_ws/install/rmf_building_sim_gz_plugins:/rmf_demos_ws/install/rmf_lift_msgs:/rmf_demos_ws/install/rmf_ingestor_msgs:/rmf_demos_ws/install/rmf_fleet_msgs:/rmf_demos_ws/install/rmf_door_msgs:/rmf_demos_ws/install/rmf_dispenser_msgs:/rmf_demos_ws/install/rmf_demos_maps:/rmf_demos_ws/install/rmf_demos_assets:/rmf_demos_ws/install/rmf_charger_msgs:/rmf_demos_ws/install/rmf_building_map_msgs:/rmf_demos_ws/install/rmf_api_msgs:/rmf_demos_ws/install/pybind11_json_vendor:/rmf_demos_ws/install/nlohmann_json_schema_validator_vendor:/home/usuario/rmf_demos/install/rmf_visualization_building_systems:/home/usuario/rmf_demos/install/rmf_demos_tasks:/home/usuario/rmf_demos/install/rmf_demos_fleet_adapter:/home/usuario/rmf_demos/install/rmf_demos_bridges:/rmf_demos_ws/install/rmf_demos_fleet_adapter:/rmf_demos_ws/install/rmf_visualization_building_systems:/rmf_demos_ws/install/rmf_traffic_examples:/rmf_demos_ws/install/rmf_demos_bridges:/rmf_demos_ws/install/rmf_demos_tasks:/rmf_demos_ws/install/rmf_building_map_tools:/rmf_demos_ws/install/rmf_charging_schedule:/opt/ros/jazzy:/rmf_demos_ws/install/menge_vendor:/rmf_demos_ws/install/ament_cmake_catch2:/opt/ros/jazzy/opt/gz_sim_vendor:/opt/ros/jazzy/opt/gz_sensors_vendor:/opt/ros/jazzy/opt/gz_physics_vendor:/opt/ros/jazzy/opt/sdformat_vendor:/opt/ros/jazzy/opt/gz_gui_vendor:/opt/ros/jazzy/opt/gz_transport_vendor:/opt/ros/jazzy/opt/gz_rendering_vendor:/opt/ros/jazzy/opt/gz_plugin_vendor:/opt/ros/jazzy/opt/gz_fuel_tools_vendor:/opt/ros/jazzy/opt/gz_msgs_vendor:/opt/ros/jazzy/opt/gz_common_vendor:/opt/ros/jazzy/opt/gz_math_vendor:/opt/ros/jazzy/opt/gz_utils_vendor:/opt/ros/jazzy/opt/gz_tools_vendor:/opt/ros/jazzy/opt/gz_ogre_next_vendor:/opt/ros/jazzy/opt/gz_dartsim_vendor:/opt/ros/jazzy/opt/gz_cmake_vendor /usr/bin/cmake /home/usuario/rmf_demos/rmf_visualization/rmf_visualization_rviz2_plugins -DCMAKE_INSTALL_PREFIX=/home/usuario/rmf_demos/install/rmf_visualization_rviz2_plugins
[0.313s] -- The C compiler identification is GNU 13.3.0
[0.382s] -- The CXX compiler identification is GNU 13.3.0
[0.405s] -- Detecting C compiler ABI info
[0.590s] -- Detecting C compiler ABI info - done
[0.602s] -- Check for working C compiler: /usr/bin/cc - skipped
[0.602s] -- Detecting C compile features
[0.603s] -- Detecting C compile features - done
[0.614s] -- Detecting CXX compiler ABI info
[0.833s] -- Detecting CXX compiler ABI info - done
[0.854s] -- Check for working CXX compiler: /usr/bin/c++ - skipped
[0.855s] -- Detecting CXX compile features
[0.855s] -- Detecting CXX compile features - done
[0.867s] -- Found ament_cmake: 2.5.3 (/opt/ros/jazzy/share/ament_cmake/cmake)
[1.148s] -- Found Python3: /usr/bin/python3 (found version "3.12.3") found components: Interpreter 
[1.416s] -- Found rclcpp: 28.1.6 (/opt/ros/jazzy/share/rclcpp/cmake)
[1.536s] -- Found rosidl_generator_c: 4.6.5 (/opt/ros/jazzy/share/rosidl_generator_c/cmake)
[1.575s] -- Found rosidl_generator_cpp: 4.6.5 (/opt/ros/jazzy/share/rosidl_generator_cpp/cmake)
[1.619s] -- Using all available rosidl_typesupport_c: rosidl_typesupport_fastrtps_c;rosidl_typesupport_introspection_c
[1.668s] -- Using all available rosidl_typesupport_cpp: rosidl_typesupport_fastrtps_cpp;rosidl_typesupport_introspection_cpp
[1.840s] -- Found rmw_implementation_cmake: 7.3.1 (/opt/ros/jazzy/share/rmw_implementation_cmake/cmake)
[1.854s] -- Found rmw_fastrtps_cpp: 8.4.1 (/opt/ros/jazzy/share/rmw_fastrtps_cpp/cmake)
[2.026s] -- Found OpenSSL: /usr/lib/x86_64-linux-gnu/libcrypto.so (found version "3.0.13")  
[2.049s] -- Found FastRTPS: /opt/ros/jazzy/include (Required is at least version "2.13") 
[2.077s] -- Using RMW implementation 'rmw_fastrtps_cpp' as default
[2.204s] -- Found rmf_door_msgs: 3.4.1 (/rmf_demos_ws/install/rmf_door_msgs/share/rmf_door_msgs/cmake)
[2.222s] -- Found rmf_lift_msgs: 3.4.1 (/rmf_demos_ws/install/rmf_lift_msgs/share/rmf_lift_msgs/cmake)
[2.237s] -- Found rmf_visualization_msgs: 1.5.0 (/rmf_demos_ws/install/rmf_visualization_msgs/share/rmf_visualization_msgs/cmake)
[2.259s] -- Found rviz_common: 14.1.6 (/opt/ros/jazzy/share/rviz_common/cmake)
[2.415s] -- Setting OGRE_DIR to: '/opt/ros/jazzy/share/rviz_ogre_vendor/cmake/../../../opt/rviz_ogre_vendor/lib/OGRE/cmake'
[2.417s] -- Found OGRE
[2.417s] --   static     : OFF
[2.417s] --   components : MeshLodGenerator;Overlay;Paging;Property;RTShaderSystem;Terrain;Volume
[2.417s] --   plugins    : Plugin_BSPSceneManager;Plugin_OctreeSceneManager;Plugin_PCZSceneManager;Plugin_ParticleFX;RenderSystem_GL;RenderSystem_GL3Plus;Codec_STBI
[2.417s] --   media      : /opt/ros/jazzy/opt/rviz_ogre_vendor/share/OGRE/Media
[2.417s] -- OGRE_LIBRARIES: OgreMeshLodGenerator;OgreOverlay;OgrePaging;OgreProperty;OgreRTShaderSystem;OgreTerrain;OgreVolume;OgreMain
[2.417s] -- OGRE_LIBRARY_DIRS: /opt/ros/jazzy/opt/rviz_ogre_vendor/lib
[2.417s] -- OGRE_PLUGINS: Plugin_BSPSceneManager;Plugin_OctreeSceneManager;Plugin_PCZSceneManager;Plugin_ParticleFX;RenderSystem_GL;RenderSystem_GL3Plus;Codec_STBI
[2.418s] -- OGRE_PLUGIN_DIR: /opt/ros/jazzy/opt/rviz_ogre_vendor/lib/OGRE
[2.418s] -- rviz_ogre_vendor::OgreOverlay for IMPORTED_LOCATION_RELEASE: /opt/ros/jazzy/opt/rviz_ogre_vendor/lib/libOgreOverlay.so
[2.418s] -- rviz_ogre_vendor::OgreOverlay for IMPORTED_LOCATION_DEBUG: /opt/ros/jazzy/opt/rviz_ogre_vendor/lib/libOgreOverlay.so
[2.419s] -- rviz_ogre_vendor::OgreMain for IMPORTED_LOCATION_RELEASE: /opt/ros/jazzy/opt/rviz_ogre_vendor/lib/libOgreMain.so
[2.419s] -- rviz_ogre_vendor::OgreMain for IMPORTED_LOCATION_DEBUG: /opt/ros/jazzy/opt/rviz_ogre_vendor/lib/libOgreMain.so
[2.478s] -- Found ZLIB: /usr/lib/x86_64-linux-gnu/libz.so (found version "1.3")  
[2.499s] -- Found OpenGL: /usr/lib/x86_64-linux-gnu/libOpenGL.so   
[2.693s] -- Found X11: /usr/include   
[2.693s] -- Looking for XOpenDisplay in /usr/lib/x86_64-linux-gnu/libX11.so;/usr/lib/x86_64-linux-gnu/libXext.so
[3.024s] -- Looking for XOpenDisplay in /usr/lib/x86_64-linux-gnu/libX11.so;/usr/lib/x86_64-linux-gnu/libXext.so - found
[3.024s] -- Looking for gethostbyname
[3.470s] -- Looking for gethostbyname - found
[3.470s] -- Looking for connect
[3.933s] -- Looking for connect - found
[3.933s] -- Looking for remove
[4.348s] -- Looking for remove - found
[4.348s] -- Looking for shmat
[4.739s] -- Looking for shmat - found
[4.740s] -- Looking for IceConnectionNumber in ICE
[5.053s] -- Looking for IceConnectionNumber in ICE - found
[5.499s] -- Setting yaml-cpp_DIR to: '/opt/ros/jazzy/share/yaml_cpp_vendor/cmake/../../../opt/yaml_cpp_vendor/share/cmake/yaml-cpp'
[5.535s] -- Found rviz_default_plugins: 14.1.6 (/opt/ros/jazzy/share/rviz_default_plugins/cmake)
[5.898s] -- Found eigen3_cmake_module: 0.3.0 (/opt/ros/jazzy/share/eigen3_cmake_module/cmake)
[5.899s] -- Found Eigen3: TRUE (found version "3.4.0") 
[5.899s] -- Ensuring Eigen3 include directory is part of orocos-kdl CMake target
[6.013s] -- Found rmf_traffic_ros2: 2.9.0 (/rmf_demos_ws/install/rmf_traffic_ros2/share/rmf_traffic_ros2/cmake)
[6.028s] -- Found PkgConfig: /usr/bin/pkg-config (found version "1.8.1") 
[6.029s] -- Checking for module 'proj'
[6.110s] --   Found proj, version 9.4.0
[7.097s] -- Found ament_cmake_uncrustify: 0.17.1 (/opt/ros/jazzy/share/ament_cmake_uncrustify/cmake)
[7.446s] -- Configuring done (7.2s)
[7.642s] -- Generating done (0.1s)
[7.652s] -- Build files have been written to: /home/usuario/rmf_demos/build/rmf_visualization_rviz2_plugins
[7.679s] Invoked command in '/home/usuario/rmf_demos/build/rmf_visualization_rviz2_plugins' returned '0': CMAKE_PREFIX_PATH=/home/usuario/rmf_demos/install/rmf_demos_gz:/home/usuario/rmf_demos/install/rmf_demos:/home/usuario/rmf_demos/install/rmf_visualization:/home/usuario/rmf_demos/install/rmf_visualization_schedule:/home/usuario/rmf_demos/install/rmf_visualization_rviz2_plugins:/home/usuario/rmf_demos/install/rmf_visualization_obstacles:/home/usuario/rmf_demos/install/rmf_visualization_navgraphs:/home/usuario/rmf_demos/install/rmf_visualization_floorplans:/home/usuario/rmf_demos/install/rmf_visualization_fleet_states:/home/usuario/rmf_demos/install/rmf_demos_maps:/home/usuario/rmf_demos/install/rmf_demos_assets:/rmf_demos_ws/install/rmf_workcell_msgs:/rmf_demos_ws/install/rmf_reservation_node:/rmf_demos_ws/install/rmf_demos_gz:/rmf_demos_ws/install/rmf_demos:/rmf_demos_ws/install/rmf_fleet_adapter_python:/rmf_demos_ws/install/rmf_fleet_adapter:/rmf_demos_ws/install/rmf_task_ros2:/rmf_demos_ws/install/rmf_websocket:/rmf_demos_ws/install/rmf_visualization:/rmf_demos_ws/install/rmf_visualization_schedule:/rmf_demos_ws/install/rmf_visualization_rviz2_plugins:/rmf_demos_ws/install/rmf_visualization_obstacles:/rmf_demos_ws/install/rmf_visualization_navgraphs:/rmf_demos_ws/install/rmf_visualization_floorplans:/rmf_demos_ws/install/rmf_visualization_fleet_states:/rmf_demos_ws/install/rmf_visualization_msgs:/rmf_demos_ws/install/rmf_traffic_ros2:/rmf_demos_ws/install/rmf_task_sequence:/rmf_demos_ws/install/rmf_task:/rmf_demos_ws/install/rmf_battery:/rmf_demos_ws/install/rmf_traffic:/rmf_demos_ws/install/rmf_utils:/rmf_demos_ws/install/rmf_traffic_msgs:/rmf_demos_ws/install/rmf_traffic_editor_test_maps:/rmf_demos_ws/install/rmf_traffic_editor_assets:/rmf_demos_ws/install/rmf_traffic_editor:/rmf_demos_ws/install/rmf_task_msgs:/rmf_demos_ws/install/rmf_site_map_msgs:/rmf_demos_ws/install/rmf_scheduler_msgs:/rmf_demos_ws/install/rmf_robot_sim_gz_plugins:/rmf_demos_ws/install/rmf_robot_sim_common:/rmf_demos_ws/install/rmf_reservation_msgs:/rmf_demos_ws/install/rmf_obstacle_msgs:/rmf_demos_ws/install/rmf_building_sim_gz_plugins:/rmf_demos_ws/install/rmf_lift_msgs:/rmf_demos_ws/install/rmf_ingestor_msgs:/rmf_demos_ws/install/rmf_fleet_msgs:/rmf_demos_ws/install/rmf_door_msgs:/rmf_demos_ws/install/rmf_dispenser_msgs:/rmf_demos_ws/install/rmf_demos_maps:/rmf_demos_ws/install/rmf_demos_assets:/rmf_demos_ws/install/rmf_charger_msgs:/rmf_demos_ws/install/rmf_building_map_msgs:/rmf_demos_ws/install/rmf_api_msgs:/rmf_demos_ws/install/pybind11_json_vendor:/rmf_demos_ws/install/nlohmann_json_schema_validator_vendor:/home/usuario/rmf_demos/install/rmf_visualization_building_systems:/home/usuario/rmf_demos/install/rmf_demos_tasks:/home/usuario/rmf_demos/install/rmf_demos_fleet_adapter:/home/usuario/rmf_demos/install/rmf_demos_bridges:/rmf_demos_ws/install/rmf_demos_fleet_adapter:/rmf_demos_ws/install/rmf_visualization_building_systems:/rmf_demos_ws/install/rmf_traffic_examples:/rmf_demos_ws/install/rmf_demos_bridges:/rmf_demos_ws/install/rmf_demos_tasks:/rmf_demos_ws/install/rmf_building_map_tools:/rmf_demos_ws/install/rmf_charging_schedule:/opt/ros/jazzy:/rmf_demos_ws/install/menge_vendor:/rmf_demos_ws/install/ament_cmake_catch2:/opt/ros/jazzy/opt/gz_sim_vendor:/opt/ros/jazzy/opt/gz_sensors_vendor:/opt/ros/jazzy/opt/gz_physics_vendor:/opt/ros/jazzy/opt/sdformat_vendor:/opt/ros/jazzy/opt/gz_gui_vendor:/opt/ros/jazzy/opt/gz_transport_vendor:/opt/ros/jazzy/opt/gz_rendering_vendor:/opt/ros/jazzy/opt/gz_plugin_vendor:/opt/ros/jazzy/opt/gz_fuel_tools_vendor:/opt/ros/jazzy/opt/gz_msgs_vendor:/opt/ros/jazzy/opt/gz_common_vendor:/opt/ros/jazzy/opt/gz_math_vendor:/opt/ros/jazzy/opt/gz_utils_vendor:/opt/ros/jazzy/opt/gz_tools_vendor:/opt/ros/jazzy/opt/gz_ogre_next_vendor:/opt/ros/jazzy/opt/gz_dartsim_vendor:/opt/ros/jazzy/opt/gz_cmake_vendor /usr/bin/cmake /home/usuario/rmf_demos/rmf_visualization/rmf_visualization_rviz2_plugins -DCMAKE_INSTALL_PREFIX=/home/usuario/rmf_demos/install/rmf_visualization_rviz2_plugins
[7.679s] Invoking command in '/home/usuario/rmf_demos/build/rmf_visualization_rviz2_plugins': CMAKE_PREFIX_PATH=/home/usuario/rmf_demos/install/rmf_demos_gz:/home/usuario/rmf_demos/install/rmf_demos:/home/usuario/rmf_demos/install/rmf_visualization:/home/usuario/rmf_demos/install/rmf_visualization_schedule:/home/usuario/rmf_demos/install/rmf_visualization_rviz2_plugins:/home/usuario/rmf_demos/install/rmf_visualization_obstacles:/home/usuario/rmf_demos/install/rmf_visualization_navgraphs:/home/usuario/rmf_demos/install/rmf_visualization_floorplans:/home/usuario/rmf_demos/install/rmf_visualization_fleet_states:/home/usuario/rmf_demos/install/rmf_demos_maps:/home/usuario/rmf_demos/install/rmf_demos_assets:/rmf_demos_ws/install/rmf_workcell_msgs:/rmf_demos_ws/install/rmf_reservation_node:/rmf_demos_ws/install/rmf_demos_gz:/rmf_demos_ws/install/rmf_demos:/rmf_demos_ws/install/rmf_fleet_adapter_python:/rmf_demos_ws/install/rmf_fleet_adapter:/rmf_demos_ws/install/rmf_task_ros2:/rmf_demos_ws/install/rmf_websocket:/rmf_demos_ws/install/rmf_visualization:/rmf_demos_ws/install/rmf_visualization_schedule:/rmf_demos_ws/install/rmf_visualization_rviz2_plugins:/rmf_demos_ws/install/rmf_visualization_obstacles:/rmf_demos_ws/install/rmf_visualization_navgraphs:/rmf_demos_ws/install/rmf_visualization_floorplans:/rmf_demos_ws/install/rmf_visualization_fleet_states:/rmf_demos_ws/install/rmf_visualization_msgs:/rmf_demos_ws/install/rmf_traffic_ros2:/rmf_demos_ws/install/rmf_task_sequence:/rmf_demos_ws/install/rmf_task:/rmf_demos_ws/install/rmf_battery:/rmf_demos_ws/install/rmf_traffic:/rmf_demos_ws/install/rmf_utils:/rmf_demos_ws/install/rmf_traffic_msgs:/rmf_demos_ws/install/rmf_traffic_editor_test_maps:/rmf_demos_ws/install/rmf_traffic_editor_assets:/rmf_demos_ws/install/rmf_traffic_editor:/rmf_demos_ws/install/rmf_task_msgs:/rmf_demos_ws/install/rmf_site_map_msgs:/rmf_demos_ws/install/rmf_scheduler_msgs:/rmf_demos_ws/install/rmf_robot_sim_gz_plugins:/rmf_demos_ws/install/rmf_robot_sim_common:/rmf_demos_ws/install/rmf_reservation_msgs:/rmf_demos_ws/install/rmf_obstacle_msgs:/rmf_demos_ws/install/rmf_building_sim_gz_plugins:/rmf_demos_ws/install/rmf_lift_msgs:/rmf_demos_ws/install/rmf_ingestor_msgs:/rmf_demos_ws/install/rmf_fleet_msgs:/rmf_demos_ws/install/rmf_door_msgs:/rmf_demos_ws/install/rmf_dispenser_msgs:/rmf_demos_ws/install/rmf_demos_maps:/rmf_demos_ws/install/rmf_demos_assets:/rmf_demos_ws/install/rmf_charger_msgs:/rmf_demos_ws/install/rmf_building_map_msgs:/rmf_demos_ws/install/rmf_api_msgs:/rmf_demos_ws/install/pybind11_json_vendor:/rmf_demos_ws/install/nlohmann_json_schema_validator_vendor:/home/usuario/rmf_demos/install/rmf_visualization_building_systems:/home/usuario/rmf_demos/install/rmf_demos_tasks:/home/usuario/rmf_demos/install/rmf_demos_fleet_adapter:/home/usuario/rmf_demos/install/rmf_demos_bridges:/rmf_demos_ws/install/rmf_demos_fleet_adapter:/rmf_demos_ws/install/rmf_visualization_building_systems:/rmf_demos_ws/install/rmf_traffic_examples:/rmf_demos_ws/install/rmf_demos_bridges:/rmf_demos_ws/install/rmf_demos_tasks:/rmf_demos_ws/install/rmf_building_map_tools:/rmf_demos_ws/install/rmf_charging_schedule:/opt/ros/jazzy:/rmf_demos_ws/install/menge_vendor:/rmf_demos_ws/install/ament_cmake_catch2:/opt/ros/jazzy/opt/gz_sim_vendor:/opt/ros/jazzy/opt/gz_sensors_vendor:/opt/ros/jazzy/opt/gz_physics_vendor:/opt/ros/jazzy/opt/sdformat_vendor:/opt/ros/jazzy/opt/gz_gui_vendor:/opt/ros/jazzy/opt/gz_transport_vendor:/opt/ros/jazzy/opt/gz_rendering_vendor:/opt/ros/jazzy/opt/gz_plugin_vendor:/opt/ros/jazzy/opt/gz_fuel_tools_vendor:/opt/ros/jazzy/opt/gz_msgs_vendor:/opt/ros/jazzy/opt/gz_common_vendor:/opt/ros/jazzy/opt/gz_math_vendor:/opt/ros/jazzy/opt/gz_utils_vendor:/opt/ros/jazzy/opt/gz_tools_vendor:/opt/ros/jazzy/opt/gz_ogre_next_vendor:/opt/ros/jazzy/opt/gz_dartsim_vendor:/opt/ros/jazzy/opt/gz_cmake_vendor /usr/bin/cmake --build /home/usuario/rmf_demos/build/rmf_visualization_rviz2_plugins -- -j6 -l6
[8.845s] [  0%] Built target rmf_visualization_rviz2_plugins_autogen_timestamp_deps
[8.846s] [ 12%] [34m[1mAutomatic MOC for target rmf_visualization_rviz2_plugins[0m
[8.858s] [ 12%] Built target rmf_visualization_rviz2_plugins_autogen
[9.013s] [ 25%] [32mBuilding CXX object CMakeFiles/rmf_visualization_rviz2_plugins.dir/rmf_visualization_rviz2_plugins_autogen/mocs_compilation.cpp.o[0m
[9.014s] [ 37%] [32mBuilding CXX object CMakeFiles/rmf_visualization_rviz2_plugins.dir/src/LiftPanel.cpp.o[0m
[9.025s] [ 50%] [32mBuilding CXX object CMakeFiles/rmf_visualization_rviz2_plugins.dir/src/SchedulePanel.cpp.o[0m
[9.032s] [ 62%] [32mBuilding CXX object CMakeFiles/rmf_visualization_rviz2_plugins.dir/src/DoorPanel.cpp.o[0m
[9.039s] [ 75%] [32mBuilding CXX object CMakeFiles/rmf_visualization_rviz2_plugins.dir/src/NegotiationModel.cpp.o[0m
[11.680s] [01m[K/home/usuario/rmf_demos/rmf_visualization/rmf_visualization_rviz2_plugins/src/NegotiationModel.cpp:[m[K In member function ‘[01m[Kuint64_t NegotiationModel::[01;32m[Kget_negotiation_id[m[K(std::size_t)[m[K’:
[11.681s] [01m[K/home/usuario/rmf_demos/rmf_visualization/rmf_visualization_rviz2_plugins/src/NegotiationModel.cpp:66:1:[m[K [01;35m[Kwarning: [m[Kcontrol reaches end of non-void function [[01;35m[K]8;;https://gcc.gnu.org/onlinedocs/gcc/Warning-Options.html#index-Wreturn-type-Wreturn-type]8;;[m[K]
[11.681s]    66 | [01;35m[K}[m[K
[11.681s]       | [01;35m[K^[m[K
[16.150s] [01m[K/home/usuario/rmf_demos/rmf_visualization/rmf_visualization_rviz2_plugins/src/LiftPanel.cpp:[m[K In member function ‘[01m[Kvoid rmf_visualization_rviz2_plugins::LiftPanel::[01;32m[Kdisplay_state[m[K(const LiftState&)[m[K’:
[16.150s] [01m[K/home/usuario/rmf_demos/rmf_visualization/rmf_visualization_rviz2_plugins/src/LiftPanel.cpp:380:19:[m[K [01;35m[Kwarning: [m[Kloop variable ‘[01m[Kf[m[K’ creates a copy from type ‘[01m[Kconst std::__cxx11::basic_string<char>[m[K’ [[01;35m[K]8;;https://gcc.gnu.org/onlinedocs/gcc/Warning-Options.html#index-Wrange-loop-construct-Wrange-loop-construct]8;;[m[K]
[16.150s]   380 |   for (const auto [01;35m[Kf[m[K : msg.available_floors)
[16.150s]       |                   [01;35m[K^[m[K
[16.150s] [01m[K/home/usuario/rmf_demos/rmf_visualization/rmf_visualization_rviz2_plugins/src/LiftPanel.cpp:380:19:[m[K [01;36m[Knote: [m[Kuse reference type to prevent copying
[16.150s]   380 |   for (const auto [01;36m[Kf[m[K : msg.available_floors)
[16.150s]       |                   [01;36m[K^[m[K
[16.150s]       |                   [32m[K&[m[K
[29.673s] [ 87%] [32m[1mLinking CXX shared library librmf_visualization_rviz2_plugins.so[0m
[36.363s] [100%] Built target rmf_visualization_rviz2_plugins
[36.416s] Invoked command in '/home/usuario/rmf_demos/build/rmf_visualization_rviz2_plugins' returned '0': CMAKE_PREFIX_PATH=/home/usuario/rmf_demos/install/rmf_demos_gz:/home/usuario/rmf_demos/install/rmf_demos:/home/usuario/rmf_demos/install/rmf_visualization:/home/usuario/rmf_demos/install/rmf_visualization_schedule:/home/usuario/rmf_demos/install/rmf_visualization_rviz2_plugins:/home/usuario/rmf_demos/install/rmf_visualization_obstacles:/home/usuario/rmf_demos/install/rmf_visualization_navgraphs:/home/usuario/rmf_demos/install/rmf_visualization_floorplans:/home/usuario/rmf_demos/install/rmf_visualization_fleet_states:/home/usuario/rmf_demos/install/rmf_demos_maps:/home/usuario/rmf_demos/install/rmf_demos_assets:/rmf_demos_ws/install/rmf_workcell_msgs:/rmf_demos_ws/install/rmf_reservation_node:/rmf_demos_ws/install/rmf_demos_gz:/rmf_demos_ws/install/rmf_demos:/rmf_demos_ws/install/rmf_fleet_adapter_python:/rmf_demos_ws/install/rmf_fleet_adapter:/rmf_demos_ws/install/rmf_task_ros2:/rmf_demos_ws/install/rmf_websocket:/rmf_demos_ws/install/rmf_visualization:/rmf_demos_ws/install/rmf_visualization_schedule:/rmf_demos_ws/install/rmf_visualization_rviz2_plugins:/rmf_demos_ws/install/rmf_visualization_obstacles:/rmf_demos_ws/install/rmf_visualization_navgraphs:/rmf_demos_ws/install/rmf_visualization_floorplans:/rmf_demos_ws/install/rmf_visualization_fleet_states:/rmf_demos_ws/install/rmf_visualization_msgs:/rmf_demos_ws/install/rmf_traffic_ros2:/rmf_demos_ws/install/rmf_task_sequence:/rmf_demos_ws/install/rmf_task:/rmf_demos_ws/install/rmf_battery:/rmf_demos_ws/install/rmf_traffic:/rmf_demos_ws/install/rmf_utils:/rmf_demos_ws/install/rmf_traffic_msgs:/rmf_demos_ws/install/rmf_traffic_editor_test_maps:/rmf_demos_ws/install/rmf_traffic_editor_assets:/rmf_demos_ws/install/rmf_traffic_editor:/rmf_demos_ws/install/rmf_task_msgs:/rmf_demos_ws/install/rmf_site_map_msgs:/rmf_demos_ws/install/rmf_scheduler_msgs:/rmf_demos_ws/install/rmf_robot_sim_gz_plugins:/rmf_demos_ws/install/rmf_robot_sim_common:/rmf_demos_ws/install/rmf_reservation_msgs:/rmf_demos_ws/install/rmf_obstacle_msgs:/rmf_demos_ws/install/rmf_building_sim_gz_plugins:/rmf_demos_ws/install/rmf_lift_msgs:/rmf_demos_ws/install/rmf_ingestor_msgs:/rmf_demos_ws/install/rmf_fleet_msgs:/rmf_demos_ws/install/rmf_door_msgs:/rmf_demos_ws/install/rmf_dispenser_msgs:/rmf_demos_ws/install/rmf_demos_maps:/rmf_demos_ws/install/rmf_demos_assets:/rmf_demos_ws/install/rmf_charger_msgs:/rmf_demos_ws/install/rmf_building_map_msgs:/rmf_demos_ws/install/rmf_api_msgs:/rmf_demos_ws/install/pybind11_json_vendor:/rmf_demos_ws/install/nlohmann_json_schema_validator_vendor:/home/usuario/rmf_demos/install/rmf_visualization_building_systems:/home/usuario/rmf_demos/install/rmf_demos_tasks:/home/usuario/rmf_demos/install/rmf_demos_fleet_adapter:/home/usuario/rmf_demos/install/rmf_demos_bridges:/rmf_demos_ws/install/rmf_demos_fleet_adapter:/rmf_demos_ws/install/rmf_visualization_building_systems:/rmf_demos_ws/install/rmf_traffic_examples:/rmf_demos_ws/install/rmf_demos_bridges:/rmf_demos_ws/install/rmf_demos_tasks:/rmf_demos_ws/install/rmf_building_map_tools:/rmf_demos_ws/install/rmf_charging_schedule:/opt/ros/jazzy:/rmf_demos_ws/install/menge_vendor:/rmf_demos_ws/install/ament_cmake_catch2:/opt/ros/jazzy/opt/gz_sim_vendor:/opt/ros/jazzy/opt/gz_sensors_vendor:/opt/ros/jazzy/opt/gz_physics_vendor:/opt/ros/jazzy/opt/sdformat_vendor:/opt/ros/jazzy/opt/gz_gui_vendor:/opt/ros/jazzy/opt/gz_transport_vendor:/opt/ros/jazzy/opt/gz_rendering_vendor:/opt/ros/jazzy/opt/gz_plugin_vendor:/opt/ros/jazzy/opt/gz_fuel_tools_vendor:/opt/ros/jazzy/opt/gz_msgs_vendor:/opt/ros/jazzy/opt/gz_common_vendor:/opt/ros/jazzy/opt/gz_math_vendor:/opt/ros/jazzy/opt/gz_utils_vendor:/opt/ros/jazzy/opt/gz_tools_vendor:/opt/ros/jazzy/opt/gz_ogre_next_vendor:/opt/ros/jazzy/opt/gz_dartsim_vendor:/opt/ros/jazzy/opt/gz_cmake_vendor /usr/bin/cmake --build /home/usuario/rmf_demos/build/rmf_visualization_rviz2_plugins -- -j6 -l6
[36.417s] Invoking command in '/home/usuario/rmf_demos/build/rmf_visualization_rviz2_plugins': CMAKE_PREFIX_PATH=/home/usuario/rmf_demos/install/rmf_demos_gz:/home/usuario/rmf_demos/install/rmf_demos:/home/usuario/rmf_demos/install/rmf_visualization:/home/usuario/rmf_demos/install/rmf_visualization_schedule:/home/usuario/rmf_demos/install/rmf_visualization_rviz2_plugins:/home/usuario/rmf_demos/install/rmf_visualization_obstacles:/home/usuario/rmf_demos/install/rmf_visualization_navgraphs:/home/usuario/rmf_demos/install/rmf_visualization_floorplans:/home/usuario/rmf_demos/install/rmf_visualization_fleet_states:/home/usuario/rmf_demos/install/rmf_demos_maps:/home/usuario/rmf_demos/install/rmf_demos_assets:/rmf_demos_ws/install/rmf_workcell_msgs:/rmf_demos_ws/install/rmf_reservation_node:/rmf_demos_ws/install/rmf_demos_gz:/rmf_demos_ws/install/rmf_demos:/rmf_demos_ws/install/rmf_fleet_adapter_python:/rmf_demos_ws/install/rmf_fleet_adapter:/rmf_demos_ws/install/rmf_task_ros2:/rmf_demos_ws/install/rmf_websocket:/rmf_demos_ws/install/rmf_visualization:/rmf_demos_ws/install/rmf_visualization_schedule:/rmf_demos_ws/install/rmf_visualization_rviz2_plugins:/rmf_demos_ws/install/rmf_visualization_obstacles:/rmf_demos_ws/install/rmf_visualization_navgraphs:/rmf_demos_ws/install/rmf_visualization_floorplans:/rmf_demos_ws/install/rmf_visualization_fleet_states:/rmf_demos_ws/install/rmf_visualization_msgs:/rmf_demos_ws/install/rmf_traffic_ros2:/rmf_demos_ws/install/rmf_task_sequence:/rmf_demos_ws/install/rmf_task:/rmf_demos_ws/install/rmf_battery:/rmf_demos_ws/install/rmf_traffic:/rmf_demos_ws/install/rmf_utils:/rmf_demos_ws/install/rmf_traffic_msgs:/rmf_demos_ws/install/rmf_traffic_editor_test_maps:/rmf_demos_ws/install/rmf_traffic_editor_assets:/rmf_demos_ws/install/rmf_traffic_editor:/rmf_demos_ws/install/rmf_task_msgs:/rmf_demos_ws/install/rmf_site_map_msgs:/rmf_demos_ws/install/rmf_scheduler_msgs:/rmf_demos_ws/install/rmf_robot_sim_gz_plugins:/rmf_demos_ws/install/rmf_robot_sim_common:/rmf_demos_ws/install/rmf_reservation_msgs:/rmf_demos_ws/install/rmf_obstacle_msgs:/rmf_demos_ws/install/rmf_building_sim_gz_plugins:/rmf_demos_ws/install/rmf_lift_msgs:/rmf_demos_ws/install/rmf_ingestor_msgs:/rmf_demos_ws/install/rmf_fleet_msgs:/rmf_demos_ws/install/rmf_door_msgs:/rmf_demos_ws/install/rmf_dispenser_msgs:/rmf_demos_ws/install/rmf_demos_maps:/rmf_demos_ws/install/rmf_demos_assets:/rmf_demos_ws/install/rmf_charger_msgs:/rmf_demos_ws/install/rmf_building_map_msgs:/rmf_demos_ws/install/rmf_api_msgs:/rmf_demos_ws/install/pybind11_json_vendor:/rmf_demos_ws/install/nlohmann_json_schema_validator_vendor:/home/usuario/rmf_demos/install/rmf_visualization_building_systems:/home/usuario/rmf_demos/install/rmf_demos_tasks:/home/usuario/rmf_demos/install/rmf_demos_fleet_adapter:/home/usuario/rmf_demos/install/rmf_demos_bridges:/rmf_demos_ws/install/rmf_demos_fleet_adapter:/rmf_demos_ws/install/rmf_visualization_building_systems:/rmf_demos_ws/install/rmf_traffic_examples:/rmf_demos_ws/install/rmf_demos_bridges:/rmf_demos_ws/install/rmf_demos_tasks:/rmf_demos_ws/install/rmf_building_map_tools:/rmf_demos_ws/install/rmf_charging_schedule:/opt/ros/jazzy:/rmf_demos_ws/install/menge_vendor:/rmf_demos_ws/install/ament_cmake_catch2:/opt/ros/jazzy/opt/gz_sim_vendor:/opt/ros/jazzy/opt/gz_sensors_vendor:/opt/ros/jazzy/opt/gz_physics_vendor:/opt/ros/jazzy/opt/sdformat_vendor:/opt/ros/jazzy/opt/gz_gui_vendor:/opt/ros/jazzy/opt/gz_transport_vendor:/opt/ros/jazzy/opt/gz_rendering_vendor:/opt/ros/jazzy/opt/gz_plugin_vendor:/opt/ros/jazzy/opt/gz_fuel_tools_vendor:/opt/ros/jazzy/opt/gz_msgs_vendor:/opt/ros/jazzy/opt/gz_common_vendor:/opt/ros/jazzy/opt/gz_math_vendor:/opt/ros/jazzy/opt/gz_utils_vendor:/opt/ros/jazzy/opt/gz_tools_vendor:/opt/ros/jazzy/opt/gz_ogre_next_vendor:/opt/ros/jazzy/opt/gz_dartsim_vendor:/opt/ros/jazzy/opt/gz_cmake_vendor /usr/bin/cmake --install /home/usuario/rmf_demos/build/rmf_visualization_rviz2_plugins
[36.457s] -- Install configuration: ""
[36.457s] -- Installing: /home/usuario/rmf_demos/install/rmf_visualization_rviz2_plugins/share/rmf_visualization_rviz2_plugins/plugin_description.xml
[36.458s] -- Installing: /home/usuario/rmf_demos/install/rmf_visualization_rviz2_plugins/share/rmf_visualization_rviz2_plugins/environment/library_path.sh
[36.458s] -- Installing: /home/usuario/rmf_demos/install/rmf_visualization_rviz2_plugins/share/rmf_visualization_rviz2_plugins/environment/library_path.dsv
[36.463s] -- Installing: /home/usuario/rmf_demos/install/rmf_visualization_rviz2_plugins/lib/librmf_visualization_rviz2_plugins.so
[36.497s] -- Set non-toolchain portion of runtime path of "/home/usuario/rmf_demos/install/rmf_visualization_rviz2_plugins/lib/librmf_visualization_rviz2_plugins.so" to ""
[36.498s] -- Installing: /home/usuario/rmf_demos/install/rmf_visualization_rviz2_plugins/share/ament_index/resource_index/package_run_dependencies/rmf_visualization_rviz2_plugins
[36.499s] -- Installing: /home/usuario/rmf_demos/install/rmf_visualization_rviz2_plugins/share/ament_index/resource_index/parent_prefix_path/rmf_visualization_rviz2_plugins
[36.499s] -- Installing: /home/usuario/rmf_demos/install/rmf_visualization_rviz2_plugins/share/rmf_visualization_rviz2_plugins/environment/ament_prefix_path.sh
[36.500s] -- Installing: /home/usuario/rmf_demos/install/rmf_visualization_rviz2_plugins/share/rmf_visualization_rviz2_plugins/environment/ament_prefix_path.dsv
[36.501s] -- Installing: /home/usuario/rmf_demos/install/rmf_visualization_rviz2_plugins/share/rmf_visualization_rviz2_plugins/environment/path.sh
[36.501s] -- Installing: /home/usuario/rmf_demos/install/rmf_visualization_rviz2_plugins/share/rmf_visualization_rviz2_plugins/environment/path.dsv
[36.502s] -- Installing: /home/usuario/rmf_demos/install/rmf_visualization_rviz2_plugins/share/rmf_visualization_rviz2_plugins/local_setup.bash
[36.503s] -- Installing: /home/usuario/rmf_demos/install/rmf_visualization_rviz2_plugins/share/rmf_visualization_rviz2_plugins/local_setup.sh
[36.503s] -- Installing: /home/usuario/rmf_demos/install/rmf_visualization_rviz2_plugins/share/rmf_visualization_rviz2_plugins/local_setup.zsh
[36.504s] -- Installing: /home/usuario/rmf_demos/install/rmf_visualization_rviz2_plugins/share/rmf_visualization_rviz2_plugins/local_setup.dsv
[36.505s] -- Installing: /home/usuario/rmf_demos/install/rmf_visualization_rviz2_plugins/share/rmf_visualization_rviz2_plugins/package.dsv
[36.506s] -- Installing: /home/usuario/rmf_demos/install/rmf_visualization_rviz2_plugins/share/ament_index/resource_index/packages/rmf_visualization_rviz2_plugins
[36.507s] -- Installing: /home/usuario/rmf_demos/install/rmf_visualization_rviz2_plugins/share/ament_index/resource_index/rviz_common__pluginlib__plugin/rmf_visualization_rviz2_plugins
[36.508s] -- Installing: /home/usuario/rmf_demos/install/rmf_visualization_rviz2_plugins/share/rmf_visualization_rviz2_plugins/cmake/rmf_visualization_rviz2_pluginsExport.cmake
[36.509s] -- Installing: /home/usuario/rmf_demos/install/rmf_visualization_rviz2_plugins/share/rmf_visualization_rviz2_plugins/cmake/rmf_visualization_rviz2_pluginsExport-noconfig.cmake
[36.510s] -- Installing: /home/usuario/rmf_demos/install/rmf_visualization_rviz2_plugins/share/rmf_visualization_rviz2_plugins/cmake/ament_cmake_export_include_directories-extras.cmake
[36.510s] -- Installing: /home/usuario/rmf_demos/install/rmf_visualization_rviz2_plugins/share/rmf_visualization_rviz2_plugins/cmake/ament_cmake_export_targets-extras.cmake
[36.511s] -- Installing: /home/usuario/rmf_demos/install/rmf_visualization_rviz2_plugins/share/rmf_visualization_rviz2_plugins/cmake/ament_cmake_export_dependencies-extras.cmake
[36.512s] -- Installing: /home/usuario/rmf_demos/install/rmf_visualization_rviz2_plugins/share/rmf_visualization_rviz2_plugins/cmake/rmf_visualization_rviz2_pluginsConfig.cmake
[36.513s] -- Installing: /home/usuario/rmf_demos/install/rmf_visualization_rviz2_plugins/share/rmf_visualization_rviz2_plugins/cmake/rmf_visualization_rviz2_pluginsConfig-version.cmake
[36.513s] -- Installing: /home/usuario/rmf_demos/install/rmf_visualization_rviz2_plugins/share/rmf_visualization_rviz2_plugins/package.xml
[36.517s] Invoked command in '/home/usuario/rmf_demos/build/rmf_visualization_rviz2_plugins' returned '0': CMAKE_PREFIX_PATH=/home/usuario/rmf_demos/install/rmf_demos_gz:/home/usuario/rmf_demos/install/rmf_demos:/home/usuario/rmf_demos/install/rmf_visualization:/home/usuario/rmf_demos/install/rmf_visualization_schedule:/home/usuario/rmf_demos/install/rmf_visualization_rviz2_plugins:/home/usuario/rmf_demos/install/rmf_visualization_obstacles:/home/usuario/rmf_demos/install/rmf_visualization_navgraphs:/home/usuario/rmf_demos/install/rmf_visualization_floorplans:/home/usuario/rmf_demos/install/rmf_visualization_fleet_states:/home/usuario/rmf_demos/install/rmf_demos_maps:/home/usuario/rmf_demos/install/rmf_demos_assets:/rmf_demos_ws/install/rmf_workcell_msgs:/rmf_demos_ws/install/rmf_reservation_node:/rmf_demos_ws/install/rmf_demos_gz:/rmf_demos_ws/install/rmf_demos:/rmf_demos_ws/install/rmf_fleet_adapter_python:/rmf_demos_ws/install/rmf_fleet_adapter:/rmf_demos_ws/install/rmf_task_ros2:/rmf_demos_ws/install/rmf_websocket:/rmf_demos_ws/install/rmf_visualization:/rmf_demos_ws/install/rmf_visualization_schedule:/rmf_demos_ws/install/rmf_visualization_rviz2_plugins:/rmf_demos_ws/install/rmf_visualization_obstacles:/rmf_demos_ws/install/rmf_visualization_navgraphs:/rmf_demos_ws/install/rmf_visualization_floorplans:/rmf_demos_ws/install/rmf_visualization_fleet_states:/rmf_demos_ws/install/rmf_visualization_msgs:/rmf_demos_ws/install/rmf_traffic_ros2:/rmf_demos_ws/install/rmf_task_sequence:/rmf_demos_ws/install/rmf_task:/rmf_demos_ws/install/rmf_battery:/rmf_demos_ws/install/rmf_traffic:/rmf_demos_ws/install/rmf_utils:/rmf_demos_ws/install/rmf_traffic_msgs:/rmf_demos_ws/install/rmf_traffic_editor_test_maps:/rmf_demos_ws/install/rmf_traffic_editor_assets:/rmf_demos_ws/install/rmf_traffic_editor:/rmf_demos_ws/install/rmf_task_msgs:/rmf_demos_ws/install/rmf_site_map_msgs:/rmf_demos_ws/install/rmf_scheduler_msgs:/rmf_demos_ws/install/rmf_robot_sim_gz_plugins:/rmf_demos_ws/install/rmf_robot_sim_common:/rmf_demos_ws/install/rmf_reservation_msgs:/rmf_demos_ws/install/rmf_obstacle_msgs:/rmf_demos_ws/install/rmf_building_sim_gz_plugins:/rmf_demos_ws/install/rmf_lift_msgs:/rmf_demos_ws/install/rmf_ingestor_msgs:/rmf_demos_ws/install/rmf_fleet_msgs:/rmf_demos_ws/install/rmf_door_msgs:/rmf_demos_ws/install/rmf_dispenser_msgs:/rmf_demos_ws/install/rmf_demos_maps:/rmf_demos_ws/install/rmf_demos_assets:/rmf_demos_ws/install/rmf_charger_msgs:/rmf_demos_ws/install/rmf_building_map_msgs:/rmf_demos_ws/install/rmf_api_msgs:/rmf_demos_ws/install/pybind11_json_vendor:/rmf_demos_ws/install/nlohmann_json_schema_validator_vendor:/home/usuario/rmf_demos/install/rmf_visualization_building_systems:/home/usuario/rmf_demos/install/rmf_demos_tasks:/home/usuario/rmf_demos/install/rmf_demos_fleet_adapter:/home/usuario/rmf_demos/install/rmf_demos_bridges:/rmf_demos_ws/install/rmf_demos_fleet_adapter:/rmf_demos_ws/install/rmf_visualization_building_systems:/rmf_demos_ws/install/rmf_traffic_examples:/rmf_demos_ws/install/rmf_demos_bridges:/rmf_demos_ws/install/rmf_demos_tasks:/rmf_demos_ws/install/rmf_building_map_tools:/rmf_demos_ws/install/rmf_charging_schedule:/opt/ros/jazzy:/rmf_demos_ws/install/menge_vendor:/rmf_demos_ws/install/ament_cmake_catch2:/opt/ros/jazzy/opt/gz_sim_vendor:/opt/ros/jazzy/opt/gz_sensors_vendor:/opt/ros/jazzy/opt/gz_physics_vendor:/opt/ros/jazzy/opt/sdformat_vendor:/opt/ros/jazzy/opt/gz_gui_vendor:/opt/ros/jazzy/opt/gz_transport_vendor:/opt/ros/jazzy/opt/gz_rendering_vendor:/opt/ros/jazzy/opt/gz_plugin_vendor:/opt/ros/jazzy/opt/gz_fuel_tools_vendor:/opt/ros/jazzy/opt/gz_msgs_vendor:/opt/ros/jazzy/opt/gz_common_vendor:/opt/ros/jazzy/opt/gz_math_vendor:/opt/ros/jazzy/opt/gz_utils_vendor:/opt/ros/jazzy/opt/gz_tools_vendor:/opt/ros/jazzy/opt/gz_ogre_next_vendor:/opt/ros/jazzy/opt/gz_dartsim_vendor:/opt/ros/jazzy/opt/gz_cmake_vendor /usr/bin/cmake --install /home/usuario/rmf_demos/build/rmf_visualization_rviz2_plugins
