[1.195s] Invoking command in '/home/usuario/IR2134/rmf_demos/rmf_visualization/rmf_visualization_building_systems': PYTHONPATH=/home/usuario/IR2134/rmf_demos/build/rmf_visualization_building_systems/prefix_override:/usr/lib/python3/dist-packages/colcon_core/task/python/colcon_distutils_commands:/home/usuario/IR2134/rmf_demos/install/rmf_visualization_building_systems/lib/python3.12/site-packages:${PYTHONPATH} /usr/bin/python3 -W ignore:setup.py install is deprecated -W ignore:easy_install command is deprecated setup.py egg_info --egg-base ../../build/rmf_visualization_building_systems build --build-base /home/usuario/IR2134/rmf_demos/build/rmf_visualization_building_systems/build install --record /home/usuario/IR2134/rmf_demos/build/rmf_visualization_building_systems/install.log --single-version-externally-managed install_data
[1.616s] running egg_info
[1.616s] creating ../../build/rmf_visualization_building_systems/rmf_visualization_building_systems.egg-info
[1.641s] writing ../../build/rmf_visualization_building_systems/rmf_visualization_building_systems.egg-info/PKG-INFO
[1.648s] writing dependency_links to ../../build/rmf_visualization_building_systems/rmf_visualization_building_systems.egg-info/dependency_links.txt
[1.649s] writing entry points to ../../build/rmf_visualization_building_systems/rmf_visualization_building_systems.egg-info/entry_points.txt
[1.650s] writing requirements to ../../build/rmf_visualization_building_systems/rmf_visualization_building_systems.egg-info/requires.txt
[1.650s] writing top-level names to ../../build/rmf_visualization_building_systems/rmf_visualization_building_systems.egg-info/top_level.txt
[1.651s] writing manifest file '../../build/rmf_visualization_building_systems/rmf_visualization_building_systems.egg-info/SOURCES.txt'
[1.747s] reading manifest file '../../build/rmf_visualization_building_systems/rmf_visualization_building_systems.egg-info/SOURCES.txt'
[1.748s] writing manifest file '../../build/rmf_visualization_building_systems/rmf_visualization_building_systems.egg-info/SOURCES.txt'
[1.748s] running build
[1.749s] running build_py
[1.751s] creating /home/usuario/IR2134/rmf_demos/build/rmf_visualization_building_systems/build
[1.751s] creating /home/usuario/IR2134/rmf_demos/build/rmf_visualization_building_systems/build/lib
[1.753s] creating /home/usuario/IR2134/rmf_demos/build/rmf_visualization_building_systems/build/lib/rmf_visualization_building_systems
[1.754s] copying rmf_visualization_building_systems/rmf_visualization_building_systems.py -> /home/usuario/IR2134/rmf_demos/build/rmf_visualization_building_systems/build/lib/rmf_visualization_building_systems
[1.758s] copying rmf_visualization_building_systems/__init__.py -> /home/usuario/IR2134/rmf_demos/build/rmf_visualization_building_systems/build/lib/rmf_visualization_building_systems
[1.759s] running install
[1.766s] running install_lib
[1.790s] creating /home/usuario/IR2134/rmf_demos/install/rmf_visualization_building_systems/lib/python3.12/site-packages/rmf_visualization_building_systems
[1.791s] copying /home/usuario/IR2134/rmf_demos/build/rmf_visualization_building_systems/build/lib/rmf_visualization_building_systems/rmf_visualization_building_systems.py -> /home/usuario/IR2134/rmf_demos/install/rmf_visualization_building_systems/lib/python3.12/site-packages/rmf_visualization_building_systems
[1.795s] copying /home/usuario/IR2134/rmf_demos/build/rmf_visualization_building_systems/build/lib/rmf_visualization_building_systems/__init__.py -> /home/usuario/IR2134/rmf_demos/install/rmf_visualization_building_systems/lib/python3.12/site-packages/rmf_visualization_building_systems
[1.796s] byte-compiling /home/usuario/IR2134/rmf_demos/install/rmf_visualization_building_systems/lib/python3.12/site-packages/rmf_visualization_building_systems/rmf_visualization_building_systems.py to rmf_visualization_building_systems.cpython-312.pyc
[1.806s] byte-compiling /home/usuario/IR2134/rmf_demos/install/rmf_visualization_building_systems/lib/python3.12/site-packages/rmf_visualization_building_systems/__init__.py to __init__.cpython-312.pyc
[1.806s] running install_data
[1.807s] creating /home/usuario/IR2134/rmf_demos/install/rmf_visualization_building_systems/share/ament_index
[1.807s] creating /home/usuario/IR2134/rmf_demos/install/rmf_visualization_building_systems/share/ament_index/resource_index
[1.807s] creating /home/usuario/IR2134/rmf_demos/install/rmf_visualization_building_systems/share/ament_index/resource_index/packages
[1.807s] copying resource/rmf_visualization_building_systems -> /home/usuario/IR2134/rmf_demos/install/rmf_visualization_building_systems/share/ament_index/resource_index/packages
[1.808s] copying package.xml -> /home/usuario/IR2134/rmf_demos/install/rmf_visualization_building_systems/share/rmf_visualization_building_systems
[1.808s] running install_egg_info
[1.836s] Copying ../../build/rmf_visualization_building_systems/rmf_visualization_building_systems.egg-info to /home/usuario/IR2134/rmf_demos/install/rmf_visualization_building_systems/lib/python3.12/site-packages/rmf_visualization_building_systems-2.4.1-py3.12.egg-info
[1.850s] running install_scripts
[2.027s] Installing rmf_visualization_building_systems script to /home/usuario/IR2134/rmf_demos/install/rmf_visualization_building_systems/lib/rmf_visualization_building_systems
[2.027s] writing list of installed files to '/home/usuario/IR2134/rmf_demos/build/rmf_visualization_building_systems/install.log'
[2.065s] Invoked command in '/home/usuario/IR2134/rmf_demos/rmf_visualization/rmf_visualization_building_systems' returned '0': PYTHONPATH=/home/usuario/IR2134/rmf_demos/build/rmf_visualization_building_systems/prefix_override:/usr/lib/python3/dist-packages/colcon_core/task/python/colcon_distutils_commands:/home/usuario/IR2134/rmf_demos/install/rmf_visualization_building_systems/lib/python3.12/site-packages:${PYTHONPATH} /usr/bin/python3 -W ignore:setup.py install is deprecated -W ignore:easy_install command is deprecated setup.py egg_info --egg-base ../../build/rmf_visualization_building_systems build --build-base /home/usuario/IR2134/rmf_demos/build/rmf_visualization_building_systems/build install --record /home/usuario/IR2134/rmf_demos/build/rmf_visualization_building_systems/install.log --single-version-externally-managed install_data
