[0.143s] DEBUG:colcon:Command line arguments: ['/usr/bin/colcon', 'build']
[0.143s] DEBUG:colcon:Parsed command line arguments: Namespace(log_base=None, log_level=None, verb_name='build', build_base='build', install_base='install', merge_install=False, symlink_install=False, test_result_base=None, continue_on_error=False, executor='parallel', parallel_workers=6, event_handlers=None, ignore_user_meta=False, metas=['./colcon.meta'], base_paths=['.'], packages_ignore=None, packages_ignore_regex=None, paths=None, packages_up_to=None, packages_up_to_regex=None, packages_above=None, packages_above_and_dependencies=None, packages_above_depth=None, packages_select_by_dep=None, packages_skip_by_dep=None, packages_skip_up_to=None, packages_select_build_failed=False, packages_skip_build_finished=False, packages_select_test_failures=False, packages_skip_test_passed=False, packages_select=None, packages_skip=None, packages_select_regex=None, packages_skip_regex=None, packages_start=None, packages_end=None, allow_overriding=[], cmake_args=None, cmake_target=None, cmake_target_skip_unavailable=False, cmake_clean_cache=False, cmake_clean_first=False, cmake_force_configure=False, ament_cmake_args=None, catkin_cmake_args=None, catkin_skip_building_tests=False, mixin_files=None, mixin=None, verb_parser=<colcon_mixin.mixin.mixin_argument.MixinArgumentDecorator object at 0x765c2ba80790>, verb_extension=<colcon_core.verb.build.BuildVerb object at 0x765c2ba80160>, main=<bound method BuildVerb.main of <colcon_core.verb.build.BuildVerb object at 0x765c2ba80160>>, mixin_verb=('build',))
[0.284s] Level 1:colcon.colcon_core.package_discovery:discover_packages(colcon_meta) check parameters
[0.285s] Level 1:colcon.colcon_core.package_discovery:discover_packages(recursive) check parameters
[0.285s] Level 1:colcon.colcon_core.package_discovery:discover_packages(ignore) check parameters
[0.285s] Level 1:colcon.colcon_core.package_discovery:discover_packages(path) check parameters
[0.285s] Level 1:colcon.colcon_core.package_discovery:discover_packages(colcon_meta) discover
[0.285s] Level 1:colcon.colcon_core.package_discovery:discover_packages(recursive) discover
[0.285s] INFO:colcon.colcon_core.package_discovery:Crawling recursively for packages in '/home/usuario/rmf_ws'
[0.285s] Level 1:colcon.colcon_core.package_identification:_identify(.) by extensions ['ignore', 'ignore_ament_install']
[0.285s] Level 1:colcon.colcon_core.package_identification:_identify(.) by extension 'ignore'
[0.285s] Level 1:colcon.colcon_core.package_identification:_identify(.) by extension 'ignore_ament_install'
[0.285s] Level 1:colcon.colcon_core.package_identification:_identify(.) by extensions ['colcon_pkg']
[0.285s] Level 1:colcon.colcon_core.package_identification:_identify(.) by extension 'colcon_pkg'
[0.285s] Level 1:colcon.colcon_core.package_identification:_identify(.) by extensions ['colcon_meta']
[0.285s] Level 1:colcon.colcon_core.package_identification:_identify(.) by extension 'colcon_meta'
[0.285s] Level 1:colcon.colcon_core.package_identification:_identify(.) by extensions ['ros']
[0.285s] Level 1:colcon.colcon_core.package_identification:_identify(.) by extension 'ros'
[0.297s] Level 1:colcon.colcon_core.package_identification:_identify(.) by extensions ['cmake', 'python']
[0.297s] Level 1:colcon.colcon_core.package_identification:_identify(.) by extension 'cmake'
[0.297s] Level 1:colcon.colcon_core.package_identification:_identify(.) by extension 'python'
[0.297s] Level 1:colcon.colcon_core.package_identification:_identify(.) by extensions ['python_setup_py']
[0.297s] Level 1:colcon.colcon_core.package_identification:_identify(.) by extension 'python_setup_py'
[0.297s] Level 1:colcon.colcon_core.package_identification:_identify(build) by extensions ['ignore', 'ignore_ament_install']
[0.297s] Level 1:colcon.colcon_core.package_identification:_identify(build) by extension 'ignore'
[0.297s] Level 1:colcon.colcon_core.package_identification:_identify(build) ignored
[0.297s] Level 1:colcon.colcon_core.package_identification:_identify(docs) by extensions ['ignore', 'ignore_ament_install']
[0.297s] Level 1:colcon.colcon_core.package_identification:_identify(docs) by extension 'ignore'
[0.297s] Level 1:colcon.colcon_core.package_identification:_identify(docs) by extension 'ignore_ament_install'
[0.297s] Level 1:colcon.colcon_core.package_identification:_identify(docs) by extensions ['colcon_pkg']
[0.297s] Level 1:colcon.colcon_core.package_identification:_identify(docs) by extension 'colcon_pkg'
[0.297s] Level 1:colcon.colcon_core.package_identification:_identify(docs) by extensions ['colcon_meta']
[0.297s] Level 1:colcon.colcon_core.package_identification:_identify(docs) by extension 'colcon_meta'
[0.297s] Level 1:colcon.colcon_core.package_identification:_identify(docs) by extensions ['ros']
[0.297s] Level 1:colcon.colcon_core.package_identification:_identify(docs) by extension 'ros'
[0.298s] Level 1:colcon.colcon_core.package_identification:_identify(docs) by extensions ['cmake', 'python']
[0.298s] Level 1:colcon.colcon_core.package_identification:_identify(docs) by extension 'cmake'
[0.298s] Level 1:colcon.colcon_core.package_identification:_identify(docs) by extension 'python'
[0.298s] Level 1:colcon.colcon_core.package_identification:_identify(docs) by extensions ['python_setup_py']
[0.298s] Level 1:colcon.colcon_core.package_identification:_identify(docs) by extension 'python_setup_py'
[0.298s] Level 1:colcon.colcon_core.package_identification:_identify(install) by extensions ['ignore', 'ignore_ament_install']
[0.298s] Level 1:colcon.colcon_core.package_identification:_identify(install) by extension 'ignore'
[0.298s] Level 1:colcon.colcon_core.package_identification:_identify(install) ignored
[0.298s] Level 1:colcon.colcon_core.package_identification:_identify(log) by extensions ['ignore', 'ignore_ament_install']
[0.298s] Level 1:colcon.colcon_core.package_identification:_identify(log) by extension 'ignore'
[0.298s] Level 1:colcon.colcon_core.package_identification:_identify(log) ignored
[0.298s] Level 1:colcon.colcon_core.package_identification:_identify(rmf_demos) by extensions ['ignore', 'ignore_ament_install']
[0.298s] Level 1:colcon.colcon_core.package_identification:_identify(rmf_demos) by extension 'ignore'
[0.298s] Level 1:colcon.colcon_core.package_identification:_identify(rmf_demos) by extension 'ignore_ament_install'
[0.298s] Level 1:colcon.colcon_core.package_identification:_identify(rmf_demos) by extensions ['colcon_pkg']
[0.298s] Level 1:colcon.colcon_core.package_identification:_identify(rmf_demos) by extension 'colcon_pkg'
[0.298s] Level 1:colcon.colcon_core.package_identification:_identify(rmf_demos) by extensions ['colcon_meta']
[0.298s] Level 1:colcon.colcon_core.package_identification:_identify(rmf_demos) by extension 'colcon_meta'
[0.299s] Level 1:colcon.colcon_core.package_identification:_identify(rmf_demos) by extensions ['ros']
[0.299s] Level 1:colcon.colcon_core.package_identification:_identify(rmf_demos) by extension 'ros'
[0.304s] DEBUG:colcon.colcon_core.package_identification:Package 'rmf_demos' with type 'ros.ament_cmake' and name 'rmf_demos'
[0.304s] Level 1:colcon.colcon_core.package_identification:_identify(rmf_demos_assets) by extensions ['ignore', 'ignore_ament_install']
[0.304s] Level 1:colcon.colcon_core.package_identification:_identify(rmf_demos_assets) by extension 'ignore'
[0.305s] Level 1:colcon.colcon_core.package_identification:_identify(rmf_demos_assets) by extension 'ignore_ament_install'
[0.305s] Level 1:colcon.colcon_core.package_identification:_identify(rmf_demos_assets) by extensions ['colcon_pkg']
[0.305s] Level 1:colcon.colcon_core.package_identification:_identify(rmf_demos_assets) by extension 'colcon_pkg'
[0.305s] Level 1:colcon.colcon_core.package_identification:_identify(rmf_demos_assets) by extensions ['colcon_meta']
[0.305s] Level 1:colcon.colcon_core.package_identification:_identify(rmf_demos_assets) by extension 'colcon_meta'
[0.305s] Level 1:colcon.colcon_core.package_identification:_identify(rmf_demos_assets) by extensions ['ros']
[0.305s] Level 1:colcon.colcon_core.package_identification:_identify(rmf_demos_assets) by extension 'ros'
[0.308s] DEBUG:colcon.colcon_core.package_identification:Package 'rmf_demos_assets' with type 'ros.ament_cmake' and name 'rmf_demos_assets'
[0.308s] Level 1:colcon.colcon_core.package_identification:_identify(rmf_demos_bridges) by extensions ['ignore', 'ignore_ament_install']
[0.308s] Level 1:colcon.colcon_core.package_identification:_identify(rmf_demos_bridges) by extension 'ignore'
[0.308s] Level 1:colcon.colcon_core.package_identification:_identify(rmf_demos_bridges) by extension 'ignore_ament_install'
[0.308s] Level 1:colcon.colcon_core.package_identification:_identify(rmf_demos_bridges) by extensions ['colcon_pkg']
[0.308s] Level 1:colcon.colcon_core.package_identification:_identify(rmf_demos_bridges) by extension 'colcon_pkg'
[0.308s] Level 1:colcon.colcon_core.package_identification:_identify(rmf_demos_bridges) by extensions ['colcon_meta']
[0.308s] Level 1:colcon.colcon_core.package_identification:_identify(rmf_demos_bridges) by extension 'colcon_meta'
[0.308s] Level 1:colcon.colcon_core.package_identification:_identify(rmf_demos_bridges) by extensions ['ros']
[0.308s] Level 1:colcon.colcon_core.package_identification:_identify(rmf_demos_bridges) by extension 'ros'
[0.311s] DEBUG:colcon.colcon_core.package_identification:Package 'rmf_demos_bridges' with type 'ros.ament_python' and name 'rmf_ws_bridges'
[0.311s] Level 1:colcon.colcon_core.package_identification:_identify(rmf_demos_fleet_adapter) by extensions ['ignore', 'ignore_ament_install']
[0.311s] Level 1:colcon.colcon_core.package_identification:_identify(rmf_demos_fleet_adapter) by extension 'ignore'
[0.311s] Level 1:colcon.colcon_core.package_identification:_identify(rmf_demos_fleet_adapter) by extension 'ignore_ament_install'
[0.311s] Level 1:colcon.colcon_core.package_identification:_identify(rmf_demos_fleet_adapter) by extensions ['colcon_pkg']
[0.311s] Level 1:colcon.colcon_core.package_identification:_identify(rmf_demos_fleet_adapter) by extension 'colcon_pkg'
[0.311s] Level 1:colcon.colcon_core.package_identification:_identify(rmf_demos_fleet_adapter) by extensions ['colcon_meta']
[0.311s] Level 1:colcon.colcon_core.package_identification:_identify(rmf_demos_fleet_adapter) by extension 'colcon_meta'
[0.311s] Level 1:colcon.colcon_core.package_identification:_identify(rmf_demos_fleet_adapter) by extensions ['ros']
[0.311s] Level 1:colcon.colcon_core.package_identification:_identify(rmf_demos_fleet_adapter) by extension 'ros'
[0.314s] DEBUG:colcon.colcon_core.package_identification:Package 'rmf_demos_fleet_adapter' with type 'ros.ament_python' and name 'rmf_demos_fleet_adapter'
[0.314s] Level 1:colcon.colcon_core.package_identification:_identify(rmf_demos_gz) by extensions ['ignore', 'ignore_ament_install']
[0.314s] Level 1:colcon.colcon_core.package_identification:_identify(rmf_demos_gz) by extension 'ignore'
[0.314s] Level 1:colcon.colcon_core.package_identification:_identify(rmf_demos_gz) by extension 'ignore_ament_install'
[0.315s] Level 1:colcon.colcon_core.package_identification:_identify(rmf_demos_gz) by extensions ['colcon_pkg']
[0.315s] Level 1:colcon.colcon_core.package_identification:_identify(rmf_demos_gz) by extension 'colcon_pkg'
[0.315s] Level 1:colcon.colcon_core.package_identification:_identify(rmf_demos_gz) by extensions ['colcon_meta']
[0.315s] Level 1:colcon.colcon_core.package_identification:_identify(rmf_demos_gz) by extension 'colcon_meta'
[0.315s] Level 1:colcon.colcon_core.package_identification:_identify(rmf_demos_gz) by extensions ['ros']
[0.315s] Level 1:colcon.colcon_core.package_identification:_identify(rmf_demos_gz) by extension 'ros'
[0.317s] DEBUG:colcon.colcon_core.package_identification:Package 'rmf_demos_gz' with type 'ros.ament_cmake' and name 'rmf_demos_gz'
[0.317s] Level 1:colcon.colcon_core.package_identification:_identify(rmf_demos_maps) by extensions ['ignore', 'ignore_ament_install']
[0.317s] Level 1:colcon.colcon_core.package_identification:_identify(rmf_demos_maps) by extension 'ignore'
[0.317s] Level 1:colcon.colcon_core.package_identification:_identify(rmf_demos_maps) by extension 'ignore_ament_install'
[0.317s] Level 1:colcon.colcon_core.package_identification:_identify(rmf_demos_maps) by extensions ['colcon_pkg']
[0.317s] Level 1:colcon.colcon_core.package_identification:_identify(rmf_demos_maps) by extension 'colcon_pkg'
[0.317s] Level 1:colcon.colcon_core.package_identification:_identify(rmf_demos_maps) by extensions ['colcon_meta']
[0.318s] Level 1:colcon.colcon_core.package_identification:_identify(rmf_demos_maps) by extension 'colcon_meta'
[0.318s] Level 1:colcon.colcon_core.package_identification:_identify(rmf_demos_maps) by extensions ['ros']
[0.318s] Level 1:colcon.colcon_core.package_identification:_identify(rmf_demos_maps) by extension 'ros'
[0.320s] DEBUG:colcon.colcon_core.package_identification:Package 'rmf_demos_maps' with type 'ros.ament_cmake' and name 'rmf_demos_maps'
[0.320s] Level 1:colcon.colcon_core.package_identification:_identify(rmf_demos_tasks) by extensions ['ignore', 'ignore_ament_install']
[0.320s] Level 1:colcon.colcon_core.package_identification:_identify(rmf_demos_tasks) by extension 'ignore'
[0.320s] Level 1:colcon.colcon_core.package_identification:_identify(rmf_demos_tasks) by extension 'ignore_ament_install'
[0.320s] Level 1:colcon.colcon_core.package_identification:_identify(rmf_demos_tasks) by extensions ['colcon_pkg']
[0.320s] Level 1:colcon.colcon_core.package_identification:_identify(rmf_demos_tasks) by extension 'colcon_pkg'
[0.320s] Level 1:colcon.colcon_core.package_identification:_identify(rmf_demos_tasks) by extensions ['colcon_meta']
[0.320s] Level 1:colcon.colcon_core.package_identification:_identify(rmf_demos_tasks) by extension 'colcon_meta'
[0.320s] Level 1:colcon.colcon_core.package_identification:_identify(rmf_demos_tasks) by extensions ['ros']
[0.320s] Level 1:colcon.colcon_core.package_identification:_identify(rmf_demos_tasks) by extension 'ros'
[0.323s] DEBUG:colcon.colcon_core.package_identification:Package 'rmf_demos_tasks' with type 'ros.ament_python' and name 'rmf_ws_tasks'
[0.323s] Level 1:colcon.colcon_core.package_discovery:discover_packages(recursive) using defaults
[0.323s] Level 1:colcon.colcon_core.package_discovery:discover_packages(ignore) discover
[0.323s] Level 1:colcon.colcon_core.package_discovery:discover_packages(ignore) using defaults
[0.323s] Level 1:colcon.colcon_core.package_discovery:discover_packages(path) discover
[0.323s] Level 1:colcon.colcon_core.package_discovery:discover_packages(path) using defaults
[0.364s] Level 1:colcon.colcon_core.package_discovery:discover_packages(prefix_path) check parameters
[0.364s] Level 1:colcon.colcon_core.package_discovery:discover_packages(prefix_path) discover
[0.364s] Level 1:colcon.colcon_core.package_discovery:discover_packages(prefix_path) using defaults
[0.365s] Level 5:colcon.colcon_core.verb:set package 'rmf_demos_assets' build argument 'cmake_args' from command line to 'None'
[0.365s] Level 5:colcon.colcon_core.verb:set package 'rmf_demos_assets' build argument 'cmake_target' from command line to 'None'
[0.365s] Level 5:colcon.colcon_core.verb:set package 'rmf_demos_assets' build argument 'cmake_target_skip_unavailable' from command line to 'False'
[0.365s] Level 5:colcon.colcon_core.verb:set package 'rmf_demos_assets' build argument 'cmake_clean_cache' from command line to 'False'
[0.365s] Level 5:colcon.colcon_core.verb:set package 'rmf_demos_assets' build argument 'cmake_clean_first' from command line to 'False'
[0.365s] Level 5:colcon.colcon_core.verb:set package 'rmf_demos_assets' build argument 'cmake_force_configure' from command line to 'False'
[0.365s] Level 5:colcon.colcon_core.verb:set package 'rmf_demos_assets' build argument 'ament_cmake_args' from command line to 'None'
[0.365s] Level 5:colcon.colcon_core.verb:set package 'rmf_demos_assets' build argument 'catkin_cmake_args' from command line to 'None'
[0.365s] Level 5:colcon.colcon_core.verb:set package 'rmf_demos_assets' build argument 'catkin_skip_building_tests' from command line to 'False'
[0.365s] DEBUG:colcon.colcon_core.verb:Building package 'rmf_demos_assets' with the following arguments: {'ament_cmake_args': None, 'build_base': '/home/usuario/rmf_ws/build/rmf_demos_assets', 'catkin_cmake_args': None, 'catkin_skip_building_tests': False, 'cmake_args': None, 'cmake_clean_cache': False, 'cmake_clean_first': False, 'cmake_force_configure': False, 'cmake_target': None, 'cmake_target_skip_unavailable': False, 'install_base': '/home/usuario/rmf_ws/install/rmf_demos_assets', 'merge_install': False, 'path': '/home/usuario/rmf_ws/rmf_demos_assets', 'symlink_install': False, 'test_result_base': None}
[0.366s] Level 5:colcon.colcon_core.verb:set package 'rmf_demos_fleet_adapter' build argument 'cmake_args' from command line to 'None'
[0.366s] Level 5:colcon.colcon_core.verb:set package 'rmf_demos_fleet_adapter' build argument 'cmake_target' from command line to 'None'
[0.366s] Level 5:colcon.colcon_core.verb:set package 'rmf_demos_fleet_adapter' build argument 'cmake_target_skip_unavailable' from command line to 'False'
[0.366s] Level 5:colcon.colcon_core.verb:set package 'rmf_demos_fleet_adapter' build argument 'cmake_clean_cache' from command line to 'False'
[0.366s] Level 5:colcon.colcon_core.verb:set package 'rmf_demos_fleet_adapter' build argument 'cmake_clean_first' from command line to 'False'
[0.366s] Level 5:colcon.colcon_core.verb:set package 'rmf_demos_fleet_adapter' build argument 'cmake_force_configure' from command line to 'False'
[0.366s] Level 5:colcon.colcon_core.verb:set package 'rmf_demos_fleet_adapter' build argument 'ament_cmake_args' from command line to 'None'
[0.366s] Level 5:colcon.colcon_core.verb:set package 'rmf_demos_fleet_adapter' build argument 'catkin_cmake_args' from command line to 'None'
[0.366s] Level 5:colcon.colcon_core.verb:set package 'rmf_demos_fleet_adapter' build argument 'catkin_skip_building_tests' from command line to 'False'
[0.366s] DEBUG:colcon.colcon_core.verb:Building package 'rmf_demos_fleet_adapter' with the following arguments: {'ament_cmake_args': None, 'build_base': '/home/usuario/rmf_ws/build/rmf_demos_fleet_adapter', 'catkin_cmake_args': None, 'catkin_skip_building_tests': False, 'cmake_args': None, 'cmake_clean_cache': False, 'cmake_clean_first': False, 'cmake_force_configure': False, 'cmake_target': None, 'cmake_target_skip_unavailable': False, 'install_base': '/home/usuario/rmf_ws/install/rmf_demos_fleet_adapter', 'merge_install': False, 'path': '/home/usuario/rmf_ws/rmf_demos_fleet_adapter', 'symlink_install': False, 'test_result_base': None}
[0.366s] Level 5:colcon.colcon_core.verb:set package 'rmf_demos_maps' build argument 'cmake_args' from command line to 'None'
[0.366s] Level 5:colcon.colcon_core.verb:set package 'rmf_demos_maps' build argument 'cmake_target' from command line to 'None'
[0.366s] Level 5:colcon.colcon_core.verb:set package 'rmf_demos_maps' build argument 'cmake_target_skip_unavailable' from command line to 'False'
[0.366s] Level 5:colcon.colcon_core.verb:set package 'rmf_demos_maps' build argument 'cmake_clean_cache' from command line to 'False'
[0.366s] Level 5:colcon.colcon_core.verb:set package 'rmf_demos_maps' build argument 'cmake_clean_first' from command line to 'False'
[0.366s] Level 5:colcon.colcon_core.verb:set package 'rmf_demos_maps' build argument 'cmake_force_configure' from command line to 'False'
[0.366s] Level 5:colcon.colcon_core.verb:set package 'rmf_demos_maps' build argument 'ament_cmake_args' from command line to 'None'
[0.366s] Level 5:colcon.colcon_core.verb:set package 'rmf_demos_maps' build argument 'catkin_cmake_args' from command line to 'None'
[0.366s] Level 5:colcon.colcon_core.verb:set package 'rmf_demos_maps' build argument 'catkin_skip_building_tests' from command line to 'False'
[0.366s] DEBUG:colcon.colcon_core.verb:Building package 'rmf_demos_maps' with the following arguments: {'ament_cmake_args': None, 'build_base': '/home/usuario/rmf_ws/build/rmf_demos_maps', 'catkin_cmake_args': None, 'catkin_skip_building_tests': False, 'cmake_args': None, 'cmake_clean_cache': False, 'cmake_clean_first': False, 'cmake_force_configure': False, 'cmake_target': None, 'cmake_target_skip_unavailable': False, 'install_base': '/home/usuario/rmf_ws/install/rmf_demos_maps', 'merge_install': False, 'path': '/home/usuario/rmf_ws/rmf_demos_maps', 'symlink_install': False, 'test_result_base': None}
[0.367s] Level 5:colcon.colcon_core.verb:set package 'rmf_ws_bridges' build argument 'cmake_args' from command line to 'None'
[0.367s] Level 5:colcon.colcon_core.verb:set package 'rmf_ws_bridges' build argument 'cmake_target' from command line to 'None'
[0.367s] Level 5:colcon.colcon_core.verb:set package 'rmf_ws_bridges' build argument 'cmake_target_skip_unavailable' from command line to 'False'
[0.367s] Level 5:colcon.colcon_core.verb:set package 'rmf_ws_bridges' build argument 'cmake_clean_cache' from command line to 'False'
[0.367s] Level 5:colcon.colcon_core.verb:set package 'rmf_ws_bridges' build argument 'cmake_clean_first' from command line to 'False'
[0.367s] Level 5:colcon.colcon_core.verb:set package 'rmf_ws_bridges' build argument 'cmake_force_configure' from command line to 'False'
[0.367s] Level 5:colcon.colcon_core.verb:set package 'rmf_ws_bridges' build argument 'ament_cmake_args' from command line to 'None'
[0.367s] Level 5:colcon.colcon_core.verb:set package 'rmf_ws_bridges' build argument 'catkin_cmake_args' from command line to 'None'
[0.367s] Level 5:colcon.colcon_core.verb:set package 'rmf_ws_bridges' build argument 'catkin_skip_building_tests' from command line to 'False'
[0.367s] DEBUG:colcon.colcon_core.verb:Building package 'rmf_ws_bridges' with the following arguments: {'ament_cmake_args': None, 'build_base': '/home/usuario/rmf_ws/build/rmf_ws_bridges', 'catkin_cmake_args': None, 'catkin_skip_building_tests': False, 'cmake_args': None, 'cmake_clean_cache': False, 'cmake_clean_first': False, 'cmake_force_configure': False, 'cmake_target': None, 'cmake_target_skip_unavailable': False, 'install_base': '/home/usuario/rmf_ws/install/rmf_ws_bridges', 'merge_install': False, 'path': '/home/usuario/rmf_ws/rmf_demos_bridges', 'symlink_install': False, 'test_result_base': None}
[0.367s] Level 5:colcon.colcon_core.verb:set package 'rmf_ws_tasks' build argument 'cmake_args' from command line to 'None'
[0.367s] Level 5:colcon.colcon_core.verb:set package 'rmf_ws_tasks' build argument 'cmake_target' from command line to 'None'
[0.367s] Level 5:colcon.colcon_core.verb:set package 'rmf_ws_tasks' build argument 'cmake_target_skip_unavailable' from command line to 'False'
[0.367s] Level 5:colcon.colcon_core.verb:set package 'rmf_ws_tasks' build argument 'cmake_clean_cache' from command line to 'False'
[0.367s] Level 5:colcon.colcon_core.verb:set package 'rmf_ws_tasks' build argument 'cmake_clean_first' from command line to 'False'
[0.367s] Level 5:colcon.colcon_core.verb:set package 'rmf_ws_tasks' build argument 'cmake_force_configure' from command line to 'False'
[0.367s] Level 5:colcon.colcon_core.verb:set package 'rmf_ws_tasks' build argument 'ament_cmake_args' from command line to 'None'
[0.367s] Level 5:colcon.colcon_core.verb:set package 'rmf_ws_tasks' build argument 'catkin_cmake_args' from command line to 'None'
[0.367s] Level 5:colcon.colcon_core.verb:set package 'rmf_ws_tasks' build argument 'catkin_skip_building_tests' from command line to 'False'
[0.367s] DEBUG:colcon.colcon_core.verb:Building package 'rmf_ws_tasks' with the following arguments: {'ament_cmake_args': None, 'build_base': '/home/usuario/rmf_ws/build/rmf_ws_tasks', 'catkin_cmake_args': None, 'catkin_skip_building_tests': False, 'cmake_args': None, 'cmake_clean_cache': False, 'cmake_clean_first': False, 'cmake_force_configure': False, 'cmake_target': None, 'cmake_target_skip_unavailable': False, 'install_base': '/home/usuario/rmf_ws/install/rmf_ws_tasks', 'merge_install': False, 'path': '/home/usuario/rmf_ws/rmf_demos_tasks', 'symlink_install': False, 'test_result_base': None}
[0.367s] Level 5:colcon.colcon_core.verb:set package 'rmf_demos' build argument 'cmake_args' from command line to 'None'
[0.367s] Level 5:colcon.colcon_core.verb:set package 'rmf_demos' build argument 'cmake_target' from command line to 'None'
[0.367s] Level 5:colcon.colcon_core.verb:set package 'rmf_demos' build argument 'cmake_target_skip_unavailable' from command line to 'False'
[0.367s] Level 5:colcon.colcon_core.verb:set package 'rmf_demos' build argument 'cmake_clean_cache' from command line to 'False'
[0.368s] Level 5:colcon.colcon_core.verb:set package 'rmf_demos' build argument 'cmake_clean_first' from command line to 'False'
[0.368s] Level 5:colcon.colcon_core.verb:set package 'rmf_demos' build argument 'cmake_force_configure' from command line to 'False'
[0.368s] Level 5:colcon.colcon_core.verb:set package 'rmf_demos' build argument 'ament_cmake_args' from command line to 'None'
[0.368s] Level 5:colcon.colcon_core.verb:set package 'rmf_demos' build argument 'catkin_cmake_args' from command line to 'None'
[0.368s] Level 5:colcon.colcon_core.verb:set package 'rmf_demos' build argument 'catkin_skip_building_tests' from command line to 'False'
[0.368s] DEBUG:colcon.colcon_core.verb:Building package 'rmf_demos' with the following arguments: {'ament_cmake_args': None, 'build_base': '/home/usuario/rmf_ws/build/rmf_demos', 'catkin_cmake_args': None, 'catkin_skip_building_tests': False, 'cmake_args': None, 'cmake_clean_cache': False, 'cmake_clean_first': False, 'cmake_force_configure': False, 'cmake_target': None, 'cmake_target_skip_unavailable': False, 'install_base': '/home/usuario/rmf_ws/install/rmf_demos', 'merge_install': False, 'path': '/home/usuario/rmf_ws/rmf_demos', 'symlink_install': False, 'test_result_base': None}
[0.368s] Level 5:colcon.colcon_core.verb:set package 'rmf_demos_gz' build argument 'cmake_args' from command line to 'None'
[0.368s] Level 5:colcon.colcon_core.verb:set package 'rmf_demos_gz' build argument 'cmake_target' from command line to 'None'
[0.368s] Level 5:colcon.colcon_core.verb:set package 'rmf_demos_gz' build argument 'cmake_target_skip_unavailable' from command line to 'False'
[0.368s] Level 5:colcon.colcon_core.verb:set package 'rmf_demos_gz' build argument 'cmake_clean_cache' from command line to 'False'
[0.368s] Level 5:colcon.colcon_core.verb:set package 'rmf_demos_gz' build argument 'cmake_clean_first' from command line to 'False'
[0.368s] Level 5:colcon.colcon_core.verb:set package 'rmf_demos_gz' build argument 'cmake_force_configure' from command line to 'False'
[0.368s] Level 5:colcon.colcon_core.verb:set package 'rmf_demos_gz' build argument 'ament_cmake_args' from command line to 'None'
[0.368s] Level 5:colcon.colcon_core.verb:set package 'rmf_demos_gz' build argument 'catkin_cmake_args' from command line to 'None'
[0.368s] Level 5:colcon.colcon_core.verb:set package 'rmf_demos_gz' build argument 'catkin_skip_building_tests' from command line to 'False'
[0.368s] DEBUG:colcon.colcon_core.verb:Building package 'rmf_demos_gz' with the following arguments: {'ament_cmake_args': None, 'build_base': '/home/usuario/rmf_ws/build/rmf_demos_gz', 'catkin_cmake_args': None, 'catkin_skip_building_tests': False, 'cmake_args': None, 'cmake_clean_cache': False, 'cmake_clean_first': False, 'cmake_force_configure': False, 'cmake_target': None, 'cmake_target_skip_unavailable': False, 'install_base': '/home/usuario/rmf_ws/install/rmf_demos_gz', 'merge_install': False, 'path': '/home/usuario/rmf_ws/rmf_demos_gz', 'symlink_install': False, 'test_result_base': None}
[0.368s] INFO:colcon.colcon_core.executor:Executing jobs using 'parallel' executor
[0.369s] DEBUG:colcon.colcon_parallel_executor.executor.parallel:run_until_complete
[0.369s] INFO:colcon.colcon_ros.task.ament_cmake.build:Building ROS package in '/home/usuario/rmf_ws/rmf_demos_assets' with build type 'ament_cmake'
[0.369s] INFO:colcon.colcon_cmake.task.cmake.build:Building CMake package in '/home/usuario/rmf_ws/rmf_demos_assets'
[0.371s] INFO:colcon.colcon_core.plugin_system:Skipping extension 'colcon_core.shell.bat': Not used on non-Windows systems
[0.371s] INFO:colcon.colcon_core.shell:Skip shell extension 'powershell' for command environment: Not usable outside of PowerShell
[0.371s] DEBUG:colcon.colcon_core.shell:Skip shell extension 'dsv' for command environment
[0.373s] INFO:colcon.colcon_ros.task.ament_python.build:Building ROS package in '/home/usuario/rmf_ws/rmf_demos_fleet_adapter' with build type 'ament_python'
[0.373s] Level 1:colcon.colcon_core.shell:create_environment_hook('rmf_demos_fleet_adapter', 'ament_prefix_path')
[0.373s] INFO:colcon.colcon_core.shell:Creating environment hook '/home/usuario/rmf_ws/install/rmf_demos_fleet_adapter/share/rmf_demos_fleet_adapter/hook/ament_prefix_path.ps1'
[0.375s] INFO:colcon.colcon_core.shell:Creating environment descriptor '/home/usuario/rmf_ws/install/rmf_demos_fleet_adapter/share/rmf_demos_fleet_adapter/hook/ament_prefix_path.dsv'
[0.376s] INFO:colcon.colcon_core.shell:Creating environment hook '/home/usuario/rmf_ws/install/rmf_demos_fleet_adapter/share/rmf_demos_fleet_adapter/hook/ament_prefix_path.sh'
[0.377s] INFO:colcon.colcon_core.shell:Skip shell extension 'powershell' for command environment: Not usable outside of PowerShell
[0.377s] DEBUG:colcon.colcon_core.shell:Skip shell extension 'dsv' for command environment
[0.379s] INFO:colcon.colcon_ros.task.ament_cmake.build:Building ROS package in '/home/usuario/rmf_ws/rmf_demos_maps' with build type 'ament_cmake'
[0.379s] INFO:colcon.colcon_cmake.task.cmake.build:Building CMake package in '/home/usuario/rmf_ws/rmf_demos_maps'
[0.379s] INFO:colcon.colcon_core.shell:Skip shell extension 'powershell' for command environment: Not usable outside of PowerShell
[0.379s] DEBUG:colcon.colcon_core.shell:Skip shell extension 'dsv' for command environment
[0.381s] INFO:colcon.colcon_ros.task.ament_python.build:Building ROS package in '/home/usuario/rmf_ws/rmf_demos_bridges' with build type 'ament_python'
[0.381s] Level 1:colcon.colcon_core.shell:create_environment_hook('rmf_ws_bridges', 'ament_prefix_path')
[0.381s] INFO:colcon.colcon_core.shell:Creating environment hook '/home/usuario/rmf_ws/install/rmf_ws_bridges/share/rmf_ws_bridges/hook/ament_prefix_path.ps1'
[0.382s] INFO:colcon.colcon_core.shell:Creating environment descriptor '/home/usuario/rmf_ws/install/rmf_ws_bridges/share/rmf_ws_bridges/hook/ament_prefix_path.dsv'
[0.382s] INFO:colcon.colcon_core.shell:Creating environment hook '/home/usuario/rmf_ws/install/rmf_ws_bridges/share/rmf_ws_bridges/hook/ament_prefix_path.sh'
[0.383s] INFO:colcon.colcon_core.shell:Skip shell extension 'powershell' for command environment: Not usable outside of PowerShell
[0.383s] DEBUG:colcon.colcon_core.shell:Skip shell extension 'dsv' for command environment
[0.384s] INFO:colcon.colcon_ros.task.ament_python.build:Building ROS package in '/home/usuario/rmf_ws/rmf_demos_tasks' with build type 'ament_python'
[0.384s] Level 1:colcon.colcon_core.shell:create_environment_hook('rmf_ws_tasks', 'ament_prefix_path')
[0.384s] INFO:colcon.colcon_core.shell:Creating environment hook '/home/usuario/rmf_ws/install/rmf_ws_tasks/share/rmf_ws_tasks/hook/ament_prefix_path.ps1'
[0.385s] INFO:colcon.colcon_core.shell:Creating environment descriptor '/home/usuario/rmf_ws/install/rmf_ws_tasks/share/rmf_ws_tasks/hook/ament_prefix_path.dsv'
[0.385s] INFO:colcon.colcon_core.shell:Creating environment hook '/home/usuario/rmf_ws/install/rmf_ws_tasks/share/rmf_ws_tasks/hook/ament_prefix_path.sh'
[0.385s] INFO:colcon.colcon_core.shell:Skip shell extension 'powershell' for command environment: Not usable outside of PowerShell
[0.385s] DEBUG:colcon.colcon_core.shell:Skip shell extension 'dsv' for command environment
[0.405s] DEBUG:colcon.colcon_core.event_handler.log_command:Invoking command in '/home/usuario/rmf_ws/build/rmf_demos_assets': /usr/bin/cmake --build /home/usuario/rmf_ws/build/rmf_demos_assets -- -j6 -l6
[0.652s] INFO:colcon.colcon_core.task.python.build:Building Python package in '/home/usuario/rmf_ws/rmf_demos_fleet_adapter'
[0.652s] INFO:colcon.colcon_core.shell:Skip shell extension 'powershell' for command environment: Not usable outside of PowerShell
[0.652s] DEBUG:colcon.colcon_core.shell:Skip shell extension 'dsv' for command environment
[0.673s] DEBUG:colcon.colcon_core.event_handler.log_command:Invoking command in '/home/usuario/rmf_ws/build/rmf_demos_maps': /usr/bin/cmake --build /home/usuario/rmf_ws/build/rmf_demos_maps -- -j6 -l6
[0.918s] INFO:colcon.colcon_core.task.python.build:Building Python package in '/home/usuario/rmf_ws/rmf_demos_bridges'
[0.919s] INFO:colcon.colcon_core.shell:Skip shell extension 'powershell' for command environment: Not usable outside of PowerShell
[0.919s] DEBUG:colcon.colcon_core.shell:Skip shell extension 'dsv' for command environment
[0.922s] DEBUG:colcon.colcon_core.event_handler.log_command:Invoked command in '/home/usuario/rmf_ws/build/rmf_demos_assets' returned '2': /usr/bin/cmake --build /home/usuario/rmf_ws/build/rmf_demos_assets -- -j6 -l6
[0.927s] Level 1:colcon.colcon_core.environment:create_environment_scripts_only(rmf_demos_assets)
[0.929s] Level 1:colcon.colcon_core.environment:checking '/home/usuario/rmf_ws/install/rmf_demos_assets' for CMake module files
[0.929s] Level 1:colcon.colcon_core.environment:checking '/home/usuario/rmf_ws/install/rmf_demos_assets' for CMake config files
[0.929s] Level 1:colcon.colcon_core.shell:create_environment_hook('rmf_demos_assets', 'cmake_prefix_path')
[0.929s] INFO:colcon.colcon_core.shell:Creating environment hook '/home/usuario/rmf_ws/install/rmf_demos_assets/share/rmf_demos_assets/hook/cmake_prefix_path.ps1'
[0.930s] INFO:colcon.colcon_core.shell:Creating environment descriptor '/home/usuario/rmf_ws/install/rmf_demos_assets/share/rmf_demos_assets/hook/cmake_prefix_path.dsv'
[0.931s] INFO:colcon.colcon_core.shell:Creating environment hook '/home/usuario/rmf_ws/install/rmf_demos_assets/share/rmf_demos_assets/hook/cmake_prefix_path.sh'
[0.933s] Level 1:colcon.colcon_core.environment:checking '/home/usuario/rmf_ws/install/rmf_demos_assets/bin'
[0.933s] Level 1:colcon.colcon_core.environment:checking '/home/usuario/rmf_ws/install/rmf_demos_assets/lib/pkgconfig/rmf_demos_assets.pc'
[0.934s] Level 1:colcon.colcon_core.environment:checking '/home/usuario/rmf_ws/install/rmf_demos_assets/lib/python3.10/site-packages'
[0.934s] Level 1:colcon.colcon_core.environment:checking '/home/usuario/rmf_ws/install/rmf_demos_assets/bin'
[0.935s] INFO:colcon.colcon_core.shell:Creating package script '/home/usuario/rmf_ws/install/rmf_demos_assets/share/rmf_demos_assets/package.ps1'
[0.936s] INFO:colcon.colcon_core.shell:Creating package descriptor '/home/usuario/rmf_ws/install/rmf_demos_assets/share/rmf_demos_assets/package.dsv'
[0.937s] INFO:colcon.colcon_core.shell:Creating package script '/home/usuario/rmf_ws/install/rmf_demos_assets/share/rmf_demos_assets/package.sh'
[0.938s] INFO:colcon.colcon_core.shell:Creating package script '/home/usuario/rmf_ws/install/rmf_demos_assets/share/rmf_demos_assets/package.bash'
[0.940s] INFO:colcon.colcon_core.shell:Creating package script '/home/usuario/rmf_ws/install/rmf_demos_assets/share/rmf_demos_assets/package.zsh'
[0.941s] Level 1:colcon.colcon_core.environment:create_file_with_runtime_dependencies(/home/usuario/rmf_ws/install/rmf_demos_assets/share/colcon-core/packages/rmf_demos_assets)
[1.188s] INFO:colcon.colcon_core.task.python.build:Building Python package in '/home/usuario/rmf_ws/rmf_demos_tasks'
[1.189s] INFO:colcon.colcon_core.shell:Skip shell extension 'powershell' for command environment: Not usable outside of PowerShell
[1.189s] DEBUG:colcon.colcon_core.shell:Skip shell extension 'dsv' for command environment
[1.202s] DEBUG:colcon.colcon_parallel_executor.executor.parallel:closing loop
[1.202s] DEBUG:colcon.colcon_parallel_executor.executor.parallel:loop closed
[1.202s] DEBUG:colcon.colcon_parallel_executor.executor.parallel:run_until_complete finished with '2'
[1.202s] DEBUG:colcon.colcon_core.event_reactor:joining thread
[1.208s] INFO:colcon.colcon_core.plugin_system:Skipping extension 'colcon_notification.desktop_notification.terminal_notifier': Not used on non-Darwin systems
[1.208s] INFO:colcon.colcon_core.plugin_system:Skipping extension 'colcon_notification.desktop_notification.win32': Not used on non-Windows systems
[1.208s] INFO:colcon.colcon_notification.desktop_notification:Sending desktop notification using 'notify2'
[1.215s] DEBUG:colcon.colcon_core.event_reactor:joined thread
[1.215s] INFO:colcon.colcon_core.shell:Creating prefix script '/home/usuario/rmf_ws/install/local_setup.ps1'
[1.217s] INFO:colcon.colcon_core.shell:Creating prefix util module '/home/usuario/rmf_ws/install/_local_setup_util_ps1.py'
[1.219s] INFO:colcon.colcon_core.shell:Creating prefix chain script '/home/usuario/rmf_ws/install/setup.ps1'
[1.220s] INFO:colcon.colcon_core.shell:Creating prefix script '/home/usuario/rmf_ws/install/local_setup.sh'
[1.222s] INFO:colcon.colcon_core.shell:Creating prefix util module '/home/usuario/rmf_ws/install/_local_setup_util_sh.py'
[1.223s] INFO:colcon.colcon_core.shell:Creating prefix chain script '/home/usuario/rmf_ws/install/setup.sh'
[1.224s] INFO:colcon.colcon_core.shell:Creating prefix script '/home/usuario/rmf_ws/install/local_setup.bash'
[1.225s] INFO:colcon.colcon_core.shell:Creating prefix chain script '/home/usuario/rmf_ws/install/setup.bash'
[1.227s] INFO:colcon.colcon_core.shell:Creating prefix script '/home/usuario/rmf_ws/install/local_setup.zsh'
[1.228s] INFO:colcon.colcon_core.shell:Creating prefix chain script '/home/usuario/rmf_ws/install/setup.zsh'
