[2.590s] Invoking command in '/home/usuario/rmf_ws/rmf_ws_fleet_adapter': PYTHONPATH=/home/usuario/rmf_ws/build/rmf_ws_fleet_adapter/prefix_override:/usr/lib/python3/dist-packages/colcon_core/task/python/colcon_distutils_commands:/home/usuario/rmf_ws/install/rmf_ws_fleet_adapter/lib/python3.12/site-packages:${PYTHONPATH} /usr/bin/python3 -W ignore:setup.py install is deprecated -W ignore:easy_install command is deprecated setup.py egg_info --egg-base ../build/rmf_ws_fleet_adapter build --build-base /home/usuario/rmf_ws/build/rmf_ws_fleet_adapter/build install --record /home/usuario/rmf_ws/build/rmf_ws_fleet_adapter/install.log --single-version-externally-managed install_data
[3.445s] running egg_info
[3.445s] writing ../build/rmf_ws_fleet_adapter/rmf_ws_fleet_adapter.egg-info/PKG-INFO
[3.446s] writing dependency_links to ../build/rmf_ws_fleet_adapter/rmf_ws_fleet_adapter.egg-info/dependency_links.txt
[3.446s] writing entry points to ../build/rmf_ws_fleet_adapter/rmf_ws_fleet_adapter.egg-info/entry_points.txt
[3.446s] writing requirements to ../build/rmf_ws_fleet_adapter/rmf_ws_fleet_adapter.egg-info/requires.txt
[3.446s] writing top-level names to ../build/rmf_ws_fleet_adapter/rmf_ws_fleet_adapter.egg-info/top_level.txt
[3.555s] reading manifest file '../build/rmf_ws_fleet_adapter/rmf_ws_fleet_adapter.egg-info/SOURCES.txt'
[3.571s] writing manifest file '../build/rmf_ws_fleet_adapter/rmf_ws_fleet_adapter.egg-info/SOURCES.txt'
[3.582s] running build
[3.583s] running build_py
[3.583s] running install
[3.591s] running install_lib
[3.635s] running install_data
[3.635s] running install_egg_info
[3.690s] removing '/home/usuario/rmf_ws/install/rmf_ws_fleet_adapter/lib/python3.12/site-packages/rmf_ws_fleet_adapter-2.5.0-py3.12.egg-info' (and everything under it)
[3.700s] Copying ../build/rmf_ws_fleet_adapter/rmf_ws_fleet_adapter.egg-info to /home/usuario/rmf_ws/install/rmf_ws_fleet_adapter/lib/python3.12/site-packages/rmf_ws_fleet_adapter-2.5.0-py3.12.egg-info
[3.752s] running install_scripts
[4.007s] Installing fleet_adapter script to /home/usuario/rmf_ws/install/rmf_ws_fleet_adapter/lib/rmf_ws_fleet_adapter
[4.009s] Installing fleet_manager script to /home/usuario/rmf_ws/install/rmf_ws_fleet_adapter/lib/rmf_ws_fleet_adapter
[4.011s] Installing manage_lane script to /home/usuario/rmf_ws/install/rmf_ws_fleet_adapter/lib/rmf_ws_fleet_adapter
[4.018s] writing list of installed files to '/home/usuario/rmf_ws/build/rmf_ws_fleet_adapter/install.log'
[4.090s] Invoked command in '/home/usuario/rmf_ws/rmf_ws_fleet_adapter' returned '0': PYTHONPATH=/home/usuario/rmf_ws/build/rmf_ws_fleet_adapter/prefix_override:/usr/lib/python3/dist-packages/colcon_core/task/python/colcon_distutils_commands:/home/usuario/rmf_ws/install/rmf_ws_fleet_adapter/lib/python3.12/site-packages:${PYTHONPATH} /usr/bin/python3 -W ignore:setup.py install is deprecated -W ignore:easy_install command is deprecated setup.py egg_info --egg-base ../build/rmf_ws_fleet_adapter build --build-base /home/usuario/rmf_ws/build/rmf_ws_fleet_adapter/build install --record /home/usuario/rmf_ws/build/rmf_ws_fleet_adapter/install.log --single-version-externally-managed install_data
