[0.073s] Invoking command in '/home/usuario/rmf_demos/build/rmf_demos_assets': CMAKE_PREFIX_PATH=/rmf_demos_ws/install/rmf_workcell_msgs:/rmf_demos_ws/install/rmf_reservation_node:/rmf_demos_ws/install/rmf_demos_gz:/rmf_demos_ws/install/rmf_demos:/rmf_demos_ws/install/rmf_fleet_adapter_python:/rmf_demos_ws/install/rmf_fleet_adapter:/rmf_demos_ws/install/rmf_task_ros2:/rmf_demos_ws/install/rmf_websocket:/rmf_demos_ws/install/rmf_visualization:/rmf_demos_ws/install/rmf_visualization_schedule:/rmf_demos_ws/install/rmf_visualization_rviz2_plugins:/rmf_demos_ws/install/rmf_visualization_obstacles:/rmf_demos_ws/install/rmf_visualization_navgraphs:/rmf_demos_ws/install/rmf_visualization_floorplans:/rmf_demos_ws/install/rmf_visualization_fleet_states:/rmf_demos_ws/install/rmf_visualization_msgs:/rmf_demos_ws/install/rmf_traffic_ros2:/rmf_demos_ws/install/rmf_task_sequence:/rmf_demos_ws/install/rmf_task:/rmf_demos_ws/install/rmf_battery:/rmf_demos_ws/install/rmf_traffic:/rmf_demos_ws/install/rmf_utils:/rmf_demos_ws/install/rmf_traffic_msgs:/rmf_demos_ws/install/rmf_traffic_editor_test_maps:/rmf_demos_ws/install/rmf_traffic_editor_assets:/rmf_demos_ws/install/rmf_traffic_editor:/rmf_demos_ws/install/rmf_task_msgs:/rmf_demos_ws/install/rmf_site_map_msgs:/rmf_demos_ws/install/rmf_scheduler_msgs:/rmf_demos_ws/install/rmf_robot_sim_gz_plugins:/rmf_demos_ws/install/rmf_robot_sim_common:/rmf_demos_ws/install/rmf_reservation_msgs:/rmf_demos_ws/install/rmf_obstacle_msgs:/rmf_demos_ws/install/rmf_building_sim_gz_plugins:/rmf_demos_ws/install/rmf_lift_msgs:/rmf_demos_ws/install/rmf_ingestor_msgs:/rmf_demos_ws/install/rmf_fleet_msgs:/rmf_demos_ws/install/rmf_door_msgs:/rmf_demos_ws/install/rmf_dispenser_msgs:/rmf_demos_ws/install/rmf_demos_maps:/rmf_demos_ws/install/rmf_demos_assets:/rmf_demos_ws/install/rmf_charger_msgs:/rmf_demos_ws/install/rmf_building_map_msgs:/rmf_demos_ws/install/rmf_api_msgs:/rmf_demos_ws/install/pybind11_json_vendor:/rmf_demos_ws/install/nlohmann_json_schema_validator_vendor:/rmf_demos_ws/install/rmf_demos_fleet_adapter:/rmf_demos_ws/install/rmf_visualization_building_systems:/rmf_demos_ws/install/rmf_traffic_examples:/rmf_demos_ws/install/rmf_demos_bridges:/rmf_demos_ws/install/rmf_demos_tasks:/rmf_demos_ws/install/rmf_building_map_tools:/rmf_demos_ws/install/rmf_charging_schedule:/opt/ros/jazzy:/rmf_demos_ws/install/menge_vendor:/rmf_demos_ws/install/ament_cmake_catch2:/opt/ros/jazzy/opt/gz_sim_vendor:/opt/ros/jazzy/opt/gz_sensors_vendor:/opt/ros/jazzy/opt/gz_physics_vendor:/opt/ros/jazzy/opt/sdformat_vendor:/opt/ros/jazzy/opt/gz_gui_vendor:/opt/ros/jazzy/opt/gz_transport_vendor:/opt/ros/jazzy/opt/gz_rendering_vendor:/opt/ros/jazzy/opt/gz_plugin_vendor:/opt/ros/jazzy/opt/gz_fuel_tools_vendor:/opt/ros/jazzy/opt/gz_msgs_vendor:/opt/ros/jazzy/opt/gz_common_vendor:/opt/ros/jazzy/opt/gz_math_vendor:/opt/ros/jazzy/opt/gz_utils_vendor:/opt/ros/jazzy/opt/gz_tools_vendor:/opt/ros/jazzy/opt/gz_ogre_next_vendor:/opt/ros/jazzy/opt/gz_dartsim_vendor:/opt/ros/jazzy/opt/gz_cmake_vendor /usr/bin/cmake --build /home/usuario/rmf_demos/build/rmf_demos_assets -- -j4 -l4
[0.386s] -- The C compiler identification is GNU 13.3.0
[0.386s] -- The CXX compiler identification is GNU 13.3.0
[0.413s] -- Detecting C compiler ABI info
[0.875s] -- Detecting C compiler ABI info - done
[0.891s] -- Check for working C compiler: /usr/bin/cc - skipped
[0.892s] -- Detecting C compile features
[0.892s] -- Detecting C compile features - done
[0.935s] -- Detecting CXX compiler ABI info
[1.336s] -- Detecting CXX compiler ABI info - done
[1.367s] -- Check for working CXX compiler: /usr/bin/c++ - skipped
[1.368s] -- Detecting CXX compile features
[1.369s] -- Detecting CXX compile features - done
[1.406s] -- Found ament_cmake: 2.5.3 (/opt/ros/jazzy/share/ament_cmake/cmake)
[1.590s] -- Found Python3: /usr/bin/python3 (found version "3.12.3") found components: Interpreter 
[2.081s] -- Configuring done (2.0s)
[2.216s] -- Generating done (0.1s)
[2.322s] -- Build files have been written to: /home/usuario/rmf_demos/build/rmf_demos_assets
[2.388s] Invoked command in '/home/usuario/rmf_demos/build/rmf_demos_assets' returned '0': CMAKE_PREFIX_PATH=/rmf_demos_ws/install/rmf_workcell_msgs:/rmf_demos_ws/install/rmf_reservation_node:/rmf_demos_ws/install/rmf_demos_gz:/rmf_demos_ws/install/rmf_demos:/rmf_demos_ws/install/rmf_fleet_adapter_python:/rmf_demos_ws/install/rmf_fleet_adapter:/rmf_demos_ws/install/rmf_task_ros2:/rmf_demos_ws/install/rmf_websocket:/rmf_demos_ws/install/rmf_visualization:/rmf_demos_ws/install/rmf_visualization_schedule:/rmf_demos_ws/install/rmf_visualization_rviz2_plugins:/rmf_demos_ws/install/rmf_visualization_obstacles:/rmf_demos_ws/install/rmf_visualization_navgraphs:/rmf_demos_ws/install/rmf_visualization_floorplans:/rmf_demos_ws/install/rmf_visualization_fleet_states:/rmf_demos_ws/install/rmf_visualization_msgs:/rmf_demos_ws/install/rmf_traffic_ros2:/rmf_demos_ws/install/rmf_task_sequence:/rmf_demos_ws/install/rmf_task:/rmf_demos_ws/install/rmf_battery:/rmf_demos_ws/install/rmf_traffic:/rmf_demos_ws/install/rmf_utils:/rmf_demos_ws/install/rmf_traffic_msgs:/rmf_demos_ws/install/rmf_traffic_editor_test_maps:/rmf_demos_ws/install/rmf_traffic_editor_assets:/rmf_demos_ws/install/rmf_traffic_editor:/rmf_demos_ws/install/rmf_task_msgs:/rmf_demos_ws/install/rmf_site_map_msgs:/rmf_demos_ws/install/rmf_scheduler_msgs:/rmf_demos_ws/install/rmf_robot_sim_gz_plugins:/rmf_demos_ws/install/rmf_robot_sim_common:/rmf_demos_ws/install/rmf_reservation_msgs:/rmf_demos_ws/install/rmf_obstacle_msgs:/rmf_demos_ws/install/rmf_building_sim_gz_plugins:/rmf_demos_ws/install/rmf_lift_msgs:/rmf_demos_ws/install/rmf_ingestor_msgs:/rmf_demos_ws/install/rmf_fleet_msgs:/rmf_demos_ws/install/rmf_door_msgs:/rmf_demos_ws/install/rmf_dispenser_msgs:/rmf_demos_ws/install/rmf_demos_maps:/rmf_demos_ws/install/rmf_demos_assets:/rmf_demos_ws/install/rmf_charger_msgs:/rmf_demos_ws/install/rmf_building_map_msgs:/rmf_demos_ws/install/rmf_api_msgs:/rmf_demos_ws/install/pybind11_json_vendor:/rmf_demos_ws/install/nlohmann_json_schema_validator_vendor:/rmf_demos_ws/install/rmf_demos_fleet_adapter:/rmf_demos_ws/install/rmf_visualization_building_systems:/rmf_demos_ws/install/rmf_traffic_examples:/rmf_demos_ws/install/rmf_demos_bridges:/rmf_demos_ws/install/rmf_demos_tasks:/rmf_demos_ws/install/rmf_building_map_tools:/rmf_demos_ws/install/rmf_charging_schedule:/opt/ros/jazzy:/rmf_demos_ws/install/menge_vendor:/rmf_demos_ws/install/ament_cmake_catch2:/opt/ros/jazzy/opt/gz_sim_vendor:/opt/ros/jazzy/opt/gz_sensors_vendor:/opt/ros/jazzy/opt/gz_physics_vendor:/opt/ros/jazzy/opt/sdformat_vendor:/opt/ros/jazzy/opt/gz_gui_vendor:/opt/ros/jazzy/opt/gz_transport_vendor:/opt/ros/jazzy/opt/gz_rendering_vendor:/opt/ros/jazzy/opt/gz_plugin_vendor:/opt/ros/jazzy/opt/gz_fuel_tools_vendor:/opt/ros/jazzy/opt/gz_msgs_vendor:/opt/ros/jazzy/opt/gz_common_vendor:/opt/ros/jazzy/opt/gz_math_vendor:/opt/ros/jazzy/opt/gz_utils_vendor:/opt/ros/jazzy/opt/gz_tools_vendor:/opt/ros/jazzy/opt/gz_ogre_next_vendor:/opt/ros/jazzy/opt/gz_dartsim_vendor:/opt/ros/jazzy/opt/gz_cmake_vendor /usr/bin/cmake --build /home/usuario/rmf_demos/build/rmf_demos_assets -- -j4 -l4
[2.448s] Invoking command in '/home/usuario/rmf_demos/build/rmf_demos_assets': CMAKE_PREFIX_PATH=/rmf_demos_ws/install/rmf_workcell_msgs:/rmf_demos_ws/install/rmf_reservation_node:/rmf_demos_ws/install/rmf_demos_gz:/rmf_demos_ws/install/rmf_demos:/rmf_demos_ws/install/rmf_fleet_adapter_python:/rmf_demos_ws/install/rmf_fleet_adapter:/rmf_demos_ws/install/rmf_task_ros2:/rmf_demos_ws/install/rmf_websocket:/rmf_demos_ws/install/rmf_visualization:/rmf_demos_ws/install/rmf_visualization_schedule:/rmf_demos_ws/install/rmf_visualization_rviz2_plugins:/rmf_demos_ws/install/rmf_visualization_obstacles:/rmf_demos_ws/install/rmf_visualization_navgraphs:/rmf_demos_ws/install/rmf_visualization_floorplans:/rmf_demos_ws/install/rmf_visualization_fleet_states:/rmf_demos_ws/install/rmf_visualization_msgs:/rmf_demos_ws/install/rmf_traffic_ros2:/rmf_demos_ws/install/rmf_task_sequence:/rmf_demos_ws/install/rmf_task:/rmf_demos_ws/install/rmf_battery:/rmf_demos_ws/install/rmf_traffic:/rmf_demos_ws/install/rmf_utils:/rmf_demos_ws/install/rmf_traffic_msgs:/rmf_demos_ws/install/rmf_traffic_editor_test_maps:/rmf_demos_ws/install/rmf_traffic_editor_assets:/rmf_demos_ws/install/rmf_traffic_editor:/rmf_demos_ws/install/rmf_task_msgs:/rmf_demos_ws/install/rmf_site_map_msgs:/rmf_demos_ws/install/rmf_scheduler_msgs:/rmf_demos_ws/install/rmf_robot_sim_gz_plugins:/rmf_demos_ws/install/rmf_robot_sim_common:/rmf_demos_ws/install/rmf_reservation_msgs:/rmf_demos_ws/install/rmf_obstacle_msgs:/rmf_demos_ws/install/rmf_building_sim_gz_plugins:/rmf_demos_ws/install/rmf_lift_msgs:/rmf_demos_ws/install/rmf_ingestor_msgs:/rmf_demos_ws/install/rmf_fleet_msgs:/rmf_demos_ws/install/rmf_door_msgs:/rmf_demos_ws/install/rmf_dispenser_msgs:/rmf_demos_ws/install/rmf_demos_maps:/rmf_demos_ws/install/rmf_demos_assets:/rmf_demos_ws/install/rmf_charger_msgs:/rmf_demos_ws/install/rmf_building_map_msgs:/rmf_demos_ws/install/rmf_api_msgs:/rmf_demos_ws/install/pybind11_json_vendor:/rmf_demos_ws/install/nlohmann_json_schema_validator_vendor:/rmf_demos_ws/install/rmf_demos_fleet_adapter:/rmf_demos_ws/install/rmf_visualization_building_systems:/rmf_demos_ws/install/rmf_traffic_examples:/rmf_demos_ws/install/rmf_demos_bridges:/rmf_demos_ws/install/rmf_demos_tasks:/rmf_demos_ws/install/rmf_building_map_tools:/rmf_demos_ws/install/rmf_charging_schedule:/opt/ros/jazzy:/rmf_demos_ws/install/menge_vendor:/rmf_demos_ws/install/ament_cmake_catch2:/opt/ros/jazzy/opt/gz_sim_vendor:/opt/ros/jazzy/opt/gz_sensors_vendor:/opt/ros/jazzy/opt/gz_physics_vendor:/opt/ros/jazzy/opt/sdformat_vendor:/opt/ros/jazzy/opt/gz_gui_vendor:/opt/ros/jazzy/opt/gz_transport_vendor:/opt/ros/jazzy/opt/gz_rendering_vendor:/opt/ros/jazzy/opt/gz_plugin_vendor:/opt/ros/jazzy/opt/gz_fuel_tools_vendor:/opt/ros/jazzy/opt/gz_msgs_vendor:/opt/ros/jazzy/opt/gz_common_vendor:/opt/ros/jazzy/opt/gz_math_vendor:/opt/ros/jazzy/opt/gz_utils_vendor:/opt/ros/jazzy/opt/gz_tools_vendor:/opt/ros/jazzy/opt/gz_ogre_next_vendor:/opt/ros/jazzy/opt/gz_dartsim_vendor:/opt/ros/jazzy/opt/gz_cmake_vendor /usr/bin/cmake --install /home/usuario/rmf_demos/build/rmf_demos_assets
[2.485s] -- Install configuration: ""
[2.485s] -- Up-to-date: /home/usuario/rmf_demos/install/rmf_demos_assets/share/rmf_demos_assets/environment/rmf_demos_assets.dsv
[2.485s] -- Up-to-date: /home/usuario/rmf_demos/install/rmf_demos_assets/share/rmf_demos_assets/models
[2.485s] -- Up-to-date: /home/usuario/rmf_demos/install/rmf_demos_assets/share/rmf_demos_assets/models/HospitalRobot
[2.486s] -- Up-to-date: /home/usuario/rmf_demos/install/rmf_demos_assets/share/rmf_demos_assets/models/HospitalRobot/meshes
[2.486s] -- Up-to-date: /home/usuario/rmf_demos/install/rmf_demos_assets/share/rmf_demos_assets/models/HospitalRobot/meshes/FatWheel.mtl
[2.486s] -- Up-to-date: /home/usuario/rmf_demos/install/rmf_demos_assets/share/rmf_demos_assets/models/HospitalRobot/meshes/HospitalRobot.obj
[2.486s] -- Up-to-date: /home/usuario/rmf_demos/install/rmf_demos_assets/share/rmf_demos_assets/models/HospitalRobot/meshes/FatWheel.obj
[2.486s] -- Up-to-date: /home/usuario/rmf_demos/install/rmf_demos_assets/share/rmf_demos_assets/models/HospitalRobot/meshes/HospitalRobot.mtl
[2.486s] -- Up-to-date: /home/usuario/rmf_demos/install/rmf_demos_assets/share/rmf_demos_assets/models/HospitalRobot/meshes/SmallWheel.obj
[2.487s] -- Up-to-date: /home/usuario/rmf_demos/install/rmf_demos_assets/share/rmf_demos_assets/models/HospitalRobot/meshes/SmallWheel.mtl
[2.487s] -- Up-to-date: /home/usuario/rmf_demos/install/rmf_demos_assets/share/rmf_demos_assets/models/HospitalRobot/meshes/HospitalRobot_Diffuse.png
[2.487s] -- Up-to-date: /home/usuario/rmf_demos/install/rmf_demos_assets/share/rmf_demos_assets/models/HospitalRobot/model.config
[2.487s] -- Up-to-date: /home/usuario/rmf_demos/install/rmf_demos_assets/share/rmf_demos_assets/models/HospitalRobot/model.sdf
[2.487s] -- Up-to-date: /home/usuario/rmf_demos/install/rmf_demos_assets/share/rmf_demos_assets/models/HospitalRobot/thumbnails
[2.487s] -- Up-to-date: /home/usuario/rmf_demos/install/rmf_demos_assets/share/rmf_demos_assets/models/HospitalRobot/thumbnails/4.png
[2.487s] -- Up-to-date: /home/usuario/rmf_demos/install/rmf_demos_assets/share/rmf_demos_assets/models/HospitalRobot/thumbnails/1.png
[2.487s] -- Up-to-date: /home/usuario/rmf_demos/install/rmf_demos_assets/share/rmf_demos_assets/models/HospitalRobot/thumbnails/3.png
[2.487s] -- Up-to-date: /home/usuario/rmf_demos/install/rmf_demos_assets/share/rmf_demos_assets/models/HospitalRobot/thumbnails/2.png
[2.487s] -- Up-to-date: /home/usuario/rmf_demos/install/rmf_demos_assets/share/rmf_demos_assets/models/HospitalRobot/thumbnails/5.png
[2.487s] -- Up-to-date: /home/usuario/rmf_demos/install/rmf_demos_assets/share/rmf_demos_assets/models/TeleportIngestor
[2.487s] -- Up-to-date: /home/usuario/rmf_demos/install/rmf_demos_assets/share/rmf_demos_assets/models/TeleportIngestor/model.config
[2.488s] -- Up-to-date: /home/usuario/rmf_demos/install/rmf_demos_assets/share/rmf_demos_assets/models/TeleportIngestor/model.sdf
[2.488s] -- Up-to-date: /home/usuario/rmf_demos/install/rmf_demos_assets/share/rmf_demos_assets/models/DeliveryRobot
[2.488s] -- Up-to-date: /home/usuario/rmf_demos/install/rmf_demos_assets/share/rmf_demos_assets/models/DeliveryRobot/meshes
[2.488s] -- Up-to-date: /home/usuario/rmf_demos/install/rmf_demos_assets/share/rmf_demos_assets/models/DeliveryRobot/meshes/WheelMain.mtl
[2.488s] -- Up-to-date: /home/usuario/rmf_demos/install/rmf_demos_assets/share/rmf_demos_assets/models/DeliveryRobot/meshes/body.obj
[2.488s] -- Up-to-date: /home/usuario/rmf_demos/install/rmf_demos_assets/share/rmf_demos_assets/models/DeliveryRobot/meshes/body.mtl
[2.488s] -- Up-to-date: /home/usuario/rmf_demos/install/rmf_demos_assets/share/rmf_demos_assets/models/DeliveryRobot/meshes/DeliveryRobot_Diffuse.png
[2.488s] -- Up-to-date: /home/usuario/rmf_demos/install/rmf_demos_assets/share/rmf_demos_assets/models/DeliveryRobot/meshes/WheelSide.mtl
[2.488s] -- Up-to-date: /home/usuario/rmf_demos/install/rmf_demos_assets/share/rmf_demos_assets/models/DeliveryRobot/meshes/WheelSide.obj
[2.488s] -- Up-to-date: /home/usuario/rmf_demos/install/rmf_demos_assets/share/rmf_demos_assets/models/DeliveryRobot/meshes/WheelMain.obj
[2.489s] -- Up-to-date: /home/usuario/rmf_demos/install/rmf_demos_assets/share/rmf_demos_assets/models/DeliveryRobot/model.config
[2.489s] -- Up-to-date: /home/usuario/rmf_demos/install/rmf_demos_assets/share/rmf_demos_assets/models/DeliveryRobot/model.sdf
[2.489s] -- Up-to-date: /home/usuario/rmf_demos/install/rmf_demos_assets/share/rmf_demos_assets/models/CleanerBotA
[2.489s] -- Up-to-date: /home/usuario/rmf_demos/install/rmf_demos_assets/share/rmf_demos_assets/models/CleanerBotA/meshes
[2.489s] -- Up-to-date: /home/usuario/rmf_demos/install/rmf_demos_assets/share/rmf_demos_assets/models/CleanerBotA/meshes/CleanerBotA.mtl
[2.489s] -- Up-to-date: /home/usuario/rmf_demos/install/rmf_demos_assets/share/rmf_demos_assets/models/CleanerBotA/meshes/CleanerBotA_WheelFront.mtl
[2.489s] -- Up-to-date: /home/usuario/rmf_demos/install/rmf_demos_assets/share/rmf_demos_assets/models/CleanerBotA/meshes/CleanerBotA_WheelBack.obj
[2.489s] -- Up-to-date: /home/usuario/rmf_demos/install/rmf_demos_assets/share/rmf_demos_assets/models/CleanerBotA/meshes/CleanerBotA_WheelBack.mtl
[2.489s] -- Up-to-date: /home/usuario/rmf_demos/install/rmf_demos_assets/share/rmf_demos_assets/models/CleanerBotA/meshes/CleanerBotA.obj
[2.489s] -- Up-to-date: /home/usuario/rmf_demos/install/rmf_demos_assets/share/rmf_demos_assets/models/CleanerBotA/meshes/CleanerBotA_WheelFront.obj
[2.489s] -- Up-to-date: /home/usuario/rmf_demos/install/rmf_demos_assets/share/rmf_demos_assets/models/CleanerBotA/meshes/CleanerBotA_Diffuse.png
[2.489s] -- Up-to-date: /home/usuario/rmf_demos/install/rmf_demos_assets/share/rmf_demos_assets/models/CleanerBotA/model.config
[2.490s] -- Up-to-date: /home/usuario/rmf_demos/install/rmf_demos_assets/share/rmf_demos_assets/models/CleanerBotA/model.sdf
[2.490s] -- Up-to-date: /home/usuario/rmf_demos/install/rmf_demos_assets/share/rmf_demos_assets/models/Caddy
[2.490s] -- Up-to-date: /home/usuario/rmf_demos/install/rmf_demos_assets/share/rmf_demos_assets/models/Caddy/meshes
[2.490s] -- Up-to-date: /home/usuario/rmf_demos/install/rmf_demos_assets/share/rmf_demos_assets/models/Caddy/meshes/polaris.dae
[2.490s] -- Up-to-date: /home/usuario/rmf_demos/install/rmf_demos_assets/share/rmf_demos_assets/models/Caddy/materials
[2.490s] -- Up-to-date: /home/usuario/rmf_demos/install/rmf_demos_assets/share/rmf_demos_assets/models/Caddy/materials/textures
[2.490s] -- Up-to-date: /home/usuario/rmf_demos/install/rmf_demos_assets/share/rmf_demos_assets/models/Caddy/materials/textures/Ranger_Diffuse.png
[2.490s] -- Up-to-date: /home/usuario/rmf_demos/install/rmf_demos_assets/share/rmf_demos_assets/models/Caddy/materials/textures/FNR_switch_R.png
[2.490s] -- Up-to-date: /home/usuario/rmf_demos/install/rmf_demos_assets/share/rmf_demos_assets/models/Caddy/materials/textures/FNR_switch_F.png
[2.490s] -- Up-to-date: /home/usuario/rmf_demos/install/rmf_demos_assets/share/rmf_demos_assets/models/Caddy/materials/textures/Ranger_Spec.png
[2.490s] -- Up-to-date: /home/usuario/rmf_demos/install/rmf_demos_assets/share/rmf_demos_assets/models/Caddy/materials/scripts
[2.490s] -- Up-to-date: /home/usuario/rmf_demos/install/rmf_demos_assets/share/rmf_demos_assets/models/Caddy/materials/scripts/polaris.material
[2.491s] -- Up-to-date: /home/usuario/rmf_demos/install/rmf_demos_assets/share/rmf_demos_assets/models/Caddy/model-1_3.sdf
[2.492s] -- Up-to-date: /home/usuario/rmf_demos/install/rmf_demos_assets/share/rmf_demos_assets/models/Caddy/model.config
[2.493s] -- Up-to-date: /home/usuario/rmf_demos/install/rmf_demos_assets/share/rmf_demos_assets/models/Caddy/model.sdf
[2.493s] -- Up-to-date: /home/usuario/rmf_demos/install/rmf_demos_assets/share/rmf_demos_assets/models/Caddy/model-1_4.sdf
[2.494s] -- Up-to-date: /home/usuario/rmf_demos/install/rmf_demos_assets/share/rmf_demos_assets/models/TeleportDispenser
[2.494s] -- Up-to-date: /home/usuario/rmf_demos/install/rmf_demos_assets/share/rmf_demos_assets/models/TeleportDispenser/model.config
[2.494s] -- Up-to-date: /home/usuario/rmf_demos/install/rmf_demos_assets/share/rmf_demos_assets/models/TeleportDispenser/model.sdf
[2.495s] -- Up-to-date: /home/usuario/rmf_demos/install/rmf_demos_assets/share/rmf_demos_assets/models/TinyRobot
[2.495s] -- Up-to-date: /home/usuario/rmf_demos/install/rmf_demos_assets/share/rmf_demos_assets/models/TinyRobot/meshes
[2.495s] -- Up-to-date: /home/usuario/rmf_demos/install/rmf_demos_assets/share/rmf_demos_assets/models/TinyRobot/meshes/tinyRobot_body.dae
[2.496s] -- Up-to-date: /home/usuario/rmf_demos/install/rmf_demos_assets/share/rmf_demos_assets/models/TinyRobot/meshes/caster_wheel.dae
[2.496s] -- Up-to-date: /home/usuario/rmf_demos/install/rmf_demos_assets/share/rmf_demos_assets/models/TinyRobot/meshes/front_wheel.dae
[2.496s] -- Up-to-date: /home/usuario/rmf_demos/install/rmf_demos_assets/share/rmf_demos_assets/models/TinyRobot/meshes/sensors
[2.496s] -- Up-to-date: /home/usuario/rmf_demos/install/rmf_demos_assets/share/rmf_demos_assets/models/TinyRobot/meshes/sensors/sonar_hc-sr04.dae
[2.496s] -- Up-to-date: /home/usuario/rmf_demos/install/rmf_demos_assets/share/rmf_demos_assets/models/TinyRobot/meshes/sensors/raspi_camera.dae
[2.496s] -- Up-to-date: /home/usuario/rmf_demos/install/rmf_demos_assets/share/rmf_demos_assets/models/TinyRobot/model.config
[2.497s] -- Up-to-date: /home/usuario/rmf_demos/install/rmf_demos_assets/share/rmf_demos_assets/models/TinyRobot/model.sdf
[2.497s] -- Up-to-date: /home/usuario/rmf_demos/install/rmf_demos_assets/share/rmf_demos_assets/models/RobotPlaceholder
[2.497s] -- Up-to-date: /home/usuario/rmf_demos/install/rmf_demos_assets/share/rmf_demos_assets/models/RobotPlaceholder/model.config
[2.497s] -- Up-to-date: /home/usuario/rmf_demos/install/rmf_demos_assets/share/rmf_demos_assets/models/RobotPlaceholder/model.sdf
[2.497s] -- Up-to-date: /home/usuario/rmf_demos/install/rmf_demos_assets/share/rmf_demos_assets/models/CleanerBotE
[2.497s] -- Up-to-date: /home/usuario/rmf_demos/install/rmf_demos_assets/share/rmf_demos_assets/models/CleanerBotE/meshes
[2.497s] -- Up-to-date: /home/usuario/rmf_demos/install/rmf_demos_assets/share/rmf_demos_assets/models/CleanerBotE/meshes/CleanerBotE_Wheel.obj
[2.497s] -- Up-to-date: /home/usuario/rmf_demos/install/rmf_demos_assets/share/rmf_demos_assets/models/CleanerBotE/meshes/CleanerBotE.obj
[2.497s] -- Up-to-date: /home/usuario/rmf_demos/install/rmf_demos_assets/share/rmf_demos_assets/models/CleanerBotE/meshes/CleanerBotE_Col.mtl
[2.497s] -- Up-to-date: /home/usuario/rmf_demos/install/rmf_demos_assets/share/rmf_demos_assets/models/CleanerBotE/meshes/CleanerBotE_Wheel.mtl
[2.497s] -- Up-to-date: /home/usuario/rmf_demos/install/rmf_demos_assets/share/rmf_demos_assets/models/CleanerBotE/meshes/CleanerBotE_Col.obj
[2.497s] -- Up-to-date: /home/usuario/rmf_demos/install/rmf_demos_assets/share/rmf_demos_assets/models/CleanerBotE/meshes/CleanerBotE.mtl
[2.497s] -- Up-to-date: /home/usuario/rmf_demos/install/rmf_demos_assets/share/rmf_demos_assets/models/CleanerBotE/meshes/CleanerBotE_Diffuse.png
[2.498s] -- Up-to-date: /home/usuario/rmf_demos/install/rmf_demos_assets/share/rmf_demos_assets/models/CleanerBotE/model.config
[2.498s] -- Up-to-date: /home/usuario/rmf_demos/install/rmf_demos_assets/share/rmf_demos_assets/models/CleanerBotE/model.sdf
[2.498s] -- Up-to-date: /home/usuario/rmf_demos/install/rmf_demos_assets/share/ament_index/resource_index/package_run_dependencies/rmf_demos_assets
[2.498s] -- Installing: /home/usuario/rmf_demos/install/rmf_demos_assets/share/ament_index/resource_index/parent_prefix_path/rmf_demos_assets
[2.515s] -- Installing: /home/usuario/rmf_demos/install/rmf_demos_assets/share/rmf_demos_assets/environment/ament_prefix_path.sh
[2.518s] -- Up-to-date: /home/usuario/rmf_demos/install/rmf_demos_assets/share/rmf_demos_assets/environment/ament_prefix_path.dsv
[2.519s] -- Installing: /home/usuario/rmf_demos/install/rmf_demos_assets/share/rmf_demos_assets/environment/path.sh
[2.522s] -- Up-to-date: /home/usuario/rmf_demos/install/rmf_demos_assets/share/rmf_demos_assets/environment/path.dsv
[2.522s] -- Up-to-date: /home/usuario/rmf_demos/install/rmf_demos_assets/share/rmf_demos_assets/local_setup.bash
[2.522s] -- Up-to-date: /home/usuario/rmf_demos/install/rmf_demos_assets/share/rmf_demos_assets/local_setup.sh
[2.522s] -- Up-to-date: /home/usuario/rmf_demos/install/rmf_demos_assets/share/rmf_demos_assets/local_setup.zsh
[2.522s] -- Up-to-date: /home/usuario/rmf_demos/install/rmf_demos_assets/share/rmf_demos_assets/local_setup.dsv
[2.522s] -- Installing: /home/usuario/rmf_demos/install/rmf_demos_assets/share/rmf_demos_assets/package.dsv
[2.538s] -- Up-to-date: /home/usuario/rmf_demos/install/rmf_demos_assets/share/ament_index/resource_index/packages/rmf_demos_assets
[2.539s] -- Installing: /home/usuario/rmf_demos/install/rmf_demos_assets/share/rmf_demos_assets/cmake/rmf_demos_assetsConfig.cmake
[2.549s] -- Up-to-date: /home/usuario/rmf_demos/install/rmf_demos_assets/share/rmf_demos_assets/cmake/rmf_demos_assetsConfig-version.cmake
[2.549s] -- Up-to-date: /home/usuario/rmf_demos/install/rmf_demos_assets/share/rmf_demos_assets/package.xml
[2.559s] Invoked command in '/home/usuario/rmf_demos/build/rmf_demos_assets' returned '0': CMAKE_PREFIX_PATH=/rmf_demos_ws/install/rmf_workcell_msgs:/rmf_demos_ws/install/rmf_reservation_node:/rmf_demos_ws/install/rmf_demos_gz:/rmf_demos_ws/install/rmf_demos:/rmf_demos_ws/install/rmf_fleet_adapter_python:/rmf_demos_ws/install/rmf_fleet_adapter:/rmf_demos_ws/install/rmf_task_ros2:/rmf_demos_ws/install/rmf_websocket:/rmf_demos_ws/install/rmf_visualization:/rmf_demos_ws/install/rmf_visualization_schedule:/rmf_demos_ws/install/rmf_visualization_rviz2_plugins:/rmf_demos_ws/install/rmf_visualization_obstacles:/rmf_demos_ws/install/rmf_visualization_navgraphs:/rmf_demos_ws/install/rmf_visualization_floorplans:/rmf_demos_ws/install/rmf_visualization_fleet_states:/rmf_demos_ws/install/rmf_visualization_msgs:/rmf_demos_ws/install/rmf_traffic_ros2:/rmf_demos_ws/install/rmf_task_sequence:/rmf_demos_ws/install/rmf_task:/rmf_demos_ws/install/rmf_battery:/rmf_demos_ws/install/rmf_traffic:/rmf_demos_ws/install/rmf_utils:/rmf_demos_ws/install/rmf_traffic_msgs:/rmf_demos_ws/install/rmf_traffic_editor_test_maps:/rmf_demos_ws/install/rmf_traffic_editor_assets:/rmf_demos_ws/install/rmf_traffic_editor:/rmf_demos_ws/install/rmf_task_msgs:/rmf_demos_ws/install/rmf_site_map_msgs:/rmf_demos_ws/install/rmf_scheduler_msgs:/rmf_demos_ws/install/rmf_robot_sim_gz_plugins:/rmf_demos_ws/install/rmf_robot_sim_common:/rmf_demos_ws/install/rmf_reservation_msgs:/rmf_demos_ws/install/rmf_obstacle_msgs:/rmf_demos_ws/install/rmf_building_sim_gz_plugins:/rmf_demos_ws/install/rmf_lift_msgs:/rmf_demos_ws/install/rmf_ingestor_msgs:/rmf_demos_ws/install/rmf_fleet_msgs:/rmf_demos_ws/install/rmf_door_msgs:/rmf_demos_ws/install/rmf_dispenser_msgs:/rmf_demos_ws/install/rmf_demos_maps:/rmf_demos_ws/install/rmf_demos_assets:/rmf_demos_ws/install/rmf_charger_msgs:/rmf_demos_ws/install/rmf_building_map_msgs:/rmf_demos_ws/install/rmf_api_msgs:/rmf_demos_ws/install/pybind11_json_vendor:/rmf_demos_ws/install/nlohmann_json_schema_validator_vendor:/rmf_demos_ws/install/rmf_demos_fleet_adapter:/rmf_demos_ws/install/rmf_visualization_building_systems:/rmf_demos_ws/install/rmf_traffic_examples:/rmf_demos_ws/install/rmf_demos_bridges:/rmf_demos_ws/install/rmf_demos_tasks:/rmf_demos_ws/install/rmf_building_map_tools:/rmf_demos_ws/install/rmf_charging_schedule:/opt/ros/jazzy:/rmf_demos_ws/install/menge_vendor:/rmf_demos_ws/install/ament_cmake_catch2:/opt/ros/jazzy/opt/gz_sim_vendor:/opt/ros/jazzy/opt/gz_sensors_vendor:/opt/ros/jazzy/opt/gz_physics_vendor:/opt/ros/jazzy/opt/sdformat_vendor:/opt/ros/jazzy/opt/gz_gui_vendor:/opt/ros/jazzy/opt/gz_transport_vendor:/opt/ros/jazzy/opt/gz_rendering_vendor:/opt/ros/jazzy/opt/gz_plugin_vendor:/opt/ros/jazzy/opt/gz_fuel_tools_vendor:/opt/ros/jazzy/opt/gz_msgs_vendor:/opt/ros/jazzy/opt/gz_common_vendor:/opt/ros/jazzy/opt/gz_math_vendor:/opt/ros/jazzy/opt/gz_utils_vendor:/opt/ros/jazzy/opt/gz_tools_vendor:/opt/ros/jazzy/opt/gz_ogre_next_vendor:/opt/ros/jazzy/opt/gz_dartsim_vendor:/opt/ros/jazzy/opt/gz_cmake_vendor /usr/bin/cmake --install /home/usuario/rmf_demos/build/rmf_demos_assets
