[2.336s] Invoking command in '/home/usuario/rmf_demos/rmf_demos_bridges': PYTHONPATH=/home/usuario/rmf_demos/build/rmf_demos_bridges/prefix_override:/usr/lib/python3/dist-packages/colcon_core/task/python/colcon_distutils_commands:/home/usuario/rmf_demos/install/rmf_demos_bridges/lib/python3.12/site-packages:${PYTHONPATH} /usr/bin/python3 -W ignore:setup.py install is deprecated -W ignore:easy_install command is deprecated setup.py egg_info --egg-base ../build/rmf_demos_bridges build --build-base /home/usuario/rmf_demos/build/rmf_demos_bridges/build install --record /home/usuario/rmf_demos/build/rmf_demos_bridges/install.log --single-version-externally-managed install_data
[2.811s] running egg_info
[2.812s] creating ../build/rmf_demos_bridges/rmf_demos_bridges.egg-info
[2.837s] writing ../build/rmf_demos_bridges/rmf_demos_bridges.egg-info/PKG-INFO
[2.841s] writing dependency_links to ../build/rmf_demos_bridges/rmf_demos_bridges.egg-info/dependency_links.txt
[2.841s] writing entry points to ../build/rmf_demos_bridges/rmf_demos_bridges.egg-info/entry_points.txt
[2.842s] writing requirements to ../build/rmf_demos_bridges/rmf_demos_bridges.egg-info/requires.txt
[2.843s] writing top-level names to ../build/rmf_demos_bridges/rmf_demos_bridges.egg-info/top_level.txt
[2.843s] writing manifest file '../build/rmf_demos_bridges/rmf_demos_bridges.egg-info/SOURCES.txt'
[2.895s] reading manifest file '../build/rmf_demos_bridges/rmf_demos_bridges.egg-info/SOURCES.txt'
[2.896s] writing manifest file '../build/rmf_demos_bridges/rmf_demos_bridges.egg-info/SOURCES.txt'
[2.897s] running build
[2.897s] running build_py
[2.898s] creating /home/usuario/rmf_demos/build/rmf_demos_bridges/build
[2.898s] creating /home/usuario/rmf_demos/build/rmf_demos_bridges/build/lib
[2.898s] creating /home/usuario/rmf_demos/build/rmf_demos_bridges/build/lib/rmf_demos_bridges
[2.899s] copying rmf_demos_bridges/fleet_socketio_bridge.py -> /home/usuario/rmf_demos/build/rmf_demos_bridges/build/lib/rmf_demos_bridges
[2.899s] copying rmf_demos_bridges/__init__.py -> /home/usuario/rmf_demos/build/rmf_demos_bridges/build/lib/rmf_demos_bridges
[2.899s] copying rmf_demos_bridges/fleet_robotmanager_mqtt_bridge.py -> /home/usuario/rmf_demos/build/rmf_demos_bridges/build/lib/rmf_demos_bridges
[2.899s] running install
[2.905s] running install_lib
[2.937s] creating /home/usuario/rmf_demos/install/rmf_demos_bridges/lib/python3.12/site-packages/rmf_demos_bridges
[2.937s] copying /home/usuario/rmf_demos/build/rmf_demos_bridges/build/lib/rmf_demos_bridges/fleet_socketio_bridge.py -> /home/usuario/rmf_demos/install/rmf_demos_bridges/lib/python3.12/site-packages/rmf_demos_bridges
[2.938s] copying /home/usuario/rmf_demos/build/rmf_demos_bridges/build/lib/rmf_demos_bridges/__init__.py -> /home/usuario/rmf_demos/install/rmf_demos_bridges/lib/python3.12/site-packages/rmf_demos_bridges
[2.938s] copying /home/usuario/rmf_demos/build/rmf_demos_bridges/build/lib/rmf_demos_bridges/fleet_robotmanager_mqtt_bridge.py -> /home/usuario/rmf_demos/install/rmf_demos_bridges/lib/python3.12/site-packages/rmf_demos_bridges
[2.940s] byte-compiling /home/usuario/rmf_demos/install/rmf_demos_bridges/lib/python3.12/site-packages/rmf_demos_bridges/fleet_socketio_bridge.py to fleet_socketio_bridge.cpython-312.pyc
[2.943s] byte-compiling /home/usuario/rmf_demos/install/rmf_demos_bridges/lib/python3.12/site-packages/rmf_demos_bridges/__init__.py to __init__.cpython-312.pyc
[2.952s] byte-compiling /home/usuario/rmf_demos/install/rmf_demos_bridges/lib/python3.12/site-packages/rmf_demos_bridges/fleet_robotmanager_mqtt_bridge.py to fleet_robotmanager_mqtt_bridge.cpython-312.pyc
[2.954s] running install_data
[2.954s] creating /home/usuario/rmf_demos/install/rmf_demos_bridges/share/ament_index
[2.954s] creating /home/usuario/rmf_demos/install/rmf_demos_bridges/share/ament_index/resource_index
[2.954s] creating /home/usuario/rmf_demos/install/rmf_demos_bridges/share/ament_index/resource_index/packages
[2.954s] copying resource/rmf_demos_bridges -> /home/usuario/rmf_demos/install/rmf_demos_bridges/share/ament_index/resource_index/packages
[2.956s] copying package.xml -> /home/usuario/rmf_demos/install/rmf_demos_bridges/share/rmf_demos_bridges
[2.956s] running install_egg_info
[2.987s] Copying ../build/rmf_demos_bridges/rmf_demos_bridges.egg-info to /home/usuario/rmf_demos/install/rmf_demos_bridges/lib/python3.12/site-packages/rmf_demos_bridges-2.5.0-py3.12.egg-info
[3.011s] running install_scripts
[3.181s] Installing fleet_robotmanager_mqtt_bridge script to /home/usuario/rmf_demos/install/rmf_demos_bridges/lib/rmf_demos_bridges
[3.181s] Installing fleet_socketio_bridge script to /home/usuario/rmf_demos/install/rmf_demos_bridges/lib/rmf_demos_bridges
[3.181s] writing list of installed files to '/home/usuario/rmf_demos/build/rmf_demos_bridges/install.log'
[3.245s] Invoked command in '/home/usuario/rmf_demos/rmf_demos_bridges' returned '0': PYTHONPATH=/home/usuario/rmf_demos/build/rmf_demos_bridges/prefix_override:/usr/lib/python3/dist-packages/colcon_core/task/python/colcon_distutils_commands:/home/usuario/rmf_demos/install/rmf_demos_bridges/lib/python3.12/site-packages:${PYTHONPATH} /usr/bin/python3 -W ignore:setup.py install is deprecated -W ignore:easy_install command is deprecated setup.py egg_info --egg-base ../build/rmf_demos_bridges build --build-base /home/usuario/rmf_demos/build/rmf_demos_bridges/build install --record /home/usuario/rmf_demos/build/rmf_demos_bridges/install.log --single-version-externally-managed install_data
