running egg_info
creating ../build/rmf_demos_tasks/rmf_demos_tasks.egg-info
writing ../build/rmf_demos_tasks/rmf_demos_tasks.egg-info/PKG-INFO
writing dependency_links to ../build/rmf_demos_tasks/rmf_demos_tasks.egg-info/dependency_links.txt
writing entry points to ../build/rmf_demos_tasks/rmf_demos_tasks.egg-info/entry_points.txt
writing requirements to ../build/rmf_demos_tasks/rmf_demos_tasks.egg-info/requires.txt
writing top-level names to ../build/rmf_demos_tasks/rmf_demos_tasks.egg-info/top_level.txt
writing manifest file '../build/rmf_demos_tasks/rmf_demos_tasks.egg-info/SOURCES.txt'
reading manifest file '../build/rmf_demos_tasks/rmf_demos_tasks.egg-info/SOURCES.txt'
writing manifest file '../build/rmf_demos_tasks/rmf_demos_tasks.egg-info/SOURCES.txt'
running build
running build_py
creating /home/ususario/rmf_demos/build/rmf_demos_tasks/build
creating /home/ususario/rmf_demos/build/rmf_demos_tasks/build/lib
creating /home/ususario/rmf_demos/build/rmf_demos_tasks/build/lib/rmf_demos_tasks
copying rmf_demos_tasks/teleop_robot.py -> /home/ususario/rmf_demos/build/rmf_demos_tasks/build/lib/rmf_demos_tasks
copying rmf_demos_tasks/api_request.py -> /home/ususario/rmf_demos/build/rmf_demos_tasks/build/lib/rmf_demos_tasks
copying rmf_demos_tasks/dispatch_json.py -> /home/ususario/rmf_demos/build/rmf_demos_tasks/build/lib/rmf_demos_tasks
copying rmf_demos_tasks/dispatch_action.py -> /home/ususario/rmf_demos/build/rmf_demos_tasks/build/lib/rmf_demos_tasks
copying rmf_demos_tasks/request_lift.py -> /home/ususario/rmf_demos/build/rmf_demos_tasks/build/lib/rmf_demos_tasks
copying rmf_demos_tasks/dispatch_loop.py -> /home/ususario/rmf_demos/build/rmf_demos_tasks/build/lib/rmf_demos_tasks
copying rmf_demos_tasks/cancel_task.py -> /home/ususario/rmf_demos/build/rmf_demos_tasks/build/lib/rmf_demos_tasks
copying rmf_demos_tasks/dispatch_teleop.py -> /home/ususario/rmf_demos/build/rmf_demos_tasks/build/lib/rmf_demos_tasks
copying rmf_demos_tasks/request_loop.py -> /home/ususario/rmf_demos/build/rmf_demos_tasks/build/lib/rmf_demos_tasks
copying rmf_demos_tasks/mock_docker.py -> /home/ususario/rmf_demos/build/rmf_demos_tasks/build/lib/rmf_demos_tasks
copying rmf_demos_tasks/dispatch_cart_delivery.py -> /home/ususario/rmf_demos/build/rmf_demos_tasks/build/lib/rmf_demos_tasks
copying rmf_demos_tasks/dispatch_go_to_place.py -> /home/ususario/rmf_demos/build/rmf_demos_tasks/build/lib/rmf_demos_tasks
copying rmf_demos_tasks/get_robot_location.py -> /home/ususario/rmf_demos/build/rmf_demos_tasks/build/lib/rmf_demos_tasks
copying rmf_demos_tasks/dispatch_clean.py -> /home/ususario/rmf_demos/build/rmf_demos_tasks/build/lib/rmf_demos_tasks
copying rmf_demos_tasks/wait_for_task_complete.py -> /home/ususario/rmf_demos/build/rmf_demos_tasks/build/lib/rmf_demos_tasks
copying rmf_demos_tasks/__init__.py -> /home/ususario/rmf_demos/build/rmf_demos_tasks/build/lib/rmf_demos_tasks
copying rmf_demos_tasks/dispatch_delivery.py -> /home/ususario/rmf_demos/build/rmf_demos_tasks/build/lib/rmf_demos_tasks
copying rmf_demos_tasks/dispatch_patrol.py -> /home/ususario/rmf_demos/build/rmf_demos_tasks/build/lib/rmf_demos_tasks
running install
running install_lib
creating /home/ususario/rmf_demos/install/rmf_demos_tasks/lib/python3.12/site-packages/rmf_demos_tasks
copying /home/ususario/rmf_demos/build/rmf_demos_tasks/build/lib/rmf_demos_tasks/teleop_robot.py -> /home/ususario/rmf_demos/install/rmf_demos_tasks/lib/python3.12/site-packages/rmf_demos_tasks
copying /home/ususario/rmf_demos/build/rmf_demos_tasks/build/lib/rmf_demos_tasks/api_request.py -> /home/ususario/rmf_demos/install/rmf_demos_tasks/lib/python3.12/site-packages/rmf_demos_tasks
copying /home/ususario/rmf_demos/build/rmf_demos_tasks/build/lib/rmf_demos_tasks/dispatch_json.py -> /home/ususario/rmf_demos/install/rmf_demos_tasks/lib/python3.12/site-packages/rmf_demos_tasks
copying /home/ususario/rmf_demos/build/rmf_demos_tasks/build/lib/rmf_demos_tasks/dispatch_action.py -> /home/ususario/rmf_demos/install/rmf_demos_tasks/lib/python3.12/site-packages/rmf_demos_tasks
copying /home/ususario/rmf_demos/build/rmf_demos_tasks/build/lib/rmf_demos_tasks/request_lift.py -> /home/ususario/rmf_demos/install/rmf_demos_tasks/lib/python3.12/site-packages/rmf_demos_tasks
copying /home/ususario/rmf_demos/build/rmf_demos_tasks/build/lib/rmf_demos_tasks/dispatch_loop.py -> /home/ususario/rmf_demos/install/rmf_demos_tasks/lib/python3.12/site-packages/rmf_demos_tasks
copying /home/ususario/rmf_demos/build/rmf_demos_tasks/build/lib/rmf_demos_tasks/cancel_task.py -> /home/ususario/rmf_demos/install/rmf_demos_tasks/lib/python3.12/site-packages/rmf_demos_tasks
copying /home/ususario/rmf_demos/build/rmf_demos_tasks/build/lib/rmf_demos_tasks/dispatch_teleop.py -> /home/ususario/rmf_demos/install/rmf_demos_tasks/lib/python3.12/site-packages/rmf_demos_tasks
copying /home/ususario/rmf_demos/build/rmf_demos_tasks/build/lib/rmf_demos_tasks/request_loop.py -> /home/ususario/rmf_demos/install/rmf_demos_tasks/lib/python3.12/site-packages/rmf_demos_tasks
copying /home/ususario/rmf_demos/build/rmf_demos_tasks/build/lib/rmf_demos_tasks/mock_docker.py -> /home/ususario/rmf_demos/install/rmf_demos_tasks/lib/python3.12/site-packages/rmf_demos_tasks
copying /home/ususario/rmf_demos/build/rmf_demos_tasks/build/lib/rmf_demos_tasks/dispatch_cart_delivery.py -> /home/ususario/rmf_demos/install/rmf_demos_tasks/lib/python3.12/site-packages/rmf_demos_tasks
copying /home/ususario/rmf_demos/build/rmf_demos_tasks/build/lib/rmf_demos_tasks/dispatch_go_to_place.py -> /home/ususario/rmf_demos/install/rmf_demos_tasks/lib/python3.12/site-packages/rmf_demos_tasks
copying /home/ususario/rmf_demos/build/rmf_demos_tasks/build/lib/rmf_demos_tasks/get_robot_location.py -> /home/ususario/rmf_demos/install/rmf_demos_tasks/lib/python3.12/site-packages/rmf_demos_tasks
copying /home/ususario/rmf_demos/build/rmf_demos_tasks/build/lib/rmf_demos_tasks/dispatch_clean.py -> /home/ususario/rmf_demos/install/rmf_demos_tasks/lib/python3.12/site-packages/rmf_demos_tasks
copying /home/ususario/rmf_demos/build/rmf_demos_tasks/build/lib/rmf_demos_tasks/wait_for_task_complete.py -> /home/ususario/rmf_demos/install/rmf_demos_tasks/lib/python3.12/site-packages/rmf_demos_tasks
copying /home/ususario/rmf_demos/build/rmf_demos_tasks/build/lib/rmf_demos_tasks/__init__.py -> /home/ususario/rmf_demos/install/rmf_demos_tasks/lib/python3.12/site-packages/rmf_demos_tasks
copying /home/ususario/rmf_demos/build/rmf_demos_tasks/build/lib/rmf_demos_tasks/dispatch_delivery.py -> /home/ususario/rmf_demos/install/rmf_demos_tasks/lib/python3.12/site-packages/rmf_demos_tasks
copying /home/ususario/rmf_demos/build/rmf_demos_tasks/build/lib/rmf_demos_tasks/dispatch_patrol.py -> /home/ususario/rmf_demos/install/rmf_demos_tasks/lib/python3.12/site-packages/rmf_demos_tasks
byte-compiling /home/ususario/rmf_demos/install/rmf_demos_tasks/lib/python3.12/site-packages/rmf_demos_tasks/teleop_robot.py to teleop_robot.cpython-312.pyc
byte-compiling /home/ususario/rmf_demos/install/rmf_demos_tasks/lib/python3.12/site-packages/rmf_demos_tasks/api_request.py to api_request.cpython-312.pyc
byte-compiling /home/ususario/rmf_demos/install/rmf_demos_tasks/lib/python3.12/site-packages/rmf_demos_tasks/dispatch_json.py to dispatch_json.cpython-312.pyc
byte-compiling /home/ususario/rmf_demos/install/rmf_demos_tasks/lib/python3.12/site-packages/rmf_demos_tasks/dispatch_action.py to dispatch_action.cpython-312.pyc
byte-compiling /home/ususario/rmf_demos/install/rmf_demos_tasks/lib/python3.12/site-packages/rmf_demos_tasks/request_lift.py to request_lift.cpython-312.pyc
byte-compiling /home/ususario/rmf_demos/install/rmf_demos_tasks/lib/python3.12/site-packages/rmf_demos_tasks/dispatch_loop.py to dispatch_loop.cpython-312.pyc
byte-compiling /home/ususario/rmf_demos/install/rmf_demos_tasks/lib/python3.12/site-packages/rmf_demos_tasks/cancel_task.py to cancel_task.cpython-312.pyc
byte-compiling /home/ususario/rmf_demos/install/rmf_demos_tasks/lib/python3.12/site-packages/rmf_demos_tasks/dispatch_teleop.py to dispatch_teleop.cpython-312.pyc
byte-compiling /home/ususario/rmf_demos/install/rmf_demos_tasks/lib/python3.12/site-packages/rmf_demos_tasks/request_loop.py to request_loop.cpython-312.pyc
byte-compiling /home/ususario/rmf_demos/install/rmf_demos_tasks/lib/python3.12/site-packages/rmf_demos_tasks/mock_docker.py to mock_docker.cpython-312.pyc
byte-compiling /home/ususario/rmf_demos/install/rmf_demos_tasks/lib/python3.12/site-packages/rmf_demos_tasks/dispatch_cart_delivery.py to dispatch_cart_delivery.cpython-312.pyc
byte-compiling /home/ususario/rmf_demos/install/rmf_demos_tasks/lib/python3.12/site-packages/rmf_demos_tasks/dispatch_go_to_place.py to dispatch_go_to_place.cpython-312.pyc
byte-compiling /home/ususario/rmf_demos/install/rmf_demos_tasks/lib/python3.12/site-packages/rmf_demos_tasks/get_robot_location.py to get_robot_location.cpython-312.pyc
byte-compiling /home/ususario/rmf_demos/install/rmf_demos_tasks/lib/python3.12/site-packages/rmf_demos_tasks/dispatch_clean.py to dispatch_clean.cpython-312.pyc
byte-compiling /home/ususario/rmf_demos/install/rmf_demos_tasks/lib/python3.12/site-packages/rmf_demos_tasks/wait_for_task_complete.py to wait_for_task_complete.cpython-312.pyc
byte-compiling /home/ususario/rmf_demos/install/rmf_demos_tasks/lib/python3.12/site-packages/rmf_demos_tasks/__init__.py to __init__.cpython-312.pyc
byte-compiling /home/ususario/rmf_demos/install/rmf_demos_tasks/lib/python3.12/site-packages/rmf_demos_tasks/dispatch_delivery.py to dispatch_delivery.cpython-312.pyc
byte-compiling /home/ususario/rmf_demos/install/rmf_demos_tasks/lib/python3.12/site-packages/rmf_demos_tasks/dispatch_patrol.py to dispatch_patrol.cpython-312.pyc
running install_data
creating /home/ususario/rmf_demos/install/rmf_demos_tasks/share/ament_index
creating /home/ususario/rmf_demos/install/rmf_demos_tasks/share/ament_index/resource_index
creating /home/ususario/rmf_demos/install/rmf_demos_tasks/share/ament_index/resource_index/packages
copying resource/rmf_demos_tasks -> /home/ususario/rmf_demos/install/rmf_demos_tasks/share/ament_index/resource_index/packages
copying package.xml -> /home/ususario/rmf_demos/install/rmf_demos_tasks/share/rmf_demos_tasks
running install_egg_info
Copying ../build/rmf_demos_tasks/rmf_demos_tasks.egg-info to /home/ususario/rmf_demos/install/rmf_demos_tasks/lib/python3.12/site-packages/rmf_demos_tasks-2.5.0-py3.12.egg-info
running install_scripts
Installing api_request script to /home/ususario/rmf_demos/install/rmf_demos_tasks/lib/rmf_demos_tasks
Installing cancel_task script to /home/ususario/rmf_demos/install/rmf_demos_tasks/lib/rmf_demos_tasks
Installing dispatch_action script to /home/ususario/rmf_demos/install/rmf_demos_tasks/lib/rmf_demos_tasks
Installing dispatch_cart_delivery script to /home/ususario/rmf_demos/install/rmf_demos_tasks/lib/rmf_demos_tasks
Installing dispatch_clean script to /home/ususario/rmf_demos/install/rmf_demos_tasks/lib/rmf_demos_tasks
Installing dispatch_delivery script to /home/ususario/rmf_demos/install/rmf_demos_tasks/lib/rmf_demos_tasks
Installing dispatch_go_to_place script to /home/ususario/rmf_demos/install/rmf_demos_tasks/lib/rmf_demos_tasks
Installing dispatch_json script to /home/ususario/rmf_demos/install/rmf_demos_tasks/lib/rmf_demos_tasks
Installing dispatch_loop script to /home/ususario/rmf_demos/install/rmf_demos_tasks/lib/rmf_demos_tasks
Installing dispatch_patrol script to /home/ususario/rmf_demos/install/rmf_demos_tasks/lib/rmf_demos_tasks
Installing dispatch_teleop script to /home/ususario/rmf_demos/install/rmf_demos_tasks/lib/rmf_demos_tasks
Installing get_robot_location script to /home/ususario/rmf_demos/install/rmf_demos_tasks/lib/rmf_demos_tasks
Installing mock_docker script to /home/ususario/rmf_demos/install/rmf_demos_tasks/lib/rmf_demos_tasks
Installing request_lift script to /home/ususario/rmf_demos/install/rmf_demos_tasks/lib/rmf_demos_tasks
Installing request_loop script to /home/ususario/rmf_demos/install/rmf_demos_tasks/lib/rmf_demos_tasks
Installing teleop_robot script to /home/ususario/rmf_demos/install/rmf_demos_tasks/lib/rmf_demos_tasks
Installing wait_for_task_complete script to /home/ususario/rmf_demos/install/rmf_demos_tasks/lib/rmf_demos_tasks
writing list of installed files to '/home/ususario/rmf_demos/build/rmf_demos_tasks/install.log'
