[1.832s] Invoking command in '/home/ususario/rmf_demos/rmf_demos_tasks': PYTHONPATH=/home/ususario/rmf_demos/build/rmf_demos_tasks/prefix_override:/usr/lib/python3/dist-packages/colcon_core/task/python/colcon_distutils_commands:/home/ususario/rmf_demos/install/rmf_demos_tasks/lib/python3.12/site-packages:${PYTHONPATH} /usr/bin/python3 -W ignore:setup.py install is deprecated -W ignore:easy_install command is deprecated setup.py egg_info --egg-base ../build/rmf_demos_tasks build --build-base /home/ususario/rmf_demos/build/rmf_demos_tasks/build install --record /home/ususario/rmf_demos/build/rmf_demos_tasks/install.log --single-version-externally-managed install_data
[2.335s] running egg_info
[2.335s] creating ../build/rmf_demos_tasks/rmf_demos_tasks.egg-info
[2.371s] writing ../build/rmf_demos_tasks/rmf_demos_tasks.egg-info/PKG-INFO
[2.371s] writing dependency_links to ../build/rmf_demos_tasks/rmf_demos_tasks.egg-info/dependency_links.txt
[2.371s] writing entry points to ../build/rmf_demos_tasks/rmf_demos_tasks.egg-info/entry_points.txt
[2.371s] writing requirements to ../build/rmf_demos_tasks/rmf_demos_tasks.egg-info/requires.txt
[2.371s] writing top-level names to ../build/rmf_demos_tasks/rmf_demos_tasks.egg-info/top_level.txt
[2.371s] writing manifest file '../build/rmf_demos_tasks/rmf_demos_tasks.egg-info/SOURCES.txt'
[2.431s] reading manifest file '../build/rmf_demos_tasks/rmf_demos_tasks.egg-info/SOURCES.txt'
[2.435s] writing manifest file '../build/rmf_demos_tasks/rmf_demos_tasks.egg-info/SOURCES.txt'
[2.435s] running build
[2.435s] running build_py
[2.435s] creating /home/ususario/rmf_demos/build/rmf_demos_tasks/build
[2.435s] creating /home/ususario/rmf_demos/build/rmf_demos_tasks/build/lib
[2.435s] creating /home/ususario/rmf_demos/build/rmf_demos_tasks/build/lib/rmf_demos_tasks
[2.435s] copying rmf_demos_tasks/teleop_robot.py -> /home/ususario/rmf_demos/build/rmf_demos_tasks/build/lib/rmf_demos_tasks
[2.435s] copying rmf_demos_tasks/api_request.py -> /home/ususario/rmf_demos/build/rmf_demos_tasks/build/lib/rmf_demos_tasks
[2.436s] copying rmf_demos_tasks/dispatch_json.py -> /home/ususario/rmf_demos/build/rmf_demos_tasks/build/lib/rmf_demos_tasks
[2.436s] copying rmf_demos_tasks/dispatch_action.py -> /home/ususario/rmf_demos/build/rmf_demos_tasks/build/lib/rmf_demos_tasks
[2.436s] copying rmf_demos_tasks/request_lift.py -> /home/ususario/rmf_demos/build/rmf_demos_tasks/build/lib/rmf_demos_tasks
[2.436s] copying rmf_demos_tasks/dispatch_loop.py -> /home/ususario/rmf_demos/build/rmf_demos_tasks/build/lib/rmf_demos_tasks
[2.436s] copying rmf_demos_tasks/cancel_task.py -> /home/ususario/rmf_demos/build/rmf_demos_tasks/build/lib/rmf_demos_tasks
[2.436s] copying rmf_demos_tasks/dispatch_teleop.py -> /home/ususario/rmf_demos/build/rmf_demos_tasks/build/lib/rmf_demos_tasks
[2.436s] copying rmf_demos_tasks/request_loop.py -> /home/ususario/rmf_demos/build/rmf_demos_tasks/build/lib/rmf_demos_tasks
[2.436s] copying rmf_demos_tasks/mock_docker.py -> /home/ususario/rmf_demos/build/rmf_demos_tasks/build/lib/rmf_demos_tasks
[2.437s] copying rmf_demos_tasks/dispatch_cart_delivery.py -> /home/ususario/rmf_demos/build/rmf_demos_tasks/build/lib/rmf_demos_tasks
[2.437s] copying rmf_demos_tasks/dispatch_go_to_place.py -> /home/ususario/rmf_demos/build/rmf_demos_tasks/build/lib/rmf_demos_tasks
[2.437s] copying rmf_demos_tasks/get_robot_location.py -> /home/ususario/rmf_demos/build/rmf_demos_tasks/build/lib/rmf_demos_tasks
[2.437s] copying rmf_demos_tasks/dispatch_clean.py -> /home/ususario/rmf_demos/build/rmf_demos_tasks/build/lib/rmf_demos_tasks
[2.437s] copying rmf_demos_tasks/wait_for_task_complete.py -> /home/ususario/rmf_demos/build/rmf_demos_tasks/build/lib/rmf_demos_tasks
[2.437s] copying rmf_demos_tasks/__init__.py -> /home/ususario/rmf_demos/build/rmf_demos_tasks/build/lib/rmf_demos_tasks
[2.438s] copying rmf_demos_tasks/dispatch_delivery.py -> /home/ususario/rmf_demos/build/rmf_demos_tasks/build/lib/rmf_demos_tasks
[2.438s] copying rmf_demos_tasks/dispatch_patrol.py -> /home/ususario/rmf_demos/build/rmf_demos_tasks/build/lib/rmf_demos_tasks
[2.438s] running install
[2.460s] running install_lib
[2.537s] creating /home/ususario/rmf_demos/install/rmf_demos_tasks/lib/python3.12/site-packages/rmf_demos_tasks
[2.541s] copying /home/ususario/rmf_demos/build/rmf_demos_tasks/build/lib/rmf_demos_tasks/teleop_robot.py -> /home/ususario/rmf_demos/install/rmf_demos_tasks/lib/python3.12/site-packages/rmf_demos_tasks
[2.541s] copying /home/ususario/rmf_demos/build/rmf_demos_tasks/build/lib/rmf_demos_tasks/api_request.py -> /home/ususario/rmf_demos/install/rmf_demos_tasks/lib/python3.12/site-packages/rmf_demos_tasks
[2.541s] copying /home/ususario/rmf_demos/build/rmf_demos_tasks/build/lib/rmf_demos_tasks/dispatch_json.py -> /home/ususario/rmf_demos/install/rmf_demos_tasks/lib/python3.12/site-packages/rmf_demos_tasks
[2.541s] copying /home/ususario/rmf_demos/build/rmf_demos_tasks/build/lib/rmf_demos_tasks/dispatch_action.py -> /home/ususario/rmf_demos/install/rmf_demos_tasks/lib/python3.12/site-packages/rmf_demos_tasks
[2.542s] copying /home/ususario/rmf_demos/build/rmf_demos_tasks/build/lib/rmf_demos_tasks/request_lift.py -> /home/ususario/rmf_demos/install/rmf_demos_tasks/lib/python3.12/site-packages/rmf_demos_tasks
[2.544s] copying /home/ususario/rmf_demos/build/rmf_demos_tasks/build/lib/rmf_demos_tasks/dispatch_loop.py -> /home/ususario/rmf_demos/install/rmf_demos_tasks/lib/python3.12/site-packages/rmf_demos_tasks
[2.544s] copying /home/ususario/rmf_demos/build/rmf_demos_tasks/build/lib/rmf_demos_tasks/cancel_task.py -> /home/ususario/rmf_demos/install/rmf_demos_tasks/lib/python3.12/site-packages/rmf_demos_tasks
[2.544s] copying /home/ususario/rmf_demos/build/rmf_demos_tasks/build/lib/rmf_demos_tasks/dispatch_teleop.py -> /home/ususario/rmf_demos/install/rmf_demos_tasks/lib/python3.12/site-packages/rmf_demos_tasks
[2.544s] copying /home/ususario/rmf_demos/build/rmf_demos_tasks/build/lib/rmf_demos_tasks/request_loop.py -> /home/ususario/rmf_demos/install/rmf_demos_tasks/lib/python3.12/site-packages/rmf_demos_tasks
[2.544s] copying /home/ususario/rmf_demos/build/rmf_demos_tasks/build/lib/rmf_demos_tasks/mock_docker.py -> /home/ususario/rmf_demos/install/rmf_demos_tasks/lib/python3.12/site-packages/rmf_demos_tasks
[2.544s] copying /home/ususario/rmf_demos/build/rmf_demos_tasks/build/lib/rmf_demos_tasks/dispatch_cart_delivery.py -> /home/ususario/rmf_demos/install/rmf_demos_tasks/lib/python3.12/site-packages/rmf_demos_tasks
[2.544s] copying /home/ususario/rmf_demos/build/rmf_demos_tasks/build/lib/rmf_demos_tasks/dispatch_go_to_place.py -> /home/ususario/rmf_demos/install/rmf_demos_tasks/lib/python3.12/site-packages/rmf_demos_tasks
[2.544s] copying /home/ususario/rmf_demos/build/rmf_demos_tasks/build/lib/rmf_demos_tasks/get_robot_location.py -> /home/ususario/rmf_demos/install/rmf_demos_tasks/lib/python3.12/site-packages/rmf_demos_tasks
[2.544s] copying /home/ususario/rmf_demos/build/rmf_demos_tasks/build/lib/rmf_demos_tasks/dispatch_clean.py -> /home/ususario/rmf_demos/install/rmf_demos_tasks/lib/python3.12/site-packages/rmf_demos_tasks
[2.545s] copying /home/ususario/rmf_demos/build/rmf_demos_tasks/build/lib/rmf_demos_tasks/wait_for_task_complete.py -> /home/ususario/rmf_demos/install/rmf_demos_tasks/lib/python3.12/site-packages/rmf_demos_tasks
[2.545s] copying /home/ususario/rmf_demos/build/rmf_demos_tasks/build/lib/rmf_demos_tasks/__init__.py -> /home/ususario/rmf_demos/install/rmf_demos_tasks/lib/python3.12/site-packages/rmf_demos_tasks
[2.547s] copying /home/ususario/rmf_demos/build/rmf_demos_tasks/build/lib/rmf_demos_tasks/dispatch_delivery.py -> /home/ususario/rmf_demos/install/rmf_demos_tasks/lib/python3.12/site-packages/rmf_demos_tasks
[2.548s] copying /home/ususario/rmf_demos/build/rmf_demos_tasks/build/lib/rmf_demos_tasks/dispatch_patrol.py -> /home/ususario/rmf_demos/install/rmf_demos_tasks/lib/python3.12/site-packages/rmf_demos_tasks
[2.552s] byte-compiling /home/ususario/rmf_demos/install/rmf_demos_tasks/lib/python3.12/site-packages/rmf_demos_tasks/teleop_robot.py to teleop_robot.cpython-312.pyc
[2.552s] byte-compiling /home/ususario/rmf_demos/install/rmf_demos_tasks/lib/python3.12/site-packages/rmf_demos_tasks/api_request.py to api_request.cpython-312.pyc
[2.552s] byte-compiling /home/ususario/rmf_demos/install/rmf_demos_tasks/lib/python3.12/site-packages/rmf_demos_tasks/dispatch_json.py to dispatch_json.cpython-312.pyc
[2.557s] byte-compiling /home/ususario/rmf_demos/install/rmf_demos_tasks/lib/python3.12/site-packages/rmf_demos_tasks/dispatch_action.py to dispatch_action.cpython-312.pyc
[2.560s] byte-compiling /home/ususario/rmf_demos/install/rmf_demos_tasks/lib/python3.12/site-packages/rmf_demos_tasks/request_lift.py to request_lift.cpython-312.pyc
[2.562s] byte-compiling /home/ususario/rmf_demos/install/rmf_demos_tasks/lib/python3.12/site-packages/rmf_demos_tasks/dispatch_loop.py to dispatch_loop.cpython-312.pyc
[2.564s] byte-compiling /home/ususario/rmf_demos/install/rmf_demos_tasks/lib/python3.12/site-packages/rmf_demos_tasks/cancel_task.py to cancel_task.cpython-312.pyc
[2.565s] byte-compiling /home/ususario/rmf_demos/install/rmf_demos_tasks/lib/python3.12/site-packages/rmf_demos_tasks/dispatch_teleop.py to dispatch_teleop.cpython-312.pyc
[2.566s] byte-compiling /home/ususario/rmf_demos/install/rmf_demos_tasks/lib/python3.12/site-packages/rmf_demos_tasks/request_loop.py to request_loop.cpython-312.pyc
[2.567s] byte-compiling /home/ususario/rmf_demos/install/rmf_demos_tasks/lib/python3.12/site-packages/rmf_demos_tasks/mock_docker.py to mock_docker.cpython-312.pyc
[2.575s] byte-compiling /home/ususario/rmf_demos/install/rmf_demos_tasks/lib/python3.12/site-packages/rmf_demos_tasks/dispatch_cart_delivery.py to dispatch_cart_delivery.cpython-312.pyc
[2.577s] byte-compiling /home/ususario/rmf_demos/install/rmf_demos_tasks/lib/python3.12/site-packages/rmf_demos_tasks/dispatch_go_to_place.py to dispatch_go_to_place.cpython-312.pyc
[2.578s] byte-compiling /home/ususario/rmf_demos/install/rmf_demos_tasks/lib/python3.12/site-packages/rmf_demos_tasks/get_robot_location.py to get_robot_location.cpython-312.pyc
[2.583s] byte-compiling /home/ususario/rmf_demos/install/rmf_demos_tasks/lib/python3.12/site-packages/rmf_demos_tasks/dispatch_clean.py to dispatch_clean.cpython-312.pyc
[2.583s] byte-compiling /home/ususario/rmf_demos/install/rmf_demos_tasks/lib/python3.12/site-packages/rmf_demos_tasks/wait_for_task_complete.py to wait_for_task_complete.cpython-312.pyc
[2.583s] byte-compiling /home/ususario/rmf_demos/install/rmf_demos_tasks/lib/python3.12/site-packages/rmf_demos_tasks/__init__.py to __init__.cpython-312.pyc
[2.583s] byte-compiling /home/ususario/rmf_demos/install/rmf_demos_tasks/lib/python3.12/site-packages/rmf_demos_tasks/dispatch_delivery.py to dispatch_delivery.cpython-312.pyc
[2.585s] byte-compiling /home/ususario/rmf_demos/install/rmf_demos_tasks/lib/python3.12/site-packages/rmf_demos_tasks/dispatch_patrol.py to dispatch_patrol.cpython-312.pyc
[2.590s] running install_data
[2.591s] creating /home/ususario/rmf_demos/install/rmf_demos_tasks/share/ament_index
[2.591s] creating /home/ususario/rmf_demos/install/rmf_demos_tasks/share/ament_index/resource_index
[2.591s] creating /home/ususario/rmf_demos/install/rmf_demos_tasks/share/ament_index/resource_index/packages
[2.591s] copying resource/rmf_demos_tasks -> /home/ususario/rmf_demos/install/rmf_demos_tasks/share/ament_index/resource_index/packages
[2.591s] copying package.xml -> /home/ususario/rmf_demos/install/rmf_demos_tasks/share/rmf_demos_tasks
[2.591s] running install_egg_info
[2.633s] Copying ../build/rmf_demos_tasks/rmf_demos_tasks.egg-info to /home/ususario/rmf_demos/install/rmf_demos_tasks/lib/python3.12/site-packages/rmf_demos_tasks-2.5.0-py3.12.egg-info
[2.640s] running install_scripts
[3.053s] Installing api_request script to /home/ususario/rmf_demos/install/rmf_demos_tasks/lib/rmf_demos_tasks
[3.054s] Installing cancel_task script to /home/ususario/rmf_demos/install/rmf_demos_tasks/lib/rmf_demos_tasks
[3.055s] Installing dispatch_action script to /home/ususario/rmf_demos/install/rmf_demos_tasks/lib/rmf_demos_tasks
[3.058s] Installing dispatch_cart_delivery script to /home/ususario/rmf_demos/install/rmf_demos_tasks/lib/rmf_demos_tasks
[3.058s] Installing dispatch_clean script to /home/ususario/rmf_demos/install/rmf_demos_tasks/lib/rmf_demos_tasks
[3.059s] Installing dispatch_delivery script to /home/ususario/rmf_demos/install/rmf_demos_tasks/lib/rmf_demos_tasks
[3.059s] Installing dispatch_go_to_place script to /home/ususario/rmf_demos/install/rmf_demos_tasks/lib/rmf_demos_tasks
[3.059s] Installing dispatch_json script to /home/ususario/rmf_demos/install/rmf_demos_tasks/lib/rmf_demos_tasks
[3.060s] Installing dispatch_loop script to /home/ususario/rmf_demos/install/rmf_demos_tasks/lib/rmf_demos_tasks
[3.062s] Installing dispatch_patrol script to /home/ususario/rmf_demos/install/rmf_demos_tasks/lib/rmf_demos_tasks
[3.062s] Installing dispatch_teleop script to /home/ususario/rmf_demos/install/rmf_demos_tasks/lib/rmf_demos_tasks
[3.063s] Installing get_robot_location script to /home/ususario/rmf_demos/install/rmf_demos_tasks/lib/rmf_demos_tasks
[3.064s] Installing mock_docker script to /home/ususario/rmf_demos/install/rmf_demos_tasks/lib/rmf_demos_tasks
[3.064s] Installing request_lift script to /home/ususario/rmf_demos/install/rmf_demos_tasks/lib/rmf_demos_tasks
[3.067s] Installing request_loop script to /home/ususario/rmf_demos/install/rmf_demos_tasks/lib/rmf_demos_tasks
[3.067s] Installing teleop_robot script to /home/ususario/rmf_demos/install/rmf_demos_tasks/lib/rmf_demos_tasks
[3.070s] Installing wait_for_task_complete script to /home/ususario/rmf_demos/install/rmf_demos_tasks/lib/rmf_demos_tasks
[3.071s] writing list of installed files to '/home/ususario/rmf_demos/build/rmf_demos_tasks/install.log'
[3.152s] Invoked command in '/home/ususario/rmf_demos/rmf_demos_tasks' returned '0': PYTHONPATH=/home/ususario/rmf_demos/build/rmf_demos_tasks/prefix_override:/usr/lib/python3/dist-packages/colcon_core/task/python/colcon_distutils_commands:/home/ususario/rmf_demos/install/rmf_demos_tasks/lib/python3.12/site-packages:${PYTHONPATH} /usr/bin/python3 -W ignore:setup.py install is deprecated -W ignore:easy_install command is deprecated setup.py egg_info --egg-base ../build/rmf_demos_tasks build --build-base /home/ususario/rmf_demos/build/rmf_demos_tasks/build install --record /home/ususario/rmf_demos/build/rmf_demos_tasks/install.log --single-version-externally-managed install_data
