[2.178s] Invoking command in '/home/ususario/IR2134/rmf_demos/rmf_visualization/rmf_visualization_building_systems': PYTHONPATH=/home/ususario/IR2134/rmf_demos/build/rmf_visualization_building_systems/prefix_override:/usr/lib/python3/dist-packages/colcon_core/task/python/colcon_distutils_commands:/home/ususario/IR2134/rmf_demos/install/rmf_visualization_building_systems/lib/python3.12/site-packages:${PYTHONPATH} /usr/bin/python3 -W ignore:setup.py install is deprecated -W ignore:easy_install command is deprecated setup.py egg_info --egg-base ../../build/rmf_visualization_building_systems build --build-base /home/ususario/IR2134/rmf_demos/build/rmf_visualization_building_systems/build install --record /home/ususario/IR2134/rmf_demos/build/rmf_visualization_building_systems/install.log --single-version-externally-managed install_data
[2.424s] running egg_info
[2.439s] writing ../../build/rmf_visualization_building_systems/rmf_visualization_building_systems.egg-info/PKG-INFO
[2.440s] writing dependency_links to ../../build/rmf_visualization_building_systems/rmf_visualization_building_systems.egg-info/dependency_links.txt
[2.440s] writing entry points to ../../build/rmf_visualization_building_systems/rmf_visualization_building_systems.egg-info/entry_points.txt
[2.440s] writing requirements to ../../build/rmf_visualization_building_systems/rmf_visualization_building_systems.egg-info/requires.txt
[2.440s] writing top-level names to ../../build/rmf_visualization_building_systems/rmf_visualization_building_systems.egg-info/top_level.txt
[2.471s] reading manifest file '../../build/rmf_visualization_building_systems/rmf_visualization_building_systems.egg-info/SOURCES.txt'
[2.472s] writing manifest file '../../build/rmf_visualization_building_systems/rmf_visualization_building_systems.egg-info/SOURCES.txt'
[2.472s] running build
[2.473s] running build_py
[2.473s] running install
[2.478s] running install_lib
[2.494s] running install_data
[2.494s] running install_egg_info
[2.511s] removing '/home/ususario/IR2134/rmf_demos/install/rmf_visualization_building_systems/lib/python3.12/site-packages/rmf_visualization_building_systems-2.4.1-py3.12.egg-info' (and everything under it)
[2.512s] Copying ../../build/rmf_visualization_building_systems/rmf_visualization_building_systems.egg-info to /home/ususario/IR2134/rmf_demos/install/rmf_visualization_building_systems/lib/python3.12/site-packages/rmf_visualization_building_systems-2.4.1-py3.12.egg-info
[2.513s] running install_scripts
[2.637s] Installing rmf_visualization_building_systems script to /home/ususario/IR2134/rmf_demos/install/rmf_visualization_building_systems/lib/rmf_visualization_building_systems
[2.637s] writing list of installed files to '/home/ususario/IR2134/rmf_demos/build/rmf_visualization_building_systems/install.log'
[2.691s] Invoked command in '/home/ususario/IR2134/rmf_demos/rmf_visualization/rmf_visualization_building_systems' returned '0': PYTHONPATH=/home/ususario/IR2134/rmf_demos/build/rmf_visualization_building_systems/prefix_override:/usr/lib/python3/dist-packages/colcon_core/task/python/colcon_distutils_commands:/home/ususario/IR2134/rmf_demos/install/rmf_visualization_building_systems/lib/python3.12/site-packages:${PYTHONPATH} /usr/bin/python3 -W ignore:setup.py install is deprecated -W ignore:easy_install command is deprecated setup.py egg_info --egg-base ../../build/rmf_visualization_building_systems build --build-base /home/ususario/IR2134/rmf_demos/build/rmf_visualization_building_systems/build install --record /home/ususario/IR2134/rmf_demos/build/rmf_visualization_building_systems/install.log --single-version-externally-managed install_data
