[2.825s] Invoking command in '/home/usuario/rmf_demos/rmf_demos_tasks': PYTHONPATH=/home/usuario/rmf_demos/build/rmf_demos_tasks/prefix_override:/usr/lib/python3/dist-packages/colcon_core/task/python/colcon_distutils_commands:/home/usuario/rmf_demos/install/rmf_demos_tasks/lib/python3.12/site-packages:${PYTHONPATH} /usr/bin/python3 -W ignore:setup.py install is deprecated -W ignore:easy_install command is deprecated setup.py egg_info --egg-base ../build/rmf_demos_tasks build --build-base /home/usuario/rmf_demos/build/rmf_demos_tasks/build install --record /home/usuario/rmf_demos/build/rmf_demos_tasks/install.log --single-version-externally-managed install_data
[3.728s] running egg_info
[3.741s] writing ../build/rmf_demos_tasks/rmf_demos_tasks.egg-info/PKG-INFO
[3.741s] writing dependency_links to ../build/rmf_demos_tasks/rmf_demos_tasks.egg-info/dependency_links.txt
[3.741s] writing entry points to ../build/rmf_demos_tasks/rmf_demos_tasks.egg-info/entry_points.txt
[3.742s] writing requirements to ../build/rmf_demos_tasks/rmf_demos_tasks.egg-info/requires.txt
[3.743s] writing top-level names to ../build/rmf_demos_tasks/rmf_demos_tasks.egg-info/top_level.txt
[3.790s] reading manifest file '../build/rmf_demos_tasks/rmf_demos_tasks.egg-info/SOURCES.txt'
[3.812s] writing manifest file '../build/rmf_demos_tasks/rmf_demos_tasks.egg-info/SOURCES.txt'
[3.814s] running build
[3.814s] running build_py
[3.816s] running install
[3.825s] running install_lib
[3.881s] running install_data
[3.881s] running install_egg_info
[3.935s] removing '/home/usuario/rmf_demos/install/rmf_demos_tasks/lib/python3.12/site-packages/rmf_demos_tasks-2.5.0-py3.12.egg-info' (and everything under it)
[3.938s] Copying ../build/rmf_demos_tasks/rmf_demos_tasks.egg-info to /home/usuario/rmf_demos/install/rmf_demos_tasks/lib/python3.12/site-packages/rmf_demos_tasks-2.5.0-py3.12.egg-info
[3.996s] running install_scripts
[4.237s] Installing api_request script to /home/usuario/rmf_demos/install/rmf_demos_tasks/lib/rmf_demos_tasks
[4.238s] Installing cancel_task script to /home/usuario/rmf_demos/install/rmf_demos_tasks/lib/rmf_demos_tasks
[4.239s] Installing dispatch_action script to /home/usuario/rmf_demos/install/rmf_demos_tasks/lib/rmf_demos_tasks
[4.241s] Installing dispatch_cart_delivery script to /home/usuario/rmf_demos/install/rmf_demos_tasks/lib/rmf_demos_tasks
[4.245s] Installing dispatch_clean script to /home/usuario/rmf_demos/install/rmf_demos_tasks/lib/rmf_demos_tasks
[4.247s] Installing dispatch_delivery script to /home/usuario/rmf_demos/install/rmf_demos_tasks/lib/rmf_demos_tasks
[4.249s] Installing dispatch_go_to_place script to /home/usuario/rmf_demos/install/rmf_demos_tasks/lib/rmf_demos_tasks
[4.251s] Installing dispatch_json script to /home/usuario/rmf_demos/install/rmf_demos_tasks/lib/rmf_demos_tasks
[4.253s] Installing dispatch_loop script to /home/usuario/rmf_demos/install/rmf_demos_tasks/lib/rmf_demos_tasks
[4.255s] Installing dispatch_patrol script to /home/usuario/rmf_demos/install/rmf_demos_tasks/lib/rmf_demos_tasks
[4.256s] Installing dispatch_teleop script to /home/usuario/rmf_demos/install/rmf_demos_tasks/lib/rmf_demos_tasks
[4.258s] Installing get_robot_location script to /home/usuario/rmf_demos/install/rmf_demos_tasks/lib/rmf_demos_tasks
[4.260s] Installing mock_docker script to /home/usuario/rmf_demos/install/rmf_demos_tasks/lib/rmf_demos_tasks
[4.263s] Installing request_lift script to /home/usuario/rmf_demos/install/rmf_demos_tasks/lib/rmf_demos_tasks
[4.265s] Installing request_loop script to /home/usuario/rmf_demos/install/rmf_demos_tasks/lib/rmf_demos_tasks
[4.266s] Installing teleop_robot script to /home/usuario/rmf_demos/install/rmf_demos_tasks/lib/rmf_demos_tasks
[4.268s] Installing wait_for_task_complete script to /home/usuario/rmf_demos/install/rmf_demos_tasks/lib/rmf_demos_tasks
[4.269s] writing list of installed files to '/home/usuario/rmf_demos/build/rmf_demos_tasks/install.log'
[4.357s] Invoked command in '/home/usuario/rmf_demos/rmf_demos_tasks' returned '0': PYTHONPATH=/home/usuario/rmf_demos/build/rmf_demos_tasks/prefix_override:/usr/lib/python3/dist-packages/colcon_core/task/python/colcon_distutils_commands:/home/usuario/rmf_demos/install/rmf_demos_tasks/lib/python3.12/site-packages:${PYTHONPATH} /usr/bin/python3 -W ignore:setup.py install is deprecated -W ignore:easy_install command is deprecated setup.py egg_info --egg-base ../build/rmf_demos_tasks build --build-base /home/usuario/rmf_demos/build/rmf_demos_tasks/build install --record /home/usuario/rmf_demos/build/rmf_demos_tasks/install.log --single-version-externally-managed install_data
