[2.700s] Invoking command in '/home/usuario/IR2134/rmf_demos/rmf_demos_bridges': PYTHONPATH=/home/usuario/IR2134/rmf_demos/build/rmf_demos_bridges/prefix_override:/usr/lib/python3/dist-packages/colcon_core/task/python/colcon_distutils_commands:/home/usuario/IR2134/rmf_demos/install/rmf_demos_bridges/lib/python3.12/site-packages:${PYTHONPATH} /usr/bin/python3 -W ignore:setup.py install is deprecated -W ignore:easy_install command is deprecated setup.py egg_info --egg-base ../build/rmf_demos_bridges build --build-base /home/usuario/IR2134/rmf_demos/build/rmf_demos_bridges/build install --record /home/usuario/IR2134/rmf_demos/build/rmf_demos_bridges/install.log --single-version-externally-managed install_data
[3.537s] running egg_info
[3.538s] creating ../build/rmf_demos_bridges/rmf_demos_bridges.egg-info
[3.589s] writing ../build/rmf_demos_bridges/rmf_demos_bridges.egg-info/PKG-INFO
[3.598s] writing dependency_links to ../build/rmf_demos_bridges/rmf_demos_bridges.egg-info/dependency_links.txt
[3.606s] writing entry points to ../build/rmf_demos_bridges/rmf_demos_bridges.egg-info/entry_points.txt
[3.610s] writing requirements to ../build/rmf_demos_bridges/rmf_demos_bridges.egg-info/requires.txt
[3.624s] writing top-level names to ../build/rmf_demos_bridges/rmf_demos_bridges.egg-info/top_level.txt
[3.628s] writing manifest file '../build/rmf_demos_bridges/rmf_demos_bridges.egg-info/SOURCES.txt'
[3.731s] reading manifest file '../build/rmf_demos_bridges/rmf_demos_bridges.egg-info/SOURCES.txt'
[3.736s] writing manifest file '../build/rmf_demos_bridges/rmf_demos_bridges.egg-info/SOURCES.txt'
[3.748s] running build
[3.751s] running build_py
[3.751s] creating /home/usuario/IR2134/rmf_demos/build/rmf_demos_bridges/build
[3.751s] creating /home/usuario/IR2134/rmf_demos/build/rmf_demos_bridges/build/lib
[3.751s] creating /home/usuario/IR2134/rmf_demos/build/rmf_demos_bridges/build/lib/rmf_demos_bridges
[3.752s] copying rmf_demos_bridges/fleet_socketio_bridge.py -> /home/usuario/IR2134/rmf_demos/build/rmf_demos_bridges/build/lib/rmf_demos_bridges
[3.757s] copying rmf_demos_bridges/__init__.py -> /home/usuario/IR2134/rmf_demos/build/rmf_demos_bridges/build/lib/rmf_demos_bridges
[3.758s] copying rmf_demos_bridges/fleet_robotmanager_mqtt_bridge.py -> /home/usuario/IR2134/rmf_demos/build/rmf_demos_bridges/build/lib/rmf_demos_bridges
[3.758s] running install
[3.769s] running install_lib
[3.863s] creating /home/usuario/IR2134/rmf_demos/install/rmf_demos_bridges/lib/python3.12/site-packages/rmf_demos_bridges
[3.876s] copying /home/usuario/IR2134/rmf_demos/build/rmf_demos_bridges/build/lib/rmf_demos_bridges/fleet_socketio_bridge.py -> /home/usuario/IR2134/rmf_demos/install/rmf_demos_bridges/lib/python3.12/site-packages/rmf_demos_bridges
[3.888s] copying /home/usuario/IR2134/rmf_demos/build/rmf_demos_bridges/build/lib/rmf_demos_bridges/__init__.py -> /home/usuario/IR2134/rmf_demos/install/rmf_demos_bridges/lib/python3.12/site-packages/rmf_demos_bridges
[3.888s] copying /home/usuario/IR2134/rmf_demos/build/rmf_demos_bridges/build/lib/rmf_demos_bridges/fleet_robotmanager_mqtt_bridge.py -> /home/usuario/IR2134/rmf_demos/install/rmf_demos_bridges/lib/python3.12/site-packages/rmf_demos_bridges
[3.889s] byte-compiling /home/usuario/IR2134/rmf_demos/install/rmf_demos_bridges/lib/python3.12/site-packages/rmf_demos_bridges/fleet_socketio_bridge.py to fleet_socketio_bridge.cpython-312.pyc
[3.893s] byte-compiling /home/usuario/IR2134/rmf_demos/install/rmf_demos_bridges/lib/python3.12/site-packages/rmf_demos_bridges/__init__.py to __init__.cpython-312.pyc
[3.893s] byte-compiling /home/usuario/IR2134/rmf_demos/install/rmf_demos_bridges/lib/python3.12/site-packages/rmf_demos_bridges/fleet_robotmanager_mqtt_bridge.py to fleet_robotmanager_mqtt_bridge.cpython-312.pyc
[3.893s] running install_data
[3.893s] creating /home/usuario/IR2134/rmf_demos/install/rmf_demos_bridges/share/ament_index
[3.894s] creating /home/usuario/IR2134/rmf_demos/install/rmf_demos_bridges/share/ament_index/resource_index
[3.894s] creating /home/usuario/IR2134/rmf_demos/install/rmf_demos_bridges/share/ament_index/resource_index/packages
[3.894s] copying resource/rmf_demos_bridges -> /home/usuario/IR2134/rmf_demos/install/rmf_demos_bridges/share/ament_index/resource_index/packages
[3.894s] copying package.xml -> /home/usuario/IR2134/rmf_demos/install/rmf_demos_bridges/share/rmf_demos_bridges
[3.894s] running install_egg_info
[3.952s] Copying ../build/rmf_demos_bridges/rmf_demos_bridges.egg-info to /home/usuario/IR2134/rmf_demos/install/rmf_demos_bridges/lib/python3.12/site-packages/rmf_demos_bridges-2.5.0-py3.12.egg-info
[3.985s] running install_scripts
[4.415s] Installing fleet_robotmanager_mqtt_bridge script to /home/usuario/IR2134/rmf_demos/install/rmf_demos_bridges/lib/rmf_demos_bridges
[4.415s] Installing fleet_socketio_bridge script to /home/usuario/IR2134/rmf_demos/install/rmf_demos_bridges/lib/rmf_demos_bridges
[4.415s] writing list of installed files to '/home/usuario/IR2134/rmf_demos/build/rmf_demos_bridges/install.log'
[4.504s] Invoked command in '/home/usuario/IR2134/rmf_demos/rmf_demos_bridges' returned '0': PYTHONPATH=/home/usuario/IR2134/rmf_demos/build/rmf_demos_bridges/prefix_override:/usr/lib/python3/dist-packages/colcon_core/task/python/colcon_distutils_commands:/home/usuario/IR2134/rmf_demos/install/rmf_demos_bridges/lib/python3.12/site-packages:${PYTHONPATH} /usr/bin/python3 -W ignore:setup.py install is deprecated -W ignore:easy_install command is deprecated setup.py egg_info --egg-base ../build/rmf_demos_bridges build --build-base /home/usuario/IR2134/rmf_demos/build/rmf_demos_bridges/build install --record /home/usuario/IR2134/rmf_demos/build/rmf_demos_bridges/install.log --single-version-externally-managed install_data
