[1.100s] Invoking command in '/home/usuario/rmf_demos/rmf_visualization/rmf_visualization_building_systems': PYTHONPATH=/home/usuario/rmf_demos/build/rmf_visualization_building_systems/prefix_override:/usr/lib/python3/dist-packages/colcon_core/task/python/colcon_distutils_commands:/home/usuario/rmf_demos/install/rmf_visualization_building_systems/lib/python3.12/site-packages:${PYTHONPATH} /usr/bin/python3 -W ignore:setup.py install is deprecated -W ignore:easy_install command is deprecated setup.py egg_info --egg-base ../../build/rmf_visualization_building_systems build --build-base /home/usuario/rmf_demos/build/rmf_visualization_building_systems/build install --record /home/usuario/rmf_demos/build/rmf_visualization_building_systems/install.log --single-version-externally-managed install_data
[1.438s] running egg_info
[1.439s] creating ../../build/rmf_visualization_building_systems/rmf_visualization_building_systems.egg-info
[1.459s] writing ../../build/rmf_visualization_building_systems/rmf_visualization_building_systems.egg-info/PKG-INFO
[1.460s] writing dependency_links to ../../build/rmf_visualization_building_systems/rmf_visualization_building_systems.egg-info/dependency_links.txt
[1.460s] writing entry points to ../../build/rmf_visualization_building_systems/rmf_visualization_building_systems.egg-info/entry_points.txt
[1.461s] writing requirements to ../../build/rmf_visualization_building_systems/rmf_visualization_building_systems.egg-info/requires.txt
[1.461s] writing top-level names to ../../build/rmf_visualization_building_systems/rmf_visualization_building_systems.egg-info/top_level.txt
[1.461s] writing manifest file '../../build/rmf_visualization_building_systems/rmf_visualization_building_systems.egg-info/SOURCES.txt'
[1.505s] reading manifest file '../../build/rmf_visualization_building_systems/rmf_visualization_building_systems.egg-info/SOURCES.txt'
[1.506s] writing manifest file '../../build/rmf_visualization_building_systems/rmf_visualization_building_systems.egg-info/SOURCES.txt'
[1.507s] running build
[1.507s] running build_py
[1.507s] creating /home/usuario/rmf_demos/build/rmf_visualization_building_systems/build
[1.508s] creating /home/usuario/rmf_demos/build/rmf_visualization_building_systems/build/lib
[1.508s] creating /home/usuario/rmf_demos/build/rmf_visualization_building_systems/build/lib/rmf_visualization_building_systems
[1.508s] copying rmf_visualization_building_systems/rmf_visualization_building_systems.py -> /home/usuario/rmf_demos/build/rmf_visualization_building_systems/build/lib/rmf_visualization_building_systems
[1.509s] copying rmf_visualization_building_systems/__init__.py -> /home/usuario/rmf_demos/build/rmf_visualization_building_systems/build/lib/rmf_visualization_building_systems
[1.510s] running install
[1.518s] running install_lib
[1.541s] creating /home/usuario/rmf_demos/install/rmf_visualization_building_systems/lib/python3.12/site-packages/rmf_visualization_building_systems
[1.541s] copying /home/usuario/rmf_demos/build/rmf_visualization_building_systems/build/lib/rmf_visualization_building_systems/rmf_visualization_building_systems.py -> /home/usuario/rmf_demos/install/rmf_visualization_building_systems/lib/python3.12/site-packages/rmf_visualization_building_systems
[1.542s] copying /home/usuario/rmf_demos/build/rmf_visualization_building_systems/build/lib/rmf_visualization_building_systems/__init__.py -> /home/usuario/rmf_demos/install/rmf_visualization_building_systems/lib/python3.12/site-packages/rmf_visualization_building_systems
[1.544s] byte-compiling /home/usuario/rmf_demos/install/rmf_visualization_building_systems/lib/python3.12/site-packages/rmf_visualization_building_systems/rmf_visualization_building_systems.py to rmf_visualization_building_systems.cpython-312.pyc
[1.546s] byte-compiling /home/usuario/rmf_demos/install/rmf_visualization_building_systems/lib/python3.12/site-packages/rmf_visualization_building_systems/__init__.py to __init__.cpython-312.pyc
[1.547s] running install_data
[1.547s] creating /home/usuario/rmf_demos/install/rmf_visualization_building_systems/share/ament_index
[1.548s] creating /home/usuario/rmf_demos/install/rmf_visualization_building_systems/share/ament_index/resource_index
[1.548s] creating /home/usuario/rmf_demos/install/rmf_visualization_building_systems/share/ament_index/resource_index/packages
[1.548s] copying resource/rmf_visualization_building_systems -> /home/usuario/rmf_demos/install/rmf_visualization_building_systems/share/ament_index/resource_index/packages
[1.549s] copying package.xml -> /home/usuario/rmf_demos/install/rmf_visualization_building_systems/share/rmf_visualization_building_systems
[1.549s] running install_egg_info
[1.573s] Copying ../../build/rmf_visualization_building_systems/rmf_visualization_building_systems.egg-info to /home/usuario/rmf_demos/install/rmf_visualization_building_systems/lib/python3.12/site-packages/rmf_visualization_building_systems-2.4.1-py3.12.egg-info
[1.579s] running install_scripts
[1.745s] Installing rmf_visualization_building_systems script to /home/usuario/rmf_demos/install/rmf_visualization_building_systems/lib/rmf_visualization_building_systems
[1.745s] writing list of installed files to '/home/usuario/rmf_demos/build/rmf_visualization_building_systems/install.log'
[1.786s] Invoked command in '/home/usuario/rmf_demos/rmf_visualization/rmf_visualization_building_systems' returned '0': PYTHONPATH=/home/usuario/rmf_demos/build/rmf_visualization_building_systems/prefix_override:/usr/lib/python3/dist-packages/colcon_core/task/python/colcon_distutils_commands:/home/usuario/rmf_demos/install/rmf_visualization_building_systems/lib/python3.12/site-packages:${PYTHONPATH} /usr/bin/python3 -W ignore:setup.py install is deprecated -W ignore:easy_install command is deprecated setup.py egg_info --egg-base ../../build/rmf_visualization_building_systems build --build-base /home/usuario/rmf_demos/build/rmf_visualization_building_systems/build install --record /home/usuario/rmf_demos/build/rmf_visualization_building_systems/install.log --single-version-externally-managed install_data
