[3.403s] Invoking command in '/home/usuario/IR2134/rmf_demos/rmf_demos_bridges': PYTHONPATH=/home/usuario/IR2134/rmf_demos/build/rmf_demos_bridges/prefix_override:/usr/lib/python3/dist-packages/colcon_core/task/python/colcon_distutils_commands:/home/usuario/IR2134/rmf_demos/install/rmf_demos_bridges/lib/python3.12/site-packages:${PYTHONPATH} /usr/bin/python3 -W ignore:setup.py install is deprecated -W ignore:easy_install command is deprecated setup.py egg_info --egg-base ../build/rmf_demos_bridges build --build-base /home/usuario/IR2134/rmf_demos/build/rmf_demos_bridges/build install --record /home/usuario/IR2134/rmf_demos/build/rmf_demos_bridges/install.log --single-version-externally-managed install_data
[4.466s] running egg_info
[4.467s] creating ../build/rmf_demos_bridges/rmf_demos_bridges.egg-info
[4.532s] writing ../build/rmf_demos_bridges/rmf_demos_bridges.egg-info/PKG-INFO
[4.543s] writing dependency_links to ../build/rmf_demos_bridges/rmf_demos_bridges.egg-info/dependency_links.txt
[4.544s] writing entry points to ../build/rmf_demos_bridges/rmf_demos_bridges.egg-info/entry_points.txt
[4.547s] writing requirements to ../build/rmf_demos_bridges/rmf_demos_bridges.egg-info/requires.txt
[4.547s] writing top-level names to ../build/rmf_demos_bridges/rmf_demos_bridges.egg-info/top_level.txt
[4.548s] writing manifest file '../build/rmf_demos_bridges/rmf_demos_bridges.egg-info/SOURCES.txt'
[4.687s] reading manifest file '../build/rmf_demos_bridges/rmf_demos_bridges.egg-info/SOURCES.txt'
[4.689s] writing manifest file '../build/rmf_demos_bridges/rmf_demos_bridges.egg-info/SOURCES.txt'
[4.690s] running build
[4.690s] running build_py
[4.693s] creating /home/usuario/IR2134/rmf_demos/build/rmf_demos_bridges/build
[4.693s] creating /home/usuario/IR2134/rmf_demos/build/rmf_demos_bridges/build/lib
[4.695s] creating /home/usuario/IR2134/rmf_demos/build/rmf_demos_bridges/build/lib/rmf_demos_bridges
[4.696s] copying rmf_demos_bridges/fleet_socketio_bridge.py -> /home/usuario/IR2134/rmf_demos/build/rmf_demos_bridges/build/lib/rmf_demos_bridges
[4.707s] copying rmf_demos_bridges/__init__.py -> /home/usuario/IR2134/rmf_demos/build/rmf_demos_bridges/build/lib/rmf_demos_bridges
[4.708s] copying rmf_demos_bridges/fleet_robotmanager_mqtt_bridge.py -> /home/usuario/IR2134/rmf_demos/build/rmf_demos_bridges/build/lib/rmf_demos_bridges
[4.709s] running install
[4.723s] running install_lib
[4.793s] creating /home/usuario/IR2134/rmf_demos/install/rmf_demos_bridges/lib/python3.12/site-packages/rmf_demos_bridges
[4.803s] copying /home/usuario/IR2134/rmf_demos/build/rmf_demos_bridges/build/lib/rmf_demos_bridges/fleet_socketio_bridge.py -> /home/usuario/IR2134/rmf_demos/install/rmf_demos_bridges/lib/python3.12/site-packages/rmf_demos_bridges
[4.811s] copying /home/usuario/IR2134/rmf_demos/build/rmf_demos_bridges/build/lib/rmf_demos_bridges/__init__.py -> /home/usuario/IR2134/rmf_demos/install/rmf_demos_bridges/lib/python3.12/site-packages/rmf_demos_bridges
[4.812s] copying /home/usuario/IR2134/rmf_demos/build/rmf_demos_bridges/build/lib/rmf_demos_bridges/fleet_robotmanager_mqtt_bridge.py -> /home/usuario/IR2134/rmf_demos/install/rmf_demos_bridges/lib/python3.12/site-packages/rmf_demos_bridges
[4.814s] byte-compiling /home/usuario/IR2134/rmf_demos/install/rmf_demos_bridges/lib/python3.12/site-packages/rmf_demos_bridges/fleet_socketio_bridge.py to fleet_socketio_bridge.cpython-312.pyc
[4.823s] byte-compiling /home/usuario/IR2134/rmf_demos/install/rmf_demos_bridges/lib/python3.12/site-packages/rmf_demos_bridges/__init__.py to __init__.cpython-312.pyc
[4.824s] byte-compiling /home/usuario/IR2134/rmf_demos/install/rmf_demos_bridges/lib/python3.12/site-packages/rmf_demos_bridges/fleet_robotmanager_mqtt_bridge.py to fleet_robotmanager_mqtt_bridge.cpython-312.pyc
[4.829s] running install_data
[4.829s] creating /home/usuario/IR2134/rmf_demos/install/rmf_demos_bridges/share/ament_index
[4.830s] creating /home/usuario/IR2134/rmf_demos/install/rmf_demos_bridges/share/ament_index/resource_index
[4.830s] creating /home/usuario/IR2134/rmf_demos/install/rmf_demos_bridges/share/ament_index/resource_index/packages
[4.830s] copying resource/rmf_demos_bridges -> /home/usuario/IR2134/rmf_demos/install/rmf_demos_bridges/share/ament_index/resource_index/packages
[4.831s] copying package.xml -> /home/usuario/IR2134/rmf_demos/install/rmf_demos_bridges/share/rmf_demos_bridges
[4.832s] running install_egg_info
[4.914s] Copying ../build/rmf_demos_bridges/rmf_demos_bridges.egg-info to /home/usuario/IR2134/rmf_demos/install/rmf_demos_bridges/lib/python3.12/site-packages/rmf_demos_bridges-2.5.0-py3.12.egg-info
[4.924s] running install_scripts
[5.307s] Installing fleet_robotmanager_mqtt_bridge script to /home/usuario/IR2134/rmf_demos/install/rmf_demos_bridges/lib/rmf_demos_bridges
[5.307s] Installing fleet_socketio_bridge script to /home/usuario/IR2134/rmf_demos/install/rmf_demos_bridges/lib/rmf_demos_bridges
[5.308s] writing list of installed files to '/home/usuario/IR2134/rmf_demos/build/rmf_demos_bridges/install.log'
[5.385s] Invoked command in '/home/usuario/IR2134/rmf_demos/rmf_demos_bridges' returned '0': PYTHONPATH=/home/usuario/IR2134/rmf_demos/build/rmf_demos_bridges/prefix_override:/usr/lib/python3/dist-packages/colcon_core/task/python/colcon_distutils_commands:/home/usuario/IR2134/rmf_demos/install/rmf_demos_bridges/lib/python3.12/site-packages:${PYTHONPATH} /usr/bin/python3 -W ignore:setup.py install is deprecated -W ignore:easy_install command is deprecated setup.py egg_info --egg-base ../build/rmf_demos_bridges build --build-base /home/usuario/IR2134/rmf_demos/build/rmf_demos_bridges/build install --record /home/usuario/IR2134/rmf_demos/build/rmf_demos_bridges/install.log --single-version-externally-managed install_data
