[1.817s] Invoking command in '/home/ususario/rmf_demos/rmf_demos_fleet_adapter': PYTHONPATH=/home/ususario/rmf_demos/build/rmf_demos_fleet_adapter/prefix_override:/usr/lib/python3/dist-packages/colcon_core/task/python/colcon_distutils_commands:/home/ususario/rmf_demos/install/rmf_demos_fleet_adapter/lib/python3.12/site-packages:${PYTHONPATH} /usr/bin/python3 -W ignore:setup.py install is deprecated -W ignore:easy_install command is deprecated setup.py egg_info --egg-base ../build/rmf_demos_fleet_adapter build --build-base /home/ususario/rmf_demos/build/rmf_demos_fleet_adapter/build install --record /home/ususario/rmf_demos/build/rmf_demos_fleet_adapter/install.log --single-version-externally-managed install_data
[2.404s] running egg_info
[2.404s] creating ../build/rmf_demos_fleet_adapter/rmf_demos_fleet_adapter.egg-info
[2.453s] writing ../build/rmf_demos_fleet_adapter/rmf_demos_fleet_adapter.egg-info/PKG-INFO
[2.456s] writing dependency_links to ../build/rmf_demos_fleet_adapter/rmf_demos_fleet_adapter.egg-info/dependency_links.txt
[2.457s] writing entry points to ../build/rmf_demos_fleet_adapter/rmf_demos_fleet_adapter.egg-info/entry_points.txt
[2.457s] writing requirements to ../build/rmf_demos_fleet_adapter/rmf_demos_fleet_adapter.egg-info/requires.txt
[2.460s] writing top-level names to ../build/rmf_demos_fleet_adapter/rmf_demos_fleet_adapter.egg-info/top_level.txt
[2.460s] writing manifest file '../build/rmf_demos_fleet_adapter/rmf_demos_fleet_adapter.egg-info/SOURCES.txt'
[2.567s] reading manifest file '../build/rmf_demos_fleet_adapter/rmf_demos_fleet_adapter.egg-info/SOURCES.txt'
[2.572s] writing manifest file '../build/rmf_demos_fleet_adapter/rmf_demos_fleet_adapter.egg-info/SOURCES.txt'
[2.572s] running build
[2.573s] running build_py
[2.573s] creating /home/ususario/rmf_demos/build/rmf_demos_fleet_adapter/build
[2.573s] creating /home/ususario/rmf_demos/build/rmf_demos_fleet_adapter/build/lib
[2.575s] creating /home/ususario/rmf_demos/build/rmf_demos_fleet_adapter/build/lib/test
[2.575s] copying test/test_flake8.py -> /home/ususario/rmf_demos/build/rmf_demos_fleet_adapter/build/lib/test
[2.575s] copying test/test_pep257.py -> /home/ususario/rmf_demos/build/rmf_demos_fleet_adapter/build/lib/test
[2.575s] copying test/test_copyright.py -> /home/ususario/rmf_demos/build/rmf_demos_fleet_adapter/build/lib/test
[2.575s] copying test/__init__.py -> /home/ususario/rmf_demos/build/rmf_demos_fleet_adapter/build/lib/test
[2.576s] creating /home/ususario/rmf_demos/build/rmf_demos_fleet_adapter/build/lib/rmf_demos_fleet_adapter
[2.576s] copying rmf_demos_fleet_adapter/fleet_manager.py -> /home/ususario/rmf_demos/build/rmf_demos_fleet_adapter/build/lib/rmf_demos_fleet_adapter
[2.576s] copying rmf_demos_fleet_adapter/manage_lane.py -> /home/ususario/rmf_demos/build/rmf_demos_fleet_adapter/build/lib/rmf_demos_fleet_adapter
[2.576s] copying rmf_demos_fleet_adapter/RobotClientAPI.py -> /home/ususario/rmf_demos/build/rmf_demos_fleet_adapter/build/lib/rmf_demos_fleet_adapter
[2.576s] copying rmf_demos_fleet_adapter/__init__.py -> /home/ususario/rmf_demos/build/rmf_demos_fleet_adapter/build/lib/rmf_demos_fleet_adapter
[2.576s] copying rmf_demos_fleet_adapter/fleet_adapter.py -> /home/ususario/rmf_demos/build/rmf_demos_fleet_adapter/build/lib/rmf_demos_fleet_adapter
[2.581s] running install
[2.599s] running install_lib
[2.630s] creating /home/ususario/rmf_demos/install/rmf_demos_fleet_adapter/lib/python3.12/site-packages/test
[2.630s] copying /home/ususario/rmf_demos/build/rmf_demos_fleet_adapter/build/lib/test/test_flake8.py -> /home/ususario/rmf_demos/install/rmf_demos_fleet_adapter/lib/python3.12/site-packages/test
[2.630s] copying /home/ususario/rmf_demos/build/rmf_demos_fleet_adapter/build/lib/test/test_pep257.py -> /home/ususario/rmf_demos/install/rmf_demos_fleet_adapter/lib/python3.12/site-packages/test
[2.631s] copying /home/ususario/rmf_demos/build/rmf_demos_fleet_adapter/build/lib/test/test_copyright.py -> /home/ususario/rmf_demos/install/rmf_demos_fleet_adapter/lib/python3.12/site-packages/test
[2.631s] copying /home/ususario/rmf_demos/build/rmf_demos_fleet_adapter/build/lib/test/__init__.py -> /home/ususario/rmf_demos/install/rmf_demos_fleet_adapter/lib/python3.12/site-packages/test
[2.631s] creating /home/ususario/rmf_demos/install/rmf_demos_fleet_adapter/lib/python3.12/site-packages/rmf_demos_fleet_adapter
[2.631s] copying /home/ususario/rmf_demos/build/rmf_demos_fleet_adapter/build/lib/rmf_demos_fleet_adapter/fleet_manager.py -> /home/ususario/rmf_demos/install/rmf_demos_fleet_adapter/lib/python3.12/site-packages/rmf_demos_fleet_adapter
[2.631s] copying /home/ususario/rmf_demos/build/rmf_demos_fleet_adapter/build/lib/rmf_demos_fleet_adapter/manage_lane.py -> /home/ususario/rmf_demos/install/rmf_demos_fleet_adapter/lib/python3.12/site-packages/rmf_demos_fleet_adapter
[2.631s] copying /home/ususario/rmf_demos/build/rmf_demos_fleet_adapter/build/lib/rmf_demos_fleet_adapter/RobotClientAPI.py -> /home/ususario/rmf_demos/install/rmf_demos_fleet_adapter/lib/python3.12/site-packages/rmf_demos_fleet_adapter
[2.631s] copying /home/ususario/rmf_demos/build/rmf_demos_fleet_adapter/build/lib/rmf_demos_fleet_adapter/__init__.py -> /home/ususario/rmf_demos/install/rmf_demos_fleet_adapter/lib/python3.12/site-packages/rmf_demos_fleet_adapter
[2.631s] copying /home/ususario/rmf_demos/build/rmf_demos_fleet_adapter/build/lib/rmf_demos_fleet_adapter/fleet_adapter.py -> /home/ususario/rmf_demos/install/rmf_demos_fleet_adapter/lib/python3.12/site-packages/rmf_demos_fleet_adapter
[2.631s] byte-compiling /home/ususario/rmf_demos/install/rmf_demos_fleet_adapter/lib/python3.12/site-packages/test/test_flake8.py to test_flake8.cpython-312.pyc
[2.631s] byte-compiling /home/ususario/rmf_demos/install/rmf_demos_fleet_adapter/lib/python3.12/site-packages/test/test_pep257.py to test_pep257.cpython-312.pyc
[2.632s] byte-compiling /home/ususario/rmf_demos/install/rmf_demos_fleet_adapter/lib/python3.12/site-packages/test/test_copyright.py to test_copyright.cpython-312.pyc
[2.632s] byte-compiling /home/ususario/rmf_demos/install/rmf_demos_fleet_adapter/lib/python3.12/site-packages/test/__init__.py to __init__.cpython-312.pyc
[2.632s] byte-compiling /home/ususario/rmf_demos/install/rmf_demos_fleet_adapter/lib/python3.12/site-packages/rmf_demos_fleet_adapter/fleet_manager.py to fleet_manager.cpython-312.pyc
[2.637s] byte-compiling /home/ususario/rmf_demos/install/rmf_demos_fleet_adapter/lib/python3.12/site-packages/rmf_demos_fleet_adapter/manage_lane.py to manage_lane.cpython-312.pyc
[2.638s] byte-compiling /home/ususario/rmf_demos/install/rmf_demos_fleet_adapter/lib/python3.12/site-packages/rmf_demos_fleet_adapter/RobotClientAPI.py to RobotClientAPI.cpython-312.pyc
[2.643s] byte-compiling /home/ususario/rmf_demos/install/rmf_demos_fleet_adapter/lib/python3.12/site-packages/rmf_demos_fleet_adapter/__init__.py to __init__.cpython-312.pyc
[2.643s] byte-compiling /home/ususario/rmf_demos/install/rmf_demos_fleet_adapter/lib/python3.12/site-packages/rmf_demos_fleet_adapter/fleet_adapter.py to fleet_adapter.cpython-312.pyc
[2.645s] running install_data
[2.646s] creating /home/ususario/rmf_demos/install/rmf_demos_fleet_adapter/share/ament_index
[2.646s] creating /home/ususario/rmf_demos/install/rmf_demos_fleet_adapter/share/ament_index/resource_index
[2.646s] creating /home/ususario/rmf_demos/install/rmf_demos_fleet_adapter/share/ament_index/resource_index/packages
[2.646s] copying resource/rmf_demos_fleet_adapter -> /home/ususario/rmf_demos/install/rmf_demos_fleet_adapter/share/ament_index/resource_index/packages
[2.646s] copying package.xml -> /home/ususario/rmf_demos/install/rmf_demos_fleet_adapter/share/rmf_demos_fleet_adapter
[2.646s] copying config.yaml -> /home/ususario/rmf_demos/install/rmf_demos_fleet_adapter/share/rmf_demos_fleet_adapter
[2.646s] creating /home/ususario/rmf_demos/install/rmf_demos_fleet_adapter/share/rmf_demos_fleet_adapter/launch
[2.648s] copying launch/fleet_adapter.launch.xml -> /home/ususario/rmf_demos/install/rmf_demos_fleet_adapter/share/rmf_demos_fleet_adapter/launch
[2.648s] running install_egg_info
[2.674s] Copying ../build/rmf_demos_fleet_adapter/rmf_demos_fleet_adapter.egg-info to /home/ususario/rmf_demos/install/rmf_demos_fleet_adapter/lib/python3.12/site-packages/rmf_demos_fleet_adapter-2.5.0-py3.12.egg-info
[2.683s] running install_scripts
[3.028s] Installing fleet_adapter script to /home/ususario/rmf_demos/install/rmf_demos_fleet_adapter/lib/rmf_demos_fleet_adapter
[3.030s] Installing fleet_manager script to /home/ususario/rmf_demos/install/rmf_demos_fleet_adapter/lib/rmf_demos_fleet_adapter
[3.031s] Installing manage_lane script to /home/ususario/rmf_demos/install/rmf_demos_fleet_adapter/lib/rmf_demos_fleet_adapter
[3.038s] writing list of installed files to '/home/ususario/rmf_demos/build/rmf_demos_fleet_adapter/install.log'
[3.193s] Invoked command in '/home/ususario/rmf_demos/rmf_demos_fleet_adapter' returned '0': PYTHONPATH=/home/ususario/rmf_demos/build/rmf_demos_fleet_adapter/prefix_override:/usr/lib/python3/dist-packages/colcon_core/task/python/colcon_distutils_commands:/home/ususario/rmf_demos/install/rmf_demos_fleet_adapter/lib/python3.12/site-packages:${PYTHONPATH} /usr/bin/python3 -W ignore:setup.py install is deprecated -W ignore:easy_install command is deprecated setup.py egg_info --egg-base ../build/rmf_demos_fleet_adapter build --build-base /home/ususario/rmf_demos/build/rmf_demos_fleet_adapter/build install --record /home/ususario/rmf_demos/build/rmf_demos_fleet_adapter/install.log --single-version-externally-managed install_data
