-- Install configuration: ""
-- Up-to-date: /home/usuario/rmf_ws/install/rmf_ws_gz/share/rmf_ws_gz
-- Up-to-date: /home/usuario/rmf_ws/install/rmf_ws_gz/share/rmf_ws_gz/office.launch.xml
-- Up-to-date: /home/usuario/rmf_ws/install/rmf_ws_gz/share/rmf_ws_gz/campus.launch.xml
-- Up-to-date: /home/usuario/rmf_ws/install/rmf_ws_gz/share/rmf_ws_gz/battle_royale.launch.xml
-- Up-to-date: /home/usuario/rmf_ws/install/rmf_ws_gz/share/rmf_ws_gz/airport_terminal.launch.xml
-- Up-to-date: /home/usuario/rmf_ws/install/rmf_ws_gz/share/rmf_ws_gz/include
-- Up-to-date: /home/usuario/rmf_ws/install/rmf_ws_gz/share/rmf_ws_gz/include/airport_terminal
-- Up-to-date: /home/usuario/rmf_ws/install/rmf_ws_gz/share/rmf_ws_gz/include/airport_terminal/airport_terminal_caddy.launch.xml
-- Up-to-date: /home/usuario/rmf_ws/install/rmf_ws_gz/share/rmf_ws_gz/triple_H.launch.xml
-- Up-to-date: /home/usuario/rmf_ws/install/rmf_ws_gz/share/rmf_ws_gz/simulation.launch.xml
-- Up-to-date: /home/usuario/rmf_ws/install/rmf_ws_gz/share/rmf_ws_gz/icc_kyoto.launch.xml
-- Up-to-date: /home/usuario/rmf_ws/install/rmf_ws_gz/share/rmf_ws_gz/hotel.launch.xml
-- Up-to-date: /home/usuario/rmf_ws/install/rmf_ws_gz/share/rmf_ws_gz/office_mock_traffic_light.launch.xml
-- Up-to-date: /home/usuario/rmf_ws/install/rmf_ws_gz/share/rmf_ws_gz/clinic.launch.xml
-- Up-to-date: /home/usuario/rmf_ws/install/rmf_ws_gz/share/ament_index/resource_index/package_run_dependencies/rmf_ws_gz
-- Up-to-date: /home/usuario/rmf_ws/install/rmf_ws_gz/share/ament_index/resource_index/parent_prefix_path/rmf_ws_gz
-- Up-to-date: /home/usuario/rmf_ws/install/rmf_ws_gz/share/rmf_ws_gz/environment/ament_prefix_path.sh
-- Up-to-date: /home/usuario/rmf_ws/install/rmf_ws_gz/share/rmf_ws_gz/environment/ament_prefix_path.dsv
-- Up-to-date: /home/usuario/rmf_ws/install/rmf_ws_gz/share/rmf_ws_gz/environment/path.sh
-- Up-to-date: /home/usuario/rmf_ws/install/rmf_ws_gz/share/rmf_ws_gz/environment/path.dsv
-- Up-to-date: /home/usuario/rmf_ws/install/rmf_ws_gz/share/rmf_ws_gz/local_setup.bash
-- Up-to-date: /home/usuario/rmf_ws/install/rmf_ws_gz/share/rmf_ws_gz/local_setup.sh
-- Up-to-date: /home/usuario/rmf_ws/install/rmf_ws_gz/share/rmf_ws_gz/local_setup.zsh
-- Up-to-date: /home/usuario/rmf_ws/install/rmf_ws_gz/share/rmf_ws_gz/local_setup.dsv
-- Up-to-date: /home/usuario/rmf_ws/install/rmf_ws_gz/share/rmf_ws_gz/package.dsv
-- Up-to-date: /home/usuario/rmf_ws/install/rmf_ws_gz/share/ament_index/resource_index/packages/rmf_ws_gz
-- Up-to-date: /home/usuario/rmf_ws/install/rmf_ws_gz/share/rmf_ws_gz/cmake/rmf_ws_gzConfig.cmake
-- Up-to-date: /home/usuario/rmf_ws/install/rmf_ws_gz/share/rmf_ws_gz/cmake/rmf_ws_gzConfig-version.cmake
-- Up-to-date: /home/usuario/rmf_ws/install/rmf_ws_gz/share/rmf_ws_gz/package.xml
