-- Install configuration: ""
-- Up-to-date: /home/ususario/IR2134/rmf_demos/install/rmf_demos/share/rmf_demos
-- Up-to-date: /home/ususario/IR2134/rmf_demos/install/rmf_demos/share/rmf_demos/TD.launch.xml
-- Up-to-date: /home/ususario/IR2134/rmf_demos/install/rmf_demos/share/rmf_demos/icc_kyoto.launch.xml
-- Up-to-date: /home/ususario/IR2134/rmf_demos/install/rmf_demos/share/rmf_demos/simple.launch.xml
-- Up-to-date: /home/ususario/IR2134/rmf_demos/install/rmf_demos/share/rmf_demos/office.launch.xml
-- Up-to-date: /home/ususario/IR2134/rmf_demos/install/rmf_demos/share/rmf_demos/triple_H.launch.xml
-- Up-to-date: /home/ususario/IR2134/rmf_demos/install/rmf_demos/share/rmf_demos/common.launch.xml
-- Up-to-date: /home/ususario/IR2134/rmf_demos/install/rmf_demos/share/rmf_demos/include
-- Up-to-date: /home/ususario/IR2134/rmf_demos/install/rmf_demos/share/rmf_demos/include/triple_H
-- Up-to-date: /home/ususario/IR2134/rmf_demos/install/rmf_demos/share/rmf_demos/include/triple_H/rviz.rviz
-- Up-to-date: /home/ususario/IR2134/rmf_demos/install/rmf_demos/share/rmf_demos/include/triple_H/the_pedigree.launch.xml
-- Up-to-date: /home/ususario/IR2134/rmf_demos/install/rmf_demos/share/rmf_demos/include/adapters
-- Up-to-date: /home/ususario/IR2134/rmf_demos/install/rmf_demos/share/rmf_demos/include/adapters/tinyRobot_mock_traffic_light.launch.xml
-- Up-to-date: /home/ususario/IR2134/rmf_demos/install/rmf_demos/share/rmf_demos/include/adapters/caddy_adapter.launch.xml
-- Up-to-date: /home/ususario/IR2134/rmf_demos/install/rmf_demos/share/rmf_demos/include/office
-- Up-to-date: /home/ususario/IR2134/rmf_demos/install/rmf_demos/share/rmf_demos/include/office/office.rviz
-- Up-to-date: /home/ususario/IR2134/rmf_demos/install/rmf_demos/share/rmf_demos/include/office/office_conflict.launch.xml
-- Up-to-date: /home/ususario/IR2134/rmf_demos/install/rmf_demos/share/rmf_demos/include/office/office_teleop_robot.launch.xml
-- Up-to-date: /home/ususario/IR2134/rmf_demos/install/rmf_demos/share/rmf_demos/include/office/office_loop.launch.xml
-- Up-to-date: /home/ususario/IR2134/rmf_demos/install/rmf_demos/share/rmf_demos/include/office/office_patrol.launch.xml
-- Up-to-date: /home/ususario/IR2134/rmf_demos/install/rmf_demos/share/rmf_demos/include/simple
-- Up-to-date: /home/ususario/IR2134/rmf_demos/install/rmf_demos/share/rmf_demos/include/simple/simple.rviz
-- Up-to-date: /home/ususario/IR2134/rmf_demos/install/rmf_demos/share/rmf_demos/include/icc_kyoto
-- Up-to-date: /home/ususario/IR2134/rmf_demos/install/rmf_demos/share/rmf_demos/include/icc_kyoto/office_conflict.launch.xml
-- Up-to-date: /home/ususario/IR2134/rmf_demos/install/rmf_demos/share/rmf_demos/include/icc_kyoto/office_teleop_robot.launch.xml
-- Up-to-date: /home/ususario/IR2134/rmf_demos/install/rmf_demos/share/rmf_demos/include/icc_kyoto/icc_kyoto.rviz
-- Up-to-date: /home/ususario/IR2134/rmf_demos/install/rmf_demos/share/rmf_demos/include/icc_kyoto/office_loop.launch.xml
-- Up-to-date: /home/ususario/IR2134/rmf_demos/install/rmf_demos/share/rmf_demos/include/icc_kyoto/office_patrol.launch.xml
-- Up-to-date: /home/ususario/IR2134/rmf_demos/install/rmf_demos/share/rmf_demos/include/TD
-- Up-to-date: /home/ususario/IR2134/rmf_demos/install/rmf_demos/share/rmf_demos/include/TD/office_conflict.launch.xml
-- Up-to-date: /home/ususario/IR2134/rmf_demos/install/rmf_demos/share/rmf_demos/include/TD/TD.rviz
-- Up-to-date: /home/ususario/IR2134/rmf_demos/install/rmf_demos/share/rmf_demos/include/TD/office_teleop_robot.launch.xml
-- Up-to-date: /home/ususario/IR2134/rmf_demos/install/rmf_demos/share/rmf_demos/include/TD/office_loop.launch.xml
-- Up-to-date: /home/ususario/IR2134/rmf_demos/install/rmf_demos/share/rmf_demos/include/TD/office_patrol.launch.xml
-- Up-to-date: /home/ususario/IR2134/rmf_demos/install/rmf_demos/share/rmf_demos/config
-- Up-to-date: /home/ususario/IR2134/rmf_demos/install/rmf_demos/share/rmf_demos/config/office
-- Up-to-date: /home/ususario/IR2134/rmf_demos/install/rmf_demos/share/rmf_demos/config/office/tinyRobot_config.yaml
-- Up-to-date: /home/ususario/IR2134/rmf_demos/install/rmf_demos/share/rmf_demos/config/simple
-- Up-to-date: /home/ususario/IR2134/rmf_demos/install/rmf_demos/share/rmf_demos/config/simple/tinyRobot_config.yaml
-- Up-to-date: /home/ususario/IR2134/rmf_demos/install/rmf_demos/share/rmf_demos/config/icc_kyoto
-- Up-to-date: /home/ususario/IR2134/rmf_demos/install/rmf_demos/share/rmf_demos/config/icc_kyoto/tinyRobot_config.yaml
-- Up-to-date: /home/ususario/IR2134/rmf_demos/install/rmf_demos/share/rmf_demos/config/TD
-- Up-to-date: /home/ususario/IR2134/rmf_demos/install/rmf_demos/share/rmf_demos/config/TD/cleanerBotA_config.yaml
-- Up-to-date: /home/ususario/IR2134/rmf_demos/install/rmf_demos/share/rmf_demos/config/TD/tinyRobot_config.yaml
-- Up-to-date: /home/ususario/IR2134/rmf_demos/install/rmf_demos/share/rmf_demos/config/TD/deliveryRobot_config.yaml
-- Up-to-date: /home/ususario/IR2134/rmf_demos/install/rmf_demos/share/rmf_demos/sros2
-- Up-to-date: /home/ususario/IR2134/rmf_demos/install/rmf_demos/share/rmf_demos/sros2/office.params.yaml
-- Up-to-date: /home/ususario/IR2134/rmf_demos/install/rmf_demos/share/rmf_demos/sros2/policies
-- Up-to-date: /home/ususario/IR2134/rmf_demos/install/rmf_demos/share/rmf_demos/sros2/policies/node
-- Up-to-date: /home/ususario/IR2134/rmf_demos/install/rmf_demos/share/rmf_demos/sros2/policies/node/time.xml
-- Up-to-date: /home/ususario/IR2134/rmf_demos/install/rmf_demos/share/rmf_demos/sros2/policies/node/logging.xml
-- Up-to-date: /home/ususario/IR2134/rmf_demos/install/rmf_demos/share/rmf_demos/sros2/policies/node/parameters.xml
-- Up-to-date: /home/ususario/IR2134/rmf_demos/install/rmf_demos/share/rmf_demos/sros2/policies/office.policy.xml
-- Up-to-date: /home/ususario/IR2134/rmf_demos/install/rmf_demos/share/rmf_demos/sros2/policies/node.xml
-- Up-to-date: /home/ususario/IR2134/rmf_demos/install/rmf_demos/share/rmf_demos/sros2/office_deploy.bash
-- Up-to-date: /home/ususario/IR2134/rmf_demos/install/rmf_demos/share/ament_index/resource_index/package_run_dependencies/rmf_demos
-- Up-to-date: /home/ususario/IR2134/rmf_demos/install/rmf_demos/share/ament_index/resource_index/parent_prefix_path/rmf_demos
-- Up-to-date: /home/ususario/IR2134/rmf_demos/install/rmf_demos/share/rmf_demos/environment/ament_prefix_path.sh
-- Up-to-date: /home/ususario/IR2134/rmf_demos/install/rmf_demos/share/rmf_demos/environment/ament_prefix_path.dsv
-- Up-to-date: /home/ususario/IR2134/rmf_demos/install/rmf_demos/share/rmf_demos/environment/path.sh
-- Up-to-date: /home/ususario/IR2134/rmf_demos/install/rmf_demos/share/rmf_demos/environment/path.dsv
-- Up-to-date: /home/ususario/IR2134/rmf_demos/install/rmf_demos/share/rmf_demos/local_setup.bash
-- Up-to-date: /home/ususario/IR2134/rmf_demos/install/rmf_demos/share/rmf_demos/local_setup.sh
-- Up-to-date: /home/ususario/IR2134/rmf_demos/install/rmf_demos/share/rmf_demos/local_setup.zsh
-- Up-to-date: /home/ususario/IR2134/rmf_demos/install/rmf_demos/share/rmf_demos/local_setup.dsv
-- Up-to-date: /home/ususario/IR2134/rmf_demos/install/rmf_demos/share/rmf_demos/package.dsv
-- Up-to-date: /home/ususario/IR2134/rmf_demos/install/rmf_demos/share/ament_index/resource_index/packages/rmf_demos
-- Up-to-date: /home/ususario/IR2134/rmf_demos/install/rmf_demos/share/rmf_demos/cmake/rmf_demosConfig.cmake
-- Up-to-date: /home/ususario/IR2134/rmf_demos/install/rmf_demos/share/rmf_demos/cmake/rmf_demosConfig-version.cmake
-- Up-to-date: /home/ususario/IR2134/rmf_demos/install/rmf_demos/share/rmf_demos/package.xml
