[0.021s] Invoking command in '/home/usuario/rmf_demos/build/rmf_demos_assets': /usr/bin/cmake /home/usuario/rmf_demos/rmf_demos_assets -DCMAKE_INSTALL_PREFIX=/home/usuario/rmf_demos/install/rmf_demos_assets
[0.483s] -- The C compiler identification is GNU 10.5.0
[0.483s] -- The CXX compiler identification is GNU 10.5.0
[0.483s] -- Detecting C compiler ABI info
[0.553s] -- Detecting C compiler ABI info - done
[0.595s] -- Check for working C compiler: /usr/bin/cc - skipped
[0.595s] -- Detecting C compile features
[0.595s] -- Detecting C compile features - done
[0.617s] -- Detecting CXX compiler ABI info
[1.016s] -- Detecting CXX compiler ABI info - done
[1.073s] -- Check for working CXX compiler: /usr/bin/c++ - skipped
[1.073s] -- Detecting CXX compile features
[1.074s] -- Detecting CXX compile features - done
[1.153s] [31mCMake Error at CMakeLists.txt:5 (find_package):
[1.153s]   By not providing "Findament_cmake.cmake" in CMAKE_MODULE_PATH this project
[1.153s]   has asked CMake to find a package configuration file provided by
[1.153s]   "ament_cmake", but CMake did not find one.
[1.153s] 
[1.154s]   Could not find a package configuration file provided by "ament_cmake" with
[1.154s]   any of the following names:
[1.154s] 
[1.154s]     ament_cmakeConfig.cmake
[1.154s]     ament_cmake-config.cmake
[1.154s] 
[1.154s]   Add the installation prefix of "ament_cmake" to CMAKE_PREFIX_PATH or set
[1.154s]   "ament_cmake_DIR" to a directory containing one of the above files.  If
[1.154s]   "ament_cmake" provides a separate development package or SDK, be sure it
[1.154s]   has been installed.
[1.154s] 
[1.154s] [0m
[1.154s] -- Configuring incomplete, errors occurred!
[1.154s] See also "/home/usuario/rmf_demos/build/rmf_demos_assets/CMakeFiles/CMakeOutput.log".
[1.165s] Invoked command in '/home/usuario/rmf_demos/build/rmf_demos_assets' returned '1': /usr/bin/cmake /home/usuario/rmf_demos/rmf_demos_assets -DCMAKE_INSTALL_PREFIX=/home/usuario/rmf_demos/install/rmf_demos_assets
